[0.650s] Invoking command in '/home/shridhar/Workspaces/mrt_ws/Task2/src/serveradd': PYTHONPATH=/home/shridhar/Workspaces/mrt_ws/Task2/build/serveradd/prefix_override:/usr/lib/python3/dist-packages/colcon_core/task/python/colcon_distutils_commands:/home/shridhar/Workspaces/mrt_ws/Task2/install/serveradd/lib/python3.10/site-packages:${PYTHONPATH} /usr/bin/python3 -W ignore:setup.py install is deprecated setup.py egg_info --egg-base ../../build/serveradd build --build-base /home/shridhar/Workspaces/mrt_ws/Task2/build/serveradd/build install --record /home/shridhar/Workspaces/mrt_ws/Task2/build/serveradd/install.log --single-version-externally-managed install_data
[0.897s] running egg_info
[0.898s] creating ../../build/serveradd/serveradd.egg-info
[0.898s] writing ../../build/serveradd/serveradd.egg-info/PKG-INFO
[0.898s] writing dependency_links to ../../build/serveradd/serveradd.egg-info/dependency_links.txt
[0.898s] writing entry points to ../../build/serveradd/serveradd.egg-info/entry_points.txt
[0.899s] writing requirements to ../../build/serveradd/serveradd.egg-info/requires.txt
[0.899s] writing top-level names to ../../build/serveradd/serveradd.egg-info/top_level.txt
[0.899s] writing manifest file '../../build/serveradd/serveradd.egg-info/SOURCES.txt'
[0.900s] reading manifest file '../../build/serveradd/serveradd.egg-info/SOURCES.txt'
[0.901s] writing manifest file '../../build/serveradd/serveradd.egg-info/SOURCES.txt'
[0.901s] running build
[0.901s] running build_py
[0.901s] creating /home/shridhar/Workspaces/mrt_ws/Task2/build/serveradd/build
[0.901s] creating /home/shridhar/Workspaces/mrt_ws/Task2/build/serveradd/build/lib
[0.901s] creating /home/shridhar/Workspaces/mrt_ws/Task2/build/serveradd/build/lib/serveradd
[0.901s] copying serveradd/servicenode.py -> /home/shridhar/Workspaces/mrt_ws/Task2/build/serveradd/build/lib/serveradd
[0.901s] copying serveradd/__init__.py -> /home/shridhar/Workspaces/mrt_ws/Task2/build/serveradd/build/lib/serveradd
[0.901s] copying serveradd/clientnode.py -> /home/shridhar/Workspaces/mrt_ws/Task2/build/serveradd/build/lib/serveradd
[0.902s] running install
[0.902s] running install_lib
[0.902s] creating /home/shridhar/Workspaces/mrt_ws/Task2/install/serveradd/lib/python3.10/site-packages/serveradd
[0.902s] copying /home/shridhar/Workspaces/mrt_ws/Task2/build/serveradd/build/lib/serveradd/servicenode.py -> /home/shridhar/Workspaces/mrt_ws/Task2/install/serveradd/lib/python3.10/site-packages/serveradd
[0.903s] copying /home/shridhar/Workspaces/mrt_ws/Task2/build/serveradd/build/lib/serveradd/__init__.py -> /home/shridhar/Workspaces/mrt_ws/Task2/install/serveradd/lib/python3.10/site-packages/serveradd
[0.903s] copying /home/shridhar/Workspaces/mrt_ws/Task2/build/serveradd/build/lib/serveradd/clientnode.py -> /home/shridhar/Workspaces/mrt_ws/Task2/install/serveradd/lib/python3.10/site-packages/serveradd
[0.903s] byte-compiling /home/shridhar/Workspaces/mrt_ws/Task2/install/serveradd/lib/python3.10/site-packages/serveradd/servicenode.py to servicenode.cpython-310.pyc
[0.903s] byte-compiling /home/shridhar/Workspaces/mrt_ws/Task2/install/serveradd/lib/python3.10/site-packages/serveradd/__init__.py to __init__.cpython-310.pyc
[0.903s] byte-compiling /home/shridhar/Workspaces/mrt_ws/Task2/install/serveradd/lib/python3.10/site-packages/serveradd/clientnode.py to clientnode.cpython-310.pyc
[0.904s] running install_data
[0.904s] creating /home/shridhar/Workspaces/mrt_ws/Task2/install/serveradd/share/ament_index
[0.904s] creating /home/shridhar/Workspaces/mrt_ws/Task2/install/serveradd/share/ament_index/resource_index
[0.904s] creating /home/shridhar/Workspaces/mrt_ws/Task2/install/serveradd/share/ament_index/resource_index/packages
[0.904s] copying resource/serveradd -> /home/shridhar/Workspaces/mrt_ws/Task2/install/serveradd/share/ament_index/resource_index/packages
[0.904s] copying package.xml -> /home/shridhar/Workspaces/mrt_ws/Task2/install/serveradd/share/serveradd
[0.904s] running install_egg_info
[0.907s] Copying ../../build/serveradd/serveradd.egg-info to /home/shridhar/Workspaces/mrt_ws/Task2/install/serveradd/lib/python3.10/site-packages/serveradd-0.0.0-py3.10.egg-info
[0.907s] running install_scripts
[0.928s] Installing client script to /home/shridhar/Workspaces/mrt_ws/Task2/install/serveradd/lib/serveradd
[0.928s] Installing service script to /home/shridhar/Workspaces/mrt_ws/Task2/install/serveradd/lib/serveradd
[0.928s] writing list of installed files to '/home/shridhar/Workspaces/mrt_ws/Task2/build/serveradd/install.log'
[0.956s] Invoked command in '/home/shridhar/Workspaces/mrt_ws/Task2/src/serveradd' returned '0': PYTHONPATH=/home/shridhar/Workspaces/mrt_ws/Task2/build/serveradd/prefix_override:/usr/lib/python3/dist-packages/colcon_core/task/python/colcon_distutils_commands:/home/shridhar/Workspaces/mrt_ws/Task2/install/serveradd/lib/python3.10/site-packages:${PYTHONPATH} /usr/bin/python3 -W ignore:setup.py install is deprecated setup.py egg_info --egg-base ../../build/serveradd build --build-base /home/shridhar/Workspaces/mrt_ws/Task2/build/serveradd/build install --record /home/shridhar/Workspaces/mrt_ws/Task2/build/serveradd/install.log --single-version-externally-managed install_data
