[0.655s] Invoking command in '/home/shridhar/Workspaces/mrt_ws/Task2/src/arucoserver': CMAKE_PREFIX_PATH=/home/shridhar/Workspaces/mrt_ws/Task2/install/arucosrvmsg:/home/shridhar/Workspaces/mrt_ws/Task2/install/threeinttopic:/home/shridhar/Workspaces/mrt_ws/Task2/install/addthreeints PYTHONPATH=/home/shridhar/Workspaces/mrt_ws/Task2/build/arucoserver/prefix_override:/usr/lib/python3/dist-packages/colcon_core/task/python/colcon_distutils_commands:/home/shridhar/Workspaces/mrt_ws/Task2/install/arucoserver/lib/python3.10/site-packages:${PYTHONPATH} /usr/bin/python3 -W ignore:setup.py install is deprecated setup.py egg_info --egg-base ../../build/arucoserver build --build-base /home/shridhar/Workspaces/mrt_ws/Task2/build/arucoserver/build install --record /home/shridhar/Workspaces/mrt_ws/Task2/build/arucoserver/install.log --single-version-externally-managed install_data
[0.905s] running egg_info
[0.906s] writing ../../build/arucoserver/arucoserver.egg-info/PKG-INFO
[0.906s] writing dependency_links to ../../build/arucoserver/arucoserver.egg-info/dependency_links.txt
[0.906s] writing entry points to ../../build/arucoserver/arucoserver.egg-info/entry_points.txt
[0.906s] writing requirements to ../../build/arucoserver/arucoserver.egg-info/requires.txt
[0.907s] writing top-level names to ../../build/arucoserver/arucoserver.egg-info/top_level.txt
[0.908s] reading manifest file '../../build/arucoserver/arucoserver.egg-info/SOURCES.txt'
[0.909s] writing manifest file '../../build/arucoserver/arucoserver.egg-info/SOURCES.txt'
[0.909s] running build
[0.909s] running build_py
[0.909s] running install
[0.910s] running install_lib
[0.911s] running install_data
[0.911s] running install_egg_info
[0.914s] removing '/home/shridhar/Workspaces/mrt_ws/Task2/install/arucoserver/lib/python3.10/site-packages/arucoserver-0.0.0-py3.10.egg-info' (and everything under it)
[0.914s] Copying ../../build/arucoserver/arucoserver.egg-info to /home/shridhar/Workspaces/mrt_ws/Task2/install/arucoserver/lib/python3.10/site-packages/arucoserver-0.0.0-py3.10.egg-info
[0.914s] running install_scripts
[0.937s] Installing client script to /home/shridhar/Workspaces/mrt_ws/Task2/install/arucoserver/lib/arucoserver
[0.938s] Installing service script to /home/shridhar/Workspaces/mrt_ws/Task2/install/arucoserver/lib/arucoserver
[0.938s] Installing testaruco script to /home/shridhar/Workspaces/mrt_ws/Task2/install/arucoserver/lib/arucoserver
[0.938s] Installing videoaruco script to /home/shridhar/Workspaces/mrt_ws/Task2/install/arucoserver/lib/arucoserver
[0.938s] Installing webcam script to /home/shridhar/Workspaces/mrt_ws/Task2/install/arucoserver/lib/arucoserver
[0.938s] writing list of installed files to '/home/shridhar/Workspaces/mrt_ws/Task2/build/arucoserver/install.log'
[0.964s] Invoked command in '/home/shridhar/Workspaces/mrt_ws/Task2/src/arucoserver' returned '0': CMAKE_PREFIX_PATH=/home/shridhar/Workspaces/mrt_ws/Task2/install/arucosrvmsg:/home/shridhar/Workspaces/mrt_ws/Task2/install/threeinttopic:/home/shridhar/Workspaces/mrt_ws/Task2/install/addthreeints PYTHONPATH=/home/shridhar/Workspaces/mrt_ws/Task2/build/arucoserver/prefix_override:/usr/lib/python3/dist-packages/colcon_core/task/python/colcon_distutils_commands:/home/shridhar/Workspaces/mrt_ws/Task2/install/arucoserver/lib/python3.10/site-packages:${PYTHONPATH} /usr/bin/python3 -W ignore:setup.py install is deprecated setup.py egg_info --egg-base ../../build/arucoserver build --build-base /home/shridhar/Workspaces/mrt_ws/Task2/build/arucoserver/build install --record /home/shridhar/Workspaces/mrt_ws/Task2/build/arucoserver/install.log --single-version-externally-managed install_data
