[0.395s] Invoking command in '/home/shridhar/Workspaces/mrt_ws/Task2/src/serveradd': PYTHONPATH=/home/shridhar/Workspaces/mrt_ws/Task2/build/serveradd/prefix_override:/usr/lib/python3/dist-packages/colcon_core/task/python/colcon_distutils_commands:/home/shridhar/Workspaces/mrt_ws/Task2/install/serveradd/lib/python3.10/site-packages:${PYTHONPATH} /usr/bin/python3 -W ignore:setup.py install is deprecated setup.py egg_info --egg-base ../../build/serveradd build --build-base /home/shridhar/Workspaces/mrt_ws/Task2/build/serveradd/build install --record /home/shridhar/Workspaces/mrt_ws/Task2/build/serveradd/install.log --single-version-externally-managed install_data
[0.536s] running egg_info
[0.536s] writing ../../build/serveradd/serveradd.egg-info/PKG-INFO
[0.536s] writing dependency_links to ../../build/serveradd/serveradd.egg-info/dependency_links.txt
[0.536s] writing entry points to ../../build/serveradd/serveradd.egg-info/entry_points.txt
[0.536s] writing requirements to ../../build/serveradd/serveradd.egg-info/requires.txt
[0.536s] writing top-level names to ../../build/serveradd/serveradd.egg-info/top_level.txt
[0.537s] reading manifest file '../../build/serveradd/serveradd.egg-info/SOURCES.txt'
[0.538s] writing manifest file '../../build/serveradd/serveradd.egg-info/SOURCES.txt'
[0.538s] running build
[0.538s] running build_py
[0.538s] copying serveradd/servicenode.py -> /home/shridhar/Workspaces/mrt_ws/Task2/build/serveradd/build/lib/serveradd
[0.538s] copying serveradd/__init__.py -> /home/shridhar/Workspaces/mrt_ws/Task2/build/serveradd/build/lib/serveradd
[0.538s] copying serveradd/clientnode.py -> /home/shridhar/Workspaces/mrt_ws/Task2/build/serveradd/build/lib/serveradd
[0.538s] running install
[0.538s] running install_lib
[0.538s] copying /home/shridhar/Workspaces/mrt_ws/Task2/build/serveradd/build/lib/serveradd/servicenode.py -> /home/shridhar/Workspaces/mrt_ws/Task2/install/serveradd/lib/python3.10/site-packages/serveradd
[0.539s] copying /home/shridhar/Workspaces/mrt_ws/Task2/build/serveradd/build/lib/serveradd/__init__.py -> /home/shridhar/Workspaces/mrt_ws/Task2/install/serveradd/lib/python3.10/site-packages/serveradd
[0.539s] copying /home/shridhar/Workspaces/mrt_ws/Task2/build/serveradd/build/lib/serveradd/clientnode.py -> /home/shridhar/Workspaces/mrt_ws/Task2/install/serveradd/lib/python3.10/site-packages/serveradd
[0.539s] byte-compiling /home/shridhar/Workspaces/mrt_ws/Task2/install/serveradd/lib/python3.10/site-packages/serveradd/servicenode.py to servicenode.cpython-310.pyc
[0.539s] byte-compiling /home/shridhar/Workspaces/mrt_ws/Task2/install/serveradd/lib/python3.10/site-packages/serveradd/__init__.py to __init__.cpython-310.pyc
[0.539s] byte-compiling /home/shridhar/Workspaces/mrt_ws/Task2/install/serveradd/lib/python3.10/site-packages/serveradd/clientnode.py to clientnode.cpython-310.pyc
[0.540s] running install_data
[0.540s] copying resource/serveradd -> /home/shridhar/Workspaces/mrt_ws/Task2/install/serveradd/share/ament_index/resource_index/packages
[0.540s] copying package.xml -> /home/shridhar/Workspaces/mrt_ws/Task2/install/serveradd/share/serveradd
[0.540s] running install_egg_info
[0.542s] removing '/home/shridhar/Workspaces/mrt_ws/Task2/install/serveradd/lib/python3.10/site-packages/serveradd-0.0.0-py3.10.egg-info' (and everything under it)
[0.542s] Copying ../../build/serveradd/serveradd.egg-info to /home/shridhar/Workspaces/mrt_ws/Task2/install/serveradd/lib/python3.10/site-packages/serveradd-0.0.0-py3.10.egg-info
[0.542s] running install_scripts
[0.554s] Installing client script to /home/shridhar/Workspaces/mrt_ws/Task2/install/serveradd/lib/serveradd
[0.554s] Installing service script to /home/shridhar/Workspaces/mrt_ws/Task2/install/serveradd/lib/serveradd
[0.555s] writing list of installed files to '/home/shridhar/Workspaces/mrt_ws/Task2/build/serveradd/install.log'
[0.568s] Invoked command in '/home/shridhar/Workspaces/mrt_ws/Task2/src/serveradd' returned '0': PYTHONPATH=/home/shridhar/Workspaces/mrt_ws/Task2/build/serveradd/prefix_override:/usr/lib/python3/dist-packages/colcon_core/task/python/colcon_distutils_commands:/home/shridhar/Workspaces/mrt_ws/Task2/install/serveradd/lib/python3.10/site-packages:${PYTHONPATH} /usr/bin/python3 -W ignore:setup.py install is deprecated setup.py egg_info --egg-base ../../build/serveradd build --build-base /home/shridhar/Workspaces/mrt_ws/Task2/build/serveradd/build install --record /home/shridhar/Workspaces/mrt_ws/Task2/build/serveradd/install.log --single-version-externally-managed install_data
