[0.110s] DEBUG:colcon:Command line arguments: ['/usr/bin/colcon', 'build']
[0.110s] DEBUG:colcon:Parsed command line arguments: Namespace(log_base=None, log_level=None, verb_name='build', build_base='build', install_base='install', merge_install=False, symlink_install=False, test_result_base=None, continue_on_error=False, executor='parallel', parallel_workers=22, event_handlers=None, ignore_user_meta=False, metas=['./colcon.meta'], base_paths=['.'], packages_ignore=None, packages_ignore_regex=None, paths=None, packages_up_to=None, packages_up_to_regex=None, packages_above=None, packages_above_and_dependencies=None, packages_above_depth=None, packages_select_by_dep=None, packages_skip_by_dep=None, packages_skip_up_to=None, packages_select_build_failed=False, packages_skip_build_finished=False, packages_select_test_failures=False, packages_skip_test_passed=False, packages_select=None, packages_skip=None, packages_select_regex=None, packages_skip_regex=None, packages_start=None, packages_end=None, allow_overriding=[], cmake_args=None, cmake_target=None, cmake_target_skip_unavailable=False, cmake_clean_cache=False, cmake_clean_first=False, cmake_force_configure=False, ament_cmake_args=None, catkin_cmake_args=None, catkin_skip_building_tests=False, mixin_files=None, mixin=None, verb_parser=<colcon_mixin.mixin.mixin_argument.MixinArgumentDecorator object at 0x713d1772f730>, verb_extension=<colcon_core.verb.build.BuildVerb object at 0x713d1772e980>, main=<bound method BuildVerb.main of <colcon_core.verb.build.BuildVerb object at 0x713d1772e980>>, mixin_verb=('build',))
[0.283s] Level 1:colcon.colcon_core.package_discovery:discover_packages(colcon_meta) check parameters
[0.283s] Level 1:colcon.colcon_core.package_discovery:discover_packages(recursive) check parameters
[0.283s] Level 1:colcon.colcon_core.package_discovery:discover_packages(ignore) check parameters
[0.283s] Level 1:colcon.colcon_core.package_discovery:discover_packages(path) check parameters
[0.283s] Level 1:colcon.colcon_core.package_discovery:discover_packages(colcon_meta) discover
[0.283s] Level 1:colcon.colcon_core.package_discovery:discover_packages(recursive) discover
[0.283s] INFO:colcon.colcon_core.package_discovery:Crawling recursively for packages in '/home/shridhar/Documents/ROSrevision/Task4'
[0.283s] Level 1:colcon.colcon_core.package_identification:_identify(.) by extensions ['ignore', 'ignore_ament_install']
[0.284s] Level 1:colcon.colcon_core.package_identification:_identify(.) by extension 'ignore'
[0.284s] Level 1:colcon.colcon_core.package_identification:_identify(.) by extension 'ignore_ament_install'
[0.284s] Level 1:colcon.colcon_core.package_identification:_identify(.) by extensions ['colcon_pkg']
[0.284s] Level 1:colcon.colcon_core.package_identification:_identify(.) by extension 'colcon_pkg'
[0.284s] Level 1:colcon.colcon_core.package_identification:_identify(.) by extensions ['colcon_meta']
[0.284s] Level 1:colcon.colcon_core.package_identification:_identify(.) by extension 'colcon_meta'
[0.284s] Level 1:colcon.colcon_core.package_identification:_identify(.) by extensions ['ros']
[0.284s] Level 1:colcon.colcon_core.package_identification:_identify(.) by extension 'ros'
[0.296s] Level 1:colcon.colcon_core.package_identification:_identify(.) by extensions ['cmake', 'python']
[0.296s] Level 1:colcon.colcon_core.package_identification:_identify(.) by extension 'cmake'
[0.296s] Level 1:colcon.colcon_core.package_identification:_identify(.) by extension 'python'
[0.296s] Level 1:colcon.colcon_core.package_identification:_identify(.) by extensions ['python_setup_py']
[0.296s] Level 1:colcon.colcon_core.package_identification:_identify(.) by extension 'python_setup_py'
[0.296s] Level 1:colcon.colcon_core.package_identification:_identify(build) by extensions ['ignore', 'ignore_ament_install']
[0.296s] Level 1:colcon.colcon_core.package_identification:_identify(build) by extension 'ignore'
[0.296s] Level 1:colcon.colcon_core.package_identification:_identify(build) ignored
[0.296s] Level 1:colcon.colcon_core.package_identification:_identify(install) by extensions ['ignore', 'ignore_ament_install']
[0.296s] Level 1:colcon.colcon_core.package_identification:_identify(install) by extension 'ignore'
[0.296s] Level 1:colcon.colcon_core.package_identification:_identify(install) ignored
[0.296s] Level 1:colcon.colcon_core.package_identification:_identify(log) by extensions ['ignore', 'ignore_ament_install']
[0.296s] Level 1:colcon.colcon_core.package_identification:_identify(log) by extension 'ignore'
[0.297s] Level 1:colcon.colcon_core.package_identification:_identify(log) ignored
[0.297s] Level 1:colcon.colcon_core.package_identification:_identify(src) by extensions ['ignore', 'ignore_ament_install']
[0.297s] Level 1:colcon.colcon_core.package_identification:_identify(src) by extension 'ignore'
[0.297s] Level 1:colcon.colcon_core.package_identification:_identify(src) by extension 'ignore_ament_install'
[0.297s] Level 1:colcon.colcon_core.package_identification:_identify(src) by extensions ['colcon_pkg']
[0.297s] Level 1:colcon.colcon_core.package_identification:_identify(src) by extension 'colcon_pkg'
[0.297s] Level 1:colcon.colcon_core.package_identification:_identify(src) by extensions ['colcon_meta']
[0.297s] Level 1:colcon.colcon_core.package_identification:_identify(src) by extension 'colcon_meta'
[0.297s] Level 1:colcon.colcon_core.package_identification:_identify(src) by extensions ['ros']
[0.297s] Level 1:colcon.colcon_core.package_identification:_identify(src) by extension 'ros'
[0.297s] Level 1:colcon.colcon_core.package_identification:_identify(src) by extensions ['cmake', 'python']
[0.297s] Level 1:colcon.colcon_core.package_identification:_identify(src) by extension 'cmake'
[0.297s] Level 1:colcon.colcon_core.package_identification:_identify(src) by extension 'python'
[0.297s] Level 1:colcon.colcon_core.package_identification:_identify(src) by extensions ['python_setup_py']
[0.297s] Level 1:colcon.colcon_core.package_identification:_identify(src) by extension 'python_setup_py'
[0.297s] Level 1:colcon.colcon_core.package_identification:_identify(src/arucoserver) by extensions ['ignore', 'ignore_ament_install']
[0.297s] Level 1:colcon.colcon_core.package_identification:_identify(src/arucoserver) by extension 'ignore'
[0.297s] Level 1:colcon.colcon_core.package_identification:_identify(src/arucoserver) by extension 'ignore_ament_install'
[0.297s] Level 1:colcon.colcon_core.package_identification:_identify(src/arucoserver) by extensions ['colcon_pkg']
[0.297s] Level 1:colcon.colcon_core.package_identification:_identify(src/arucoserver) by extension 'colcon_pkg'
[0.297s] Level 1:colcon.colcon_core.package_identification:_identify(src/arucoserver) by extensions ['colcon_meta']
[0.297s] Level 1:colcon.colcon_core.package_identification:_identify(src/arucoserver) by extension 'colcon_meta'
[0.298s] Level 1:colcon.colcon_core.package_identification:_identify(src/arucoserver) by extensions ['ros']
[0.298s] Level 1:colcon.colcon_core.package_identification:_identify(src/arucoserver) by extension 'ros'
[0.300s] DEBUG:colcon.colcon_core.package_identification:Package 'src/arucoserver' with type 'ros.ament_python' and name 'arucoserver'
[0.301s] Level 1:colcon.colcon_core.package_identification:_identify(src/arucosrvmsg) by extensions ['ignore', 'ignore_ament_install']
[0.301s] Level 1:colcon.colcon_core.package_identification:_identify(src/arucosrvmsg) by extension 'ignore'
[0.301s] Level 1:colcon.colcon_core.package_identification:_identify(src/arucosrvmsg) by extension 'ignore_ament_install'
[0.301s] Level 1:colcon.colcon_core.package_identification:_identify(src/arucosrvmsg) by extensions ['colcon_pkg']
[0.301s] Level 1:colcon.colcon_core.package_identification:_identify(src/arucosrvmsg) by extension 'colcon_pkg'
[0.301s] Level 1:colcon.colcon_core.package_identification:_identify(src/arucosrvmsg) by extensions ['colcon_meta']
[0.301s] Level 1:colcon.colcon_core.package_identification:_identify(src/arucosrvmsg) by extension 'colcon_meta'
[0.301s] Level 1:colcon.colcon_core.package_identification:_identify(src/arucosrvmsg) by extensions ['ros']
[0.301s] Level 1:colcon.colcon_core.package_identification:_identify(src/arucosrvmsg) by extension 'ros'
[0.302s] DEBUG:colcon.colcon_core.package_identification:Package 'src/arucosrvmsg' with type 'ros.ament_cmake' and name 'arucosrvmsg'
[0.302s] Level 1:colcon.colcon_core.package_discovery:discover_packages(recursive) using defaults
[0.302s] Level 1:colcon.colcon_core.package_discovery:discover_packages(ignore) discover
[0.302s] Level 1:colcon.colcon_core.package_discovery:discover_packages(ignore) using defaults
[0.302s] Level 1:colcon.colcon_core.package_discovery:discover_packages(path) discover
[0.302s] Level 1:colcon.colcon_core.package_discovery:discover_packages(path) using defaults
[0.333s] Level 1:colcon.colcon_core.package_discovery:discover_packages(prefix_path) check parameters
[0.333s] Level 1:colcon.colcon_core.package_discovery:discover_packages(prefix_path) discover
[0.334s] DEBUG:colcon.colcon_installed_package_information.package_discovery:Found 2 installed packages in /home/shridhar/Documents/ROSrevision/Task4/install
[0.335s] DEBUG:colcon.colcon_installed_package_information.package_discovery:Found 4 installed packages in /home/shridhar/Documents/ROSrevision/Task3/install
[0.336s] DEBUG:colcon.colcon_installed_package_information.package_discovery:Found 296 installed packages in /opt/ros/humble
[0.338s] Level 1:colcon.colcon_core.package_discovery:discover_packages(prefix_path) using defaults
[0.376s] Level 5:colcon.colcon_core.verb:set package 'arucosrvmsg' build argument 'cmake_args' from command line to 'None'
[0.376s] Level 5:colcon.colcon_core.verb:set package 'arucosrvmsg' build argument 'cmake_target' from command line to 'None'
[0.376s] Level 5:colcon.colcon_core.verb:set package 'arucosrvmsg' build argument 'cmake_target_skip_unavailable' from command line to 'False'
[0.376s] Level 5:colcon.colcon_core.verb:set package 'arucosrvmsg' build argument 'cmake_clean_cache' from command line to 'False'
[0.376s] Level 5:colcon.colcon_core.verb:set package 'arucosrvmsg' build argument 'cmake_clean_first' from command line to 'False'
[0.376s] Level 5:colcon.colcon_core.verb:set package 'arucosrvmsg' build argument 'cmake_force_configure' from command line to 'False'
[0.376s] Level 5:colcon.colcon_core.verb:set package 'arucosrvmsg' build argument 'ament_cmake_args' from command line to 'None'
[0.376s] Level 5:colcon.colcon_core.verb:set package 'arucosrvmsg' build argument 'catkin_cmake_args' from command line to 'None'
[0.376s] Level 5:colcon.colcon_core.verb:set package 'arucosrvmsg' build argument 'catkin_skip_building_tests' from command line to 'False'
[0.376s] DEBUG:colcon.colcon_core.verb:Building package 'arucosrvmsg' with the following arguments: {'ament_cmake_args': None, 'build_base': '/home/shridhar/Documents/ROSrevision/Task4/build/arucosrvmsg', 'catkin_cmake_args': None, 'catkin_skip_building_tests': False, 'cmake_args': None, 'cmake_clean_cache': False, 'cmake_clean_first': False, 'cmake_force_configure': False, 'cmake_target': None, 'cmake_target_skip_unavailable': False, 'install_base': '/home/shridhar/Documents/ROSrevision/Task4/install/arucosrvmsg', 'merge_install': False, 'path': '/home/shridhar/Documents/ROSrevision/Task4/src/arucosrvmsg', 'symlink_install': False, 'test_result_base': None}
[0.377s] Level 5:colcon.colcon_core.verb:set package 'arucoserver' build argument 'cmake_args' from command line to 'None'
[0.377s] Level 5:colcon.colcon_core.verb:set package 'arucoserver' build argument 'cmake_target' from command line to 'None'
[0.377s] Level 5:colcon.colcon_core.verb:set package 'arucoserver' build argument 'cmake_target_skip_unavailable' from command line to 'False'
[0.377s] Level 5:colcon.colcon_core.verb:set package 'arucoserver' build argument 'cmake_clean_cache' from command line to 'False'
[0.377s] Level 5:colcon.colcon_core.verb:set package 'arucoserver' build argument 'cmake_clean_first' from command line to 'False'
[0.377s] Level 5:colcon.colcon_core.verb:set package 'arucoserver' build argument 'cmake_force_configure' from command line to 'False'
[0.377s] Level 5:colcon.colcon_core.verb:set package 'arucoserver' build argument 'ament_cmake_args' from command line to 'None'
[0.377s] Level 5:colcon.colcon_core.verb:set package 'arucoserver' build argument 'catkin_cmake_args' from command line to 'None'
[0.377s] Level 5:colcon.colcon_core.verb:set package 'arucoserver' build argument 'catkin_skip_building_tests' from command line to 'False'
[0.377s] DEBUG:colcon.colcon_core.verb:Building package 'arucoserver' with the following arguments: {'ament_cmake_args': None, 'build_base': '/home/shridhar/Documents/ROSrevision/Task4/build/arucoserver', 'catkin_cmake_args': None, 'catkin_skip_building_tests': False, 'cmake_args': None, 'cmake_clean_cache': False, 'cmake_clean_first': False, 'cmake_force_configure': False, 'cmake_target': None, 'cmake_target_skip_unavailable': False, 'install_base': '/home/shridhar/Documents/ROSrevision/Task4/install/arucoserver', 'merge_install': False, 'path': '/home/shridhar/Documents/ROSrevision/Task4/src/arucoserver', 'symlink_install': False, 'test_result_base': None}
[0.377s] INFO:colcon.colcon_core.executor:Executing jobs using 'parallel' executor
[0.378s] DEBUG:colcon.colcon_parallel_executor.executor.parallel:run_until_complete
[0.378s] INFO:colcon.colcon_ros.task.ament_cmake.build:Building ROS package in '/home/shridhar/Documents/ROSrevision/Task4/src/arucosrvmsg' with build type 'ament_cmake'
[0.379s] INFO:colcon.colcon_cmake.task.cmake.build:Building CMake package in '/home/shridhar/Documents/ROSrevision/Task4/src/arucosrvmsg'
[0.381s] INFO:colcon.colcon_core.plugin_system:Skipping extension 'colcon_core.shell.bat': Not used on non-Windows systems
[0.381s] INFO:colcon.colcon_core.shell:Skip shell extension 'powershell' for command environment: Not usable outside of PowerShell
[0.381s] DEBUG:colcon.colcon_core.shell:Skip shell extension 'dsv' for command environment
[0.393s] DEBUG:colcon.colcon_core.event_handler.log_command:Invoking command in '/home/shridhar/Documents/ROSrevision/Task4/build/arucosrvmsg': CMAKE_PREFIX_PATH=${CMAKE_PREFIX_PATH}:/home/shridhar/Documents/ROSrevision/Task4/install/arucoserver:/home/shridhar/Documents/ROSrevision/Task3/install/hypo:/home/shridhar/Documents/ROSrevision/Task3/install/hypotopic:/opt/ros/humble /usr/bin/cmake --build /home/shridhar/Documents/ROSrevision/Task4/build/arucosrvmsg -- -j22 -l22
[0.781s] DEBUG:colcon.colcon_core.event_handler.log_command:Invoked command in '/home/shridhar/Documents/ROSrevision/Task4/build/arucosrvmsg' returned '0': CMAKE_PREFIX_PATH=${CMAKE_PREFIX_PATH}:/home/shridhar/Documents/ROSrevision/Task4/install/arucoserver:/home/shridhar/Documents/ROSrevision/Task3/install/hypo:/home/shridhar/Documents/ROSrevision/Task3/install/hypotopic:/opt/ros/humble /usr/bin/cmake --build /home/shridhar/Documents/ROSrevision/Task4/build/arucosrvmsg -- -j22 -l22
[0.895s] DEBUG:colcon.colcon_core.event_handler.log_command:Invoking command in '/home/shridhar/Documents/ROSrevision/Task4/build/arucosrvmsg': CMAKE_PREFIX_PATH=${CMAKE_PREFIX_PATH}:/home/shridhar/Documents/ROSrevision/Task4/install/arucoserver:/home/shridhar/Documents/ROSrevision/Task3/install/hypo:/home/shridhar/Documents/ROSrevision/Task3/install/hypotopic:/opt/ros/humble /usr/bin/cmake --install /home/shridhar/Documents/ROSrevision/Task4/build/arucosrvmsg
[0.963s] Level 1:colcon.colcon_core.environment:create_environment_scripts_only(arucosrvmsg)
[0.964s] DEBUG:colcon.colcon_core.event_handler.log_command:Invoked command in '/home/shridhar/Documents/ROSrevision/Task4/build/arucosrvmsg' returned '0': CMAKE_PREFIX_PATH=${CMAKE_PREFIX_PATH}:/home/shridhar/Documents/ROSrevision/Task4/install/arucoserver:/home/shridhar/Documents/ROSrevision/Task3/install/hypo:/home/shridhar/Documents/ROSrevision/Task3/install/hypotopic:/opt/ros/humble /usr/bin/cmake --install /home/shridhar/Documents/ROSrevision/Task4/build/arucosrvmsg
[0.967s] Level 1:colcon.colcon_core.environment:checking '/home/shridhar/Documents/ROSrevision/Task4/install/arucosrvmsg' for CMake module files
[0.968s] Level 1:colcon.colcon_core.environment:checking '/home/shridhar/Documents/ROSrevision/Task4/install/arucosrvmsg' for CMake config files
[0.969s] Level 1:colcon.colcon_core.shell:create_environment_hook('arucosrvmsg', 'cmake_prefix_path')
[0.969s] INFO:colcon.colcon_core.shell:Creating environment hook '/home/shridhar/Documents/ROSrevision/Task4/install/arucosrvmsg/share/arucosrvmsg/hook/cmake_prefix_path.ps1'
[0.970s] INFO:colcon.colcon_core.shell:Creating environment descriptor '/home/shridhar/Documents/ROSrevision/Task4/install/arucosrvmsg/share/arucosrvmsg/hook/cmake_prefix_path.dsv'
[0.971s] INFO:colcon.colcon_core.shell:Creating environment hook '/home/shridhar/Documents/ROSrevision/Task4/install/arucosrvmsg/share/arucosrvmsg/hook/cmake_prefix_path.sh'
[0.972s] Level 1:colcon.colcon_core.environment:checking '/home/shridhar/Documents/ROSrevision/Task4/install/arucosrvmsg/lib'
[0.972s] Level 1:colcon.colcon_core.shell:create_environment_hook('arucosrvmsg', 'ld_library_path_lib')
[0.972s] INFO:colcon.colcon_core.shell:Creating environment hook '/home/shridhar/Documents/ROSrevision/Task4/install/arucosrvmsg/share/arucosrvmsg/hook/ld_library_path_lib.ps1'
[0.972s] INFO:colcon.colcon_core.shell:Creating environment descriptor '/home/shridhar/Documents/ROSrevision/Task4/install/arucosrvmsg/share/arucosrvmsg/hook/ld_library_path_lib.dsv'
[0.973s] INFO:colcon.colcon_core.shell:Creating environment hook '/home/shridhar/Documents/ROSrevision/Task4/install/arucosrvmsg/share/arucosrvmsg/hook/ld_library_path_lib.sh'
[0.973s] Level 1:colcon.colcon_core.environment:checking '/home/shridhar/Documents/ROSrevision/Task4/install/arucosrvmsg/bin'
[0.973s] Level 1:colcon.colcon_core.environment:checking '/home/shridhar/Documents/ROSrevision/Task4/install/arucosrvmsg/lib/pkgconfig/arucosrvmsg.pc'
[0.973s] Level 1:colcon.colcon_core.environment:checking '/home/shridhar/Documents/ROSrevision/Task4/install/arucosrvmsg/lib/python3.10/site-packages'
[0.974s] Level 1:colcon.colcon_core.environment:checking '/home/shridhar/Documents/ROSrevision/Task4/install/arucosrvmsg/bin'
[0.974s] INFO:colcon.colcon_core.shell:Creating package script '/home/shridhar/Documents/ROSrevision/Task4/install/arucosrvmsg/share/arucosrvmsg/package.ps1'
[0.975s] INFO:colcon.colcon_core.shell:Creating package descriptor '/home/shridhar/Documents/ROSrevision/Task4/install/arucosrvmsg/share/arucosrvmsg/package.dsv'
[0.975s] INFO:colcon.colcon_core.shell:Creating package script '/home/shridhar/Documents/ROSrevision/Task4/install/arucosrvmsg/share/arucosrvmsg/package.sh'
[0.976s] INFO:colcon.colcon_core.shell:Creating package script '/home/shridhar/Documents/ROSrevision/Task4/install/arucosrvmsg/share/arucosrvmsg/package.bash'
[0.977s] INFO:colcon.colcon_core.shell:Creating package script '/home/shridhar/Documents/ROSrevision/Task4/install/arucosrvmsg/share/arucosrvmsg/package.zsh'
[0.977s] Level 1:colcon.colcon_core.environment:create_file_with_runtime_dependencies(/home/shridhar/Documents/ROSrevision/Task4/install/arucosrvmsg/share/colcon-core/packages/arucosrvmsg)
[1.070s] Level 1:colcon.colcon_core.environment:create_environment_scripts_only(arucosrvmsg)
[1.070s] Level 1:colcon.colcon_core.environment:checking '/home/shridhar/Documents/ROSrevision/Task4/install/arucosrvmsg' for CMake module files
[1.071s] Level 1:colcon.colcon_core.environment:checking '/home/shridhar/Documents/ROSrevision/Task4/install/arucosrvmsg' for CMake config files
[1.072s] Level 1:colcon.colcon_core.shell:create_environment_hook('arucosrvmsg', 'cmake_prefix_path')
[1.072s] INFO:colcon.colcon_core.shell:Creating environment hook '/home/shridhar/Documents/ROSrevision/Task4/install/arucosrvmsg/share/arucosrvmsg/hook/cmake_prefix_path.ps1'
[1.073s] INFO:colcon.colcon_core.shell:Creating environment descriptor '/home/shridhar/Documents/ROSrevision/Task4/install/arucosrvmsg/share/arucosrvmsg/hook/cmake_prefix_path.dsv'
[1.073s] INFO:colcon.colcon_core.shell:Creating environment hook '/home/shridhar/Documents/ROSrevision/Task4/install/arucosrvmsg/share/arucosrvmsg/hook/cmake_prefix_path.sh'
[1.074s] Level 1:colcon.colcon_core.environment:checking '/home/shridhar/Documents/ROSrevision/Task4/install/arucosrvmsg/lib'
[1.075s] Level 1:colcon.colcon_core.shell:create_environment_hook('arucosrvmsg', 'ld_library_path_lib')
[1.075s] INFO:colcon.colcon_core.shell:Creating environment hook '/home/shridhar/Documents/ROSrevision/Task4/install/arucosrvmsg/share/arucosrvmsg/hook/ld_library_path_lib.ps1'
[1.076s] INFO:colcon.colcon_core.shell:Creating environment descriptor '/home/shridhar/Documents/ROSrevision/Task4/install/arucosrvmsg/share/arucosrvmsg/hook/ld_library_path_lib.dsv'
[1.076s] INFO:colcon.colcon_core.shell:Creating environment hook '/home/shridhar/Documents/ROSrevision/Task4/install/arucosrvmsg/share/arucosrvmsg/hook/ld_library_path_lib.sh'
[1.077s] Level 1:colcon.colcon_core.environment:checking '/home/shridhar/Documents/ROSrevision/Task4/install/arucosrvmsg/bin'
[1.077s] Level 1:colcon.colcon_core.environment:checking '/home/shridhar/Documents/ROSrevision/Task4/install/arucosrvmsg/lib/pkgconfig/arucosrvmsg.pc'
[1.078s] Level 1:colcon.colcon_core.environment:checking '/home/shridhar/Documents/ROSrevision/Task4/install/arucosrvmsg/lib/python3.10/site-packages'
[1.078s] Level 1:colcon.colcon_core.environment:checking '/home/shridhar/Documents/ROSrevision/Task4/install/arucosrvmsg/bin'
[1.078s] INFO:colcon.colcon_core.shell:Creating package script '/home/shridhar/Documents/ROSrevision/Task4/install/arucosrvmsg/share/arucosrvmsg/package.ps1'
[1.079s] INFO:colcon.colcon_core.shell:Creating package descriptor '/home/shridhar/Documents/ROSrevision/Task4/install/arucosrvmsg/share/arucosrvmsg/package.dsv'
[1.080s] INFO:colcon.colcon_core.shell:Creating package script '/home/shridhar/Documents/ROSrevision/Task4/install/arucosrvmsg/share/arucosrvmsg/package.sh'
[1.081s] INFO:colcon.colcon_core.shell:Creating package script '/home/shridhar/Documents/ROSrevision/Task4/install/arucosrvmsg/share/arucosrvmsg/package.bash'
[1.081s] INFO:colcon.colcon_core.shell:Creating package script '/home/shridhar/Documents/ROSrevision/Task4/install/arucosrvmsg/share/arucosrvmsg/package.zsh'
[1.082s] Level 1:colcon.colcon_core.environment:create_file_with_runtime_dependencies(/home/shridhar/Documents/ROSrevision/Task4/install/arucosrvmsg/share/colcon-core/packages/arucosrvmsg)
[1.082s] INFO:colcon.colcon_ros.task.ament_python.build:Building ROS package in '/home/shridhar/Documents/ROSrevision/Task4/src/arucoserver' with build type 'ament_python'
[1.082s] Level 1:colcon.colcon_core.shell:create_environment_hook('arucoserver', 'ament_prefix_path')
[1.083s] INFO:colcon.colcon_core.shell:Creating environment hook '/home/shridhar/Documents/ROSrevision/Task4/install/arucoserver/share/arucoserver/hook/ament_prefix_path.ps1'
[1.083s] INFO:colcon.colcon_core.shell:Creating environment descriptor '/home/shridhar/Documents/ROSrevision/Task4/install/arucoserver/share/arucoserver/hook/ament_prefix_path.dsv'
[1.084s] INFO:colcon.colcon_core.shell:Creating environment hook '/home/shridhar/Documents/ROSrevision/Task4/install/arucoserver/share/arucoserver/hook/ament_prefix_path.sh'
[1.084s] INFO:colcon.colcon_core.shell:Skip shell extension 'powershell' for command environment: Not usable outside of PowerShell
[1.085s] DEBUG:colcon.colcon_core.shell:Skip shell extension 'dsv' for command environment
[1.356s] INFO:colcon.colcon_core.task.python.build:Building Python package in '/home/shridhar/Documents/ROSrevision/Task4/src/arucoserver'
[1.356s] INFO:colcon.colcon_core.shell:Skip shell extension 'powershell' for command environment: Not usable outside of PowerShell
[1.356s] DEBUG:colcon.colcon_core.shell:Skip shell extension 'dsv' for command environment
[1.748s] DEBUG:colcon.colcon_core.event_handler.log_command:Invoking command in '/home/shridhar/Documents/ROSrevision/Task4/src/arucoserver': PYTHONPATH=/home/shridhar/Documents/ROSrevision/Task4/build/arucoserver/prefix_override:/usr/lib/python3/dist-packages/colcon_core/task/python/colcon_distutils_commands:/home/shridhar/Documents/ROSrevision/Task4/install/arucoserver/lib/python3.10/site-packages:${PYTHONPATH} /usr/bin/python3 -W ignore:setup.py install is deprecated setup.py egg_info --egg-base ../../build/arucoserver build --build-base /home/shridhar/Documents/ROSrevision/Task4/build/arucoserver/build install --record /home/shridhar/Documents/ROSrevision/Task4/build/arucoserver/install.log --single-version-externally-managed install_data
[2.044s] Level 1:colcon.colcon_core.environment:checking '/home/shridhar/Documents/ROSrevision/Task4/install/arucoserver' for CMake module files
[2.045s] DEBUG:colcon.colcon_core.event_handler.log_command:Invoked command in '/home/shridhar/Documents/ROSrevision/Task4/src/arucoserver' returned '0': PYTHONPATH=/home/shridhar/Documents/ROSrevision/Task4/build/arucoserver/prefix_override:/usr/lib/python3/dist-packages/colcon_core/task/python/colcon_distutils_commands:/home/shridhar/Documents/ROSrevision/Task4/install/arucoserver/lib/python3.10/site-packages:${PYTHONPATH} /usr/bin/python3 -W ignore:setup.py install is deprecated setup.py egg_info --egg-base ../../build/arucoserver build --build-base /home/shridhar/Documents/ROSrevision/Task4/build/arucoserver/build install --record /home/shridhar/Documents/ROSrevision/Task4/build/arucoserver/install.log --single-version-externally-managed install_data
[2.046s] Level 1:colcon.colcon_core.environment:checking '/home/shridhar/Documents/ROSrevision/Task4/install/arucoserver' for CMake config files
[2.046s] Level 1:colcon.colcon_core.environment:checking '/home/shridhar/Documents/ROSrevision/Task4/install/arucoserver/lib'
[2.047s] Level 1:colcon.colcon_core.environment:checking '/home/shridhar/Documents/ROSrevision/Task4/install/arucoserver/bin'
[2.047s] Level 1:colcon.colcon_core.environment:checking '/home/shridhar/Documents/ROSrevision/Task4/install/arucoserver/lib/pkgconfig/arucoserver.pc'
[2.047s] Level 1:colcon.colcon_core.environment:checking '/home/shridhar/Documents/ROSrevision/Task4/install/arucoserver/lib/python3.10/site-packages'
[2.047s] Level 1:colcon.colcon_core.shell:create_environment_hook('arucoserver', 'pythonpath')
[2.047s] INFO:colcon.colcon_core.shell:Creating environment hook '/home/shridhar/Documents/ROSrevision/Task4/install/arucoserver/share/arucoserver/hook/pythonpath.ps1'
[2.048s] INFO:colcon.colcon_core.shell:Creating environment descriptor '/home/shridhar/Documents/ROSrevision/Task4/install/arucoserver/share/arucoserver/hook/pythonpath.dsv'
[2.049s] INFO:colcon.colcon_core.shell:Creating environment hook '/home/shridhar/Documents/ROSrevision/Task4/install/arucoserver/share/arucoserver/hook/pythonpath.sh'
[2.050s] Level 1:colcon.colcon_core.environment:checking '/home/shridhar/Documents/ROSrevision/Task4/install/arucoserver/bin'
[2.050s] Level 1:colcon.colcon_core.environment:create_environment_scripts_only(arucoserver)
[2.050s] INFO:colcon.colcon_core.shell:Creating package script '/home/shridhar/Documents/ROSrevision/Task4/install/arucoserver/share/arucoserver/package.ps1'
[2.051s] INFO:colcon.colcon_core.shell:Creating package descriptor '/home/shridhar/Documents/ROSrevision/Task4/install/arucoserver/share/arucoserver/package.dsv'
[2.051s] INFO:colcon.colcon_core.shell:Creating package script '/home/shridhar/Documents/ROSrevision/Task4/install/arucoserver/share/arucoserver/package.sh'
[2.052s] INFO:colcon.colcon_core.shell:Creating package script '/home/shridhar/Documents/ROSrevision/Task4/install/arucoserver/share/arucoserver/package.bash'
[2.053s] INFO:colcon.colcon_core.shell:Creating package script '/home/shridhar/Documents/ROSrevision/Task4/install/arucoserver/share/arucoserver/package.zsh'
[2.053s] Level 1:colcon.colcon_core.environment:create_file_with_runtime_dependencies(/home/shridhar/Documents/ROSrevision/Task4/install/arucoserver/share/colcon-core/packages/arucoserver)
[2.053s] DEBUG:colcon.colcon_parallel_executor.executor.parallel:closing loop
[2.053s] DEBUG:colcon.colcon_parallel_executor.executor.parallel:loop closed
[2.053s] DEBUG:colcon.colcon_parallel_executor.executor.parallel:run_until_complete finished with '0'
[2.054s] DEBUG:colcon.colcon_core.event_reactor:joining thread
[2.061s] INFO:colcon.colcon_core.plugin_system:Skipping extension 'colcon_notification.desktop_notification.terminal_notifier': Not used on non-Darwin systems
[2.061s] INFO:colcon.colcon_core.plugin_system:Skipping extension 'colcon_notification.desktop_notification.win32': Not used on non-Windows systems
[2.061s] INFO:colcon.colcon_notification.desktop_notification:Sending desktop notification using 'notify2'
[2.077s] DEBUG:colcon.colcon_core.event_reactor:joined thread
[2.077s] INFO:colcon.colcon_core.shell:Creating prefix script '/home/shridhar/Documents/ROSrevision/Task4/install/local_setup.ps1'
[2.078s] INFO:colcon.colcon_core.shell:Creating prefix util module '/home/shridhar/Documents/ROSrevision/Task4/install/_local_setup_util_ps1.py'
[2.079s] INFO:colcon.colcon_core.shell:Creating prefix chain script '/home/shridhar/Documents/ROSrevision/Task4/install/setup.ps1'
[2.080s] INFO:colcon.colcon_core.shell:Creating prefix script '/home/shridhar/Documents/ROSrevision/Task4/install/local_setup.sh'
[2.081s] INFO:colcon.colcon_core.shell:Creating prefix util module '/home/shridhar/Documents/ROSrevision/Task4/install/_local_setup_util_sh.py'
[2.081s] INFO:colcon.colcon_core.shell:Creating prefix chain script '/home/shridhar/Documents/ROSrevision/Task4/install/setup.sh'
[2.082s] INFO:colcon.colcon_core.shell:Creating prefix script '/home/shridhar/Documents/ROSrevision/Task4/install/local_setup.bash'
[2.083s] INFO:colcon.colcon_core.shell:Creating prefix chain script '/home/shridhar/Documents/ROSrevision/Task4/install/setup.bash'
[2.084s] INFO:colcon.colcon_core.shell:Creating prefix script '/home/shridhar/Documents/ROSrevision/Task4/install/local_setup.zsh'
[2.084s] INFO:colcon.colcon_core.shell:Creating prefix chain script '/home/shridhar/Documents/ROSrevision/Task4/install/setup.zsh'
