[0.107s] DEBUG:colcon:Command line arguments: ['/usr/bin/colcon', 'build']
[0.107s] DEBUG:colcon:Parsed command line arguments: Namespace(log_base=None, log_level=None, verb_name='build', build_base='build', install_base='install', merge_install=False, symlink_install=False, test_result_base=None, continue_on_error=False, executor='parallel', parallel_workers=22, event_handlers=None, ignore_user_meta=False, metas=['./colcon.meta'], base_paths=['.'], packages_ignore=None, packages_ignore_regex=None, paths=None, packages_up_to=None, packages_up_to_regex=None, packages_above=None, packages_above_and_dependencies=None, packages_above_depth=None, packages_select_by_dep=None, packages_skip_by_dep=None, packages_skip_up_to=None, packages_select_build_failed=False, packages_skip_build_finished=False, packages_select_test_failures=False, packages_skip_test_passed=False, packages_select=None, packages_skip=None, packages_select_regex=None, packages_skip_regex=None, packages_start=None, packages_end=None, allow_overriding=[], cmake_args=None, cmake_target=None, cmake_target_skip_unavailable=False, cmake_clean_cache=False, cmake_clean_first=False, cmake_force_configure=False, ament_cmake_args=None, catkin_cmake_args=None, catkin_skip_building_tests=False, mixin_files=None, mixin=None, verb_parser=<colcon_mixin.mixin.mixin_argument.MixinArgumentDecorator object at 0x71e26d43ef50>, verb_extension=<colcon_core.verb.build.BuildVerb object at 0x71e26d43e1a0>, main=<bound method BuildVerb.main of <colcon_core.verb.build.BuildVerb object at 0x71e26d43e1a0>>, mixin_verb=('build',))
[0.265s] Level 1:colcon.colcon_core.package_discovery:discover_packages(colcon_meta) check parameters
[0.265s] Level 1:colcon.colcon_core.package_discovery:discover_packages(recursive) check parameters
[0.265s] Level 1:colcon.colcon_core.package_discovery:discover_packages(ignore) check parameters
[0.265s] Level 1:colcon.colcon_core.package_discovery:discover_packages(path) check parameters
[0.265s] Level 1:colcon.colcon_core.package_discovery:discover_packages(colcon_meta) discover
[0.265s] Level 1:colcon.colcon_core.package_discovery:discover_packages(recursive) discover
[0.265s] INFO:colcon.colcon_core.package_discovery:Crawling recursively for packages in '/home/shridhar/Workspaces/mrt_ws/Task2'
[0.265s] Level 1:colcon.colcon_core.package_identification:_identify(.) by extensions ['ignore', 'ignore_ament_install']
[0.265s] Level 1:colcon.colcon_core.package_identification:_identify(.) by extension 'ignore'
[0.265s] Level 1:colcon.colcon_core.package_identification:_identify(.) by extension 'ignore_ament_install'
[0.265s] Level 1:colcon.colcon_core.package_identification:_identify(.) by extensions ['colcon_pkg']
[0.265s] Level 1:colcon.colcon_core.package_identification:_identify(.) by extension 'colcon_pkg'
[0.265s] Level 1:colcon.colcon_core.package_identification:_identify(.) by extensions ['colcon_meta']
[0.265s] Level 1:colcon.colcon_core.package_identification:_identify(.) by extension 'colcon_meta'
[0.265s] Level 1:colcon.colcon_core.package_identification:_identify(.) by extensions ['ros']
[0.265s] Level 1:colcon.colcon_core.package_identification:_identify(.) by extension 'ros'
[0.276s] Level 1:colcon.colcon_core.package_identification:_identify(.) by extensions ['cmake', 'python']
[0.276s] Level 1:colcon.colcon_core.package_identification:_identify(.) by extension 'cmake'
[0.276s] Level 1:colcon.colcon_core.package_identification:_identify(.) by extension 'python'
[0.276s] Level 1:colcon.colcon_core.package_identification:_identify(.) by extensions ['python_setup_py']
[0.276s] Level 1:colcon.colcon_core.package_identification:_identify(.) by extension 'python_setup_py'
[0.277s] Level 1:colcon.colcon_core.package_identification:_identify(build) by extensions ['ignore', 'ignore_ament_install']
[0.277s] Level 1:colcon.colcon_core.package_identification:_identify(build) by extension 'ignore'
[0.277s] Level 1:colcon.colcon_core.package_identification:_identify(build) ignored
[0.277s] Level 1:colcon.colcon_core.package_identification:_identify(install) by extensions ['ignore', 'ignore_ament_install']
[0.277s] Level 1:colcon.colcon_core.package_identification:_identify(install) by extension 'ignore'
[0.277s] Level 1:colcon.colcon_core.package_identification:_identify(install) ignored
[0.277s] Level 1:colcon.colcon_core.package_identification:_identify(log) by extensions ['ignore', 'ignore_ament_install']
[0.277s] Level 1:colcon.colcon_core.package_identification:_identify(log) by extension 'ignore'
[0.277s] Level 1:colcon.colcon_core.package_identification:_identify(log) ignored
[0.277s] Level 1:colcon.colcon_core.package_identification:_identify(src) by extensions ['ignore', 'ignore_ament_install']
[0.277s] Level 1:colcon.colcon_core.package_identification:_identify(src) by extension 'ignore'
[0.277s] Level 1:colcon.colcon_core.package_identification:_identify(src) by extension 'ignore_ament_install'
[0.277s] Level 1:colcon.colcon_core.package_identification:_identify(src) by extensions ['colcon_pkg']
[0.277s] Level 1:colcon.colcon_core.package_identification:_identify(src) by extension 'colcon_pkg'
[0.277s] Level 1:colcon.colcon_core.package_identification:_identify(src) by extensions ['colcon_meta']
[0.277s] Level 1:colcon.colcon_core.package_identification:_identify(src) by extension 'colcon_meta'
[0.277s] Level 1:colcon.colcon_core.package_identification:_identify(src) by extensions ['ros']
[0.277s] Level 1:colcon.colcon_core.package_identification:_identify(src) by extension 'ros'
[0.278s] Level 1:colcon.colcon_core.package_identification:_identify(src) by extensions ['cmake', 'python']
[0.278s] Level 1:colcon.colcon_core.package_identification:_identify(src) by extension 'cmake'
[0.278s] Level 1:colcon.colcon_core.package_identification:_identify(src) by extension 'python'
[0.278s] Level 1:colcon.colcon_core.package_identification:_identify(src) by extensions ['python_setup_py']
[0.278s] Level 1:colcon.colcon_core.package_identification:_identify(src) by extension 'python_setup_py'
[0.278s] Level 1:colcon.colcon_core.package_identification:_identify(src/addthreeints) by extensions ['ignore', 'ignore_ament_install']
[0.278s] Level 1:colcon.colcon_core.package_identification:_identify(src/addthreeints) by extension 'ignore'
[0.278s] Level 1:colcon.colcon_core.package_identification:_identify(src/addthreeints) by extension 'ignore_ament_install'
[0.278s] Level 1:colcon.colcon_core.package_identification:_identify(src/addthreeints) by extensions ['colcon_pkg']
[0.278s] Level 1:colcon.colcon_core.package_identification:_identify(src/addthreeints) by extension 'colcon_pkg'
[0.278s] Level 1:colcon.colcon_core.package_identification:_identify(src/addthreeints) by extensions ['colcon_meta']
[0.278s] Level 1:colcon.colcon_core.package_identification:_identify(src/addthreeints) by extension 'colcon_meta'
[0.278s] Level 1:colcon.colcon_core.package_identification:_identify(src/addthreeints) by extensions ['ros']
[0.278s] Level 1:colcon.colcon_core.package_identification:_identify(src/addthreeints) by extension 'ros'
[0.280s] DEBUG:colcon.colcon_core.package_identification:Package 'src/addthreeints' with type 'ros.ament_cmake' and name 'addthreeints'
[0.281s] Level 1:colcon.colcon_core.package_identification:_identify(src/serveradd) by extensions ['ignore', 'ignore_ament_install']
[0.281s] Level 1:colcon.colcon_core.package_identification:_identify(src/serveradd) by extension 'ignore'
[0.281s] Level 1:colcon.colcon_core.package_identification:_identify(src/serveradd) by extension 'ignore_ament_install'
[0.281s] Level 1:colcon.colcon_core.package_identification:_identify(src/serveradd) by extensions ['colcon_pkg']
[0.281s] Level 1:colcon.colcon_core.package_identification:_identify(src/serveradd) by extension 'colcon_pkg'
[0.281s] Level 1:colcon.colcon_core.package_identification:_identify(src/serveradd) by extensions ['colcon_meta']
[0.281s] Level 1:colcon.colcon_core.package_identification:_identify(src/serveradd) by extension 'colcon_meta'
[0.281s] Level 1:colcon.colcon_core.package_identification:_identify(src/serveradd) by extensions ['ros']
[0.281s] Level 1:colcon.colcon_core.package_identification:_identify(src/serveradd) by extension 'ros'
[0.282s] DEBUG:colcon.colcon_core.package_identification:Package 'src/serveradd' with type 'ros.ament_python' and name 'serveradd'
[0.282s] Level 1:colcon.colcon_core.package_identification:_identify(src/threeinttopic) by extensions ['ignore', 'ignore_ament_install']
[0.282s] Level 1:colcon.colcon_core.package_identification:_identify(src/threeinttopic) by extension 'ignore'
[0.282s] Level 1:colcon.colcon_core.package_identification:_identify(src/threeinttopic) by extension 'ignore_ament_install'
[0.282s] Level 1:colcon.colcon_core.package_identification:_identify(src/threeinttopic) by extensions ['colcon_pkg']
[0.282s] Level 1:colcon.colcon_core.package_identification:_identify(src/threeinttopic) by extension 'colcon_pkg'
[0.282s] Level 1:colcon.colcon_core.package_identification:_identify(src/threeinttopic) by extensions ['colcon_meta']
[0.282s] Level 1:colcon.colcon_core.package_identification:_identify(src/threeinttopic) by extension 'colcon_meta'
[0.282s] Level 1:colcon.colcon_core.package_identification:_identify(src/threeinttopic) by extensions ['ros']
[0.282s] Level 1:colcon.colcon_core.package_identification:_identify(src/threeinttopic) by extension 'ros'
[0.282s] DEBUG:colcon.colcon_core.package_identification:Package 'src/threeinttopic' with type 'ros.ament_cmake' and name 'threeinttopic'
[0.282s] Level 1:colcon.colcon_core.package_discovery:discover_packages(recursive) using defaults
[0.283s] Level 1:colcon.colcon_core.package_discovery:discover_packages(ignore) discover
[0.283s] Level 1:colcon.colcon_core.package_discovery:discover_packages(ignore) using defaults
[0.283s] Level 1:colcon.colcon_core.package_discovery:discover_packages(path) discover
[0.283s] Level 1:colcon.colcon_core.package_discovery:discover_packages(path) using defaults
[0.313s] Level 1:colcon.colcon_core.package_discovery:discover_packages(prefix_path) check parameters
[0.313s] Level 1:colcon.colcon_core.package_discovery:discover_packages(prefix_path) discover
[0.314s] DEBUG:colcon.colcon_installed_package_information.package_discovery:Found 3 installed packages in /home/shridhar/Workspaces/mrt_ws/Task2/install
[0.316s] DEBUG:colcon.colcon_installed_package_information.package_discovery:Found 293 installed packages in /opt/ros/humble
[0.317s] Level 1:colcon.colcon_core.package_discovery:discover_packages(prefix_path) using defaults
[0.357s] Level 5:colcon.colcon_core.verb:set package 'addthreeints' build argument 'cmake_args' from command line to 'None'
[0.357s] Level 5:colcon.colcon_core.verb:set package 'addthreeints' build argument 'cmake_target' from command line to 'None'
[0.357s] Level 5:colcon.colcon_core.verb:set package 'addthreeints' build argument 'cmake_target_skip_unavailable' from command line to 'False'
[0.357s] Level 5:colcon.colcon_core.verb:set package 'addthreeints' build argument 'cmake_clean_cache' from command line to 'False'
[0.357s] Level 5:colcon.colcon_core.verb:set package 'addthreeints' build argument 'cmake_clean_first' from command line to 'False'
[0.357s] Level 5:colcon.colcon_core.verb:set package 'addthreeints' build argument 'cmake_force_configure' from command line to 'False'
[0.357s] Level 5:colcon.colcon_core.verb:set package 'addthreeints' build argument 'ament_cmake_args' from command line to 'None'
[0.357s] Level 5:colcon.colcon_core.verb:set package 'addthreeints' build argument 'catkin_cmake_args' from command line to 'None'
[0.357s] Level 5:colcon.colcon_core.verb:set package 'addthreeints' build argument 'catkin_skip_building_tests' from command line to 'False'
[0.357s] DEBUG:colcon.colcon_core.verb:Building package 'addthreeints' with the following arguments: {'ament_cmake_args': None, 'build_base': '/home/shridhar/Workspaces/mrt_ws/Task2/build/addthreeints', 'catkin_cmake_args': None, 'catkin_skip_building_tests': False, 'cmake_args': None, 'cmake_clean_cache': False, 'cmake_clean_first': False, 'cmake_force_configure': False, 'cmake_target': None, 'cmake_target_skip_unavailable': False, 'install_base': '/home/shridhar/Workspaces/mrt_ws/Task2/install/addthreeints', 'merge_install': False, 'path': '/home/shridhar/Workspaces/mrt_ws/Task2/src/addthreeints', 'symlink_install': False, 'test_result_base': None}
[0.357s] Level 5:colcon.colcon_core.verb:set package 'serveradd' build argument 'cmake_args' from command line to 'None'
[0.357s] Level 5:colcon.colcon_core.verb:set package 'serveradd' build argument 'cmake_target' from command line to 'None'
[0.357s] Level 5:colcon.colcon_core.verb:set package 'serveradd' build argument 'cmake_target_skip_unavailable' from command line to 'False'
[0.357s] Level 5:colcon.colcon_core.verb:set package 'serveradd' build argument 'cmake_clean_cache' from command line to 'False'
[0.357s] Level 5:colcon.colcon_core.verb:set package 'serveradd' build argument 'cmake_clean_first' from command line to 'False'
[0.357s] Level 5:colcon.colcon_core.verb:set package 'serveradd' build argument 'cmake_force_configure' from command line to 'False'
[0.357s] Level 5:colcon.colcon_core.verb:set package 'serveradd' build argument 'ament_cmake_args' from command line to 'None'
[0.357s] Level 5:colcon.colcon_core.verb:set package 'serveradd' build argument 'catkin_cmake_args' from command line to 'None'
[0.357s] Level 5:colcon.colcon_core.verb:set package 'serveradd' build argument 'catkin_skip_building_tests' from command line to 'False'
[0.357s] DEBUG:colcon.colcon_core.verb:Building package 'serveradd' with the following arguments: {'ament_cmake_args': None, 'build_base': '/home/shridhar/Workspaces/mrt_ws/Task2/build/serveradd', 'catkin_cmake_args': None, 'catkin_skip_building_tests': False, 'cmake_args': None, 'cmake_clean_cache': False, 'cmake_clean_first': False, 'cmake_force_configure': False, 'cmake_target': None, 'cmake_target_skip_unavailable': False, 'install_base': '/home/shridhar/Workspaces/mrt_ws/Task2/install/serveradd', 'merge_install': False, 'path': '/home/shridhar/Workspaces/mrt_ws/Task2/src/serveradd', 'symlink_install': False, 'test_result_base': None}
[0.358s] Level 5:colcon.colcon_core.verb:set package 'threeinttopic' build argument 'cmake_args' from command line to 'None'
[0.358s] Level 5:colcon.colcon_core.verb:set package 'threeinttopic' build argument 'cmake_target' from command line to 'None'
[0.358s] Level 5:colcon.colcon_core.verb:set package 'threeinttopic' build argument 'cmake_target_skip_unavailable' from command line to 'False'
[0.358s] Level 5:colcon.colcon_core.verb:set package 'threeinttopic' build argument 'cmake_clean_cache' from command line to 'False'
[0.358s] Level 5:colcon.colcon_core.verb:set package 'threeinttopic' build argument 'cmake_clean_first' from command line to 'False'
[0.358s] Level 5:colcon.colcon_core.verb:set package 'threeinttopic' build argument 'cmake_force_configure' from command line to 'False'
[0.358s] Level 5:colcon.colcon_core.verb:set package 'threeinttopic' build argument 'ament_cmake_args' from command line to 'None'
[0.358s] Level 5:colcon.colcon_core.verb:set package 'threeinttopic' build argument 'catkin_cmake_args' from command line to 'None'
[0.358s] Level 5:colcon.colcon_core.verb:set package 'threeinttopic' build argument 'catkin_skip_building_tests' from command line to 'False'
[0.358s] DEBUG:colcon.colcon_core.verb:Building package 'threeinttopic' with the following arguments: {'ament_cmake_args': None, 'build_base': '/home/shridhar/Workspaces/mrt_ws/Task2/build/threeinttopic', 'catkin_cmake_args': None, 'catkin_skip_building_tests': False, 'cmake_args': None, 'cmake_clean_cache': False, 'cmake_clean_first': False, 'cmake_force_configure': False, 'cmake_target': None, 'cmake_target_skip_unavailable': False, 'install_base': '/home/shridhar/Workspaces/mrt_ws/Task2/install/threeinttopic', 'merge_install': False, 'path': '/home/shridhar/Workspaces/mrt_ws/Task2/src/threeinttopic', 'symlink_install': False, 'test_result_base': None}
[0.358s] INFO:colcon.colcon_core.executor:Executing jobs using 'parallel' executor
[0.359s] DEBUG:colcon.colcon_parallel_executor.executor.parallel:run_until_complete
[0.360s] INFO:colcon.colcon_ros.task.ament_cmake.build:Building ROS package in '/home/shridhar/Workspaces/mrt_ws/Task2/src/addthreeints' with build type 'ament_cmake'
[0.360s] INFO:colcon.colcon_cmake.task.cmake.build:Building CMake package in '/home/shridhar/Workspaces/mrt_ws/Task2/src/addthreeints'
[0.362s] INFO:colcon.colcon_core.plugin_system:Skipping extension 'colcon_core.shell.bat': Not used on non-Windows systems
[0.362s] INFO:colcon.colcon_core.shell:Skip shell extension 'powershell' for command environment: Not usable outside of PowerShell
[0.362s] DEBUG:colcon.colcon_core.shell:Skip shell extension 'dsv' for command environment
[0.365s] INFO:colcon.colcon_ros.task.ament_python.build:Building ROS package in '/home/shridhar/Workspaces/mrt_ws/Task2/src/serveradd' with build type 'ament_python'
[0.366s] Level 1:colcon.colcon_core.shell:create_environment_hook('serveradd', 'ament_prefix_path')
[0.366s] INFO:colcon.colcon_core.shell:Creating environment hook '/home/shridhar/Workspaces/mrt_ws/Task2/install/serveradd/share/serveradd/hook/ament_prefix_path.ps1'
[0.367s] INFO:colcon.colcon_core.shell:Creating environment descriptor '/home/shridhar/Workspaces/mrt_ws/Task2/install/serveradd/share/serveradd/hook/ament_prefix_path.dsv'
[0.367s] INFO:colcon.colcon_core.shell:Creating environment hook '/home/shridhar/Workspaces/mrt_ws/Task2/install/serveradd/share/serveradd/hook/ament_prefix_path.sh'
[0.368s] INFO:colcon.colcon_core.shell:Skip shell extension 'powershell' for command environment: Not usable outside of PowerShell
[0.368s] DEBUG:colcon.colcon_core.shell:Skip shell extension 'dsv' for command environment
[0.380s] DEBUG:colcon.colcon_core.event_handler.log_command:Invoking command in '/home/shridhar/Workspaces/mrt_ws/Task2/build/addthreeints': CMAKE_PREFIX_PATH=${CMAKE_PREFIX_PATH}:/home/shridhar/Workspaces/mrt_ws/Task2/install/serveradd:/opt/ros/humble /usr/bin/cmake --build /home/shridhar/Workspaces/mrt_ws/Task2/build/addthreeints -- -j22 -l22
[0.636s] INFO:colcon.colcon_core.task.python.build:Building Python package in '/home/shridhar/Workspaces/mrt_ws/Task2/src/serveradd'
[0.636s] INFO:colcon.colcon_core.shell:Skip shell extension 'powershell' for command environment: Not usable outside of PowerShell
[0.636s] DEBUG:colcon.colcon_core.shell:Skip shell extension 'dsv' for command environment
[0.788s] DEBUG:colcon.colcon_core.event_handler.log_command:Invoked command in '/home/shridhar/Workspaces/mrt_ws/Task2/build/addthreeints' returned '0': CMAKE_PREFIX_PATH=${CMAKE_PREFIX_PATH}:/home/shridhar/Workspaces/mrt_ws/Task2/install/serveradd:/opt/ros/humble /usr/bin/cmake --build /home/shridhar/Workspaces/mrt_ws/Task2/build/addthreeints -- -j22 -l22
[0.914s] DEBUG:colcon.colcon_core.event_handler.log_command:Invoking command in '/home/shridhar/Workspaces/mrt_ws/Task2/build/addthreeints': CMAKE_PREFIX_PATH=${CMAKE_PREFIX_PATH}:/home/shridhar/Workspaces/mrt_ws/Task2/install/serveradd:/opt/ros/humble /usr/bin/cmake --install /home/shridhar/Workspaces/mrt_ws/Task2/build/addthreeints
[0.989s] Level 1:colcon.colcon_core.environment:create_environment_scripts_only(addthreeints)
[0.990s] DEBUG:colcon.colcon_core.event_handler.log_command:Invoked command in '/home/shridhar/Workspaces/mrt_ws/Task2/build/addthreeints' returned '0': CMAKE_PREFIX_PATH=${CMAKE_PREFIX_PATH}:/home/shridhar/Workspaces/mrt_ws/Task2/install/serveradd:/opt/ros/humble /usr/bin/cmake --install /home/shridhar/Workspaces/mrt_ws/Task2/build/addthreeints
[0.993s] Level 1:colcon.colcon_core.environment:checking '/home/shridhar/Workspaces/mrt_ws/Task2/install/addthreeints' for CMake module files
[0.994s] Level 1:colcon.colcon_core.environment:checking '/home/shridhar/Workspaces/mrt_ws/Task2/install/addthreeints' for CMake config files
[0.995s] Level 1:colcon.colcon_core.shell:create_environment_hook('addthreeints', 'cmake_prefix_path')
[0.995s] INFO:colcon.colcon_core.shell:Creating environment hook '/home/shridhar/Workspaces/mrt_ws/Task2/install/addthreeints/share/addthreeints/hook/cmake_prefix_path.ps1'
[0.996s] INFO:colcon.colcon_core.shell:Creating environment descriptor '/home/shridhar/Workspaces/mrt_ws/Task2/install/addthreeints/share/addthreeints/hook/cmake_prefix_path.dsv'
[0.996s] INFO:colcon.colcon_core.shell:Creating environment hook '/home/shridhar/Workspaces/mrt_ws/Task2/install/addthreeints/share/addthreeints/hook/cmake_prefix_path.sh'
[0.997s] Level 1:colcon.colcon_core.environment:checking '/home/shridhar/Workspaces/mrt_ws/Task2/install/addthreeints/lib'
[0.998s] Level 1:colcon.colcon_core.shell:create_environment_hook('addthreeints', 'ld_library_path_lib')
[0.998s] INFO:colcon.colcon_core.shell:Creating environment hook '/home/shridhar/Workspaces/mrt_ws/Task2/install/addthreeints/share/addthreeints/hook/ld_library_path_lib.ps1'
[0.999s] INFO:colcon.colcon_core.shell:Creating environment descriptor '/home/shridhar/Workspaces/mrt_ws/Task2/install/addthreeints/share/addthreeints/hook/ld_library_path_lib.dsv'
[0.999s] INFO:colcon.colcon_core.shell:Creating environment hook '/home/shridhar/Workspaces/mrt_ws/Task2/install/addthreeints/share/addthreeints/hook/ld_library_path_lib.sh'
[0.999s] Level 1:colcon.colcon_core.environment:checking '/home/shridhar/Workspaces/mrt_ws/Task2/install/addthreeints/bin'
[1.000s] Level 1:colcon.colcon_core.environment:checking '/home/shridhar/Workspaces/mrt_ws/Task2/install/addthreeints/lib/pkgconfig/addthreeints.pc'
[1.000s] Level 1:colcon.colcon_core.environment:checking '/home/shridhar/Workspaces/mrt_ws/Task2/install/addthreeints/lib/python3.10/site-packages'
[1.000s] Level 1:colcon.colcon_core.environment:checking '/home/shridhar/Workspaces/mrt_ws/Task2/install/addthreeints/bin'
[1.001s] INFO:colcon.colcon_core.shell:Creating package script '/home/shridhar/Workspaces/mrt_ws/Task2/install/addthreeints/share/addthreeints/package.ps1'
[1.002s] INFO:colcon.colcon_core.shell:Creating package descriptor '/home/shridhar/Workspaces/mrt_ws/Task2/install/addthreeints/share/addthreeints/package.dsv'
[1.002s] INFO:colcon.colcon_core.shell:Creating package script '/home/shridhar/Workspaces/mrt_ws/Task2/install/addthreeints/share/addthreeints/package.sh'
[1.004s] INFO:colcon.colcon_core.shell:Creating package script '/home/shridhar/Workspaces/mrt_ws/Task2/install/addthreeints/share/addthreeints/package.bash'
[1.005s] INFO:colcon.colcon_core.shell:Creating package script '/home/shridhar/Workspaces/mrt_ws/Task2/install/addthreeints/share/addthreeints/package.zsh'
[1.006s] Level 1:colcon.colcon_core.environment:create_file_with_runtime_dependencies(/home/shridhar/Workspaces/mrt_ws/Task2/install/addthreeints/share/colcon-core/packages/addthreeints)
[1.011s] DEBUG:colcon.colcon_core.event_handler.log_command:Invoking command in '/home/shridhar/Workspaces/mrt_ws/Task2/src/serveradd': PYTHONPATH=/home/shridhar/Workspaces/mrt_ws/Task2/build/serveradd/prefix_override:/usr/lib/python3/dist-packages/colcon_core/task/python/colcon_distutils_commands:/home/shridhar/Workspaces/mrt_ws/Task2/install/serveradd/lib/python3.10/site-packages:${PYTHONPATH} /usr/bin/python3 -W ignore:setup.py install is deprecated setup.py egg_info --egg-base ../../build/serveradd build --build-base /home/shridhar/Workspaces/mrt_ws/Task2/build/serveradd/build install --record /home/shridhar/Workspaces/mrt_ws/Task2/build/serveradd/install.log --single-version-externally-managed install_data
[1.119s] Level 1:colcon.colcon_core.environment:create_environment_scripts_only(addthreeints)
[1.119s] Level 1:colcon.colcon_core.environment:checking '/home/shridhar/Workspaces/mrt_ws/Task2/install/addthreeints' for CMake module files
[1.120s] Level 1:colcon.colcon_core.environment:checking '/home/shridhar/Workspaces/mrt_ws/Task2/install/addthreeints' for CMake config files
[1.121s] Level 1:colcon.colcon_core.shell:create_environment_hook('addthreeints', 'cmake_prefix_path')
[1.121s] INFO:colcon.colcon_core.shell:Creating environment hook '/home/shridhar/Workspaces/mrt_ws/Task2/install/addthreeints/share/addthreeints/hook/cmake_prefix_path.ps1'
[1.122s] INFO:colcon.colcon_core.shell:Creating environment descriptor '/home/shridhar/Workspaces/mrt_ws/Task2/install/addthreeints/share/addthreeints/hook/cmake_prefix_path.dsv'
[1.122s] INFO:colcon.colcon_core.shell:Creating environment hook '/home/shridhar/Workspaces/mrt_ws/Task2/install/addthreeints/share/addthreeints/hook/cmake_prefix_path.sh'
[1.123s] Level 1:colcon.colcon_core.environment:checking '/home/shridhar/Workspaces/mrt_ws/Task2/install/addthreeints/lib'
[1.123s] Level 1:colcon.colcon_core.shell:create_environment_hook('addthreeints', 'ld_library_path_lib')
[1.123s] INFO:colcon.colcon_core.shell:Creating environment hook '/home/shridhar/Workspaces/mrt_ws/Task2/install/addthreeints/share/addthreeints/hook/ld_library_path_lib.ps1'
[1.124s] INFO:colcon.colcon_core.shell:Creating environment descriptor '/home/shridhar/Workspaces/mrt_ws/Task2/install/addthreeints/share/addthreeints/hook/ld_library_path_lib.dsv'
[1.124s] INFO:colcon.colcon_core.shell:Creating environment hook '/home/shridhar/Workspaces/mrt_ws/Task2/install/addthreeints/share/addthreeints/hook/ld_library_path_lib.sh'
[1.125s] Level 1:colcon.colcon_core.environment:checking '/home/shridhar/Workspaces/mrt_ws/Task2/install/addthreeints/bin'
[1.125s] Level 1:colcon.colcon_core.environment:checking '/home/shridhar/Workspaces/mrt_ws/Task2/install/addthreeints/lib/pkgconfig/addthreeints.pc'
[1.125s] Level 1:colcon.colcon_core.environment:checking '/home/shridhar/Workspaces/mrt_ws/Task2/install/addthreeints/lib/python3.10/site-packages'
[1.125s] Level 1:colcon.colcon_core.environment:checking '/home/shridhar/Workspaces/mrt_ws/Task2/install/addthreeints/bin'
[1.126s] INFO:colcon.colcon_core.shell:Creating package script '/home/shridhar/Workspaces/mrt_ws/Task2/install/addthreeints/share/addthreeints/package.ps1'
[1.127s] INFO:colcon.colcon_core.shell:Creating package descriptor '/home/shridhar/Workspaces/mrt_ws/Task2/install/addthreeints/share/addthreeints/package.dsv'
[1.127s] INFO:colcon.colcon_core.shell:Creating package script '/home/shridhar/Workspaces/mrt_ws/Task2/install/addthreeints/share/addthreeints/package.sh'
[1.128s] INFO:colcon.colcon_core.shell:Creating package script '/home/shridhar/Workspaces/mrt_ws/Task2/install/addthreeints/share/addthreeints/package.bash'
[1.128s] INFO:colcon.colcon_core.shell:Creating package script '/home/shridhar/Workspaces/mrt_ws/Task2/install/addthreeints/share/addthreeints/package.zsh'
[1.128s] Level 1:colcon.colcon_core.environment:create_file_with_runtime_dependencies(/home/shridhar/Workspaces/mrt_ws/Task2/install/addthreeints/share/colcon-core/packages/addthreeints)
[1.129s] INFO:colcon.colcon_ros.task.ament_cmake.build:Building ROS package in '/home/shridhar/Workspaces/mrt_ws/Task2/src/threeinttopic' with build type 'ament_cmake'
[1.129s] INFO:colcon.colcon_cmake.task.cmake.build:Building CMake package in '/home/shridhar/Workspaces/mrt_ws/Task2/src/threeinttopic'
[1.129s] INFO:colcon.colcon_core.shell:Skip shell extension 'powershell' for command environment: Not usable outside of PowerShell
[1.129s] DEBUG:colcon.colcon_core.shell:Skip shell extension 'dsv' for command environment
[1.142s] DEBUG:colcon.colcon_core.event_handler.log_command:Invoking command in '/home/shridhar/Workspaces/mrt_ws/Task2/build/threeinttopic': CMAKE_PREFIX_PATH=/home/shridhar/Workspaces/mrt_ws/Task2/install/addthreeints:/home/shridhar/Workspaces/mrt_ws/Task2/install/threeinttopic:/home/shridhar/Workspaces/mrt_ws/Task2/install/serveradd:/opt/ros/humble /usr/bin/cmake --build /home/shridhar/Workspaces/mrt_ws/Task2/build/threeinttopic -- -j22 -l22
[1.308s] Level 1:colcon.colcon_core.environment:checking '/home/shridhar/Workspaces/mrt_ws/Task2/install/serveradd' for CMake module files
[1.308s] Level 1:colcon.colcon_core.environment:checking '/home/shridhar/Workspaces/mrt_ws/Task2/install/serveradd' for CMake config files
[1.309s] DEBUG:colcon.colcon_core.event_handler.log_command:Invoked command in '/home/shridhar/Workspaces/mrt_ws/Task2/src/serveradd' returned '0': PYTHONPATH=/home/shridhar/Workspaces/mrt_ws/Task2/build/serveradd/prefix_override:/usr/lib/python3/dist-packages/colcon_core/task/python/colcon_distutils_commands:/home/shridhar/Workspaces/mrt_ws/Task2/install/serveradd/lib/python3.10/site-packages:${PYTHONPATH} /usr/bin/python3 -W ignore:setup.py install is deprecated setup.py egg_info --egg-base ../../build/serveradd build --build-base /home/shridhar/Workspaces/mrt_ws/Task2/build/serveradd/build install --record /home/shridhar/Workspaces/mrt_ws/Task2/build/serveradd/install.log --single-version-externally-managed install_data
[1.310s] Level 1:colcon.colcon_core.environment:checking '/home/shridhar/Workspaces/mrt_ws/Task2/install/serveradd/lib'
[1.310s] Level 1:colcon.colcon_core.environment:checking '/home/shridhar/Workspaces/mrt_ws/Task2/install/serveradd/bin'
[1.310s] Level 1:colcon.colcon_core.environment:checking '/home/shridhar/Workspaces/mrt_ws/Task2/install/serveradd/lib/pkgconfig/serveradd.pc'
[1.311s] Level 1:colcon.colcon_core.environment:checking '/home/shridhar/Workspaces/mrt_ws/Task2/install/serveradd/lib/python3.10/site-packages'
[1.311s] Level 1:colcon.colcon_core.shell:create_environment_hook('serveradd', 'pythonpath')
[1.311s] INFO:colcon.colcon_core.shell:Creating environment hook '/home/shridhar/Workspaces/mrt_ws/Task2/install/serveradd/share/serveradd/hook/pythonpath.ps1'
[1.312s] INFO:colcon.colcon_core.shell:Creating environment descriptor '/home/shridhar/Workspaces/mrt_ws/Task2/install/serveradd/share/serveradd/hook/pythonpath.dsv'
[1.312s] INFO:colcon.colcon_core.shell:Creating environment hook '/home/shridhar/Workspaces/mrt_ws/Task2/install/serveradd/share/serveradd/hook/pythonpath.sh'
[1.313s] Level 1:colcon.colcon_core.environment:checking '/home/shridhar/Workspaces/mrt_ws/Task2/install/serveradd/bin'
[1.313s] Level 1:colcon.colcon_core.environment:create_environment_scripts_only(serveradd)
[1.314s] INFO:colcon.colcon_core.shell:Creating package script '/home/shridhar/Workspaces/mrt_ws/Task2/install/serveradd/share/serveradd/package.ps1'
[1.314s] INFO:colcon.colcon_core.shell:Creating package descriptor '/home/shridhar/Workspaces/mrt_ws/Task2/install/serveradd/share/serveradd/package.dsv'
[1.315s] INFO:colcon.colcon_core.shell:Creating package script '/home/shridhar/Workspaces/mrt_ws/Task2/install/serveradd/share/serveradd/package.sh'
[1.316s] INFO:colcon.colcon_core.shell:Creating package script '/home/shridhar/Workspaces/mrt_ws/Task2/install/serveradd/share/serveradd/package.bash'
[1.316s] INFO:colcon.colcon_core.shell:Creating package script '/home/shridhar/Workspaces/mrt_ws/Task2/install/serveradd/share/serveradd/package.zsh'
[1.317s] Level 1:colcon.colcon_core.environment:create_file_with_runtime_dependencies(/home/shridhar/Workspaces/mrt_ws/Task2/install/serveradd/share/colcon-core/packages/serveradd)
[1.479s] DEBUG:colcon.colcon_core.event_handler.log_command:Invoked command in '/home/shridhar/Workspaces/mrt_ws/Task2/build/threeinttopic' returned '0': CMAKE_PREFIX_PATH=/home/shridhar/Workspaces/mrt_ws/Task2/install/addthreeints:/home/shridhar/Workspaces/mrt_ws/Task2/install/threeinttopic:/home/shridhar/Workspaces/mrt_ws/Task2/install/serveradd:/opt/ros/humble /usr/bin/cmake --build /home/shridhar/Workspaces/mrt_ws/Task2/build/threeinttopic -- -j22 -l22
[1.511s] DEBUG:colcon.colcon_core.event_handler.log_command:Invoking command in '/home/shridhar/Workspaces/mrt_ws/Task2/build/threeinttopic': CMAKE_PREFIX_PATH=/home/shridhar/Workspaces/mrt_ws/Task2/install/addthreeints:/home/shridhar/Workspaces/mrt_ws/Task2/install/threeinttopic:/home/shridhar/Workspaces/mrt_ws/Task2/install/serveradd:/opt/ros/humble /usr/bin/cmake --install /home/shridhar/Workspaces/mrt_ws/Task2/build/threeinttopic
[1.526s] Level 1:colcon.colcon_core.environment:create_environment_scripts_only(threeinttopic)
[1.526s] DEBUG:colcon.colcon_core.event_handler.log_command:Invoked command in '/home/shridhar/Workspaces/mrt_ws/Task2/build/threeinttopic' returned '0': CMAKE_PREFIX_PATH=/home/shridhar/Workspaces/mrt_ws/Task2/install/addthreeints:/home/shridhar/Workspaces/mrt_ws/Task2/install/threeinttopic:/home/shridhar/Workspaces/mrt_ws/Task2/install/serveradd:/opt/ros/humble /usr/bin/cmake --install /home/shridhar/Workspaces/mrt_ws/Task2/build/threeinttopic
[1.527s] Level 1:colcon.colcon_core.environment:checking '/home/shridhar/Workspaces/mrt_ws/Task2/install/threeinttopic' for CMake module files
[1.528s] Level 1:colcon.colcon_core.environment:checking '/home/shridhar/Workspaces/mrt_ws/Task2/install/threeinttopic' for CMake config files
[1.528s] Level 1:colcon.colcon_core.shell:create_environment_hook('threeinttopic', 'cmake_prefix_path')
[1.528s] INFO:colcon.colcon_core.shell:Creating environment hook '/home/shridhar/Workspaces/mrt_ws/Task2/install/threeinttopic/share/threeinttopic/hook/cmake_prefix_path.ps1'
[1.529s] INFO:colcon.colcon_core.shell:Creating environment descriptor '/home/shridhar/Workspaces/mrt_ws/Task2/install/threeinttopic/share/threeinttopic/hook/cmake_prefix_path.dsv'
[1.529s] INFO:colcon.colcon_core.shell:Creating environment hook '/home/shridhar/Workspaces/mrt_ws/Task2/install/threeinttopic/share/threeinttopic/hook/cmake_prefix_path.sh'
[1.530s] Level 1:colcon.colcon_core.environment:checking '/home/shridhar/Workspaces/mrt_ws/Task2/install/threeinttopic/bin'
[1.530s] Level 1:colcon.colcon_core.environment:checking '/home/shridhar/Workspaces/mrt_ws/Task2/install/threeinttopic/lib/pkgconfig/threeinttopic.pc'
[1.530s] Level 1:colcon.colcon_core.environment:checking '/home/shridhar/Workspaces/mrt_ws/Task2/install/threeinttopic/lib/python3.10/site-packages'
[1.530s] Level 1:colcon.colcon_core.environment:checking '/home/shridhar/Workspaces/mrt_ws/Task2/install/threeinttopic/bin'
[1.530s] INFO:colcon.colcon_core.shell:Creating package script '/home/shridhar/Workspaces/mrt_ws/Task2/install/threeinttopic/share/threeinttopic/package.ps1'
[1.531s] INFO:colcon.colcon_core.shell:Creating package descriptor '/home/shridhar/Workspaces/mrt_ws/Task2/install/threeinttopic/share/threeinttopic/package.dsv'
[1.531s] INFO:colcon.colcon_core.shell:Creating package script '/home/shridhar/Workspaces/mrt_ws/Task2/install/threeinttopic/share/threeinttopic/package.sh'
[1.531s] INFO:colcon.colcon_core.shell:Creating package script '/home/shridhar/Workspaces/mrt_ws/Task2/install/threeinttopic/share/threeinttopic/package.bash'
[1.532s] INFO:colcon.colcon_core.shell:Creating package script '/home/shridhar/Workspaces/mrt_ws/Task2/install/threeinttopic/share/threeinttopic/package.zsh'
[1.532s] Level 1:colcon.colcon_core.environment:create_file_with_runtime_dependencies(/home/shridhar/Workspaces/mrt_ws/Task2/install/threeinttopic/share/colcon-core/packages/threeinttopic)
[1.560s] Level 1:colcon.colcon_core.environment:create_environment_scripts_only(threeinttopic)
[1.560s] Level 1:colcon.colcon_core.environment:checking '/home/shridhar/Workspaces/mrt_ws/Task2/install/threeinttopic' for CMake module files
[1.561s] Level 1:colcon.colcon_core.environment:checking '/home/shridhar/Workspaces/mrt_ws/Task2/install/threeinttopic' for CMake config files
[1.561s] Level 1:colcon.colcon_core.shell:create_environment_hook('threeinttopic', 'cmake_prefix_path')
[1.561s] INFO:colcon.colcon_core.shell:Creating environment hook '/home/shridhar/Workspaces/mrt_ws/Task2/install/threeinttopic/share/threeinttopic/hook/cmake_prefix_path.ps1'
[1.562s] INFO:colcon.colcon_core.shell:Creating environment descriptor '/home/shridhar/Workspaces/mrt_ws/Task2/install/threeinttopic/share/threeinttopic/hook/cmake_prefix_path.dsv'
[1.562s] INFO:colcon.colcon_core.shell:Creating environment hook '/home/shridhar/Workspaces/mrt_ws/Task2/install/threeinttopic/share/threeinttopic/hook/cmake_prefix_path.sh'
[1.563s] Level 1:colcon.colcon_core.environment:checking '/home/shridhar/Workspaces/mrt_ws/Task2/install/threeinttopic/bin'
[1.563s] Level 1:colcon.colcon_core.environment:checking '/home/shridhar/Workspaces/mrt_ws/Task2/install/threeinttopic/lib/pkgconfig/threeinttopic.pc'
[1.563s] Level 1:colcon.colcon_core.environment:checking '/home/shridhar/Workspaces/mrt_ws/Task2/install/threeinttopic/lib/python3.10/site-packages'
[1.563s] Level 1:colcon.colcon_core.environment:checking '/home/shridhar/Workspaces/mrt_ws/Task2/install/threeinttopic/bin'
[1.564s] INFO:colcon.colcon_core.shell:Creating package script '/home/shridhar/Workspaces/mrt_ws/Task2/install/threeinttopic/share/threeinttopic/package.ps1'
[1.564s] INFO:colcon.colcon_core.shell:Creating package descriptor '/home/shridhar/Workspaces/mrt_ws/Task2/install/threeinttopic/share/threeinttopic/package.dsv'
[1.564s] INFO:colcon.colcon_core.shell:Creating package script '/home/shridhar/Workspaces/mrt_ws/Task2/install/threeinttopic/share/threeinttopic/package.sh'
[1.565s] INFO:colcon.colcon_core.shell:Creating package script '/home/shridhar/Workspaces/mrt_ws/Task2/install/threeinttopic/share/threeinttopic/package.bash'
[1.565s] INFO:colcon.colcon_core.shell:Creating package script '/home/shridhar/Workspaces/mrt_ws/Task2/install/threeinttopic/share/threeinttopic/package.zsh'
[1.566s] Level 1:colcon.colcon_core.environment:create_file_with_runtime_dependencies(/home/shridhar/Workspaces/mrt_ws/Task2/install/threeinttopic/share/colcon-core/packages/threeinttopic)
[1.566s] DEBUG:colcon.colcon_parallel_executor.executor.parallel:closing loop
[1.566s] DEBUG:colcon.colcon_parallel_executor.executor.parallel:loop closed
[1.566s] DEBUG:colcon.colcon_parallel_executor.executor.parallel:run_until_complete finished with '0'
[1.566s] DEBUG:colcon.colcon_core.event_reactor:joining thread
[1.574s] INFO:colcon.colcon_core.plugin_system:Skipping extension 'colcon_notification.desktop_notification.terminal_notifier': Not used on non-Darwin systems
[1.574s] INFO:colcon.colcon_core.plugin_system:Skipping extension 'colcon_notification.desktop_notification.win32': Not used on non-Windows systems
[1.574s] INFO:colcon.colcon_notification.desktop_notification:Sending desktop notification using 'notify2'
[1.598s] DEBUG:colcon.colcon_core.event_reactor:joined thread
[1.598s] INFO:colcon.colcon_core.shell:Creating prefix script '/home/shridhar/Workspaces/mrt_ws/Task2/install/local_setup.ps1'
[1.600s] INFO:colcon.colcon_core.shell:Creating prefix util module '/home/shridhar/Workspaces/mrt_ws/Task2/install/_local_setup_util_ps1.py'
[1.602s] INFO:colcon.colcon_core.shell:Creating prefix chain script '/home/shridhar/Workspaces/mrt_ws/Task2/install/setup.ps1'
[1.603s] INFO:colcon.colcon_core.shell:Creating prefix script '/home/shridhar/Workspaces/mrt_ws/Task2/install/local_setup.sh'
[1.604s] INFO:colcon.colcon_core.shell:Creating prefix util module '/home/shridhar/Workspaces/mrt_ws/Task2/install/_local_setup_util_sh.py'
[1.605s] INFO:colcon.colcon_core.shell:Creating prefix chain script '/home/shridhar/Workspaces/mrt_ws/Task2/install/setup.sh'
[1.606s] INFO:colcon.colcon_core.shell:Creating prefix script '/home/shridhar/Workspaces/mrt_ws/Task2/install/local_setup.bash'
[1.607s] INFO:colcon.colcon_core.shell:Creating prefix chain script '/home/shridhar/Workspaces/mrt_ws/Task2/install/setup.bash'
[1.608s] INFO:colcon.colcon_core.shell:Creating prefix script '/home/shridhar/Workspaces/mrt_ws/Task2/install/local_setup.zsh'
[1.608s] INFO:colcon.colcon_core.shell:Creating prefix chain script '/home/shridhar/Workspaces/mrt_ws/Task2/install/setup.zsh'
