[0.653s] Invoking command in '/home/shridhar/Workspaces/mrt_ws/Task2/src/py_srvcli': PYTHONPATH=/home/shridhar/Workspaces/mrt_ws/Task2/build/py_srvcli/prefix_override:/usr/lib/python3/dist-packages/colcon_core/task/python/colcon_distutils_commands:/home/shridhar/Workspaces/mrt_ws/Task2/install/py_srvcli/lib/python3.10/site-packages:${PYTHONPATH} /usr/bin/python3 -W ignore:setup.py install is deprecated setup.py egg_info --egg-base ../../build/py_srvcli build --build-base /home/shridhar/Workspaces/mrt_ws/Task2/build/py_srvcli/build install --record /home/shridhar/Workspaces/mrt_ws/Task2/build/py_srvcli/install.log --single-version-externally-managed install_data
[0.881s] running egg_info
[0.882s] writing ../../build/py_srvcli/py_srvcli.egg-info/PKG-INFO
[0.882s] writing dependency_links to ../../build/py_srvcli/py_srvcli.egg-info/dependency_links.txt
[0.882s] writing entry points to ../../build/py_srvcli/py_srvcli.egg-info/entry_points.txt
[0.882s] writing requirements to ../../build/py_srvcli/py_srvcli.egg-info/requires.txt
[0.882s] writing top-level names to ../../build/py_srvcli/py_srvcli.egg-info/top_level.txt
[0.884s] reading manifest file '../../build/py_srvcli/py_srvcli.egg-info/SOURCES.txt'
[0.885s] writing manifest file '../../build/py_srvcli/py_srvcli.egg-info/SOURCES.txt'
[0.885s] running build
[0.885s] running build_py
[0.885s] running install
[0.885s] running install_lib
[0.887s] running install_data
[0.887s] running install_egg_info
[0.888s] removing '/home/shridhar/Workspaces/mrt_ws/Task2/install/py_srvcli/lib/python3.10/site-packages/py_srvcli-0.0.0-py3.10.egg-info' (and everything under it)
[0.889s] Copying ../../build/py_srvcli/py_srvcli.egg-info to /home/shridhar/Workspaces/mrt_ws/Task2/install/py_srvcli/lib/python3.10/site-packages/py_srvcli-0.0.0-py3.10.egg-info
[0.889s] running install_scripts
[0.914s] Installing client script to /home/shridhar/Workspaces/mrt_ws/Task2/install/py_srvcli/lib/py_srvcli
[0.915s] Installing service script to /home/shridhar/Workspaces/mrt_ws/Task2/install/py_srvcli/lib/py_srvcli
[0.915s] writing list of installed files to '/home/shridhar/Workspaces/mrt_ws/Task2/build/py_srvcli/install.log'
[0.943s] Invoked command in '/home/shridhar/Workspaces/mrt_ws/Task2/src/py_srvcli' returned '0': PYTHONPATH=/home/shridhar/Workspaces/mrt_ws/Task2/build/py_srvcli/prefix_override:/usr/lib/python3/dist-packages/colcon_core/task/python/colcon_distutils_commands:/home/shridhar/Workspaces/mrt_ws/Task2/install/py_srvcli/lib/python3.10/site-packages:${PYTHONPATH} /usr/bin/python3 -W ignore:setup.py install is deprecated setup.py egg_info --egg-base ../../build/py_srvcli build --build-base /home/shridhar/Workspaces/mrt_ws/Task2/build/py_srvcli/build install --record /home/shridhar/Workspaces/mrt_ws/Task2/build/py_srvcli/install.log --single-version-externally-managed install_data
