[0.904s] Invoking command in '/home/shridhar/mrt_ws/src/sauron': PYTHONPATH=/home/shridhar/mrt_ws/build/sauron/prefix_override:/usr/lib/python3/dist-packages/colcon_core/task/python/colcon_distutils_commands:/home/shridhar/mrt_ws/install/sauron/lib/python3.10/site-packages:${PYTHONPATH} /usr/bin/python3 -W ignore:setup.py install is deprecated setup.py egg_info --egg-base ../../build/sauron build --build-base /home/shridhar/mrt_ws/build/sauron/build install --record /home/shridhar/mrt_ws/build/sauron/install.log --single-version-externally-managed install_data
[1.152s] running egg_info
[1.152s] writing ../../build/sauron/sauron.egg-info/PKG-INFO
[1.153s] writing dependency_links to ../../build/sauron/sauron.egg-info/dependency_links.txt
[1.153s] writing entry points to ../../build/sauron/sauron.egg-info/entry_points.txt
[1.153s] writing requirements to ../../build/sauron/sauron.egg-info/requires.txt
[1.153s] writing top-level names to ../../build/sauron/sauron.egg-info/top_level.txt
[1.155s] reading manifest file '../../build/sauron/sauron.egg-info/SOURCES.txt'
[1.155s] writing manifest file '../../build/sauron/sauron.egg-info/SOURCES.txt'
[1.156s] running build
[1.156s] running build_py
[1.156s] copying sauron/listener.py -> /home/shridhar/mrt_ws/build/sauron/build/lib/sauron
[1.156s] running install
[1.156s] running install_lib
[1.157s] copying /home/shridhar/mrt_ws/build/sauron/build/lib/sauron/listener.py -> /home/shridhar/mrt_ws/install/sauron/lib/python3.10/site-packages/sauron
[1.158s] byte-compiling /home/shridhar/mrt_ws/install/sauron/lib/python3.10/site-packages/sauron/listener.py to listener.cpython-310.pyc
[1.158s] running install_data
[1.158s] running install_egg_info
[1.160s] removing '/home/shridhar/mrt_ws/install/sauron/lib/python3.10/site-packages/sauron-0.0.0-py3.10.egg-info' (and everything under it)
[1.160s] Copying ../../build/sauron/sauron.egg-info to /home/shridhar/mrt_ws/install/sauron/lib/python3.10/site-packages/sauron-0.0.0-py3.10.egg-info
[1.160s] running install_scripts
[1.183s] Installing listener script to /home/shridhar/mrt_ws/install/sauron/lib/sauron
[1.183s] Installing publisher1 script to /home/shridhar/mrt_ws/install/sauron/lib/sauron
[1.183s] Installing publisher2 script to /home/shridhar/mrt_ws/install/sauron/lib/sauron
[1.183s] writing list of installed files to '/home/shridhar/mrt_ws/build/sauron/install.log'
[1.213s] Invoked command in '/home/shridhar/mrt_ws/src/sauron' returned '0': PYTHONPATH=/home/shridhar/mrt_ws/build/sauron/prefix_override:/usr/lib/python3/dist-packages/colcon_core/task/python/colcon_distutils_commands:/home/shridhar/mrt_ws/install/sauron/lib/python3.10/site-packages:${PYTHONPATH} /usr/bin/python3 -W ignore:setup.py install is deprecated setup.py egg_info --egg-base ../../build/sauron build --build-base /home/shridhar/mrt_ws/build/sauron/build install --record /home/shridhar/mrt_ws/build/sauron/install.log --single-version-externally-managed install_data
