[0.628s] Invoking command in '/home/shridhar/mrt_ws/src/week0_tutorials': PYTHONPATH=/home/shridhar/mrt_ws/build/week0_tutorials/prefix_override:/usr/lib/python3/dist-packages/colcon_core/task/python/colcon_distutils_commands:/home/shridhar/mrt_ws/install/week0_tutorials/lib/python3.10/site-packages:${PYTHONPATH} /usr/bin/python3 -W ignore:setup.py install is deprecated setup.py egg_info --egg-base ../../build/week0_tutorials build --build-base /home/shridhar/mrt_ws/build/week0_tutorials/build install --record /home/shridhar/mrt_ws/build/week0_tutorials/install.log --single-version-externally-managed install_data
[0.860s] running egg_info
[0.861s] writing ../../build/week0_tutorials/week0_tutorials.egg-info/PKG-INFO
[0.861s] writing dependency_links to ../../build/week0_tutorials/week0_tutorials.egg-info/dependency_links.txt
[0.861s] writing entry points to ../../build/week0_tutorials/week0_tutorials.egg-info/entry_points.txt
[0.862s] writing requirements to ../../build/week0_tutorials/week0_tutorials.egg-info/requires.txt
[0.862s] writing top-level names to ../../build/week0_tutorials/week0_tutorials.egg-info/top_level.txt
[0.863s] reading manifest file '../../build/week0_tutorials/week0_tutorials.egg-info/SOURCES.txt'
[0.864s] writing manifest file '../../build/week0_tutorials/week0_tutorials.egg-info/SOURCES.txt'
[0.864s] running build
[0.864s] running build_py
[0.864s] copying week0_tutorials/listener.py -> /home/shridhar/mrt_ws/build/week0_tutorials/build/lib/week0_tutorials
[0.864s] copying week0_tutorials/talker.py -> /home/shridhar/mrt_ws/build/week0_tutorials/build/lib/week0_tutorials
[0.865s] running install
[0.865s] running install_lib
[0.866s] copying /home/shridhar/mrt_ws/build/week0_tutorials/build/lib/week0_tutorials/listener.py -> /home/shridhar/mrt_ws/install/week0_tutorials/lib/python3.10/site-packages/week0_tutorials
[0.866s] copying /home/shridhar/mrt_ws/build/week0_tutorials/build/lib/week0_tutorials/talker.py -> /home/shridhar/mrt_ws/install/week0_tutorials/lib/python3.10/site-packages/week0_tutorials
[0.866s] byte-compiling /home/shridhar/mrt_ws/install/week0_tutorials/lib/python3.10/site-packages/week0_tutorials/listener.py to listener.cpython-310.pyc
[0.867s] byte-compiling /home/shridhar/mrt_ws/install/week0_tutorials/lib/python3.10/site-packages/week0_tutorials/talker.py to talker.cpython-310.pyc
[0.867s] running install_data
[0.867s] running install_egg_info
[0.869s] removing '/home/shridhar/mrt_ws/install/week0_tutorials/lib/python3.10/site-packages/week0_tutorials-0.0.0-py3.10.egg-info' (and everything under it)
[0.869s] Copying ../../build/week0_tutorials/week0_tutorials.egg-info to /home/shridhar/mrt_ws/install/week0_tutorials/lib/python3.10/site-packages/week0_tutorials-0.0.0-py3.10.egg-info
[0.870s] running install_scripts
[0.891s] Installing publisher script to /home/shridhar/mrt_ws/install/week0_tutorials/lib/week0_tutorials
[0.891s] Installing subscriber script to /home/shridhar/mrt_ws/install/week0_tutorials/lib/week0_tutorials
[0.892s] writing list of installed files to '/home/shridhar/mrt_ws/build/week0_tutorials/install.log'
[0.915s] Invoked command in '/home/shridhar/mrt_ws/src/week0_tutorials' returned '0': PYTHONPATH=/home/shridhar/mrt_ws/build/week0_tutorials/prefix_override:/usr/lib/python3/dist-packages/colcon_core/task/python/colcon_distutils_commands:/home/shridhar/mrt_ws/install/week0_tutorials/lib/python3.10/site-packages:${PYTHONPATH} /usr/bin/python3 -W ignore:setup.py install is deprecated setup.py egg_info --egg-base ../../build/week0_tutorials build --build-base /home/shridhar/mrt_ws/build/week0_tutorials/build install --record /home/shridhar/mrt_ws/build/week0_tutorials/install.log --single-version-externally-managed install_data
