[0.617s] Invoking command in '/home/shridhar/Documents/ROSrevision/Task4/src/arucoserver': PYTHONPATH=/home/shridhar/Documents/ROSrevision/Task4/build/arucoserver/prefix_override:/usr/lib/python3/dist-packages/colcon_core/task/python/colcon_distutils_commands:/home/shridhar/Documents/ROSrevision/Task4/install/arucoserver/lib/python3.10/site-packages:${PYTHONPATH} /usr/bin/python3 -W ignore:setup.py install is deprecated setup.py egg_info --egg-base ../../build/arucoserver build --build-base /home/shridhar/Documents/ROSrevision/Task4/build/arucoserver/build install --record /home/shridhar/Documents/ROSrevision/Task4/build/arucoserver/install.log --single-version-externally-managed install_data
[0.859s] running egg_info
[0.860s] writing ../../build/arucoserver/arucoserver.egg-info/PKG-INFO
[0.860s] writing dependency_links to ../../build/arucoserver/arucoserver.egg-info/dependency_links.txt
[0.861s] writing entry points to ../../build/arucoserver/arucoserver.egg-info/entry_points.txt
[0.861s] writing requirements to ../../build/arucoserver/arucoserver.egg-info/requires.txt
[0.861s] writing top-level names to ../../build/arucoserver/arucoserver.egg-info/top_level.txt
[0.863s] reading manifest file '../../build/arucoserver/arucoserver.egg-info/SOURCES.txt'
[0.864s] writing manifest file '../../build/arucoserver/arucoserver.egg-info/SOURCES.txt'
[0.864s] running build
[0.864s] running build_py
[0.864s] copying arucoserver/video_client.py -> /home/shridhar/Documents/ROSrevision/Task4/build/arucoserver/build/lib/arucoserver
[0.865s] running install
[0.865s] running install_lib
[0.866s] copying /home/shridhar/Documents/ROSrevision/Task4/build/arucoserver/build/lib/arucoserver/video_client.py -> /home/shridhar/Documents/ROSrevision/Task4/install/arucoserver/lib/python3.10/site-packages/arucoserver
[0.867s] byte-compiling /home/shridhar/Documents/ROSrevision/Task4/install/arucoserver/lib/python3.10/site-packages/arucoserver/video_client.py to video_client.cpython-310.pyc
[0.868s] running install_data
[0.868s] running install_egg_info
[0.871s] removing '/home/shridhar/Documents/ROSrevision/Task4/install/arucoserver/lib/python3.10/site-packages/arucoserver-0.0.0-py3.10.egg-info' (and everything under it)
[0.871s] Copying ../../build/arucoserver/arucoserver.egg-info to /home/shridhar/Documents/ROSrevision/Task4/install/arucoserver/lib/python3.10/site-packages/arucoserver-0.0.0-py3.10.egg-info
[0.872s] running install_scripts
[0.898s] Installing imageclient script to /home/shridhar/Documents/ROSrevision/Task4/install/arucoserver/lib/arucoserver
[0.898s] Installing service script to /home/shridhar/Documents/ROSrevision/Task4/install/arucoserver/lib/arucoserver
[0.898s] Installing videoclient script to /home/shridhar/Documents/ROSrevision/Task4/install/arucoserver/lib/arucoserver
[0.899s] writing list of installed files to '/home/shridhar/Documents/ROSrevision/Task4/build/arucoserver/install.log'
[0.928s] Invoked command in '/home/shridhar/Documents/ROSrevision/Task4/src/arucoserver' returned '0': PYTHONPATH=/home/shridhar/Documents/ROSrevision/Task4/build/arucoserver/prefix_override:/usr/lib/python3/dist-packages/colcon_core/task/python/colcon_distutils_commands:/home/shridhar/Documents/ROSrevision/Task4/install/arucoserver/lib/python3.10/site-packages:${PYTHONPATH} /usr/bin/python3 -W ignore:setup.py install is deprecated setup.py egg_info --egg-base ../../build/arucoserver build --build-base /home/shridhar/Documents/ROSrevision/Task4/build/arucoserver/build install --record /home/shridhar/Documents/ROSrevision/Task4/build/arucoserver/install.log --single-version-externally-managed install_data
