-- Found ament_cmake: 1.3.10 (/opt/ros/humble/share/ament_cmake/cmake)
-- Found geometry_msgs: 4.2.4 (/opt/ros/humble/share/geometry_msgs/cmake)
-- Found rosidl_generator_c: 3.1.5 (/opt/ros/humble/share/rosidl_generator_c/cmake)
-- Found rosidl_adapter: 3.1.5 (/opt/ros/humble/share/rosidl_adapter/cmake)
-- Found rosidl_generator_cpp: 3.1.5 (/opt/ros/humble/share/rosidl_generator_cpp/cmake)
-- Using all available rosidl_typesupport_c: rosidl_typesupport_fastrtps_c;rosidl_typesupport_introspection_c
-- Using all available rosidl_typesupport_cpp: rosidl_typesupport_fastrtps_cpp;rosidl_typesupport_introspection_cpp
-- Found sensor_msgs: 4.2.4 (/opt/ros/humble/share/sensor_msgs/cmake)
-- Found rosidl_default_generators: 1.2.0 (/opt/ros/humble/share/rosidl_default_generators/cmake)
-- Found cv_bridge: 3.2.1 (/opt/ros/humble/share/cv_bridge/cmake)
-- Found ament_cmake_ros: 0.10.0 (/opt/ros/humble/share/ament_cmake_ros/cmake)
-- Using all available rosidl_typesupport_c: rosidl_typesupport_fastrtps_c;rosidl_typesupport_introspection_c
-- Using all available rosidl_typesupport_cpp: rosidl_typesupport_fastrtps_cpp;rosidl_typesupport_introspection_cpp
-- Found python_cmake_module: 0.10.0 (/opt/ros/humble/share/python_cmake_module/cmake)
-- Using PYTHON_EXECUTABLE: /usr/bin/python3
-- Using PYTHON_INCLUDE_DIRS: /usr/include/python3.10
-- Using PYTHON_LIBRARIES: /usr/lib/x86_64-linux-gnu/libpython3.10.so
-- Found ament_lint_auto: 0.12.11 (/opt/ros/humble/share/ament_lint_auto/cmake)
-- Added test 'lint_cmake' to check CMake code style
-- Added test 'xmllint' to check XML markup files
-- Configuring done
-- Generating done
-- Build files have been written to: /home/shridhar/Workspaces/mrt_ws/Task2/build/arucosrvmsg
[35m[1mConsolidate compiler generated dependencies of target arucosrvmsg__rosidl_generator_c[0m
[  2%] Built target arucosrvmsg__cpp
[ 12%] Built target arucosrvmsg__rosidl_generator_c
[ 12%] Built target ament_cmake_python_copy_arucosrvmsg
[35m[1mConsolidate compiler generated dependencies of target arucosrvmsg__rosidl_typesupport_introspection_cpp[0m
[35m[1mConsolidate compiler generated dependencies of target arucosrvmsg__rosidl_typesupport_cpp[0m
[35m[1mConsolidate compiler generated dependencies of target arucosrvmsg__rosidl_typesupport_fastrtps_cpp[0m
[35m[1mConsolidate compiler generated dependencies of target arucosrvmsg__rosidl_typesupport_introspection_c[0m
[35m[1mConsolidate compiler generated dependencies of target arucosrvmsg__rosidl_typesupport_c[0m
[35m[1mConsolidate compiler generated dependencies of target arucosrvmsg__rosidl_typesupport_fastrtps_c[0m
[ 23%] Built target arucosrvmsg__rosidl_typesupport_cpp
[ 33%] Built target arucosrvmsg__rosidl_typesupport_c
[ 43%] Built target arucosrvmsg__rosidl_typesupport_introspection_cpp
[ 53%] Built target arucosrvmsg__rosidl_typesupport_introspection_c
[ 64%] Built target arucosrvmsg__rosidl_typesupport_fastrtps_cpp
[ 74%] Built target arucosrvmsg__rosidl_typesupport_fastrtps_c
[ 74%] Built target arucosrvmsg
[ 76%] [34m[1mGenerating Python code for ROS interfaces[0m
running egg_info
writing arucosrvmsg.egg-info/PKG-INFO
writing dependency_links to arucosrvmsg.egg-info/dependency_links.txt
writing top-level names to arucosrvmsg.egg-info/top_level.txt
reading manifest file 'arucosrvmsg.egg-info/SOURCES.txt'
writing manifest file 'arucosrvmsg.egg-info/SOURCES.txt'
[ 76%] Built target ament_cmake_python_build_arucosrvmsg_egg
[ 76%] Built target arucosrvmsg__py
[35m[1mConsolidate compiler generated dependencies of target arucosrvmsg__rosidl_generator_py[0m
[ 79%] [32mBuilding C object CMakeFiles/arucosrvmsg__rosidl_generator_py.dir/rosidl_generator_py/arucosrvmsg/msg/_aruco_markers_s.c.o[0m
[ 82%] [32mBuilding C object CMakeFiles/arucosrvmsg__rosidl_generator_py.dir/rosidl_generator_py/arucosrvmsg/srv/_aruco_markers_s.c.o[0m
[ 84%] [32m[1mLinking C shared library rosidl_generator_py/arucosrvmsg/libarucosrvmsg__rosidl_generator_py.so[0m
[ 84%] Built target arucosrvmsg__rosidl_generator_py
[35m[1mConsolidate compiler generated dependencies of target arucosrvmsg__rosidl_typesupport_c__pyext[0m
[35m[1mConsolidate compiler generated dependencies of target arucosrvmsg__rosidl_typesupport_fastrtps_c__pyext[0m
[35m[1mConsolidate compiler generated dependencies of target arucosrvmsg__rosidl_typesupport_introspection_c__pyext[0m
[ 89%] [32mBuilding C object CMakeFiles/arucosrvmsg__rosidl_typesupport_introspection_c__pyext.dir/rosidl_generator_py/arucosrvmsg/_arucosrvmsg_s.ep.rosidl_typesupport_introspection_c.c.o[0m
[ 89%] [32mBuilding C object CMakeFiles/arucosrvmsg__rosidl_typesupport_fastrtps_c__pyext.dir/rosidl_generator_py/arucosrvmsg/_arucosrvmsg_s.ep.rosidl_typesupport_fastrtps_c.c.o[0m
[ 92%] [32mBuilding C object CMakeFiles/arucosrvmsg__rosidl_typesupport_c__pyext.dir/rosidl_generator_py/arucosrvmsg/_arucosrvmsg_s.ep.rosidl_typesupport_c.c.o[0m
[ 94%] [32m[1mLinking C shared library rosidl_generator_py/arucosrvmsg/arucosrvmsg_s__rosidl_typesupport_c.cpython-310-x86_64-linux-gnu.so[0m
[ 97%] [32m[1mLinking C shared library rosidl_generator_py/arucosrvmsg/arucosrvmsg_s__rosidl_typesupport_fastrtps_c.cpython-310-x86_64-linux-gnu.so[0m
[100%] [32m[1mLinking C shared library rosidl_generator_py/arucosrvmsg/arucosrvmsg_s__rosidl_typesupport_introspection_c.cpython-310-x86_64-linux-gnu.so[0m
[100%] Built target arucosrvmsg__rosidl_typesupport_c__pyext
[100%] Built target arucosrvmsg__rosidl_typesupport_fastrtps_c__pyext
[100%] Built target arucosrvmsg__rosidl_typesupport_introspection_c__pyext
-- Install configuration: ""
-- Up-to-date: /home/shridhar/Workspaces/mrt_ws/Task2/install/arucosrvmsg/share/ament_index/resource_index/rosidl_interfaces/arucosrvmsg
-- Up-to-date: /home/shridhar/Workspaces/mrt_ws/Task2/install/arucosrvmsg/include/arucosrvmsg/arucosrvmsg
-- Up-to-date: /home/shridhar/Workspaces/mrt_ws/Task2/install/arucosrvmsg/include/arucosrvmsg/arucosrvmsg/srv
-- Up-to-date: /home/shridhar/Workspaces/mrt_ws/Task2/install/arucosrvmsg/include/arucosrvmsg/arucosrvmsg/srv/aruco_markers.h
-- Up-to-date: /home/shridhar/Workspaces/mrt_ws/Task2/install/arucosrvmsg/include/arucosrvmsg/arucosrvmsg/srv/detail
-- Up-to-date: /home/shridhar/Workspaces/mrt_ws/Task2/install/arucosrvmsg/include/arucosrvmsg/arucosrvmsg/srv/detail/aruco_markers__functions.c
-- Up-to-date: /home/shridhar/Workspaces/mrt_ws/Task2/install/arucosrvmsg/include/arucosrvmsg/arucosrvmsg/srv/detail/aruco_markers__functions.h
-- Up-to-date: /home/shridhar/Workspaces/mrt_ws/Task2/install/arucosrvmsg/include/arucosrvmsg/arucosrvmsg/srv/detail/aruco_markers__type_support.h
-- Up-to-date: /home/shridhar/Workspaces/mrt_ws/Task2/install/arucosrvmsg/include/arucosrvmsg/arucosrvmsg/srv/detail/aruco_markers__struct.h
-- Up-to-date: /home/shridhar/Workspaces/mrt_ws/Task2/install/arucosrvmsg/include/arucosrvmsg/arucosrvmsg/msg
-- Up-to-date: /home/shridhar/Workspaces/mrt_ws/Task2/install/arucosrvmsg/include/arucosrvmsg/arucosrvmsg/msg/rosidl_generator_c__visibility_control.h
-- Up-to-date: /home/shridhar/Workspaces/mrt_ws/Task2/install/arucosrvmsg/include/arucosrvmsg/arucosrvmsg/msg/aruco_markers.h
-- Up-to-date: /home/shridhar/Workspaces/mrt_ws/Task2/install/arucosrvmsg/include/arucosrvmsg/arucosrvmsg/msg/detail
-- Up-to-date: /home/shridhar/Workspaces/mrt_ws/Task2/install/arucosrvmsg/include/arucosrvmsg/arucosrvmsg/msg/detail/aruco_markers__functions.c
-- Up-to-date: /home/shridhar/Workspaces/mrt_ws/Task2/install/arucosrvmsg/include/arucosrvmsg/arucosrvmsg/msg/detail/aruco_markers__functions.h
-- Up-to-date: /home/shridhar/Workspaces/mrt_ws/Task2/install/arucosrvmsg/include/arucosrvmsg/arucosrvmsg/msg/detail/aruco_markers__type_support.h
-- Up-to-date: /home/shridhar/Workspaces/mrt_ws/Task2/install/arucosrvmsg/include/arucosrvmsg/arucosrvmsg/msg/detail/aruco_markers__struct.h
-- Up-to-date: /home/shridhar/Workspaces/mrt_ws/Task2/install/arucosrvmsg/share/arucosrvmsg/environment/library_path.sh
-- Installing: /home/shridhar/Workspaces/mrt_ws/Task2/install/arucosrvmsg/share/arucosrvmsg/environment/library_path.dsv
-- Up-to-date: /home/shridhar/Workspaces/mrt_ws/Task2/install/arucosrvmsg/lib/libarucosrvmsg__rosidl_generator_c.so
-- Up-to-date: /home/shridhar/Workspaces/mrt_ws/Task2/install/arucosrvmsg/include/arucosrvmsg/arucosrvmsg
-- Up-to-date: /home/shridhar/Workspaces/mrt_ws/Task2/install/arucosrvmsg/include/arucosrvmsg/arucosrvmsg/srv
-- Up-to-date: /home/shridhar/Workspaces/mrt_ws/Task2/install/arucosrvmsg/include/arucosrvmsg/arucosrvmsg/srv/detail
-- Up-to-date: /home/shridhar/Workspaces/mrt_ws/Task2/install/arucosrvmsg/include/arucosrvmsg/arucosrvmsg/srv/detail/aruco_markers__rosidl_typesupport_fastrtps_c.h
-- Up-to-date: /home/shridhar/Workspaces/mrt_ws/Task2/install/arucosrvmsg/include/arucosrvmsg/arucosrvmsg/msg
-- Up-to-date: /home/shridhar/Workspaces/mrt_ws/Task2/install/arucosrvmsg/include/arucosrvmsg/arucosrvmsg/msg/rosidl_typesupport_fastrtps_c__visibility_control.h
-- Up-to-date: /home/shridhar/Workspaces/mrt_ws/Task2/install/arucosrvmsg/include/arucosrvmsg/arucosrvmsg/msg/detail
-- Up-to-date: /home/shridhar/Workspaces/mrt_ws/Task2/install/arucosrvmsg/include/arucosrvmsg/arucosrvmsg/msg/detail/aruco_markers__rosidl_typesupport_fastrtps_c.h
-- Up-to-date: /home/shridhar/Workspaces/mrt_ws/Task2/install/arucosrvmsg/lib/libarucosrvmsg__rosidl_typesupport_fastrtps_c.so
-- Up-to-date: /home/shridhar/Workspaces/mrt_ws/Task2/install/arucosrvmsg/include/arucosrvmsg/arucosrvmsg
-- Up-to-date: /home/shridhar/Workspaces/mrt_ws/Task2/install/arucosrvmsg/include/arucosrvmsg/arucosrvmsg/srv
-- Up-to-date: /home/shridhar/Workspaces/mrt_ws/Task2/install/arucosrvmsg/include/arucosrvmsg/arucosrvmsg/srv/detail
-- Up-to-date: /home/shridhar/Workspaces/mrt_ws/Task2/install/arucosrvmsg/include/arucosrvmsg/arucosrvmsg/srv/detail/aruco_markers__struct.hpp
-- Up-to-date: /home/shridhar/Workspaces/mrt_ws/Task2/install/arucosrvmsg/include/arucosrvmsg/arucosrvmsg/srv/detail/aruco_markers__builder.hpp
-- Up-to-date: /home/shridhar/Workspaces/mrt_ws/Task2/install/arucosrvmsg/include/arucosrvmsg/arucosrvmsg/srv/detail/aruco_markers__traits.hpp
-- Up-to-date: /home/shridhar/Workspaces/mrt_ws/Task2/install/arucosrvmsg/include/arucosrvmsg/arucosrvmsg/srv/aruco_markers.hpp
-- Up-to-date: /home/shridhar/Workspaces/mrt_ws/Task2/install/arucosrvmsg/include/arucosrvmsg/arucosrvmsg/msg
-- Up-to-date: /home/shridhar/Workspaces/mrt_ws/Task2/install/arucosrvmsg/include/arucosrvmsg/arucosrvmsg/msg/detail
-- Up-to-date: /home/shridhar/Workspaces/mrt_ws/Task2/install/arucosrvmsg/include/arucosrvmsg/arucosrvmsg/msg/detail/aruco_markers__struct.hpp
-- Up-to-date: /home/shridhar/Workspaces/mrt_ws/Task2/install/arucosrvmsg/include/arucosrvmsg/arucosrvmsg/msg/detail/aruco_markers__builder.hpp
-- Up-to-date: /home/shridhar/Workspaces/mrt_ws/Task2/install/arucosrvmsg/include/arucosrvmsg/arucosrvmsg/msg/detail/aruco_markers__traits.hpp
-- Up-to-date: /home/shridhar/Workspaces/mrt_ws/Task2/install/arucosrvmsg/include/arucosrvmsg/arucosrvmsg/msg/aruco_markers.hpp
-- Up-to-date: /home/shridhar/Workspaces/mrt_ws/Task2/install/arucosrvmsg/include/arucosrvmsg/arucosrvmsg
-- Up-to-date: /home/shridhar/Workspaces/mrt_ws/Task2/install/arucosrvmsg/include/arucosrvmsg/arucosrvmsg/srv
-- Up-to-date: /home/shridhar/Workspaces/mrt_ws/Task2/install/arucosrvmsg/include/arucosrvmsg/arucosrvmsg/srv/detail
-- Up-to-date: /home/shridhar/Workspaces/mrt_ws/Task2/install/arucosrvmsg/include/arucosrvmsg/arucosrvmsg/srv/detail/aruco_markers__rosidl_typesupport_fastrtps_cpp.hpp
-- Up-to-date: /home/shridhar/Workspaces/mrt_ws/Task2/install/arucosrvmsg/include/arucosrvmsg/arucosrvmsg/srv/detail/dds_fastrtps
-- Up-to-date: /home/shridhar/Workspaces/mrt_ws/Task2/install/arucosrvmsg/include/arucosrvmsg/arucosrvmsg/msg
-- Up-to-date: /home/shridhar/Workspaces/mrt_ws/Task2/install/arucosrvmsg/include/arucosrvmsg/arucosrvmsg/msg/rosidl_typesupport_fastrtps_cpp__visibility_control.h
-- Up-to-date: /home/shridhar/Workspaces/mrt_ws/Task2/install/arucosrvmsg/include/arucosrvmsg/arucosrvmsg/msg/detail
-- Up-to-date: /home/shridhar/Workspaces/mrt_ws/Task2/install/arucosrvmsg/include/arucosrvmsg/arucosrvmsg/msg/detail/aruco_markers__rosidl_typesupport_fastrtps_cpp.hpp
-- Up-to-date: /home/shridhar/Workspaces/mrt_ws/Task2/install/arucosrvmsg/include/arucosrvmsg/arucosrvmsg/msg/detail/dds_fastrtps
-- Up-to-date: /home/shridhar/Workspaces/mrt_ws/Task2/install/arucosrvmsg/lib/libarucosrvmsg__rosidl_typesupport_fastrtps_cpp.so
-- Up-to-date: /home/shridhar/Workspaces/mrt_ws/Task2/install/arucosrvmsg/include/arucosrvmsg/arucosrvmsg
-- Up-to-date: /home/shridhar/Workspaces/mrt_ws/Task2/install/arucosrvmsg/include/arucosrvmsg/arucosrvmsg/srv
-- Up-to-date: /home/shridhar/Workspaces/mrt_ws/Task2/install/arucosrvmsg/include/arucosrvmsg/arucosrvmsg/srv/detail
-- Up-to-date: /home/shridhar/Workspaces/mrt_ws/Task2/install/arucosrvmsg/include/arucosrvmsg/arucosrvmsg/srv/detail/aruco_markers__type_support.c
-- Up-to-date: /home/shridhar/Workspaces/mrt_ws/Task2/install/arucosrvmsg/include/arucosrvmsg/arucosrvmsg/srv/detail/aruco_markers__rosidl_typesupport_introspection_c.h
-- Up-to-date: /home/shridhar/Workspaces/mrt_ws/Task2/install/arucosrvmsg/include/arucosrvmsg/arucosrvmsg/msg
-- Up-to-date: /home/shridhar/Workspaces/mrt_ws/Task2/install/arucosrvmsg/include/arucosrvmsg/arucosrvmsg/msg/detail
-- Up-to-date: /home/shridhar/Workspaces/mrt_ws/Task2/install/arucosrvmsg/include/arucosrvmsg/arucosrvmsg/msg/detail/aruco_markers__type_support.c
-- Up-to-date: /home/shridhar/Workspaces/mrt_ws/Task2/install/arucosrvmsg/include/arucosrvmsg/arucosrvmsg/msg/detail/aruco_markers__rosidl_typesupport_introspection_c.h
-- Up-to-date: /home/shridhar/Workspaces/mrt_ws/Task2/install/arucosrvmsg/include/arucosrvmsg/arucosrvmsg/msg/rosidl_typesupport_introspection_c__visibility_control.h
-- Up-to-date: /home/shridhar/Workspaces/mrt_ws/Task2/install/arucosrvmsg/lib/libarucosrvmsg__rosidl_typesupport_introspection_c.so
-- Up-to-date: /home/shridhar/Workspaces/mrt_ws/Task2/install/arucosrvmsg/lib/libarucosrvmsg__rosidl_typesupport_c.so
-- Up-to-date: /home/shridhar/Workspaces/mrt_ws/Task2/install/arucosrvmsg/include/arucosrvmsg/arucosrvmsg
-- Up-to-date: /home/shridhar/Workspaces/mrt_ws/Task2/install/arucosrvmsg/include/arucosrvmsg/arucosrvmsg/srv
-- Up-to-date: /home/shridhar/Workspaces/mrt_ws/Task2/install/arucosrvmsg/include/arucosrvmsg/arucosrvmsg/srv/detail
-- Up-to-date: /home/shridhar/Workspaces/mrt_ws/Task2/install/arucosrvmsg/include/arucosrvmsg/arucosrvmsg/srv/detail/aruco_markers__rosidl_typesupport_introspection_cpp.hpp
-- Up-to-date: /home/shridhar/Workspaces/mrt_ws/Task2/install/arucosrvmsg/include/arucosrvmsg/arucosrvmsg/srv/detail/aruco_markers__type_support.cpp
-- Up-to-date: /home/shridhar/Workspaces/mrt_ws/Task2/install/arucosrvmsg/include/arucosrvmsg/arucosrvmsg/msg
-- Up-to-date: /home/shridhar/Workspaces/mrt_ws/Task2/install/arucosrvmsg/include/arucosrvmsg/arucosrvmsg/msg/detail
-- Up-to-date: /home/shridhar/Workspaces/mrt_ws/Task2/install/arucosrvmsg/include/arucosrvmsg/arucosrvmsg/msg/detail/aruco_markers__rosidl_typesupport_introspection_cpp.hpp
-- Up-to-date: /home/shridhar/Workspaces/mrt_ws/Task2/install/arucosrvmsg/include/arucosrvmsg/arucosrvmsg/msg/detail/aruco_markers__type_support.cpp
-- Up-to-date: /home/shridhar/Workspaces/mrt_ws/Task2/install/arucosrvmsg/lib/libarucosrvmsg__rosidl_typesupport_introspection_cpp.so
-- Up-to-date: /home/shridhar/Workspaces/mrt_ws/Task2/install/arucosrvmsg/lib/libarucosrvmsg__rosidl_typesupport_cpp.so
-- Up-to-date: /home/shridhar/Workspaces/mrt_ws/Task2/install/arucosrvmsg/share/arucosrvmsg/environment/pythonpath.sh
-- Installing: /home/shridhar/Workspaces/mrt_ws/Task2/install/arucosrvmsg/share/arucosrvmsg/environment/pythonpath.dsv
-- Up-to-date: /home/shridhar/Workspaces/mrt_ws/Task2/install/arucosrvmsg/local/lib/python3.10/dist-packages/arucosrvmsg-0.0.0-py3.10.egg-info
-- Installing: /home/shridhar/Workspaces/mrt_ws/Task2/install/arucosrvmsg/local/lib/python3.10/dist-packages/arucosrvmsg-0.0.0-py3.10.egg-info/top_level.txt
-- Installing: /home/shridhar/Workspaces/mrt_ws/Task2/install/arucosrvmsg/local/lib/python3.10/dist-packages/arucosrvmsg-0.0.0-py3.10.egg-info/dependency_links.txt
-- Installing: /home/shridhar/Workspaces/mrt_ws/Task2/install/arucosrvmsg/local/lib/python3.10/dist-packages/arucosrvmsg-0.0.0-py3.10.egg-info/PKG-INFO
-- Installing: /home/shridhar/Workspaces/mrt_ws/Task2/install/arucosrvmsg/local/lib/python3.10/dist-packages/arucosrvmsg-0.0.0-py3.10.egg-info/SOURCES.txt
-- Up-to-date: /home/shridhar/Workspaces/mrt_ws/Task2/install/arucosrvmsg/local/lib/python3.10/dist-packages/arucosrvmsg
-- Installing: /home/shridhar/Workspaces/mrt_ws/Task2/install/arucosrvmsg/local/lib/python3.10/dist-packages/arucosrvmsg/libarucosrvmsg__rosidl_generator_py.so
-- Up-to-date: /home/shridhar/Workspaces/mrt_ws/Task2/install/arucosrvmsg/local/lib/python3.10/dist-packages/arucosrvmsg/srv
-- Installing: /home/shridhar/Workspaces/mrt_ws/Task2/install/arucosrvmsg/local/lib/python3.10/dist-packages/arucosrvmsg/srv/_aruco_markers_s.c
-- Installing: /home/shridhar/Workspaces/mrt_ws/Task2/install/arucosrvmsg/local/lib/python3.10/dist-packages/arucosrvmsg/srv/_aruco_markers.py
-- Installing: /home/shridhar/Workspaces/mrt_ws/Task2/install/arucosrvmsg/local/lib/python3.10/dist-packages/arucosrvmsg/srv/__init__.py
-- Installing: /home/shridhar/Workspaces/mrt_ws/Task2/install/arucosrvmsg/local/lib/python3.10/dist-packages/arucosrvmsg/_arucosrvmsg_s.ep.rosidl_typesupport_c.c
-- Installing: /home/shridhar/Workspaces/mrt_ws/Task2/install/arucosrvmsg/local/lib/python3.10/dist-packages/arucosrvmsg/_arucosrvmsg_s.ep.rosidl_typesupport_fastrtps_c.c
-- Up-to-date: /home/shridhar/Workspaces/mrt_ws/Task2/install/arucosrvmsg/local/lib/python3.10/dist-packages/arucosrvmsg/libarucosrvmsgS__rosidl_generator_py.so
-- Installing: /home/shridhar/Workspaces/mrt_ws/Task2/install/arucosrvmsg/local/lib/python3.10/dist-packages/arucosrvmsg/arucosrvmsg_s__rosidl_typesupport_c.cpython-310-x86_64-linux-gnu.so
-- Installing: /home/shridhar/Workspaces/mrt_ws/Task2/install/arucosrvmsg/local/lib/python3.10/dist-packages/arucosrvmsg/arucosrvmsg_s__rosidl_typesupport_introspection_c.cpython-310-x86_64-linux-gnu.so
-- Up-to-date: /home/shridhar/Workspaces/mrt_ws/Task2/install/arucosrvmsg/local/lib/python3.10/dist-packages/arucosrvmsg/msg
-- Installing: /home/shridhar/Workspaces/mrt_ws/Task2/install/arucosrvmsg/local/lib/python3.10/dist-packages/arucosrvmsg/msg/_aruco_markers_s.c
-- Installing: /home/shridhar/Workspaces/mrt_ws/Task2/install/arucosrvmsg/local/lib/python3.10/dist-packages/arucosrvmsg/msg/_aruco_markers.py
-- Installing: /home/shridhar/Workspaces/mrt_ws/Task2/install/arucosrvmsg/local/lib/python3.10/dist-packages/arucosrvmsg/msg/__init__.py
-- Installing: /home/shridhar/Workspaces/mrt_ws/Task2/install/arucosrvmsg/local/lib/python3.10/dist-packages/arucosrvmsg/_arucosrvmsg_s.ep.rosidl_typesupport_introspection_c.c
-- Installing: /home/shridhar/Workspaces/mrt_ws/Task2/install/arucosrvmsg/local/lib/python3.10/dist-packages/arucosrvmsg/__init__.py
-- Installing: /home/shridhar/Workspaces/mrt_ws/Task2/install/arucosrvmsg/local/lib/python3.10/dist-packages/arucosrvmsg/arucosrvmsg_s__rosidl_typesupport_fastrtps_c.cpython-310-x86_64-linux-gnu.so
Listing '/home/shridhar/Workspaces/mrt_ws/Task2/install/arucosrvmsg/local/lib/python3.10/dist-packages/arucosrvmsg'...
Compiling '/home/shridhar/Workspaces/mrt_ws/Task2/install/arucosrvmsg/local/lib/python3.10/dist-packages/arucosrvmsg/__init__.py'...
Listing '/home/shridhar/Workspaces/mrt_ws/Task2/install/arucosrvmsg/local/lib/python3.10/dist-packages/arucosrvmsg/msg'...
Compiling '/home/shridhar/Workspaces/mrt_ws/Task2/install/arucosrvmsg/local/lib/python3.10/dist-packages/arucosrvmsg/msg/__init__.py'...
Compiling '/home/shridhar/Workspaces/mrt_ws/Task2/install/arucosrvmsg/local/lib/python3.10/dist-packages/arucosrvmsg/msg/_aruco_markers.py'...
Listing '/home/shridhar/Workspaces/mrt_ws/Task2/install/arucosrvmsg/local/lib/python3.10/dist-packages/arucosrvmsg/srv'...
Compiling '/home/shridhar/Workspaces/mrt_ws/Task2/install/arucosrvmsg/local/lib/python3.10/dist-packages/arucosrvmsg/srv/__init__.py'...
Compiling '/home/shridhar/Workspaces/mrt_ws/Task2/install/arucosrvmsg/local/lib/python3.10/dist-packages/arucosrvmsg/srv/_aruco_markers.py'...
-- Installing: /home/shridhar/Workspaces/mrt_ws/Task2/install/arucosrvmsg/local/lib/python3.10/dist-packages/arucosrvmsg/arucosrvmsg_s__rosidl_typesupport_fastrtps_c.cpython-310-x86_64-linux-gnu.so
-- Set runtime path of "/home/shridhar/Workspaces/mrt_ws/Task2/install/arucosrvmsg/local/lib/python3.10/dist-packages/arucosrvmsg/arucosrvmsg_s__rosidl_typesupport_fastrtps_c.cpython-310-x86_64-linux-gnu.so" to ""
-- Installing: /home/shridhar/Workspaces/mrt_ws/Task2/install/arucosrvmsg/local/lib/python3.10/dist-packages/arucosrvmsg/arucosrvmsg_s__rosidl_typesupport_introspection_c.cpython-310-x86_64-linux-gnu.so
-- Set runtime path of "/home/shridhar/Workspaces/mrt_ws/Task2/install/arucosrvmsg/local/lib/python3.10/dist-packages/arucosrvmsg/arucosrvmsg_s__rosidl_typesupport_introspection_c.cpython-310-x86_64-linux-gnu.so" to ""
-- Installing: /home/shridhar/Workspaces/mrt_ws/Task2/install/arucosrvmsg/local/lib/python3.10/dist-packages/arucosrvmsg/arucosrvmsg_s__rosidl_typesupport_c.cpython-310-x86_64-linux-gnu.so
-- Set runtime path of "/home/shridhar/Workspaces/mrt_ws/Task2/install/arucosrvmsg/local/lib/python3.10/dist-packages/arucosrvmsg/arucosrvmsg_s__rosidl_typesupport_c.cpython-310-x86_64-linux-gnu.so" to ""
-- Installing: /home/shridhar/Workspaces/mrt_ws/Task2/install/arucosrvmsg/lib/libarucosrvmsg__rosidl_generator_py.so
-- Set runtime path of "/home/shridhar/Workspaces/mrt_ws/Task2/install/arucosrvmsg/lib/libarucosrvmsg__rosidl_generator_py.so" to ""
-- Up-to-date: /home/shridhar/Workspaces/mrt_ws/Task2/install/arucosrvmsg/share/arucosrvmsg/msg/ArucoMarkers.idl
-- Up-to-date: /home/shridhar/Workspaces/mrt_ws/Task2/install/arucosrvmsg/share/arucosrvmsg/srv/ArucoMarkers.idl
-- Up-to-date: /home/shridhar/Workspaces/mrt_ws/Task2/install/arucosrvmsg/share/arucosrvmsg/msg/ArucoMarkers.msg
-- Installing: /home/shridhar/Workspaces/mrt_ws/Task2/install/arucosrvmsg/share/arucosrvmsg/srv/ArucoMarkers.srv
-- Up-to-date: /home/shridhar/Workspaces/mrt_ws/Task2/install/arucosrvmsg/share/arucosrvmsg/srv/ArucoMarkers_Request.msg
-- Installing: /home/shridhar/Workspaces/mrt_ws/Task2/install/arucosrvmsg/share/arucosrvmsg/srv/ArucoMarkers_Response.msg
-- Up-to-date: /home/shridhar/Workspaces/mrt_ws/Task2/install/arucosrvmsg/share/ament_index/resource_index/package_run_dependencies/arucosrvmsg
-- Up-to-date: /home/shridhar/Workspaces/mrt_ws/Task2/install/arucosrvmsg/share/ament_index/resource_index/parent_prefix_path/arucosrvmsg
-- Up-to-date: /home/shridhar/Workspaces/mrt_ws/Task2/install/arucosrvmsg/share/arucosrvmsg/environment/ament_prefix_path.sh
-- Installing: /home/shridhar/Workspaces/mrt_ws/Task2/install/arucosrvmsg/share/arucosrvmsg/environment/ament_prefix_path.dsv
-- Up-to-date: /home/shridhar/Workspaces/mrt_ws/Task2/install/arucosrvmsg/share/arucosrvmsg/environment/path.sh
-- Installing: /home/shridhar/Workspaces/mrt_ws/Task2/install/arucosrvmsg/share/arucosrvmsg/environment/path.dsv
-- Up-to-date: /home/shridhar/Workspaces/mrt_ws/Task2/install/arucosrvmsg/share/arucosrvmsg/local_setup.bash
-- Up-to-date: /home/shridhar/Workspaces/mrt_ws/Task2/install/arucosrvmsg/share/arucosrvmsg/local_setup.sh
-- Up-to-date: /home/shridhar/Workspaces/mrt_ws/Task2/install/arucosrvmsg/share/arucosrvmsg/local_setup.zsh
-- Installing: /home/shridhar/Workspaces/mrt_ws/Task2/install/arucosrvmsg/share/arucosrvmsg/local_setup.dsv
-- Installing: /home/shridhar/Workspaces/mrt_ws/Task2/install/arucosrvmsg/share/arucosrvmsg/package.dsv
-- Up-to-date: /home/shridhar/Workspaces/mrt_ws/Task2/install/arucosrvmsg/share/ament_index/resource_index/packages/arucosrvmsg
-- Up-to-date: /home/shridhar/Workspaces/mrt_ws/Task2/install/arucosrvmsg/share/arucosrvmsg/cmake/export_arucosrvmsg__rosidl_generator_cExport.cmake
-- Up-to-date: /home/shridhar/Workspaces/mrt_ws/Task2/install/arucosrvmsg/share/arucosrvmsg/cmake/export_arucosrvmsg__rosidl_generator_cExport-noconfig.cmake
-- Up-to-date: /home/shridhar/Workspaces/mrt_ws/Task2/install/arucosrvmsg/share/arucosrvmsg/cmake/export_arucosrvmsg__rosidl_typesupport_fastrtps_cExport.cmake
-- Up-to-date: /home/shridhar/Workspaces/mrt_ws/Task2/install/arucosrvmsg/share/arucosrvmsg/cmake/export_arucosrvmsg__rosidl_typesupport_fastrtps_cExport-noconfig.cmake
-- Up-to-date: /home/shridhar/Workspaces/mrt_ws/Task2/install/arucosrvmsg/share/arucosrvmsg/cmake/export_arucosrvmsg__rosidl_generator_cppExport.cmake
-- Up-to-date: /home/shridhar/Workspaces/mrt_ws/Task2/install/arucosrvmsg/share/arucosrvmsg/cmake/export_arucosrvmsg__rosidl_typesupport_fastrtps_cppExport.cmake
-- Up-to-date: /home/shridhar/Workspaces/mrt_ws/Task2/install/arucosrvmsg/share/arucosrvmsg/cmake/export_arucosrvmsg__rosidl_typesupport_fastrtps_cppExport-noconfig.cmake
-- Up-to-date: /home/shridhar/Workspaces/mrt_ws/Task2/install/arucosrvmsg/share/arucosrvmsg/cmake/arucosrvmsg__rosidl_typesupport_introspection_cExport.cmake
-- Up-to-date: /home/shridhar/Workspaces/mrt_ws/Task2/install/arucosrvmsg/share/arucosrvmsg/cmake/arucosrvmsg__rosidl_typesupport_introspection_cExport-noconfig.cmake
-- Up-to-date: /home/shridhar/Workspaces/mrt_ws/Task2/install/arucosrvmsg/share/arucosrvmsg/cmake/arucosrvmsg__rosidl_typesupport_cExport.cmake
-- Up-to-date: /home/shridhar/Workspaces/mrt_ws/Task2/install/arucosrvmsg/share/arucosrvmsg/cmake/arucosrvmsg__rosidl_typesupport_cExport-noconfig.cmake
-- Up-to-date: /home/shridhar/Workspaces/mrt_ws/Task2/install/arucosrvmsg/share/arucosrvmsg/cmake/arucosrvmsg__rosidl_typesupport_introspection_cppExport.cmake
-- Up-to-date: /home/shridhar/Workspaces/mrt_ws/Task2/install/arucosrvmsg/share/arucosrvmsg/cmake/arucosrvmsg__rosidl_typesupport_introspection_cppExport-noconfig.cmake
-- Up-to-date: /home/shridhar/Workspaces/mrt_ws/Task2/install/arucosrvmsg/share/arucosrvmsg/cmake/arucosrvmsg__rosidl_typesupport_cppExport.cmake
-- Up-to-date: /home/shridhar/Workspaces/mrt_ws/Task2/install/arucosrvmsg/share/arucosrvmsg/cmake/arucosrvmsg__rosidl_typesupport_cppExport-noconfig.cmake
-- Up-to-date: /home/shridhar/Workspaces/mrt_ws/Task2/install/arucosrvmsg/share/arucosrvmsg/cmake/export_arucosrvmsg__rosidl_generator_pyExport.cmake
-- Up-to-date: /home/shridhar/Workspaces/mrt_ws/Task2/install/arucosrvmsg/share/arucosrvmsg/cmake/export_arucosrvmsg__rosidl_generator_pyExport-noconfig.cmake
-- Up-to-date: /home/shridhar/Workspaces/mrt_ws/Task2/install/arucosrvmsg/share/arucosrvmsg/cmake/rosidl_cmake-extras.cmake
-- Up-to-date: /home/shridhar/Workspaces/mrt_ws/Task2/install/arucosrvmsg/share/arucosrvmsg/cmake/ament_cmake_export_dependencies-extras.cmake
-- Up-to-date: /home/shridhar/Workspaces/mrt_ws/Task2/install/arucosrvmsg/share/arucosrvmsg/cmake/ament_cmake_export_include_directories-extras.cmake
-- Installing: /home/shridhar/Workspaces/mrt_ws/Task2/install/arucosrvmsg/share/arucosrvmsg/cmake/ament_cmake_export_libraries-extras.cmake
-- Installing: /home/shridhar/Workspaces/mrt_ws/Task2/install/arucosrvmsg/share/arucosrvmsg/cmake/ament_cmake_export_targets-extras.cmake
-- Installing: /home/shridhar/Workspaces/mrt_ws/Task2/install/arucosrvmsg/share/arucosrvmsg/cmake/rosidl_cmake_export_typesupport_targets-extras.cmake
-- Installing: /home/shridhar/Workspaces/mrt_ws/Task2/install/arucosrvmsg/share/arucosrvmsg/cmake/rosidl_cmake_export_typesupport_libraries-extras.cmake
-- Up-to-date: /home/shridhar/Workspaces/mrt_ws/Task2/install/arucosrvmsg/share/arucosrvmsg/cmake/arucosrvmsgConfig.cmake
-- Up-to-date: /home/shridhar/Workspaces/mrt_ws/Task2/install/arucosrvmsg/share/arucosrvmsg/cmake/arucosrvmsgConfig-version.cmake
-- Up-to-date: /home/shridhar/Workspaces/mrt_ws/Task2/install/arucosrvmsg/share/arucosrvmsg/package.xml
