[0.669s] Invoking command in '/home/shridhar/Workspaces/mrt_ws/Task2/src/arucoserver': AMENT_PREFIX_PATH=/home/shridhar/Workspaces/mrt_ws/Task2/install/arucosrvmsg:${AMENT_PREFIX_PATH} CMAKE_PREFIX_PATH=/home/shridhar/Workspaces/mrt_ws/Task2/install/arucosrvmsg LD_LIBRARY_PATH=/home/shridhar/Workspaces/mrt_ws/Task2/install/arucosrvmsg/lib:${LD_LIBRARY_PATH} PYTHONPATH=/home/shridhar/Workspaces/mrt_ws/Task2/build/arucoserver/prefix_override:/usr/lib/python3/dist-packages/colcon_core/task/python/colcon_distutils_commands:/home/shridhar/Workspaces/mrt_ws/Task2/install/arucoserver/lib/python3.10/site-packages:/home/shridhar/Workspaces/mrt_ws/Task2/install/arucosrvmsg/local/lib/python3.10/dist-packages:${PYTHONPATH} /usr/bin/python3 -W ignore:setup.py install is deprecated setup.py egg_info --egg-base ../../build/arucoserver build --build-base /home/shridhar/Workspaces/mrt_ws/Task2/build/arucoserver/build install --record /home/shridhar/Workspaces/mrt_ws/Task2/build/arucoserver/install.log --single-version-externally-managed install_data
[0.911s] running egg_info
[0.911s] creating ../../build/arucoserver/arucoserver.egg-info
[0.912s] writing ../../build/arucoserver/arucoserver.egg-info/PKG-INFO
[0.912s] writing dependency_links to ../../build/arucoserver/arucoserver.egg-info/dependency_links.txt
[0.912s] writing entry points to ../../build/arucoserver/arucoserver.egg-info/entry_points.txt
[0.912s] writing requirements to ../../build/arucoserver/arucoserver.egg-info/requires.txt
[0.912s] writing top-level names to ../../build/arucoserver/arucoserver.egg-info/top_level.txt
[0.913s] writing manifest file '../../build/arucoserver/arucoserver.egg-info/SOURCES.txt'
[0.914s] reading manifest file '../../build/arucoserver/arucoserver.egg-info/SOURCES.txt'
[0.915s] writing manifest file '../../build/arucoserver/arucoserver.egg-info/SOURCES.txt'
[0.915s] running build
[0.915s] running build_py
[0.915s] creating /home/shridhar/Workspaces/mrt_ws/Task2/build/arucoserver/build
[0.915s] creating /home/shridhar/Workspaces/mrt_ws/Task2/build/arucoserver/build/lib
[0.915s] creating /home/shridhar/Workspaces/mrt_ws/Task2/build/arucoserver/build/lib/arucoserver
[0.915s] copying arucoserver/service.py -> /home/shridhar/Workspaces/mrt_ws/Task2/build/arucoserver/build/lib/arucoserver
[0.916s] copying arucoserver/__init__.py -> /home/shridhar/Workspaces/mrt_ws/Task2/build/arucoserver/build/lib/arucoserver
[0.916s] copying arucoserver/webcam.py -> /home/shridhar/Workspaces/mrt_ws/Task2/build/arucoserver/build/lib/arucoserver
[0.916s] copying arucoserver/client.py -> /home/shridhar/Workspaces/mrt_ws/Task2/build/arucoserver/build/lib/arucoserver
[0.916s] copying arucoserver/videoserver.py -> /home/shridhar/Workspaces/mrt_ws/Task2/build/arucoserver/build/lib/arucoserver
[0.916s] copying arucoserver/servicetest.py -> /home/shridhar/Workspaces/mrt_ws/Task2/build/arucoserver/build/lib/arucoserver
[0.916s] running install
[0.916s] running install_lib
[0.917s] creating /home/shridhar/Workspaces/mrt_ws/Task2/install/arucoserver/lib/python3.10/site-packages/arucoserver
[0.917s] copying /home/shridhar/Workspaces/mrt_ws/Task2/build/arucoserver/build/lib/arucoserver/service.py -> /home/shridhar/Workspaces/mrt_ws/Task2/install/arucoserver/lib/python3.10/site-packages/arucoserver
[0.917s] copying /home/shridhar/Workspaces/mrt_ws/Task2/build/arucoserver/build/lib/arucoserver/__init__.py -> /home/shridhar/Workspaces/mrt_ws/Task2/install/arucoserver/lib/python3.10/site-packages/arucoserver
[0.917s] copying /home/shridhar/Workspaces/mrt_ws/Task2/build/arucoserver/build/lib/arucoserver/webcam.py -> /home/shridhar/Workspaces/mrt_ws/Task2/install/arucoserver/lib/python3.10/site-packages/arucoserver
[0.917s] copying /home/shridhar/Workspaces/mrt_ws/Task2/build/arucoserver/build/lib/arucoserver/client.py -> /home/shridhar/Workspaces/mrt_ws/Task2/install/arucoserver/lib/python3.10/site-packages/arucoserver
[0.917s] copying /home/shridhar/Workspaces/mrt_ws/Task2/build/arucoserver/build/lib/arucoserver/videoserver.py -> /home/shridhar/Workspaces/mrt_ws/Task2/install/arucoserver/lib/python3.10/site-packages/arucoserver
[0.917s] copying /home/shridhar/Workspaces/mrt_ws/Task2/build/arucoserver/build/lib/arucoserver/servicetest.py -> /home/shridhar/Workspaces/mrt_ws/Task2/install/arucoserver/lib/python3.10/site-packages/arucoserver
[0.917s] byte-compiling /home/shridhar/Workspaces/mrt_ws/Task2/install/arucoserver/lib/python3.10/site-packages/arucoserver/service.py to service.cpython-310.pyc
[0.918s] byte-compiling /home/shridhar/Workspaces/mrt_ws/Task2/install/arucoserver/lib/python3.10/site-packages/arucoserver/__init__.py to __init__.cpython-310.pyc
[0.918s] byte-compiling /home/shridhar/Workspaces/mrt_ws/Task2/install/arucoserver/lib/python3.10/site-packages/arucoserver/webcam.py to webcam.cpython-310.pyc
[0.919s] byte-compiling /home/shridhar/Workspaces/mrt_ws/Task2/install/arucoserver/lib/python3.10/site-packages/arucoserver/client.py to client.cpython-310.pyc
[0.920s] byte-compiling /home/shridhar/Workspaces/mrt_ws/Task2/install/arucoserver/lib/python3.10/site-packages/arucoserver/videoserver.py to videoserver.cpython-310.pyc
[0.920s] byte-compiling /home/shridhar/Workspaces/mrt_ws/Task2/install/arucoserver/lib/python3.10/site-packages/arucoserver/servicetest.py to servicetest.cpython-310.pyc
[0.921s] running install_data
[0.921s] creating /home/shridhar/Workspaces/mrt_ws/Task2/install/arucoserver/share/ament_index
[0.921s] creating /home/shridhar/Workspaces/mrt_ws/Task2/install/arucoserver/share/ament_index/resource_index
[0.921s] creating /home/shridhar/Workspaces/mrt_ws/Task2/install/arucoserver/share/ament_index/resource_index/packages
[0.921s] copying resource/arucoserver -> /home/shridhar/Workspaces/mrt_ws/Task2/install/arucoserver/share/ament_index/resource_index/packages
[0.921s] copying package.xml -> /home/shridhar/Workspaces/mrt_ws/Task2/install/arucoserver/share/arucoserver
[0.921s] running install_egg_info
[0.924s] Copying ../../build/arucoserver/arucoserver.egg-info to /home/shridhar/Workspaces/mrt_ws/Task2/install/arucoserver/lib/python3.10/site-packages/arucoserver-0.0.0-py3.10.egg-info
[0.924s] running install_scripts
[0.946s] Installing client script to /home/shridhar/Workspaces/mrt_ws/Task2/install/arucoserver/lib/arucoserver
[0.946s] Installing service script to /home/shridhar/Workspaces/mrt_ws/Task2/install/arucoserver/lib/arucoserver
[0.946s] Installing testaruco script to /home/shridhar/Workspaces/mrt_ws/Task2/install/arucoserver/lib/arucoserver
[0.946s] Installing videoaruco script to /home/shridhar/Workspaces/mrt_ws/Task2/install/arucoserver/lib/arucoserver
[0.946s] Installing webcam script to /home/shridhar/Workspaces/mrt_ws/Task2/install/arucoserver/lib/arucoserver
[0.946s] writing list of installed files to '/home/shridhar/Workspaces/mrt_ws/Task2/build/arucoserver/install.log'
[0.972s] Invoked command in '/home/shridhar/Workspaces/mrt_ws/Task2/src/arucoserver' returned '0': AMENT_PREFIX_PATH=/home/shridhar/Workspaces/mrt_ws/Task2/install/arucosrvmsg:${AMENT_PREFIX_PATH} CMAKE_PREFIX_PATH=/home/shridhar/Workspaces/mrt_ws/Task2/install/arucosrvmsg LD_LIBRARY_PATH=/home/shridhar/Workspaces/mrt_ws/Task2/install/arucosrvmsg/lib:${LD_LIBRARY_PATH} PYTHONPATH=/home/shridhar/Workspaces/mrt_ws/Task2/build/arucoserver/prefix_override:/usr/lib/python3/dist-packages/colcon_core/task/python/colcon_distutils_commands:/home/shridhar/Workspaces/mrt_ws/Task2/install/arucoserver/lib/python3.10/site-packages:/home/shridhar/Workspaces/mrt_ws/Task2/install/arucosrvmsg/local/lib/python3.10/dist-packages:${PYTHONPATH} /usr/bin/python3 -W ignore:setup.py install is deprecated setup.py egg_info --egg-base ../../build/arucoserver build --build-base /home/shridhar/Workspaces/mrt_ws/Task2/build/arucoserver/build install --record /home/shridhar/Workspaces/mrt_ws/Task2/build/arucoserver/install.log --single-version-externally-managed install_data
