[0.109s] DEBUG:colcon:Command line arguments: ['/usr/bin/colcon', 'build']
[0.109s] DEBUG:colcon:Parsed command line arguments: Namespace(log_base=None, log_level=None, verb_name='build', build_base='build', install_base='install', merge_install=False, symlink_install=False, test_result_base=None, continue_on_error=False, executor='parallel', parallel_workers=22, event_handlers=None, ignore_user_meta=False, metas=['./colcon.meta'], base_paths=['.'], packages_ignore=None, packages_ignore_regex=None, paths=None, packages_up_to=None, packages_up_to_regex=None, packages_above=None, packages_above_and_dependencies=None, packages_above_depth=None, packages_select_by_dep=None, packages_skip_by_dep=None, packages_skip_up_to=None, packages_select_build_failed=False, packages_skip_build_finished=False, packages_select_test_failures=False, packages_skip_test_passed=False, packages_select=None, packages_skip=None, packages_select_regex=None, packages_skip_regex=None, packages_start=None, packages_end=None, allow_overriding=[], cmake_args=None, cmake_target=None, cmake_target_skip_unavailable=False, cmake_clean_cache=False, cmake_clean_first=False, cmake_force_configure=False, ament_cmake_args=None, catkin_cmake_args=None, catkin_skip_building_tests=False, mixin_files=None, mixin=None, verb_parser=<colcon_mixin.mixin.mixin_argument.MixinArgumentDecorator object at 0x75c59c127190>, verb_extension=<colcon_core.verb.build.BuildVerb object at 0x75c59c1263e0>, main=<bound method BuildVerb.main of <colcon_core.verb.build.BuildVerb object at 0x75c59c1263e0>>, mixin_verb=('build',))
[0.286s] Level 1:colcon.colcon_core.package_discovery:discover_packages(colcon_meta) check parameters
[0.286s] Level 1:colcon.colcon_core.package_discovery:discover_packages(recursive) check parameters
[0.286s] Level 1:colcon.colcon_core.package_discovery:discover_packages(ignore) check parameters
[0.286s] Level 1:colcon.colcon_core.package_discovery:discover_packages(path) check parameters
[0.286s] Level 1:colcon.colcon_core.package_discovery:discover_packages(colcon_meta) discover
[0.287s] Level 1:colcon.colcon_core.package_discovery:discover_packages(recursive) discover
[0.287s] INFO:colcon.colcon_core.package_discovery:Crawling recursively for packages in '/home/shridhar/Documents/ROSrevision/Task4'
[0.287s] Level 1:colcon.colcon_core.package_identification:_identify(.) by extensions ['ignore', 'ignore_ament_install']
[0.287s] Level 1:colcon.colcon_core.package_identification:_identify(.) by extension 'ignore'
[0.287s] Level 1:colcon.colcon_core.package_identification:_identify(.) by extension 'ignore_ament_install'
[0.287s] Level 1:colcon.colcon_core.package_identification:_identify(.) by extensions ['colcon_pkg']
[0.287s] Level 1:colcon.colcon_core.package_identification:_identify(.) by extension 'colcon_pkg'
[0.287s] Level 1:colcon.colcon_core.package_identification:_identify(.) by extensions ['colcon_meta']
[0.287s] Level 1:colcon.colcon_core.package_identification:_identify(.) by extension 'colcon_meta'
[0.287s] Level 1:colcon.colcon_core.package_identification:_identify(.) by extensions ['ros']
[0.287s] Level 1:colcon.colcon_core.package_identification:_identify(.) by extension 'ros'
[0.298s] Level 1:colcon.colcon_core.package_identification:_identify(.) by extensions ['cmake', 'python']
[0.298s] Level 1:colcon.colcon_core.package_identification:_identify(.) by extension 'cmake'
[0.298s] Level 1:colcon.colcon_core.package_identification:_identify(.) by extension 'python'
[0.298s] Level 1:colcon.colcon_core.package_identification:_identify(.) by extensions ['python_setup_py']
[0.298s] Level 1:colcon.colcon_core.package_identification:_identify(.) by extension 'python_setup_py'
[0.299s] Level 1:colcon.colcon_core.package_identification:_identify(build) by extensions ['ignore', 'ignore_ament_install']
[0.299s] Level 1:colcon.colcon_core.package_identification:_identify(build) by extension 'ignore'
[0.299s] Level 1:colcon.colcon_core.package_identification:_identify(build) ignored
[0.299s] Level 1:colcon.colcon_core.package_identification:_identify(install) by extensions ['ignore', 'ignore_ament_install']
[0.299s] Level 1:colcon.colcon_core.package_identification:_identify(install) by extension 'ignore'
[0.299s] Level 1:colcon.colcon_core.package_identification:_identify(install) ignored
[0.299s] Level 1:colcon.colcon_core.package_identification:_identify(log) by extensions ['ignore', 'ignore_ament_install']
[0.299s] Level 1:colcon.colcon_core.package_identification:_identify(log) by extension 'ignore'
[0.299s] Level 1:colcon.colcon_core.package_identification:_identify(log) ignored
[0.299s] Level 1:colcon.colcon_core.package_identification:_identify(src) by extensions ['ignore', 'ignore_ament_install']
[0.299s] Level 1:colcon.colcon_core.package_identification:_identify(src) by extension 'ignore'
[0.299s] Level 1:colcon.colcon_core.package_identification:_identify(src) by extension 'ignore_ament_install'
[0.299s] Level 1:colcon.colcon_core.package_identification:_identify(src) by extensions ['colcon_pkg']
[0.299s] Level 1:colcon.colcon_core.package_identification:_identify(src) by extension 'colcon_pkg'
[0.299s] Level 1:colcon.colcon_core.package_identification:_identify(src) by extensions ['colcon_meta']
[0.299s] Level 1:colcon.colcon_core.package_identification:_identify(src) by extension 'colcon_meta'
[0.299s] Level 1:colcon.colcon_core.package_identification:_identify(src) by extensions ['ros']
[0.299s] Level 1:colcon.colcon_core.package_identification:_identify(src) by extension 'ros'
[0.300s] Level 1:colcon.colcon_core.package_identification:_identify(src) by extensions ['cmake', 'python']
[0.300s] Level 1:colcon.colcon_core.package_identification:_identify(src) by extension 'cmake'
[0.300s] Level 1:colcon.colcon_core.package_identification:_identify(src) by extension 'python'
[0.300s] Level 1:colcon.colcon_core.package_identification:_identify(src) by extensions ['python_setup_py']
[0.300s] Level 1:colcon.colcon_core.package_identification:_identify(src) by extension 'python_setup_py'
[0.300s] Level 1:colcon.colcon_core.package_identification:_identify(src/arucosrvmsg) by extensions ['ignore', 'ignore_ament_install']
[0.300s] Level 1:colcon.colcon_core.package_identification:_identify(src/arucosrvmsg) by extension 'ignore'
[0.300s] Level 1:colcon.colcon_core.package_identification:_identify(src/arucosrvmsg) by extension 'ignore_ament_install'
[0.300s] Level 1:colcon.colcon_core.package_identification:_identify(src/arucosrvmsg) by extensions ['colcon_pkg']
[0.300s] Level 1:colcon.colcon_core.package_identification:_identify(src/arucosrvmsg) by extension 'colcon_pkg'
[0.300s] Level 1:colcon.colcon_core.package_identification:_identify(src/arucosrvmsg) by extensions ['colcon_meta']
[0.300s] Level 1:colcon.colcon_core.package_identification:_identify(src/arucosrvmsg) by extension 'colcon_meta'
[0.300s] Level 1:colcon.colcon_core.package_identification:_identify(src/arucosrvmsg) by extensions ['ros']
[0.300s] Level 1:colcon.colcon_core.package_identification:_identify(src/arucosrvmsg) by extension 'ros'
[0.303s] DEBUG:colcon.colcon_core.package_identification:Package 'src/arucosrvmsg' with type 'ros.ament_cmake' and name 'arucosrvmsg'
[0.303s] Level 1:colcon.colcon_core.package_discovery:discover_packages(recursive) using defaults
[0.303s] Level 1:colcon.colcon_core.package_discovery:discover_packages(ignore) discover
[0.303s] Level 1:colcon.colcon_core.package_discovery:discover_packages(ignore) using defaults
[0.303s] Level 1:colcon.colcon_core.package_discovery:discover_packages(path) discover
[0.303s] Level 1:colcon.colcon_core.package_discovery:discover_packages(path) using defaults
[0.334s] Level 1:colcon.colcon_core.package_discovery:discover_packages(prefix_path) check parameters
[0.334s] Level 1:colcon.colcon_core.package_discovery:discover_packages(prefix_path) discover
[0.335s] DEBUG:colcon.colcon_installed_package_information.package_discovery:Found 4 installed packages in /home/shridhar/Documents/ROSrevision/Task3/install
[0.337s] DEBUG:colcon.colcon_installed_package_information.package_discovery:Found 296 installed packages in /opt/ros/humble
[0.338s] Level 1:colcon.colcon_core.package_discovery:discover_packages(prefix_path) using defaults
[0.376s] Level 5:colcon.colcon_core.verb:set package 'arucosrvmsg' build argument 'cmake_args' from command line to 'None'
[0.376s] Level 5:colcon.colcon_core.verb:set package 'arucosrvmsg' build argument 'cmake_target' from command line to 'None'
[0.376s] Level 5:colcon.colcon_core.verb:set package 'arucosrvmsg' build argument 'cmake_target_skip_unavailable' from command line to 'False'
[0.376s] Level 5:colcon.colcon_core.verb:set package 'arucosrvmsg' build argument 'cmake_clean_cache' from command line to 'False'
[0.376s] Level 5:colcon.colcon_core.verb:set package 'arucosrvmsg' build argument 'cmake_clean_first' from command line to 'False'
[0.377s] Level 5:colcon.colcon_core.verb:set package 'arucosrvmsg' build argument 'cmake_force_configure' from command line to 'False'
[0.377s] Level 5:colcon.colcon_core.verb:set package 'arucosrvmsg' build argument 'ament_cmake_args' from command line to 'None'
[0.377s] Level 5:colcon.colcon_core.verb:set package 'arucosrvmsg' build argument 'catkin_cmake_args' from command line to 'None'
[0.377s] Level 5:colcon.colcon_core.verb:set package 'arucosrvmsg' build argument 'catkin_skip_building_tests' from command line to 'False'
[0.377s] DEBUG:colcon.colcon_core.verb:Building package 'arucosrvmsg' with the following arguments: {'ament_cmake_args': None, 'build_base': '/home/shridhar/Documents/ROSrevision/Task4/build/arucosrvmsg', 'catkin_cmake_args': None, 'catkin_skip_building_tests': False, 'cmake_args': None, 'cmake_clean_cache': False, 'cmake_clean_first': False, 'cmake_force_configure': False, 'cmake_target': None, 'cmake_target_skip_unavailable': False, 'install_base': '/home/shridhar/Documents/ROSrevision/Task4/install/arucosrvmsg', 'merge_install': False, 'path': '/home/shridhar/Documents/ROSrevision/Task4/src/arucosrvmsg', 'symlink_install': False, 'test_result_base': None}
[0.377s] INFO:colcon.colcon_core.executor:Executing jobs using 'parallel' executor
[0.378s] DEBUG:colcon.colcon_parallel_executor.executor.parallel:run_until_complete
[0.378s] INFO:colcon.colcon_ros.task.ament_cmake.build:Building ROS package in '/home/shridhar/Documents/ROSrevision/Task4/src/arucosrvmsg' with build type 'ament_cmake'
[0.378s] INFO:colcon.colcon_cmake.task.cmake.build:Building CMake package in '/home/shridhar/Documents/ROSrevision/Task4/src/arucosrvmsg'
[0.380s] INFO:colcon.colcon_core.plugin_system:Skipping extension 'colcon_core.shell.bat': Not used on non-Windows systems
[0.380s] INFO:colcon.colcon_core.shell:Skip shell extension 'powershell' for command environment: Not usable outside of PowerShell
[0.381s] DEBUG:colcon.colcon_core.shell:Skip shell extension 'dsv' for command environment
[0.390s] DEBUG:colcon.colcon_core.event_handler.log_command:Invoking command in '/home/shridhar/Documents/ROSrevision/Task4/build/arucosrvmsg': CMAKE_PREFIX_PATH=${CMAKE_PREFIX_PATH}:/home/shridhar/Documents/ROSrevision/Task3/install/hypo:/home/shridhar/Documents/ROSrevision/Task3/install/hypotopic:/opt/ros/humble /usr/bin/cmake /home/shridhar/Documents/ROSrevision/Task4/src/arucosrvmsg -DCMAKE_INSTALL_PREFIX=/home/shridhar/Documents/ROSrevision/Task4/install/arucosrvmsg
[2.225s] DEBUG:colcon.colcon_core.event_handler.log_command:Invoked command in '/home/shridhar/Documents/ROSrevision/Task4/build/arucosrvmsg' returned '0': CMAKE_PREFIX_PATH=${CMAKE_PREFIX_PATH}:/home/shridhar/Documents/ROSrevision/Task3/install/hypo:/home/shridhar/Documents/ROSrevision/Task3/install/hypotopic:/opt/ros/humble /usr/bin/cmake /home/shridhar/Documents/ROSrevision/Task4/src/arucosrvmsg -DCMAKE_INSTALL_PREFIX=/home/shridhar/Documents/ROSrevision/Task4/install/arucosrvmsg
[2.226s] DEBUG:colcon.colcon_core.event_handler.log_command:Invoking command in '/home/shridhar/Documents/ROSrevision/Task4/build/arucosrvmsg': CMAKE_PREFIX_PATH=${CMAKE_PREFIX_PATH}:/home/shridhar/Documents/ROSrevision/Task3/install/hypo:/home/shridhar/Documents/ROSrevision/Task3/install/hypotopic:/opt/ros/humble /usr/bin/cmake --build /home/shridhar/Documents/ROSrevision/Task4/build/arucosrvmsg -- -j22 -l22
[4.078s] DEBUG:colcon.colcon_core.event_handler.log_command:Invoked command in '/home/shridhar/Documents/ROSrevision/Task4/build/arucosrvmsg' returned '0': CMAKE_PREFIX_PATH=${CMAKE_PREFIX_PATH}:/home/shridhar/Documents/ROSrevision/Task3/install/hypo:/home/shridhar/Documents/ROSrevision/Task3/install/hypotopic:/opt/ros/humble /usr/bin/cmake --build /home/shridhar/Documents/ROSrevision/Task4/build/arucosrvmsg -- -j22 -l22
[4.154s] DEBUG:colcon.colcon_core.event_handler.log_command:Invoking command in '/home/shridhar/Documents/ROSrevision/Task4/build/arucosrvmsg': CMAKE_PREFIX_PATH=${CMAKE_PREFIX_PATH}:/home/shridhar/Documents/ROSrevision/Task3/install/hypo:/home/shridhar/Documents/ROSrevision/Task3/install/hypotopic:/opt/ros/humble /usr/bin/cmake --install /home/shridhar/Documents/ROSrevision/Task4/build/arucosrvmsg
[4.221s] Level 1:colcon.colcon_core.environment:create_environment_scripts_only(arucosrvmsg)
[4.222s] DEBUG:colcon.colcon_core.event_handler.log_command:Invoked command in '/home/shridhar/Documents/ROSrevision/Task4/build/arucosrvmsg' returned '0': CMAKE_PREFIX_PATH=${CMAKE_PREFIX_PATH}:/home/shridhar/Documents/ROSrevision/Task3/install/hypo:/home/shridhar/Documents/ROSrevision/Task3/install/hypotopic:/opt/ros/humble /usr/bin/cmake --install /home/shridhar/Documents/ROSrevision/Task4/build/arucosrvmsg
[4.225s] Level 1:colcon.colcon_core.environment:checking '/home/shridhar/Documents/ROSrevision/Task4/install/arucosrvmsg' for CMake module files
[4.225s] Level 1:colcon.colcon_core.environment:checking '/home/shridhar/Documents/ROSrevision/Task4/install/arucosrvmsg' for CMake config files
[4.226s] Level 1:colcon.colcon_core.shell:create_environment_hook('arucosrvmsg', 'cmake_prefix_path')
[4.226s] INFO:colcon.colcon_core.shell:Creating environment hook '/home/shridhar/Documents/ROSrevision/Task4/install/arucosrvmsg/share/arucosrvmsg/hook/cmake_prefix_path.ps1'
[4.227s] INFO:colcon.colcon_core.shell:Creating environment descriptor '/home/shridhar/Documents/ROSrevision/Task4/install/arucosrvmsg/share/arucosrvmsg/hook/cmake_prefix_path.dsv'
[4.228s] INFO:colcon.colcon_core.shell:Creating environment hook '/home/shridhar/Documents/ROSrevision/Task4/install/arucosrvmsg/share/arucosrvmsg/hook/cmake_prefix_path.sh'
[4.229s] Level 1:colcon.colcon_core.environment:checking '/home/shridhar/Documents/ROSrevision/Task4/install/arucosrvmsg/lib'
[4.229s] Level 1:colcon.colcon_core.shell:create_environment_hook('arucosrvmsg', 'ld_library_path_lib')
[4.229s] INFO:colcon.colcon_core.shell:Creating environment hook '/home/shridhar/Documents/ROSrevision/Task4/install/arucosrvmsg/share/arucosrvmsg/hook/ld_library_path_lib.ps1'
[4.230s] INFO:colcon.colcon_core.shell:Creating environment descriptor '/home/shridhar/Documents/ROSrevision/Task4/install/arucosrvmsg/share/arucosrvmsg/hook/ld_library_path_lib.dsv'
[4.230s] INFO:colcon.colcon_core.shell:Creating environment hook '/home/shridhar/Documents/ROSrevision/Task4/install/arucosrvmsg/share/arucosrvmsg/hook/ld_library_path_lib.sh'
[4.230s] Level 1:colcon.colcon_core.environment:checking '/home/shridhar/Documents/ROSrevision/Task4/install/arucosrvmsg/bin'
[4.230s] Level 1:colcon.colcon_core.environment:checking '/home/shridhar/Documents/ROSrevision/Task4/install/arucosrvmsg/lib/pkgconfig/arucosrvmsg.pc'
[4.231s] Level 1:colcon.colcon_core.environment:checking '/home/shridhar/Documents/ROSrevision/Task4/install/arucosrvmsg/lib/python3.10/site-packages'
[4.231s] Level 1:colcon.colcon_core.environment:checking '/home/shridhar/Documents/ROSrevision/Task4/install/arucosrvmsg/bin'
[4.231s] INFO:colcon.colcon_core.shell:Creating package script '/home/shridhar/Documents/ROSrevision/Task4/install/arucosrvmsg/share/arucosrvmsg/package.ps1'
[4.232s] INFO:colcon.colcon_core.shell:Creating package descriptor '/home/shridhar/Documents/ROSrevision/Task4/install/arucosrvmsg/share/arucosrvmsg/package.dsv'
[4.233s] INFO:colcon.colcon_core.shell:Creating package script '/home/shridhar/Documents/ROSrevision/Task4/install/arucosrvmsg/share/arucosrvmsg/package.sh'
[4.234s] INFO:colcon.colcon_core.shell:Creating package script '/home/shridhar/Documents/ROSrevision/Task4/install/arucosrvmsg/share/arucosrvmsg/package.bash'
[4.234s] INFO:colcon.colcon_core.shell:Creating package script '/home/shridhar/Documents/ROSrevision/Task4/install/arucosrvmsg/share/arucosrvmsg/package.zsh'
[4.235s] Level 1:colcon.colcon_core.environment:create_file_with_runtime_dependencies(/home/shridhar/Documents/ROSrevision/Task4/install/arucosrvmsg/share/colcon-core/packages/arucosrvmsg)
[4.306s] Level 1:colcon.colcon_core.environment:create_environment_scripts_only(arucosrvmsg)
[4.307s] Level 1:colcon.colcon_core.environment:checking '/home/shridhar/Documents/ROSrevision/Task4/install/arucosrvmsg' for CMake module files
[4.308s] Level 1:colcon.colcon_core.environment:checking '/home/shridhar/Documents/ROSrevision/Task4/install/arucosrvmsg' for CMake config files
[4.308s] Level 1:colcon.colcon_core.shell:create_environment_hook('arucosrvmsg', 'cmake_prefix_path')
[4.308s] INFO:colcon.colcon_core.shell:Creating environment hook '/home/shridhar/Documents/ROSrevision/Task4/install/arucosrvmsg/share/arucosrvmsg/hook/cmake_prefix_path.ps1'
[4.309s] INFO:colcon.colcon_core.shell:Creating environment descriptor '/home/shridhar/Documents/ROSrevision/Task4/install/arucosrvmsg/share/arucosrvmsg/hook/cmake_prefix_path.dsv'
[4.310s] INFO:colcon.colcon_core.shell:Creating environment hook '/home/shridhar/Documents/ROSrevision/Task4/install/arucosrvmsg/share/arucosrvmsg/hook/cmake_prefix_path.sh'
[4.310s] Level 1:colcon.colcon_core.environment:checking '/home/shridhar/Documents/ROSrevision/Task4/install/arucosrvmsg/lib'
[4.310s] Level 1:colcon.colcon_core.shell:create_environment_hook('arucosrvmsg', 'ld_library_path_lib')
[4.311s] INFO:colcon.colcon_core.shell:Creating environment hook '/home/shridhar/Documents/ROSrevision/Task4/install/arucosrvmsg/share/arucosrvmsg/hook/ld_library_path_lib.ps1'
[4.311s] INFO:colcon.colcon_core.shell:Creating environment descriptor '/home/shridhar/Documents/ROSrevision/Task4/install/arucosrvmsg/share/arucosrvmsg/hook/ld_library_path_lib.dsv'
[4.312s] INFO:colcon.colcon_core.shell:Creating environment hook '/home/shridhar/Documents/ROSrevision/Task4/install/arucosrvmsg/share/arucosrvmsg/hook/ld_library_path_lib.sh'
[4.312s] Level 1:colcon.colcon_core.environment:checking '/home/shridhar/Documents/ROSrevision/Task4/install/arucosrvmsg/bin'
[4.312s] Level 1:colcon.colcon_core.environment:checking '/home/shridhar/Documents/ROSrevision/Task4/install/arucosrvmsg/lib/pkgconfig/arucosrvmsg.pc'
[4.313s] Level 1:colcon.colcon_core.environment:checking '/home/shridhar/Documents/ROSrevision/Task4/install/arucosrvmsg/lib/python3.10/site-packages'
[4.313s] Level 1:colcon.colcon_core.environment:checking '/home/shridhar/Documents/ROSrevision/Task4/install/arucosrvmsg/bin'
[4.313s] INFO:colcon.colcon_core.shell:Creating package script '/home/shridhar/Documents/ROSrevision/Task4/install/arucosrvmsg/share/arucosrvmsg/package.ps1'
[4.314s] INFO:colcon.colcon_core.shell:Creating package descriptor '/home/shridhar/Documents/ROSrevision/Task4/install/arucosrvmsg/share/arucosrvmsg/package.dsv'
[4.315s] INFO:colcon.colcon_core.shell:Creating package script '/home/shridhar/Documents/ROSrevision/Task4/install/arucosrvmsg/share/arucosrvmsg/package.sh'
[4.315s] INFO:colcon.colcon_core.shell:Creating package script '/home/shridhar/Documents/ROSrevision/Task4/install/arucosrvmsg/share/arucosrvmsg/package.bash'
[4.316s] INFO:colcon.colcon_core.shell:Creating package script '/home/shridhar/Documents/ROSrevision/Task4/install/arucosrvmsg/share/arucosrvmsg/package.zsh'
[4.316s] Level 1:colcon.colcon_core.environment:create_file_with_runtime_dependencies(/home/shridhar/Documents/ROSrevision/Task4/install/arucosrvmsg/share/colcon-core/packages/arucosrvmsg)
[4.317s] DEBUG:colcon.colcon_parallel_executor.executor.parallel:closing loop
[4.317s] DEBUG:colcon.colcon_parallel_executor.executor.parallel:loop closed
[4.318s] DEBUG:colcon.colcon_parallel_executor.executor.parallel:run_until_complete finished with '0'
[4.318s] DEBUG:colcon.colcon_core.event_reactor:joining thread
[4.325s] INFO:colcon.colcon_core.plugin_system:Skipping extension 'colcon_notification.desktop_notification.terminal_notifier': Not used on non-Darwin systems
[4.325s] INFO:colcon.colcon_core.plugin_system:Skipping extension 'colcon_notification.desktop_notification.win32': Not used on non-Windows systems
[4.325s] INFO:colcon.colcon_notification.desktop_notification:Sending desktop notification using 'notify2'
[4.344s] DEBUG:colcon.colcon_core.event_reactor:joined thread
[4.344s] INFO:colcon.colcon_core.shell:Creating prefix script '/home/shridhar/Documents/ROSrevision/Task4/install/local_setup.ps1'
[4.346s] INFO:colcon.colcon_core.shell:Creating prefix util module '/home/shridhar/Documents/ROSrevision/Task4/install/_local_setup_util_ps1.py'
[4.347s] INFO:colcon.colcon_core.shell:Creating prefix chain script '/home/shridhar/Documents/ROSrevision/Task4/install/setup.ps1'
[4.349s] INFO:colcon.colcon_core.shell:Creating prefix script '/home/shridhar/Documents/ROSrevision/Task4/install/local_setup.sh'
[4.349s] INFO:colcon.colcon_core.shell:Creating prefix util module '/home/shridhar/Documents/ROSrevision/Task4/install/_local_setup_util_sh.py'
[4.350s] INFO:colcon.colcon_core.shell:Creating prefix chain script '/home/shridhar/Documents/ROSrevision/Task4/install/setup.sh'
[4.351s] INFO:colcon.colcon_core.shell:Creating prefix script '/home/shridhar/Documents/ROSrevision/Task4/install/local_setup.bash'
[4.352s] INFO:colcon.colcon_core.shell:Creating prefix chain script '/home/shridhar/Documents/ROSrevision/Task4/install/setup.bash'
[4.353s] INFO:colcon.colcon_core.shell:Creating prefix script '/home/shridhar/Documents/ROSrevision/Task4/install/local_setup.zsh'
[4.353s] INFO:colcon.colcon_core.shell:Creating prefix chain script '/home/shridhar/Documents/ROSrevision/Task4/install/setup.zsh'
