[0.641s] Invoking command in '/home/shridhar/Documents/ROSrevision/Task4/src/arucoserver': PYTHONPATH=/home/shridhar/Documents/ROSrevision/Task4/build/arucoserver/prefix_override:/usr/lib/python3/dist-packages/colcon_core/task/python/colcon_distutils_commands:/home/shridhar/Documents/ROSrevision/Task4/install/arucoserver/lib/python3.10/site-packages:${PYTHONPATH} /usr/bin/python3 -W ignore:setup.py install is deprecated setup.py egg_info --egg-base ../../build/arucoserver build --build-base /home/shridhar/Documents/ROSrevision/Task4/build/arucoserver/build install --record /home/shridhar/Documents/ROSrevision/Task4/build/arucoserver/install.log --single-version-externally-managed install_data
[0.887s] running egg_info
[0.888s] writing ../../build/arucoserver/arucoserver.egg-info/PKG-INFO
[0.888s] writing dependency_links to ../../build/arucoserver/arucoserver.egg-info/dependency_links.txt
[0.888s] writing entry points to ../../build/arucoserver/arucoserver.egg-info/entry_points.txt
[0.888s] writing requirements to ../../build/arucoserver/arucoserver.egg-info/requires.txt
[0.888s] writing top-level names to ../../build/arucoserver/arucoserver.egg-info/top_level.txt
[0.889s] reading manifest file '../../build/arucoserver/arucoserver.egg-info/SOURCES.txt'
[0.891s] writing manifest file '../../build/arucoserver/arucoserver.egg-info/SOURCES.txt'
[0.891s] running build
[0.891s] running build_py
[0.891s] copying arucoserver/service.py -> /home/shridhar/Documents/ROSrevision/Task4/build/arucoserver/build/lib/arucoserver
[0.891s] copying arucoserver/image_client.py -> /home/shridhar/Documents/ROSrevision/Task4/build/arucoserver/build/lib/arucoserver
[0.891s] running install
[0.891s] running install_lib
[0.892s] copying /home/shridhar/Documents/ROSrevision/Task4/build/arucoserver/build/lib/arucoserver/service.py -> /home/shridhar/Documents/ROSrevision/Task4/install/arucoserver/lib/python3.10/site-packages/arucoserver
[0.892s] copying /home/shridhar/Documents/ROSrevision/Task4/build/arucoserver/build/lib/arucoserver/image_client.py -> /home/shridhar/Documents/ROSrevision/Task4/install/arucoserver/lib/python3.10/site-packages/arucoserver
[0.893s] byte-compiling /home/shridhar/Documents/ROSrevision/Task4/install/arucoserver/lib/python3.10/site-packages/arucoserver/service.py to service.cpython-310.pyc
[0.894s] byte-compiling /home/shridhar/Documents/ROSrevision/Task4/install/arucoserver/lib/python3.10/site-packages/arucoserver/image_client.py to image_client.cpython-310.pyc
[0.894s] running install_data
[0.894s] running install_egg_info
[0.897s] removing '/home/shridhar/Documents/ROSrevision/Task4/install/arucoserver/lib/python3.10/site-packages/arucoserver-0.0.0-py3.10.egg-info' (and everything under it)
[0.897s] Copying ../../build/arucoserver/arucoserver.egg-info to /home/shridhar/Documents/ROSrevision/Task4/install/arucoserver/lib/python3.10/site-packages/arucoserver-0.0.0-py3.10.egg-info
[0.898s] running install_scripts
[0.920s] Installing imageclient script to /home/shridhar/Documents/ROSrevision/Task4/install/arucoserver/lib/arucoserver
[0.921s] Installing service script to /home/shridhar/Documents/ROSrevision/Task4/install/arucoserver/lib/arucoserver
[0.921s] writing list of installed files to '/home/shridhar/Documents/ROSrevision/Task4/build/arucoserver/install.log'
[0.952s] Invoked command in '/home/shridhar/Documents/ROSrevision/Task4/src/arucoserver' returned '0': PYTHONPATH=/home/shridhar/Documents/ROSrevision/Task4/build/arucoserver/prefix_override:/usr/lib/python3/dist-packages/colcon_core/task/python/colcon_distutils_commands:/home/shridhar/Documents/ROSrevision/Task4/install/arucoserver/lib/python3.10/site-packages:${PYTHONPATH} /usr/bin/python3 -W ignore:setup.py install is deprecated setup.py egg_info --egg-base ../../build/arucoserver build --build-base /home/shridhar/Documents/ROSrevision/Task4/build/arucoserver/build install --record /home/shridhar/Documents/ROSrevision/Task4/build/arucoserver/install.log --single-version-externally-managed install_data
