running egg_info
writing ../../build/assgn/assgn.egg-info/PKG-INFO
writing dependency_links to ../../build/assgn/assgn.egg-info/dependency_links.txt
writing entry points to ../../build/assgn/assgn.egg-info/entry_points.txt
writing requirements to ../../build/assgn/assgn.egg-info/requires.txt
writing top-level names to ../../build/assgn/assgn.egg-info/top_level.txt
reading manifest file '../../build/assgn/assgn.egg-info/SOURCES.txt'
writing manifest file '../../build/assgn/assgn.egg-info/SOURCES.txt'
running build
running build_py
copying assgn/96.py -> /home/shridhar/Workspaces/mrt_ws/Task4/build/assgn/build/lib/assgn
running install
running install_lib
copying /home/shridhar/Workspaces/mrt_ws/Task4/build/assgn/build/lib/assgn/96.py -> /home/shridhar/Workspaces/mrt_ws/Task4/install/assgn/lib/python3.10/site-packages/assgn
byte-compiling /home/shridhar/Workspaces/mrt_ws/Task4/install/assgn/lib/python3.10/site-packages/assgn/96.py to 96.cpython-310.pyc
running install_data
copying worlds/mrs_hudson_arena.sdf -> /home/shridhar/Workspaces/mrt_ws/Task4/install/assgn/share/assgn/worlds
running install_egg_info
removing '/home/shridhar/Workspaces/mrt_ws/Task4/install/assgn/lib/python3.10/site-packages/assgn-0.0.0-py3.10.egg-info' (and everything under it)
Copying ../../build/assgn/assgn.egg-info to /home/shridhar/Workspaces/mrt_ws/Task4/install/assgn/lib/python3.10/site-packages/assgn-0.0.0-py3.10.egg-info
running install_scripts
Installing 96 script to /home/shridhar/Workspaces/mrt_ws/Task4/install/assgn/lib/assgn
writing list of installed files to '/home/shridhar/Workspaces/mrt_ws/Task4/build/assgn/install.log'
