[0.107s] DEBUG:colcon:Command line arguments: ['/usr/bin/colcon', 'build']
[0.107s] DEBUG:colcon:Parsed command line arguments: Namespace(log_base=None, log_level=None, verb_name='build', build_base='build', install_base='install', merge_install=False, symlink_install=False, test_result_base=None, continue_on_error=False, executor='parallel', parallel_workers=22, event_handlers=None, ignore_user_meta=False, metas=['./colcon.meta'], base_paths=['.'], packages_ignore=None, packages_ignore_regex=None, paths=None, packages_up_to=None, packages_up_to_regex=None, packages_above=None, packages_above_and_dependencies=None, packages_above_depth=None, packages_select_by_dep=None, packages_skip_by_dep=None, packages_skip_up_to=None, packages_select_build_failed=False, packages_skip_build_finished=False, packages_select_test_failures=False, packages_skip_test_passed=False, packages_select=None, packages_skip=None, packages_select_regex=None, packages_skip_regex=None, packages_start=None, packages_end=None, allow_overriding=[], cmake_args=None, cmake_target=None, cmake_target_skip_unavailable=False, cmake_clean_cache=False, cmake_clean_first=False, cmake_force_configure=False, ament_cmake_args=None, catkin_cmake_args=None, catkin_skip_building_tests=False, mixin_files=None, mixin=None, verb_parser=<colcon_mixin.mixin.mixin_argument.MixinArgumentDecorator object at 0x793a31e3b370>, verb_extension=<colcon_core.verb.build.BuildVerb object at 0x793a31e3a5c0>, main=<bound method BuildVerb.main of <colcon_core.verb.build.BuildVerb object at 0x793a31e3a5c0>>, mixin_verb=('build',))
[0.272s] Level 1:colcon.colcon_core.package_discovery:discover_packages(colcon_meta) check parameters
[0.272s] Level 1:colcon.colcon_core.package_discovery:discover_packages(recursive) check parameters
[0.272s] Level 1:colcon.colcon_core.package_discovery:discover_packages(ignore) check parameters
[0.272s] Level 1:colcon.colcon_core.package_discovery:discover_packages(path) check parameters
[0.272s] Level 1:colcon.colcon_core.package_discovery:discover_packages(colcon_meta) discover
[0.272s] Level 1:colcon.colcon_core.package_discovery:discover_packages(recursive) discover
[0.272s] INFO:colcon.colcon_core.package_discovery:Crawling recursively for packages in '/home/shridhar/Documents/ROSrevision/Task4'
[0.272s] Level 1:colcon.colcon_core.package_identification:_identify(.) by extensions ['ignore', 'ignore_ament_install']
[0.272s] Level 1:colcon.colcon_core.package_identification:_identify(.) by extension 'ignore'
[0.272s] Level 1:colcon.colcon_core.package_identification:_identify(.) by extension 'ignore_ament_install'
[0.272s] Level 1:colcon.colcon_core.package_identification:_identify(.) by extensions ['colcon_pkg']
[0.272s] Level 1:colcon.colcon_core.package_identification:_identify(.) by extension 'colcon_pkg'
[0.272s] Level 1:colcon.colcon_core.package_identification:_identify(.) by extensions ['colcon_meta']
[0.272s] Level 1:colcon.colcon_core.package_identification:_identify(.) by extension 'colcon_meta'
[0.272s] Level 1:colcon.colcon_core.package_identification:_identify(.) by extensions ['ros']
[0.272s] Level 1:colcon.colcon_core.package_identification:_identify(.) by extension 'ros'
[0.284s] Level 1:colcon.colcon_core.package_identification:_identify(.) by extensions ['cmake', 'python']
[0.284s] Level 1:colcon.colcon_core.package_identification:_identify(.) by extension 'cmake'
[0.284s] Level 1:colcon.colcon_core.package_identification:_identify(.) by extension 'python'
[0.284s] Level 1:colcon.colcon_core.package_identification:_identify(.) by extensions ['python_setup_py']
[0.284s] Level 1:colcon.colcon_core.package_identification:_identify(.) by extension 'python_setup_py'
[0.284s] Level 1:colcon.colcon_core.package_identification:_identify(build) by extensions ['ignore', 'ignore_ament_install']
[0.284s] Level 1:colcon.colcon_core.package_identification:_identify(build) by extension 'ignore'
[0.284s] Level 1:colcon.colcon_core.package_identification:_identify(build) ignored
[0.284s] Level 1:colcon.colcon_core.package_identification:_identify(install) by extensions ['ignore', 'ignore_ament_install']
[0.284s] Level 1:colcon.colcon_core.package_identification:_identify(install) by extension 'ignore'
[0.284s] Level 1:colcon.colcon_core.package_identification:_identify(install) ignored
[0.284s] Level 1:colcon.colcon_core.package_identification:_identify(log) by extensions ['ignore', 'ignore_ament_install']
[0.284s] Level 1:colcon.colcon_core.package_identification:_identify(log) by extension 'ignore'
[0.284s] Level 1:colcon.colcon_core.package_identification:_identify(log) ignored
[0.285s] Level 1:colcon.colcon_core.package_identification:_identify(src) by extensions ['ignore', 'ignore_ament_install']
[0.285s] Level 1:colcon.colcon_core.package_identification:_identify(src) by extension 'ignore'
[0.285s] Level 1:colcon.colcon_core.package_identification:_identify(src) by extension 'ignore_ament_install'
[0.285s] Level 1:colcon.colcon_core.package_identification:_identify(src) by extensions ['colcon_pkg']
[0.285s] Level 1:colcon.colcon_core.package_identification:_identify(src) by extension 'colcon_pkg'
[0.285s] Level 1:colcon.colcon_core.package_identification:_identify(src) by extensions ['colcon_meta']
[0.285s] Level 1:colcon.colcon_core.package_identification:_identify(src) by extension 'colcon_meta'
[0.285s] Level 1:colcon.colcon_core.package_identification:_identify(src) by extensions ['ros']
[0.285s] Level 1:colcon.colcon_core.package_identification:_identify(src) by extension 'ros'
[0.285s] Level 1:colcon.colcon_core.package_identification:_identify(src) by extensions ['cmake', 'python']
[0.285s] Level 1:colcon.colcon_core.package_identification:_identify(src) by extension 'cmake'
[0.285s] Level 1:colcon.colcon_core.package_identification:_identify(src) by extension 'python'
[0.285s] Level 1:colcon.colcon_core.package_identification:_identify(src) by extensions ['python_setup_py']
[0.285s] Level 1:colcon.colcon_core.package_identification:_identify(src) by extension 'python_setup_py'
[0.285s] Level 1:colcon.colcon_core.package_identification:_identify(src/arucoserver) by extensions ['ignore', 'ignore_ament_install']
[0.285s] Level 1:colcon.colcon_core.package_identification:_identify(src/arucoserver) by extension 'ignore'
[0.285s] Level 1:colcon.colcon_core.package_identification:_identify(src/arucoserver) by extension 'ignore_ament_install'
[0.285s] Level 1:colcon.colcon_core.package_identification:_identify(src/arucoserver) by extensions ['colcon_pkg']
[0.285s] Level 1:colcon.colcon_core.package_identification:_identify(src/arucoserver) by extension 'colcon_pkg'
[0.285s] Level 1:colcon.colcon_core.package_identification:_identify(src/arucoserver) by extensions ['colcon_meta']
[0.285s] Level 1:colcon.colcon_core.package_identification:_identify(src/arucoserver) by extension 'colcon_meta'
[0.285s] Level 1:colcon.colcon_core.package_identification:_identify(src/arucoserver) by extensions ['ros']
[0.285s] Level 1:colcon.colcon_core.package_identification:_identify(src/arucoserver) by extension 'ros'
[0.288s] DEBUG:colcon.colcon_core.package_identification:Package 'src/arucoserver' with type 'ros.ament_python' and name 'arucoserver'
[0.288s] Level 1:colcon.colcon_core.package_identification:_identify(src/arucosrvmsg) by extensions ['ignore', 'ignore_ament_install']
[0.288s] Level 1:colcon.colcon_core.package_identification:_identify(src/arucosrvmsg) by extension 'ignore'
[0.288s] Level 1:colcon.colcon_core.package_identification:_identify(src/arucosrvmsg) by extension 'ignore_ament_install'
[0.289s] Level 1:colcon.colcon_core.package_identification:_identify(src/arucosrvmsg) by extensions ['colcon_pkg']
[0.289s] Level 1:colcon.colcon_core.package_identification:_identify(src/arucosrvmsg) by extension 'colcon_pkg'
[0.289s] Level 1:colcon.colcon_core.package_identification:_identify(src/arucosrvmsg) by extensions ['colcon_meta']
[0.289s] Level 1:colcon.colcon_core.package_identification:_identify(src/arucosrvmsg) by extension 'colcon_meta'
[0.289s] Level 1:colcon.colcon_core.package_identification:_identify(src/arucosrvmsg) by extensions ['ros']
[0.289s] Level 1:colcon.colcon_core.package_identification:_identify(src/arucosrvmsg) by extension 'ros'
[0.289s] DEBUG:colcon.colcon_core.package_identification:Package 'src/arucosrvmsg' with type 'ros.ament_cmake' and name 'arucosrvmsg'
[0.289s] Level 1:colcon.colcon_core.package_discovery:discover_packages(recursive) using defaults
[0.290s] Level 1:colcon.colcon_core.package_discovery:discover_packages(ignore) discover
[0.290s] Level 1:colcon.colcon_core.package_discovery:discover_packages(ignore) using defaults
[0.290s] Level 1:colcon.colcon_core.package_discovery:discover_packages(path) discover
[0.290s] Level 1:colcon.colcon_core.package_discovery:discover_packages(path) using defaults
[0.320s] Level 1:colcon.colcon_core.package_discovery:discover_packages(prefix_path) check parameters
[0.320s] Level 1:colcon.colcon_core.package_discovery:discover_packages(prefix_path) discover
[0.321s] DEBUG:colcon.colcon_installed_package_information.package_discovery:Found 2 installed packages in /home/shridhar/Documents/ROSrevision/Task4/install
[0.323s] DEBUG:colcon.colcon_installed_package_information.package_discovery:Found 296 installed packages in /opt/ros/humble
[0.324s] Level 1:colcon.colcon_core.package_discovery:discover_packages(prefix_path) using defaults
[0.362s] Level 5:colcon.colcon_core.verb:set package 'arucosrvmsg' build argument 'cmake_args' from command line to 'None'
[0.362s] Level 5:colcon.colcon_core.verb:set package 'arucosrvmsg' build argument 'cmake_target' from command line to 'None'
[0.362s] Level 5:colcon.colcon_core.verb:set package 'arucosrvmsg' build argument 'cmake_target_skip_unavailable' from command line to 'False'
[0.362s] Level 5:colcon.colcon_core.verb:set package 'arucosrvmsg' build argument 'cmake_clean_cache' from command line to 'False'
[0.362s] Level 5:colcon.colcon_core.verb:set package 'arucosrvmsg' build argument 'cmake_clean_first' from command line to 'False'
[0.362s] Level 5:colcon.colcon_core.verb:set package 'arucosrvmsg' build argument 'cmake_force_configure' from command line to 'False'
[0.362s] Level 5:colcon.colcon_core.verb:set package 'arucosrvmsg' build argument 'ament_cmake_args' from command line to 'None'
[0.362s] Level 5:colcon.colcon_core.verb:set package 'arucosrvmsg' build argument 'catkin_cmake_args' from command line to 'None'
[0.362s] Level 5:colcon.colcon_core.verb:set package 'arucosrvmsg' build argument 'catkin_skip_building_tests' from command line to 'False'
[0.362s] DEBUG:colcon.colcon_core.verb:Building package 'arucosrvmsg' with the following arguments: {'ament_cmake_args': None, 'build_base': '/home/shridhar/Documents/ROSrevision/Task4/build/arucosrvmsg', 'catkin_cmake_args': None, 'catkin_skip_building_tests': False, 'cmake_args': None, 'cmake_clean_cache': False, 'cmake_clean_first': False, 'cmake_force_configure': False, 'cmake_target': None, 'cmake_target_skip_unavailable': False, 'install_base': '/home/shridhar/Documents/ROSrevision/Task4/install/arucosrvmsg', 'merge_install': False, 'path': '/home/shridhar/Documents/ROSrevision/Task4/src/arucosrvmsg', 'symlink_install': False, 'test_result_base': None}
[0.363s] Level 5:colcon.colcon_core.verb:set package 'arucoserver' build argument 'cmake_args' from command line to 'None'
[0.363s] Level 5:colcon.colcon_core.verb:set package 'arucoserver' build argument 'cmake_target' from command line to 'None'
[0.363s] Level 5:colcon.colcon_core.verb:set package 'arucoserver' build argument 'cmake_target_skip_unavailable' from command line to 'False'
[0.363s] Level 5:colcon.colcon_core.verb:set package 'arucoserver' build argument 'cmake_clean_cache' from command line to 'False'
[0.363s] Level 5:colcon.colcon_core.verb:set package 'arucoserver' build argument 'cmake_clean_first' from command line to 'False'
[0.363s] Level 5:colcon.colcon_core.verb:set package 'arucoserver' build argument 'cmake_force_configure' from command line to 'False'
[0.363s] Level 5:colcon.colcon_core.verb:set package 'arucoserver' build argument 'ament_cmake_args' from command line to 'None'
[0.363s] Level 5:colcon.colcon_core.verb:set package 'arucoserver' build argument 'catkin_cmake_args' from command line to 'None'
[0.363s] Level 5:colcon.colcon_core.verb:set package 'arucoserver' build argument 'catkin_skip_building_tests' from command line to 'False'
[0.363s] DEBUG:colcon.colcon_core.verb:Building package 'arucoserver' with the following arguments: {'ament_cmake_args': None, 'build_base': '/home/shridhar/Documents/ROSrevision/Task4/build/arucoserver', 'catkin_cmake_args': None, 'catkin_skip_building_tests': False, 'cmake_args': None, 'cmake_clean_cache': False, 'cmake_clean_first': False, 'cmake_force_configure': False, 'cmake_target': None, 'cmake_target_skip_unavailable': False, 'install_base': '/home/shridhar/Documents/ROSrevision/Task4/install/arucoserver', 'merge_install': False, 'path': '/home/shridhar/Documents/ROSrevision/Task4/src/arucoserver', 'symlink_install': False, 'test_result_base': None}
[0.363s] INFO:colcon.colcon_core.executor:Executing jobs using 'parallel' executor
[0.364s] DEBUG:colcon.colcon_parallel_executor.executor.parallel:run_until_complete
[0.365s] INFO:colcon.colcon_ros.task.ament_cmake.build:Building ROS package in '/home/shridhar/Documents/ROSrevision/Task4/src/arucosrvmsg' with build type 'ament_cmake'
[0.365s] INFO:colcon.colcon_cmake.task.cmake.build:Building CMake package in '/home/shridhar/Documents/ROSrevision/Task4/src/arucosrvmsg'
[0.367s] INFO:colcon.colcon_core.plugin_system:Skipping extension 'colcon_core.shell.bat': Not used on non-Windows systems
[0.367s] INFO:colcon.colcon_core.shell:Skip shell extension 'powershell' for command environment: Not usable outside of PowerShell
[0.367s] DEBUG:colcon.colcon_core.shell:Skip shell extension 'dsv' for command environment
[0.378s] DEBUG:colcon.colcon_core.event_handler.log_command:Invoking command in '/home/shridhar/Documents/ROSrevision/Task4/build/arucosrvmsg': CMAKE_PREFIX_PATH=${CMAKE_PREFIX_PATH}:/home/shridhar/Documents/ROSrevision/Task4/install/arucoserver:/opt/ros/humble /usr/bin/cmake --build /home/shridhar/Documents/ROSrevision/Task4/build/arucosrvmsg -- -j22 -l22
[0.758s] DEBUG:colcon.colcon_core.event_handler.log_command:Invoked command in '/home/shridhar/Documents/ROSrevision/Task4/build/arucosrvmsg' returned '0': CMAKE_PREFIX_PATH=${CMAKE_PREFIX_PATH}:/home/shridhar/Documents/ROSrevision/Task4/install/arucoserver:/opt/ros/humble /usr/bin/cmake --build /home/shridhar/Documents/ROSrevision/Task4/build/arucosrvmsg -- -j22 -l22
[0.861s] DEBUG:colcon.colcon_core.event_handler.log_command:Invoking command in '/home/shridhar/Documents/ROSrevision/Task4/build/arucosrvmsg': CMAKE_PREFIX_PATH=${CMAKE_PREFIX_PATH}:/home/shridhar/Documents/ROSrevision/Task4/install/arucoserver:/opt/ros/humble /usr/bin/cmake --install /home/shridhar/Documents/ROSrevision/Task4/build/arucosrvmsg
[0.931s] Level 1:colcon.colcon_core.environment:create_environment_scripts_only(arucosrvmsg)
[0.932s] DEBUG:colcon.colcon_core.event_handler.log_command:Invoked command in '/home/shridhar/Documents/ROSrevision/Task4/build/arucosrvmsg' returned '0': CMAKE_PREFIX_PATH=${CMAKE_PREFIX_PATH}:/home/shridhar/Documents/ROSrevision/Task4/install/arucoserver:/opt/ros/humble /usr/bin/cmake --install /home/shridhar/Documents/ROSrevision/Task4/build/arucosrvmsg
[0.935s] Level 1:colcon.colcon_core.environment:checking '/home/shridhar/Documents/ROSrevision/Task4/install/arucosrvmsg' for CMake module files
[0.935s] Level 1:colcon.colcon_core.environment:checking '/home/shridhar/Documents/ROSrevision/Task4/install/arucosrvmsg' for CMake config files
[0.936s] Level 1:colcon.colcon_core.shell:create_environment_hook('arucosrvmsg', 'cmake_prefix_path')
[0.937s] INFO:colcon.colcon_core.shell:Creating environment hook '/home/shridhar/Documents/ROSrevision/Task4/install/arucosrvmsg/share/arucosrvmsg/hook/cmake_prefix_path.ps1'
[0.938s] INFO:colcon.colcon_core.shell:Creating environment descriptor '/home/shridhar/Documents/ROSrevision/Task4/install/arucosrvmsg/share/arucosrvmsg/hook/cmake_prefix_path.dsv'
[0.938s] INFO:colcon.colcon_core.shell:Creating environment hook '/home/shridhar/Documents/ROSrevision/Task4/install/arucosrvmsg/share/arucosrvmsg/hook/cmake_prefix_path.sh'
[0.939s] Level 1:colcon.colcon_core.environment:checking '/home/shridhar/Documents/ROSrevision/Task4/install/arucosrvmsg/lib'
[0.940s] Level 1:colcon.colcon_core.shell:create_environment_hook('arucosrvmsg', 'ld_library_path_lib')
[0.940s] INFO:colcon.colcon_core.shell:Creating environment hook '/home/shridhar/Documents/ROSrevision/Task4/install/arucosrvmsg/share/arucosrvmsg/hook/ld_library_path_lib.ps1'
[0.940s] INFO:colcon.colcon_core.shell:Creating environment descriptor '/home/shridhar/Documents/ROSrevision/Task4/install/arucosrvmsg/share/arucosrvmsg/hook/ld_library_path_lib.dsv'
[0.941s] INFO:colcon.colcon_core.shell:Creating environment hook '/home/shridhar/Documents/ROSrevision/Task4/install/arucosrvmsg/share/arucosrvmsg/hook/ld_library_path_lib.sh'
[0.941s] Level 1:colcon.colcon_core.environment:checking '/home/shridhar/Documents/ROSrevision/Task4/install/arucosrvmsg/bin'
[0.941s] Level 1:colcon.colcon_core.environment:checking '/home/shridhar/Documents/ROSrevision/Task4/install/arucosrvmsg/lib/pkgconfig/arucosrvmsg.pc'
[0.942s] Level 1:colcon.colcon_core.environment:checking '/home/shridhar/Documents/ROSrevision/Task4/install/arucosrvmsg/lib/python3.10/site-packages'
[0.942s] Level 1:colcon.colcon_core.environment:checking '/home/shridhar/Documents/ROSrevision/Task4/install/arucosrvmsg/bin'
[0.942s] INFO:colcon.colcon_core.shell:Creating package script '/home/shridhar/Documents/ROSrevision/Task4/install/arucosrvmsg/share/arucosrvmsg/package.ps1'
[0.944s] INFO:colcon.colcon_core.shell:Creating package descriptor '/home/shridhar/Documents/ROSrevision/Task4/install/arucosrvmsg/share/arucosrvmsg/package.dsv'
[0.944s] INFO:colcon.colcon_core.shell:Creating package script '/home/shridhar/Documents/ROSrevision/Task4/install/arucosrvmsg/share/arucosrvmsg/package.sh'
[0.945s] INFO:colcon.colcon_core.shell:Creating package script '/home/shridhar/Documents/ROSrevision/Task4/install/arucosrvmsg/share/arucosrvmsg/package.bash'
[0.946s] INFO:colcon.colcon_core.shell:Creating package script '/home/shridhar/Documents/ROSrevision/Task4/install/arucosrvmsg/share/arucosrvmsg/package.zsh'
[0.946s] Level 1:colcon.colcon_core.environment:create_file_with_runtime_dependencies(/home/shridhar/Documents/ROSrevision/Task4/install/arucosrvmsg/share/colcon-core/packages/arucosrvmsg)
[1.034s] Level 1:colcon.colcon_core.environment:create_environment_scripts_only(arucosrvmsg)
[1.034s] Level 1:colcon.colcon_core.environment:checking '/home/shridhar/Documents/ROSrevision/Task4/install/arucosrvmsg' for CMake module files
[1.035s] Level 1:colcon.colcon_core.environment:checking '/home/shridhar/Documents/ROSrevision/Task4/install/arucosrvmsg' for CMake config files
[1.036s] Level 1:colcon.colcon_core.shell:create_environment_hook('arucosrvmsg', 'cmake_prefix_path')
[1.036s] INFO:colcon.colcon_core.shell:Creating environment hook '/home/shridhar/Documents/ROSrevision/Task4/install/arucosrvmsg/share/arucosrvmsg/hook/cmake_prefix_path.ps1'
[1.037s] INFO:colcon.colcon_core.shell:Creating environment descriptor '/home/shridhar/Documents/ROSrevision/Task4/install/arucosrvmsg/share/arucosrvmsg/hook/cmake_prefix_path.dsv'
[1.037s] INFO:colcon.colcon_core.shell:Creating environment hook '/home/shridhar/Documents/ROSrevision/Task4/install/arucosrvmsg/share/arucosrvmsg/hook/cmake_prefix_path.sh'
[1.038s] Level 1:colcon.colcon_core.environment:checking '/home/shridhar/Documents/ROSrevision/Task4/install/arucosrvmsg/lib'
[1.038s] Level 1:colcon.colcon_core.shell:create_environment_hook('arucosrvmsg', 'ld_library_path_lib')
[1.038s] INFO:colcon.colcon_core.shell:Creating environment hook '/home/shridhar/Documents/ROSrevision/Task4/install/arucosrvmsg/share/arucosrvmsg/hook/ld_library_path_lib.ps1'
[1.039s] INFO:colcon.colcon_core.shell:Creating environment descriptor '/home/shridhar/Documents/ROSrevision/Task4/install/arucosrvmsg/share/arucosrvmsg/hook/ld_library_path_lib.dsv'
[1.039s] INFO:colcon.colcon_core.shell:Creating environment hook '/home/shridhar/Documents/ROSrevision/Task4/install/arucosrvmsg/share/arucosrvmsg/hook/ld_library_path_lib.sh'
[1.040s] Level 1:colcon.colcon_core.environment:checking '/home/shridhar/Documents/ROSrevision/Task4/install/arucosrvmsg/bin'
[1.040s] Level 1:colcon.colcon_core.environment:checking '/home/shridhar/Documents/ROSrevision/Task4/install/arucosrvmsg/lib/pkgconfig/arucosrvmsg.pc'
[1.040s] Level 1:colcon.colcon_core.environment:checking '/home/shridhar/Documents/ROSrevision/Task4/install/arucosrvmsg/lib/python3.10/site-packages'
[1.040s] Level 1:colcon.colcon_core.environment:checking '/home/shridhar/Documents/ROSrevision/Task4/install/arucosrvmsg/bin'
[1.041s] INFO:colcon.colcon_core.shell:Creating package script '/home/shridhar/Documents/ROSrevision/Task4/install/arucosrvmsg/share/arucosrvmsg/package.ps1'
[1.042s] INFO:colcon.colcon_core.shell:Creating package descriptor '/home/shridhar/Documents/ROSrevision/Task4/install/arucosrvmsg/share/arucosrvmsg/package.dsv'
[1.042s] INFO:colcon.colcon_core.shell:Creating package script '/home/shridhar/Documents/ROSrevision/Task4/install/arucosrvmsg/share/arucosrvmsg/package.sh'
[1.043s] INFO:colcon.colcon_core.shell:Creating package script '/home/shridhar/Documents/ROSrevision/Task4/install/arucosrvmsg/share/arucosrvmsg/package.bash'
[1.043s] INFO:colcon.colcon_core.shell:Creating package script '/home/shridhar/Documents/ROSrevision/Task4/install/arucosrvmsg/share/arucosrvmsg/package.zsh'
[1.044s] Level 1:colcon.colcon_core.environment:create_file_with_runtime_dependencies(/home/shridhar/Documents/ROSrevision/Task4/install/arucosrvmsg/share/colcon-core/packages/arucosrvmsg)
[1.044s] INFO:colcon.colcon_ros.task.ament_python.build:Building ROS package in '/home/shridhar/Documents/ROSrevision/Task4/src/arucoserver' with build type 'ament_python'
[1.044s] Level 1:colcon.colcon_core.shell:create_environment_hook('arucoserver', 'ament_prefix_path')
[1.045s] INFO:colcon.colcon_core.shell:Creating environment hook '/home/shridhar/Documents/ROSrevision/Task4/install/arucoserver/share/arucoserver/hook/ament_prefix_path.ps1'
[1.046s] INFO:colcon.colcon_core.shell:Creating environment descriptor '/home/shridhar/Documents/ROSrevision/Task4/install/arucoserver/share/arucoserver/hook/ament_prefix_path.dsv'
[1.046s] INFO:colcon.colcon_core.shell:Creating environment hook '/home/shridhar/Documents/ROSrevision/Task4/install/arucoserver/share/arucoserver/hook/ament_prefix_path.sh'
[1.047s] INFO:colcon.colcon_core.shell:Skip shell extension 'powershell' for command environment: Not usable outside of PowerShell
[1.047s] DEBUG:colcon.colcon_core.shell:Skip shell extension 'dsv' for command environment
[1.313s] INFO:colcon.colcon_core.task.python.build:Building Python package in '/home/shridhar/Documents/ROSrevision/Task4/src/arucoserver'
[1.314s] INFO:colcon.colcon_core.shell:Skip shell extension 'powershell' for command environment: Not usable outside of PowerShell
[1.314s] DEBUG:colcon.colcon_core.shell:Skip shell extension 'dsv' for command environment
[1.666s] DEBUG:colcon.colcon_core.event_handler.log_command:Invoking command in '/home/shridhar/Documents/ROSrevision/Task4/src/arucoserver': PYTHONPATH=/home/shridhar/Documents/ROSrevision/Task4/build/arucoserver/prefix_override:/usr/lib/python3/dist-packages/colcon_core/task/python/colcon_distutils_commands:/home/shridhar/Documents/ROSrevision/Task4/install/arucoserver/lib/python3.10/site-packages:${PYTHONPATH} /usr/bin/python3 -W ignore:setup.py install is deprecated setup.py egg_info --egg-base ../../build/arucoserver build --build-base /home/shridhar/Documents/ROSrevision/Task4/build/arucoserver/build install --record /home/shridhar/Documents/ROSrevision/Task4/build/arucoserver/install.log --single-version-externally-managed install_data
[1.959s] Level 1:colcon.colcon_core.environment:checking '/home/shridhar/Documents/ROSrevision/Task4/install/arucoserver' for CMake module files
[1.960s] DEBUG:colcon.colcon_core.event_handler.log_command:Invoked command in '/home/shridhar/Documents/ROSrevision/Task4/src/arucoserver' returned '0': PYTHONPATH=/home/shridhar/Documents/ROSrevision/Task4/build/arucoserver/prefix_override:/usr/lib/python3/dist-packages/colcon_core/task/python/colcon_distutils_commands:/home/shridhar/Documents/ROSrevision/Task4/install/arucoserver/lib/python3.10/site-packages:${PYTHONPATH} /usr/bin/python3 -W ignore:setup.py install is deprecated setup.py egg_info --egg-base ../../build/arucoserver build --build-base /home/shridhar/Documents/ROSrevision/Task4/build/arucoserver/build install --record /home/shridhar/Documents/ROSrevision/Task4/build/arucoserver/install.log --single-version-externally-managed install_data
[1.960s] Level 1:colcon.colcon_core.environment:checking '/home/shridhar/Documents/ROSrevision/Task4/install/arucoserver' for CMake config files
[1.960s] Level 1:colcon.colcon_core.environment:checking '/home/shridhar/Documents/ROSrevision/Task4/install/arucoserver/lib'
[1.960s] Level 1:colcon.colcon_core.environment:checking '/home/shridhar/Documents/ROSrevision/Task4/install/arucoserver/bin'
[1.961s] Level 1:colcon.colcon_core.environment:checking '/home/shridhar/Documents/ROSrevision/Task4/install/arucoserver/lib/pkgconfig/arucoserver.pc'
[1.961s] Level 1:colcon.colcon_core.environment:checking '/home/shridhar/Documents/ROSrevision/Task4/install/arucoserver/lib/python3.10/site-packages'
[1.961s] Level 1:colcon.colcon_core.shell:create_environment_hook('arucoserver', 'pythonpath')
[1.961s] INFO:colcon.colcon_core.shell:Creating environment hook '/home/shridhar/Documents/ROSrevision/Task4/install/arucoserver/share/arucoserver/hook/pythonpath.ps1'
[1.962s] INFO:colcon.colcon_core.shell:Creating environment descriptor '/home/shridhar/Documents/ROSrevision/Task4/install/arucoserver/share/arucoserver/hook/pythonpath.dsv'
[1.962s] INFO:colcon.colcon_core.shell:Creating environment hook '/home/shridhar/Documents/ROSrevision/Task4/install/arucoserver/share/arucoserver/hook/pythonpath.sh'
[1.963s] Level 1:colcon.colcon_core.environment:checking '/home/shridhar/Documents/ROSrevision/Task4/install/arucoserver/bin'
[1.963s] Level 1:colcon.colcon_core.environment:create_environment_scripts_only(arucoserver)
[1.963s] INFO:colcon.colcon_core.shell:Creating package script '/home/shridhar/Documents/ROSrevision/Task4/install/arucoserver/share/arucoserver/package.ps1'
[1.964s] INFO:colcon.colcon_core.shell:Creating package descriptor '/home/shridhar/Documents/ROSrevision/Task4/install/arucoserver/share/arucoserver/package.dsv'
[1.964s] INFO:colcon.colcon_core.shell:Creating package script '/home/shridhar/Documents/ROSrevision/Task4/install/arucoserver/share/arucoserver/package.sh'
[1.964s] INFO:colcon.colcon_core.shell:Creating package script '/home/shridhar/Documents/ROSrevision/Task4/install/arucoserver/share/arucoserver/package.bash'
[1.965s] INFO:colcon.colcon_core.shell:Creating package script '/home/shridhar/Documents/ROSrevision/Task4/install/arucoserver/share/arucoserver/package.zsh'
[1.965s] Level 1:colcon.colcon_core.environment:create_file_with_runtime_dependencies(/home/shridhar/Documents/ROSrevision/Task4/install/arucoserver/share/colcon-core/packages/arucoserver)
[1.965s] DEBUG:colcon.colcon_parallel_executor.executor.parallel:closing loop
[1.966s] DEBUG:colcon.colcon_parallel_executor.executor.parallel:loop closed
[1.966s] DEBUG:colcon.colcon_parallel_executor.executor.parallel:run_until_complete finished with '0'
[1.966s] DEBUG:colcon.colcon_core.event_reactor:joining thread
[1.974s] INFO:colcon.colcon_core.plugin_system:Skipping extension 'colcon_notification.desktop_notification.terminal_notifier': Not used on non-Darwin systems
[1.974s] INFO:colcon.colcon_core.plugin_system:Skipping extension 'colcon_notification.desktop_notification.win32': Not used on non-Windows systems
[1.974s] INFO:colcon.colcon_notification.desktop_notification:Sending desktop notification using 'notify2'
[1.992s] DEBUG:colcon.colcon_core.event_reactor:joined thread
[1.992s] INFO:colcon.colcon_core.shell:Creating prefix script '/home/shridhar/Documents/ROSrevision/Task4/install/local_setup.ps1'
[1.994s] INFO:colcon.colcon_core.shell:Creating prefix util module '/home/shridhar/Documents/ROSrevision/Task4/install/_local_setup_util_ps1.py'
[1.995s] INFO:colcon.colcon_core.shell:Creating prefix chain script '/home/shridhar/Documents/ROSrevision/Task4/install/setup.ps1'
[1.997s] INFO:colcon.colcon_core.shell:Creating prefix script '/home/shridhar/Documents/ROSrevision/Task4/install/local_setup.sh'
[1.998s] INFO:colcon.colcon_core.shell:Creating prefix util module '/home/shridhar/Documents/ROSrevision/Task4/install/_local_setup_util_sh.py'
[1.998s] INFO:colcon.colcon_core.shell:Creating prefix chain script '/home/shridhar/Documents/ROSrevision/Task4/install/setup.sh'
[1.999s] INFO:colcon.colcon_core.shell:Creating prefix script '/home/shridhar/Documents/ROSrevision/Task4/install/local_setup.bash'
[2.000s] INFO:colcon.colcon_core.shell:Creating prefix chain script '/home/shridhar/Documents/ROSrevision/Task4/install/setup.bash'
[2.001s] INFO:colcon.colcon_core.shell:Creating prefix script '/home/shridhar/Documents/ROSrevision/Task4/install/local_setup.zsh'
[2.002s] INFO:colcon.colcon_core.shell:Creating prefix chain script '/home/shridhar/Documents/ROSrevision/Task4/install/setup.zsh'
