[0.133s] DEBUG:colcon:Command line arguments: ['/usr/bin/colcon', 'build']
[0.133s] DEBUG:colcon:Parsed command line arguments: Namespace(log_base=None, log_level=None, verb_name='build', build_base='build', install_base='install', merge_install=False, symlink_install=False, test_result_base=None, continue_on_error=False, executor='parallel', parallel_workers=22, event_handlers=None, ignore_user_meta=False, metas=['./colcon.meta'], base_paths=['.'], packages_ignore=None, packages_ignore_regex=None, paths=None, packages_up_to=None, packages_up_to_regex=None, packages_above=None, packages_above_and_dependencies=None, packages_above_depth=None, packages_select_by_dep=None, packages_skip_by_dep=None, packages_skip_up_to=None, packages_select_build_failed=False, packages_skip_build_finished=False, packages_select_test_failures=False, packages_skip_test_passed=False, packages_select=None, packages_skip=None, packages_select_regex=None, packages_skip_regex=None, packages_start=None, packages_end=None, allow_overriding=[], cmake_args=None, cmake_target=None, cmake_target_skip_unavailable=False, cmake_clean_cache=False, cmake_clean_first=False, cmake_force_configure=False, ament_cmake_args=None, catkin_cmake_args=None, catkin_skip_building_tests=False, mixin_files=None, mixin=None, verb_parser=<colcon_mixin.mixin.mixin_argument.MixinArgumentDecorator object at 0x784d2f73ef50>, verb_extension=<colcon_core.verb.build.BuildVerb object at 0x784d2f73e1a0>, main=<bound method BuildVerb.main of <colcon_core.verb.build.BuildVerb object at 0x784d2f73e1a0>>, mixin_verb=('build',))
[0.308s] Level 1:colcon.colcon_core.package_discovery:discover_packages(colcon_meta) check parameters
[0.308s] Level 1:colcon.colcon_core.package_discovery:discover_packages(recursive) check parameters
[0.308s] Level 1:colcon.colcon_core.package_discovery:discover_packages(ignore) check parameters
[0.308s] Level 1:colcon.colcon_core.package_discovery:discover_packages(path) check parameters
[0.308s] Level 1:colcon.colcon_core.package_discovery:discover_packages(colcon_meta) discover
[0.308s] Level 1:colcon.colcon_core.package_discovery:discover_packages(recursive) discover
[0.308s] INFO:colcon.colcon_core.package_discovery:Crawling recursively for packages in '/home/shridhar/Workspaces/mrt_ws/Task2'
[0.309s] Level 1:colcon.colcon_core.package_identification:_identify(.) by extensions ['ignore', 'ignore_ament_install']
[0.309s] Level 1:colcon.colcon_core.package_identification:_identify(.) by extension 'ignore'
[0.309s] Level 1:colcon.colcon_core.package_identification:_identify(.) by extension 'ignore_ament_install'
[0.309s] Level 1:colcon.colcon_core.package_identification:_identify(.) by extensions ['colcon_pkg']
[0.309s] Level 1:colcon.colcon_core.package_identification:_identify(.) by extension 'colcon_pkg'
[0.309s] Level 1:colcon.colcon_core.package_identification:_identify(.) by extensions ['colcon_meta']
[0.309s] Level 1:colcon.colcon_core.package_identification:_identify(.) by extension 'colcon_meta'
[0.309s] Level 1:colcon.colcon_core.package_identification:_identify(.) by extensions ['ros']
[0.309s] Level 1:colcon.colcon_core.package_identification:_identify(.) by extension 'ros'
[0.320s] Level 1:colcon.colcon_core.package_identification:_identify(.) by extensions ['cmake', 'python']
[0.320s] Level 1:colcon.colcon_core.package_identification:_identify(.) by extension 'cmake'
[0.320s] Level 1:colcon.colcon_core.package_identification:_identify(.) by extension 'python'
[0.320s] Level 1:colcon.colcon_core.package_identification:_identify(.) by extensions ['python_setup_py']
[0.320s] Level 1:colcon.colcon_core.package_identification:_identify(.) by extension 'python_setup_py'
[0.320s] Level 1:colcon.colcon_core.package_identification:_identify(build) by extensions ['ignore', 'ignore_ament_install']
[0.320s] Level 1:colcon.colcon_core.package_identification:_identify(build) by extension 'ignore'
[0.320s] Level 1:colcon.colcon_core.package_identification:_identify(build) ignored
[0.320s] Level 1:colcon.colcon_core.package_identification:_identify(install) by extensions ['ignore', 'ignore_ament_install']
[0.320s] Level 1:colcon.colcon_core.package_identification:_identify(install) by extension 'ignore'
[0.320s] Level 1:colcon.colcon_core.package_identification:_identify(install) ignored
[0.320s] Level 1:colcon.colcon_core.package_identification:_identify(log) by extensions ['ignore', 'ignore_ament_install']
[0.320s] Level 1:colcon.colcon_core.package_identification:_identify(log) by extension 'ignore'
[0.320s] Level 1:colcon.colcon_core.package_identification:_identify(log) ignored
[0.321s] Level 1:colcon.colcon_core.package_identification:_identify(src) by extensions ['ignore', 'ignore_ament_install']
[0.321s] Level 1:colcon.colcon_core.package_identification:_identify(src) by extension 'ignore'
[0.321s] Level 1:colcon.colcon_core.package_identification:_identify(src) by extension 'ignore_ament_install'
[0.321s] Level 1:colcon.colcon_core.package_identification:_identify(src) by extensions ['colcon_pkg']
[0.321s] Level 1:colcon.colcon_core.package_identification:_identify(src) by extension 'colcon_pkg'
[0.321s] Level 1:colcon.colcon_core.package_identification:_identify(src) by extensions ['colcon_meta']
[0.321s] Level 1:colcon.colcon_core.package_identification:_identify(src) by extension 'colcon_meta'
[0.321s] Level 1:colcon.colcon_core.package_identification:_identify(src) by extensions ['ros']
[0.321s] Level 1:colcon.colcon_core.package_identification:_identify(src) by extension 'ros'
[0.321s] Level 1:colcon.colcon_core.package_identification:_identify(src) by extensions ['cmake', 'python']
[0.321s] Level 1:colcon.colcon_core.package_identification:_identify(src) by extension 'cmake'
[0.321s] Level 1:colcon.colcon_core.package_identification:_identify(src) by extension 'python'
[0.321s] Level 1:colcon.colcon_core.package_identification:_identify(src) by extensions ['python_setup_py']
[0.321s] Level 1:colcon.colcon_core.package_identification:_identify(src) by extension 'python_setup_py'
[0.321s] Level 1:colcon.colcon_core.package_identification:_identify(src/addthreeints) by extensions ['ignore', 'ignore_ament_install']
[0.321s] Level 1:colcon.colcon_core.package_identification:_identify(src/addthreeints) by extension 'ignore'
[0.321s] Level 1:colcon.colcon_core.package_identification:_identify(src/addthreeints) by extension 'ignore_ament_install'
[0.321s] Level 1:colcon.colcon_core.package_identification:_identify(src/addthreeints) by extensions ['colcon_pkg']
[0.321s] Level 1:colcon.colcon_core.package_identification:_identify(src/addthreeints) by extension 'colcon_pkg'
[0.321s] Level 1:colcon.colcon_core.package_identification:_identify(src/addthreeints) by extensions ['colcon_meta']
[0.321s] Level 1:colcon.colcon_core.package_identification:_identify(src/addthreeints) by extension 'colcon_meta'
[0.321s] Level 1:colcon.colcon_core.package_identification:_identify(src/addthreeints) by extensions ['ros']
[0.321s] Level 1:colcon.colcon_core.package_identification:_identify(src/addthreeints) by extension 'ros'
[0.324s] DEBUG:colcon.colcon_core.package_identification:Package 'src/addthreeints' with type 'ros.ament_cmake' and name 'addthreeints'
[0.324s] Level 1:colcon.colcon_core.package_identification:_identify(src/serveradd) by extensions ['ignore', 'ignore_ament_install']
[0.324s] Level 1:colcon.colcon_core.package_identification:_identify(src/serveradd) by extension 'ignore'
[0.324s] Level 1:colcon.colcon_core.package_identification:_identify(src/serveradd) by extension 'ignore_ament_install'
[0.324s] Level 1:colcon.colcon_core.package_identification:_identify(src/serveradd) by extensions ['colcon_pkg']
[0.324s] Level 1:colcon.colcon_core.package_identification:_identify(src/serveradd) by extension 'colcon_pkg'
[0.324s] Level 1:colcon.colcon_core.package_identification:_identify(src/serveradd) by extensions ['colcon_meta']
[0.324s] Level 1:colcon.colcon_core.package_identification:_identify(src/serveradd) by extension 'colcon_meta'
[0.324s] Level 1:colcon.colcon_core.package_identification:_identify(src/serveradd) by extensions ['ros']
[0.324s] Level 1:colcon.colcon_core.package_identification:_identify(src/serveradd) by extension 'ros'
[0.325s] DEBUG:colcon.colcon_core.package_identification:Package 'src/serveradd' with type 'ros.ament_python' and name 'serveradd'
[0.325s] Level 1:colcon.colcon_core.package_identification:_identify(src/threeinttopic) by extensions ['ignore', 'ignore_ament_install']
[0.325s] Level 1:colcon.colcon_core.package_identification:_identify(src/threeinttopic) by extension 'ignore'
[0.325s] Level 1:colcon.colcon_core.package_identification:_identify(src/threeinttopic) by extension 'ignore_ament_install'
[0.325s] Level 1:colcon.colcon_core.package_identification:_identify(src/threeinttopic) by extensions ['colcon_pkg']
[0.325s] Level 1:colcon.colcon_core.package_identification:_identify(src/threeinttopic) by extension 'colcon_pkg'
[0.325s] Level 1:colcon.colcon_core.package_identification:_identify(src/threeinttopic) by extensions ['colcon_meta']
[0.325s] Level 1:colcon.colcon_core.package_identification:_identify(src/threeinttopic) by extension 'colcon_meta'
[0.325s] Level 1:colcon.colcon_core.package_identification:_identify(src/threeinttopic) by extensions ['ros']
[0.325s] Level 1:colcon.colcon_core.package_identification:_identify(src/threeinttopic) by extension 'ros'
[0.326s] DEBUG:colcon.colcon_core.package_identification:Package 'src/threeinttopic' with type 'ros.ament_cmake' and name 'threeinttopic'
[0.326s] Level 1:colcon.colcon_core.package_discovery:discover_packages(recursive) using defaults
[0.326s] Level 1:colcon.colcon_core.package_discovery:discover_packages(ignore) discover
[0.326s] Level 1:colcon.colcon_core.package_discovery:discover_packages(ignore) using defaults
[0.326s] Level 1:colcon.colcon_core.package_discovery:discover_packages(path) discover
[0.326s] Level 1:colcon.colcon_core.package_discovery:discover_packages(path) using defaults
[0.359s] Level 1:colcon.colcon_core.package_discovery:discover_packages(prefix_path) check parameters
[0.360s] Level 1:colcon.colcon_core.package_discovery:discover_packages(prefix_path) discover
[0.361s] DEBUG:colcon.colcon_installed_package_information.package_discovery:Found 2 installed packages in /home/shridhar/Workspaces/mrt_ws/Task2/install
[0.362s] DEBUG:colcon.colcon_installed_package_information.package_discovery:Found 293 installed packages in /opt/ros/humble
[0.364s] Level 1:colcon.colcon_core.package_discovery:discover_packages(prefix_path) using defaults
[0.401s] Level 5:colcon.colcon_core.verb:set package 'addthreeints' build argument 'cmake_args' from command line to 'None'
[0.401s] Level 5:colcon.colcon_core.verb:set package 'addthreeints' build argument 'cmake_target' from command line to 'None'
[0.401s] Level 5:colcon.colcon_core.verb:set package 'addthreeints' build argument 'cmake_target_skip_unavailable' from command line to 'False'
[0.401s] Level 5:colcon.colcon_core.verb:set package 'addthreeints' build argument 'cmake_clean_cache' from command line to 'False'
[0.401s] Level 5:colcon.colcon_core.verb:set package 'addthreeints' build argument 'cmake_clean_first' from command line to 'False'
[0.401s] Level 5:colcon.colcon_core.verb:set package 'addthreeints' build argument 'cmake_force_configure' from command line to 'False'
[0.401s] Level 5:colcon.colcon_core.verb:set package 'addthreeints' build argument 'ament_cmake_args' from command line to 'None'
[0.401s] Level 5:colcon.colcon_core.verb:set package 'addthreeints' build argument 'catkin_cmake_args' from command line to 'None'
[0.401s] Level 5:colcon.colcon_core.verb:set package 'addthreeints' build argument 'catkin_skip_building_tests' from command line to 'False'
[0.401s] DEBUG:colcon.colcon_core.verb:Building package 'addthreeints' with the following arguments: {'ament_cmake_args': None, 'build_base': '/home/shridhar/Workspaces/mrt_ws/Task2/build/addthreeints', 'catkin_cmake_args': None, 'catkin_skip_building_tests': False, 'cmake_args': None, 'cmake_clean_cache': False, 'cmake_clean_first': False, 'cmake_force_configure': False, 'cmake_target': None, 'cmake_target_skip_unavailable': False, 'install_base': '/home/shridhar/Workspaces/mrt_ws/Task2/install/addthreeints', 'merge_install': False, 'path': '/home/shridhar/Workspaces/mrt_ws/Task2/src/addthreeints', 'symlink_install': False, 'test_result_base': None}
[0.402s] Level 5:colcon.colcon_core.verb:set package 'serveradd' build argument 'cmake_args' from command line to 'None'
[0.402s] Level 5:colcon.colcon_core.verb:set package 'serveradd' build argument 'cmake_target' from command line to 'None'
[0.402s] Level 5:colcon.colcon_core.verb:set package 'serveradd' build argument 'cmake_target_skip_unavailable' from command line to 'False'
[0.402s] Level 5:colcon.colcon_core.verb:set package 'serveradd' build argument 'cmake_clean_cache' from command line to 'False'
[0.402s] Level 5:colcon.colcon_core.verb:set package 'serveradd' build argument 'cmake_clean_first' from command line to 'False'
[0.402s] Level 5:colcon.colcon_core.verb:set package 'serveradd' build argument 'cmake_force_configure' from command line to 'False'
[0.402s] Level 5:colcon.colcon_core.verb:set package 'serveradd' build argument 'ament_cmake_args' from command line to 'None'
[0.402s] Level 5:colcon.colcon_core.verb:set package 'serveradd' build argument 'catkin_cmake_args' from command line to 'None'
[0.402s] Level 5:colcon.colcon_core.verb:set package 'serveradd' build argument 'catkin_skip_building_tests' from command line to 'False'
[0.402s] DEBUG:colcon.colcon_core.verb:Building package 'serveradd' with the following arguments: {'ament_cmake_args': None, 'build_base': '/home/shridhar/Workspaces/mrt_ws/Task2/build/serveradd', 'catkin_cmake_args': None, 'catkin_skip_building_tests': False, 'cmake_args': None, 'cmake_clean_cache': False, 'cmake_clean_first': False, 'cmake_force_configure': False, 'cmake_target': None, 'cmake_target_skip_unavailable': False, 'install_base': '/home/shridhar/Workspaces/mrt_ws/Task2/install/serveradd', 'merge_install': False, 'path': '/home/shridhar/Workspaces/mrt_ws/Task2/src/serveradd', 'symlink_install': False, 'test_result_base': None}
[0.402s] Level 5:colcon.colcon_core.verb:set package 'threeinttopic' build argument 'cmake_args' from command line to 'None'
[0.402s] Level 5:colcon.colcon_core.verb:set package 'threeinttopic' build argument 'cmake_target' from command line to 'None'
[0.402s] Level 5:colcon.colcon_core.verb:set package 'threeinttopic' build argument 'cmake_target_skip_unavailable' from command line to 'False'
[0.402s] Level 5:colcon.colcon_core.verb:set package 'threeinttopic' build argument 'cmake_clean_cache' from command line to 'False'
[0.402s] Level 5:colcon.colcon_core.verb:set package 'threeinttopic' build argument 'cmake_clean_first' from command line to 'False'
[0.402s] Level 5:colcon.colcon_core.verb:set package 'threeinttopic' build argument 'cmake_force_configure' from command line to 'False'
[0.402s] Level 5:colcon.colcon_core.verb:set package 'threeinttopic' build argument 'ament_cmake_args' from command line to 'None'
[0.402s] Level 5:colcon.colcon_core.verb:set package 'threeinttopic' build argument 'catkin_cmake_args' from command line to 'None'
[0.402s] Level 5:colcon.colcon_core.verb:set package 'threeinttopic' build argument 'catkin_skip_building_tests' from command line to 'False'
[0.402s] DEBUG:colcon.colcon_core.verb:Building package 'threeinttopic' with the following arguments: {'ament_cmake_args': None, 'build_base': '/home/shridhar/Workspaces/mrt_ws/Task2/build/threeinttopic', 'catkin_cmake_args': None, 'catkin_skip_building_tests': False, 'cmake_args': None, 'cmake_clean_cache': False, 'cmake_clean_first': False, 'cmake_force_configure': False, 'cmake_target': None, 'cmake_target_skip_unavailable': False, 'install_base': '/home/shridhar/Workspaces/mrt_ws/Task2/install/threeinttopic', 'merge_install': False, 'path': '/home/shridhar/Workspaces/mrt_ws/Task2/src/threeinttopic', 'symlink_install': False, 'test_result_base': None}
[0.402s] INFO:colcon.colcon_core.executor:Executing jobs using 'parallel' executor
[0.404s] DEBUG:colcon.colcon_parallel_executor.executor.parallel:run_until_complete
[0.404s] INFO:colcon.colcon_ros.task.ament_cmake.build:Building ROS package in '/home/shridhar/Workspaces/mrt_ws/Task2/src/addthreeints' with build type 'ament_cmake'
[0.404s] INFO:colcon.colcon_cmake.task.cmake.build:Building CMake package in '/home/shridhar/Workspaces/mrt_ws/Task2/src/addthreeints'
[0.407s] INFO:colcon.colcon_core.plugin_system:Skipping extension 'colcon_core.shell.bat': Not used on non-Windows systems
[0.407s] INFO:colcon.colcon_core.shell:Skip shell extension 'powershell' for command environment: Not usable outside of PowerShell
[0.407s] DEBUG:colcon.colcon_core.shell:Skip shell extension 'dsv' for command environment
[0.411s] INFO:colcon.colcon_ros.task.ament_python.build:Building ROS package in '/home/shridhar/Workspaces/mrt_ws/Task2/src/serveradd' with build type 'ament_python'
[0.411s] Level 1:colcon.colcon_core.shell:create_environment_hook('serveradd', 'ament_prefix_path')
[0.412s] INFO:colcon.colcon_core.shell:Creating environment hook '/home/shridhar/Workspaces/mrt_ws/Task2/install/serveradd/share/serveradd/hook/ament_prefix_path.ps1'
[0.412s] INFO:colcon.colcon_core.shell:Creating environment descriptor '/home/shridhar/Workspaces/mrt_ws/Task2/install/serveradd/share/serveradd/hook/ament_prefix_path.dsv'
[0.413s] INFO:colcon.colcon_core.shell:Creating environment hook '/home/shridhar/Workspaces/mrt_ws/Task2/install/serveradd/share/serveradd/hook/ament_prefix_path.sh'
[0.414s] INFO:colcon.colcon_core.shell:Skip shell extension 'powershell' for command environment: Not usable outside of PowerShell
[0.414s] DEBUG:colcon.colcon_core.shell:Skip shell extension 'dsv' for command environment
[0.417s] INFO:colcon.colcon_ros.task.ament_cmake.build:Building ROS package in '/home/shridhar/Workspaces/mrt_ws/Task2/src/threeinttopic' with build type 'ament_cmake'
[0.417s] INFO:colcon.colcon_cmake.task.cmake.build:Building CMake package in '/home/shridhar/Workspaces/mrt_ws/Task2/src/threeinttopic'
[0.417s] INFO:colcon.colcon_core.shell:Skip shell extension 'powershell' for command environment: Not usable outside of PowerShell
[0.417s] DEBUG:colcon.colcon_core.shell:Skip shell extension 'dsv' for command environment
[0.425s] DEBUG:colcon.colcon_core.event_handler.log_command:Invoking command in '/home/shridhar/Workspaces/mrt_ws/Task2/build/addthreeints': CMAKE_PREFIX_PATH=${CMAKE_PREFIX_PATH}:/home/shridhar/Workspaces/mrt_ws/Task2/install/serveradd:/opt/ros/humble /usr/bin/cmake --build /home/shridhar/Workspaces/mrt_ws/Task2/build/addthreeints -- -j22 -l22
[0.701s] INFO:colcon.colcon_core.task.python.build:Building Python package in '/home/shridhar/Workspaces/mrt_ws/Task2/src/serveradd'
[0.701s] INFO:colcon.colcon_core.shell:Skip shell extension 'powershell' for command environment: Not usable outside of PowerShell
[0.701s] DEBUG:colcon.colcon_core.shell:Skip shell extension 'dsv' for command environment
[0.712s] DEBUG:colcon.colcon_core.event_handler.log_command:Invoking command in '/home/shridhar/Workspaces/mrt_ws/Task2/build/threeinttopic': CMAKE_PREFIX_PATH=${CMAKE_PREFIX_PATH}:/home/shridhar/Workspaces/mrt_ws/Task2/install/serveradd:/opt/ros/humble /usr/bin/cmake /home/shridhar/Workspaces/mrt_ws/Task2/src/threeinttopic -DCMAKE_INSTALL_PREFIX=/home/shridhar/Workspaces/mrt_ws/Task2/install/threeinttopic
[0.834s] DEBUG:colcon.colcon_core.event_handler.log_command:Invoked command in '/home/shridhar/Workspaces/mrt_ws/Task2/build/addthreeints' returned '0': CMAKE_PREFIX_PATH=${CMAKE_PREFIX_PATH}:/home/shridhar/Workspaces/mrt_ws/Task2/install/serveradd:/opt/ros/humble /usr/bin/cmake --build /home/shridhar/Workspaces/mrt_ws/Task2/build/addthreeints -- -j22 -l22
[0.957s] DEBUG:colcon.colcon_core.event_handler.log_command:Invoking command in '/home/shridhar/Workspaces/mrt_ws/Task2/build/addthreeints': CMAKE_PREFIX_PATH=${CMAKE_PREFIX_PATH}:/home/shridhar/Workspaces/mrt_ws/Task2/install/serveradd:/opt/ros/humble /usr/bin/cmake --install /home/shridhar/Workspaces/mrt_ws/Task2/build/addthreeints
[1.019s] Level 1:colcon.colcon_core.environment:create_environment_scripts_only(addthreeints)
[1.019s] DEBUG:colcon.colcon_core.event_handler.log_command:Invoked command in '/home/shridhar/Workspaces/mrt_ws/Task2/build/addthreeints' returned '0': CMAKE_PREFIX_PATH=${CMAKE_PREFIX_PATH}:/home/shridhar/Workspaces/mrt_ws/Task2/install/serveradd:/opt/ros/humble /usr/bin/cmake --install /home/shridhar/Workspaces/mrt_ws/Task2/build/addthreeints
[1.025s] Level 1:colcon.colcon_core.environment:checking '/home/shridhar/Workspaces/mrt_ws/Task2/install/addthreeints' for CMake module files
[1.026s] Level 1:colcon.colcon_core.environment:checking '/home/shridhar/Workspaces/mrt_ws/Task2/install/addthreeints' for CMake config files
[1.027s] Level 1:colcon.colcon_core.shell:create_environment_hook('addthreeints', 'cmake_prefix_path')
[1.027s] INFO:colcon.colcon_core.shell:Creating environment hook '/home/shridhar/Workspaces/mrt_ws/Task2/install/addthreeints/share/addthreeints/hook/cmake_prefix_path.ps1'
[1.028s] INFO:colcon.colcon_core.shell:Creating environment descriptor '/home/shridhar/Workspaces/mrt_ws/Task2/install/addthreeints/share/addthreeints/hook/cmake_prefix_path.dsv'
[1.028s] INFO:colcon.colcon_core.shell:Creating environment hook '/home/shridhar/Workspaces/mrt_ws/Task2/install/addthreeints/share/addthreeints/hook/cmake_prefix_path.sh'
[1.029s] Level 1:colcon.colcon_core.environment:checking '/home/shridhar/Workspaces/mrt_ws/Task2/install/addthreeints/lib'
[1.029s] Level 1:colcon.colcon_core.shell:create_environment_hook('addthreeints', 'ld_library_path_lib')
[1.029s] INFO:colcon.colcon_core.shell:Creating environment hook '/home/shridhar/Workspaces/mrt_ws/Task2/install/addthreeints/share/addthreeints/hook/ld_library_path_lib.ps1'
[1.030s] INFO:colcon.colcon_core.shell:Creating environment descriptor '/home/shridhar/Workspaces/mrt_ws/Task2/install/addthreeints/share/addthreeints/hook/ld_library_path_lib.dsv'
[1.030s] INFO:colcon.colcon_core.shell:Creating environment hook '/home/shridhar/Workspaces/mrt_ws/Task2/install/addthreeints/share/addthreeints/hook/ld_library_path_lib.sh'
[1.030s] Level 1:colcon.colcon_core.environment:checking '/home/shridhar/Workspaces/mrt_ws/Task2/install/addthreeints/bin'
[1.030s] Level 1:colcon.colcon_core.environment:checking '/home/shridhar/Workspaces/mrt_ws/Task2/install/addthreeints/lib/pkgconfig/addthreeints.pc'
[1.031s] Level 1:colcon.colcon_core.environment:checking '/home/shridhar/Workspaces/mrt_ws/Task2/install/addthreeints/lib/python3.10/site-packages'
[1.031s] Level 1:colcon.colcon_core.environment:checking '/home/shridhar/Workspaces/mrt_ws/Task2/install/addthreeints/bin'
[1.031s] INFO:colcon.colcon_core.shell:Creating package script '/home/shridhar/Workspaces/mrt_ws/Task2/install/addthreeints/share/addthreeints/package.ps1'
[1.032s] INFO:colcon.colcon_core.shell:Creating package descriptor '/home/shridhar/Workspaces/mrt_ws/Task2/install/addthreeints/share/addthreeints/package.dsv'
[1.033s] INFO:colcon.colcon_core.shell:Creating package script '/home/shridhar/Workspaces/mrt_ws/Task2/install/addthreeints/share/addthreeints/package.sh'
[1.034s] INFO:colcon.colcon_core.shell:Creating package script '/home/shridhar/Workspaces/mrt_ws/Task2/install/addthreeints/share/addthreeints/package.bash'
[1.034s] INFO:colcon.colcon_core.shell:Creating package script '/home/shridhar/Workspaces/mrt_ws/Task2/install/addthreeints/share/addthreeints/package.zsh'
[1.035s] Level 1:colcon.colcon_core.environment:create_file_with_runtime_dependencies(/home/shridhar/Workspaces/mrt_ws/Task2/install/addthreeints/share/colcon-core/packages/addthreeints)
[1.119s] DEBUG:colcon.colcon_core.event_handler.log_command:Invoking command in '/home/shridhar/Workspaces/mrt_ws/Task2/src/serveradd': PYTHONPATH=/home/shridhar/Workspaces/mrt_ws/Task2/build/serveradd/prefix_override:/usr/lib/python3/dist-packages/colcon_core/task/python/colcon_distutils_commands:/home/shridhar/Workspaces/mrt_ws/Task2/install/serveradd/lib/python3.10/site-packages:${PYTHONPATH} /usr/bin/python3 -W ignore:setup.py install is deprecated setup.py egg_info --egg-base ../../build/serveradd build --build-base /home/shridhar/Workspaces/mrt_ws/Task2/build/serveradd/build install --record /home/shridhar/Workspaces/mrt_ws/Task2/build/serveradd/install.log --single-version-externally-managed install_data
[1.151s] Level 1:colcon.colcon_core.environment:create_environment_scripts_only(addthreeints)
[1.151s] Level 1:colcon.colcon_core.environment:checking '/home/shridhar/Workspaces/mrt_ws/Task2/install/addthreeints' for CMake module files
[1.152s] Level 1:colcon.colcon_core.environment:checking '/home/shridhar/Workspaces/mrt_ws/Task2/install/addthreeints' for CMake config files
[1.153s] Level 1:colcon.colcon_core.shell:create_environment_hook('addthreeints', 'cmake_prefix_path')
[1.154s] INFO:colcon.colcon_core.shell:Creating environment hook '/home/shridhar/Workspaces/mrt_ws/Task2/install/addthreeints/share/addthreeints/hook/cmake_prefix_path.ps1'
[1.154s] INFO:colcon.colcon_core.shell:Creating environment descriptor '/home/shridhar/Workspaces/mrt_ws/Task2/install/addthreeints/share/addthreeints/hook/cmake_prefix_path.dsv'
[1.155s] INFO:colcon.colcon_core.shell:Creating environment hook '/home/shridhar/Workspaces/mrt_ws/Task2/install/addthreeints/share/addthreeints/hook/cmake_prefix_path.sh'
[1.156s] Level 1:colcon.colcon_core.environment:checking '/home/shridhar/Workspaces/mrt_ws/Task2/install/addthreeints/lib'
[1.156s] Level 1:colcon.colcon_core.shell:create_environment_hook('addthreeints', 'ld_library_path_lib')
[1.156s] INFO:colcon.colcon_core.shell:Creating environment hook '/home/shridhar/Workspaces/mrt_ws/Task2/install/addthreeints/share/addthreeints/hook/ld_library_path_lib.ps1'
[1.156s] INFO:colcon.colcon_core.shell:Creating environment descriptor '/home/shridhar/Workspaces/mrt_ws/Task2/install/addthreeints/share/addthreeints/hook/ld_library_path_lib.dsv'
[1.157s] INFO:colcon.colcon_core.shell:Creating environment hook '/home/shridhar/Workspaces/mrt_ws/Task2/install/addthreeints/share/addthreeints/hook/ld_library_path_lib.sh'
[1.157s] Level 1:colcon.colcon_core.environment:checking '/home/shridhar/Workspaces/mrt_ws/Task2/install/addthreeints/bin'
[1.157s] Level 1:colcon.colcon_core.environment:checking '/home/shridhar/Workspaces/mrt_ws/Task2/install/addthreeints/lib/pkgconfig/addthreeints.pc'
[1.158s] Level 1:colcon.colcon_core.environment:checking '/home/shridhar/Workspaces/mrt_ws/Task2/install/addthreeints/lib/python3.10/site-packages'
[1.158s] Level 1:colcon.colcon_core.environment:checking '/home/shridhar/Workspaces/mrt_ws/Task2/install/addthreeints/bin'
[1.158s] INFO:colcon.colcon_core.shell:Creating package script '/home/shridhar/Workspaces/mrt_ws/Task2/install/addthreeints/share/addthreeints/package.ps1'
[1.159s] INFO:colcon.colcon_core.shell:Creating package descriptor '/home/shridhar/Workspaces/mrt_ws/Task2/install/addthreeints/share/addthreeints/package.dsv'
[1.159s] INFO:colcon.colcon_core.shell:Creating package script '/home/shridhar/Workspaces/mrt_ws/Task2/install/addthreeints/share/addthreeints/package.sh'
[1.160s] INFO:colcon.colcon_core.shell:Creating package script '/home/shridhar/Workspaces/mrt_ws/Task2/install/addthreeints/share/addthreeints/package.bash'
[1.160s] INFO:colcon.colcon_core.shell:Creating package script '/home/shridhar/Workspaces/mrt_ws/Task2/install/addthreeints/share/addthreeints/package.zsh'
[1.161s] Level 1:colcon.colcon_core.environment:create_file_with_runtime_dependencies(/home/shridhar/Workspaces/mrt_ws/Task2/install/addthreeints/share/colcon-core/packages/addthreeints)
[1.447s] Level 1:colcon.colcon_core.environment:checking '/home/shridhar/Workspaces/mrt_ws/Task2/install/serveradd' for CMake module files
[1.448s] DEBUG:colcon.colcon_core.event_handler.log_command:Invoked command in '/home/shridhar/Workspaces/mrt_ws/Task2/src/serveradd' returned '0': PYTHONPATH=/home/shridhar/Workspaces/mrt_ws/Task2/build/serveradd/prefix_override:/usr/lib/python3/dist-packages/colcon_core/task/python/colcon_distutils_commands:/home/shridhar/Workspaces/mrt_ws/Task2/install/serveradd/lib/python3.10/site-packages:${PYTHONPATH} /usr/bin/python3 -W ignore:setup.py install is deprecated setup.py egg_info --egg-base ../../build/serveradd build --build-base /home/shridhar/Workspaces/mrt_ws/Task2/build/serveradd/build install --record /home/shridhar/Workspaces/mrt_ws/Task2/build/serveradd/install.log --single-version-externally-managed install_data
[1.449s] Level 1:colcon.colcon_core.environment:checking '/home/shridhar/Workspaces/mrt_ws/Task2/install/serveradd' for CMake config files
[1.450s] Level 1:colcon.colcon_core.environment:checking '/home/shridhar/Workspaces/mrt_ws/Task2/install/serveradd/lib'
[1.451s] Level 1:colcon.colcon_core.environment:checking '/home/shridhar/Workspaces/mrt_ws/Task2/install/serveradd/bin'
[1.451s] Level 1:colcon.colcon_core.environment:checking '/home/shridhar/Workspaces/mrt_ws/Task2/install/serveradd/lib/pkgconfig/serveradd.pc'
[1.451s] Level 1:colcon.colcon_core.environment:checking '/home/shridhar/Workspaces/mrt_ws/Task2/install/serveradd/lib/python3.10/site-packages'
[1.451s] Level 1:colcon.colcon_core.shell:create_environment_hook('serveradd', 'pythonpath')
[1.452s] INFO:colcon.colcon_core.shell:Creating environment hook '/home/shridhar/Workspaces/mrt_ws/Task2/install/serveradd/share/serveradd/hook/pythonpath.ps1'
[1.452s] INFO:colcon.colcon_core.shell:Creating environment descriptor '/home/shridhar/Workspaces/mrt_ws/Task2/install/serveradd/share/serveradd/hook/pythonpath.dsv'
[1.453s] INFO:colcon.colcon_core.shell:Creating environment hook '/home/shridhar/Workspaces/mrt_ws/Task2/install/serveradd/share/serveradd/hook/pythonpath.sh'
[1.454s] Level 1:colcon.colcon_core.environment:checking '/home/shridhar/Workspaces/mrt_ws/Task2/install/serveradd/bin'
[1.454s] Level 1:colcon.colcon_core.environment:create_environment_scripts_only(serveradd)
[1.454s] INFO:colcon.colcon_core.shell:Creating package script '/home/shridhar/Workspaces/mrt_ws/Task2/install/serveradd/share/serveradd/package.ps1'
[1.455s] INFO:colcon.colcon_core.shell:Creating package descriptor '/home/shridhar/Workspaces/mrt_ws/Task2/install/serveradd/share/serveradd/package.dsv'
[1.455s] INFO:colcon.colcon_core.shell:Creating package script '/home/shridhar/Workspaces/mrt_ws/Task2/install/serveradd/share/serveradd/package.sh'
[1.456s] INFO:colcon.colcon_core.shell:Creating package script '/home/shridhar/Workspaces/mrt_ws/Task2/install/serveradd/share/serveradd/package.bash'
[1.456s] INFO:colcon.colcon_core.shell:Creating package script '/home/shridhar/Workspaces/mrt_ws/Task2/install/serveradd/share/serveradd/package.zsh'
[1.457s] Level 1:colcon.colcon_core.environment:create_file_with_runtime_dependencies(/home/shridhar/Workspaces/mrt_ws/Task2/install/serveradd/share/colcon-core/packages/serveradd)
[1.538s] DEBUG:colcon.colcon_core.event_handler.log_command:Invoked command in '/home/shridhar/Workspaces/mrt_ws/Task2/build/threeinttopic' returned '0': CMAKE_PREFIX_PATH=${CMAKE_PREFIX_PATH}:/home/shridhar/Workspaces/mrt_ws/Task2/install/serveradd:/opt/ros/humble /usr/bin/cmake /home/shridhar/Workspaces/mrt_ws/Task2/src/threeinttopic -DCMAKE_INSTALL_PREFIX=/home/shridhar/Workspaces/mrt_ws/Task2/install/threeinttopic
[1.539s] DEBUG:colcon.colcon_core.event_handler.log_command:Invoking command in '/home/shridhar/Workspaces/mrt_ws/Task2/build/threeinttopic': CMAKE_PREFIX_PATH=${CMAKE_PREFIX_PATH}:/home/shridhar/Workspaces/mrt_ws/Task2/install/serveradd:/opt/ros/humble /usr/bin/cmake --build /home/shridhar/Workspaces/mrt_ws/Task2/build/threeinttopic -- -j22 -l22
[1.592s] DEBUG:colcon.colcon_core.event_handler.log_command:Invoked command in '/home/shridhar/Workspaces/mrt_ws/Task2/build/threeinttopic' returned '0': CMAKE_PREFIX_PATH=${CMAKE_PREFIX_PATH}:/home/shridhar/Workspaces/mrt_ws/Task2/install/serveradd:/opt/ros/humble /usr/bin/cmake --build /home/shridhar/Workspaces/mrt_ws/Task2/build/threeinttopic -- -j22 -l22
[1.619s] DEBUG:colcon.colcon_core.event_handler.log_command:Invoking command in '/home/shridhar/Workspaces/mrt_ws/Task2/build/threeinttopic': CMAKE_PREFIX_PATH=${CMAKE_PREFIX_PATH}:/home/shridhar/Workspaces/mrt_ws/Task2/install/serveradd:/opt/ros/humble /usr/bin/cmake --install /home/shridhar/Workspaces/mrt_ws/Task2/build/threeinttopic
[1.631s] Level 1:colcon.colcon_core.environment:create_environment_scripts_only(threeinttopic)
[1.631s] DEBUG:colcon.colcon_core.event_handler.log_command:Invoked command in '/home/shridhar/Workspaces/mrt_ws/Task2/build/threeinttopic' returned '0': CMAKE_PREFIX_PATH=${CMAKE_PREFIX_PATH}:/home/shridhar/Workspaces/mrt_ws/Task2/install/serveradd:/opt/ros/humble /usr/bin/cmake --install /home/shridhar/Workspaces/mrt_ws/Task2/build/threeinttopic
[1.632s] Level 1:colcon.colcon_core.environment:checking '/home/shridhar/Workspaces/mrt_ws/Task2/install/threeinttopic' for CMake module files
[1.632s] Level 1:colcon.colcon_core.environment:checking '/home/shridhar/Workspaces/mrt_ws/Task2/install/threeinttopic' for CMake config files
[1.632s] Level 1:colcon.colcon_core.shell:create_environment_hook('threeinttopic', 'cmake_prefix_path')
[1.633s] INFO:colcon.colcon_core.shell:Creating environment hook '/home/shridhar/Workspaces/mrt_ws/Task2/install/threeinttopic/share/threeinttopic/hook/cmake_prefix_path.ps1'
[1.633s] INFO:colcon.colcon_core.shell:Creating environment descriptor '/home/shridhar/Workspaces/mrt_ws/Task2/install/threeinttopic/share/threeinttopic/hook/cmake_prefix_path.dsv'
[1.634s] INFO:colcon.colcon_core.shell:Creating environment hook '/home/shridhar/Workspaces/mrt_ws/Task2/install/threeinttopic/share/threeinttopic/hook/cmake_prefix_path.sh'
[1.634s] Level 1:colcon.colcon_core.environment:checking '/home/shridhar/Workspaces/mrt_ws/Task2/install/threeinttopic/bin'
[1.634s] Level 1:colcon.colcon_core.environment:checking '/home/shridhar/Workspaces/mrt_ws/Task2/install/threeinttopic/lib/pkgconfig/threeinttopic.pc'
[1.635s] Level 1:colcon.colcon_core.environment:checking '/home/shridhar/Workspaces/mrt_ws/Task2/install/threeinttopic/lib/python3.10/site-packages'
[1.635s] Level 1:colcon.colcon_core.environment:checking '/home/shridhar/Workspaces/mrt_ws/Task2/install/threeinttopic/bin'
[1.635s] INFO:colcon.colcon_core.shell:Creating package script '/home/shridhar/Workspaces/mrt_ws/Task2/install/threeinttopic/share/threeinttopic/package.ps1'
[1.636s] INFO:colcon.colcon_core.shell:Creating package descriptor '/home/shridhar/Workspaces/mrt_ws/Task2/install/threeinttopic/share/threeinttopic/package.dsv'
[1.636s] INFO:colcon.colcon_core.shell:Creating package script '/home/shridhar/Workspaces/mrt_ws/Task2/install/threeinttopic/share/threeinttopic/package.sh'
[1.637s] INFO:colcon.colcon_core.shell:Creating package script '/home/shridhar/Workspaces/mrt_ws/Task2/install/threeinttopic/share/threeinttopic/package.bash'
[1.637s] INFO:colcon.colcon_core.shell:Creating package script '/home/shridhar/Workspaces/mrt_ws/Task2/install/threeinttopic/share/threeinttopic/package.zsh'
[1.638s] Level 1:colcon.colcon_core.environment:create_file_with_runtime_dependencies(/home/shridhar/Workspaces/mrt_ws/Task2/install/threeinttopic/share/colcon-core/packages/threeinttopic)
[1.665s] Level 1:colcon.colcon_core.environment:create_environment_scripts_only(threeinttopic)
[1.665s] Level 1:colcon.colcon_core.environment:checking '/home/shridhar/Workspaces/mrt_ws/Task2/install/threeinttopic' for CMake module files
[1.666s] Level 1:colcon.colcon_core.environment:checking '/home/shridhar/Workspaces/mrt_ws/Task2/install/threeinttopic' for CMake config files
[1.666s] Level 1:colcon.colcon_core.shell:create_environment_hook('threeinttopic', 'cmake_prefix_path')
[1.666s] INFO:colcon.colcon_core.shell:Creating environment hook '/home/shridhar/Workspaces/mrt_ws/Task2/install/threeinttopic/share/threeinttopic/hook/cmake_prefix_path.ps1'
[1.667s] INFO:colcon.colcon_core.shell:Creating environment descriptor '/home/shridhar/Workspaces/mrt_ws/Task2/install/threeinttopic/share/threeinttopic/hook/cmake_prefix_path.dsv'
[1.668s] INFO:colcon.colcon_core.shell:Creating environment hook '/home/shridhar/Workspaces/mrt_ws/Task2/install/threeinttopic/share/threeinttopic/hook/cmake_prefix_path.sh'
[1.668s] Level 1:colcon.colcon_core.environment:checking '/home/shridhar/Workspaces/mrt_ws/Task2/install/threeinttopic/bin'
[1.669s] Level 1:colcon.colcon_core.environment:checking '/home/shridhar/Workspaces/mrt_ws/Task2/install/threeinttopic/lib/pkgconfig/threeinttopic.pc'
[1.669s] Level 1:colcon.colcon_core.environment:checking '/home/shridhar/Workspaces/mrt_ws/Task2/install/threeinttopic/lib/python3.10/site-packages'
[1.669s] Level 1:colcon.colcon_core.environment:checking '/home/shridhar/Workspaces/mrt_ws/Task2/install/threeinttopic/bin'
[1.670s] INFO:colcon.colcon_core.shell:Creating package script '/home/shridhar/Workspaces/mrt_ws/Task2/install/threeinttopic/share/threeinttopic/package.ps1'
[1.670s] INFO:colcon.colcon_core.shell:Creating package descriptor '/home/shridhar/Workspaces/mrt_ws/Task2/install/threeinttopic/share/threeinttopic/package.dsv'
[1.671s] INFO:colcon.colcon_core.shell:Creating package script '/home/shridhar/Workspaces/mrt_ws/Task2/install/threeinttopic/share/threeinttopic/package.sh'
[1.671s] INFO:colcon.colcon_core.shell:Creating package script '/home/shridhar/Workspaces/mrt_ws/Task2/install/threeinttopic/share/threeinttopic/package.bash'
[1.672s] INFO:colcon.colcon_core.shell:Creating package script '/home/shridhar/Workspaces/mrt_ws/Task2/install/threeinttopic/share/threeinttopic/package.zsh'
[1.672s] Level 1:colcon.colcon_core.environment:create_file_with_runtime_dependencies(/home/shridhar/Workspaces/mrt_ws/Task2/install/threeinttopic/share/colcon-core/packages/threeinttopic)
[1.673s] DEBUG:colcon.colcon_parallel_executor.executor.parallel:closing loop
[1.673s] DEBUG:colcon.colcon_parallel_executor.executor.parallel:loop closed
[1.673s] DEBUG:colcon.colcon_parallel_executor.executor.parallel:run_until_complete finished with '0'
[1.673s] DEBUG:colcon.colcon_core.event_reactor:joining thread
[1.682s] INFO:colcon.colcon_core.plugin_system:Skipping extension 'colcon_notification.desktop_notification.terminal_notifier': Not used on non-Darwin systems
[1.683s] INFO:colcon.colcon_core.plugin_system:Skipping extension 'colcon_notification.desktop_notification.win32': Not used on non-Windows systems
[1.683s] INFO:colcon.colcon_notification.desktop_notification:Sending desktop notification using 'notify2'
[1.703s] DEBUG:colcon.colcon_core.event_reactor:joined thread
[1.703s] INFO:colcon.colcon_core.shell:Creating prefix script '/home/shridhar/Workspaces/mrt_ws/Task2/install/local_setup.ps1'
[1.706s] INFO:colcon.colcon_core.shell:Creating prefix util module '/home/shridhar/Workspaces/mrt_ws/Task2/install/_local_setup_util_ps1.py'
[1.708s] INFO:colcon.colcon_core.shell:Creating prefix chain script '/home/shridhar/Workspaces/mrt_ws/Task2/install/setup.ps1'
[1.709s] INFO:colcon.colcon_core.shell:Creating prefix script '/home/shridhar/Workspaces/mrt_ws/Task2/install/local_setup.sh'
[1.710s] INFO:colcon.colcon_core.shell:Creating prefix util module '/home/shridhar/Workspaces/mrt_ws/Task2/install/_local_setup_util_sh.py'
[1.711s] INFO:colcon.colcon_core.shell:Creating prefix chain script '/home/shridhar/Workspaces/mrt_ws/Task2/install/setup.sh'
[1.712s] INFO:colcon.colcon_core.shell:Creating prefix script '/home/shridhar/Workspaces/mrt_ws/Task2/install/local_setup.bash'
[1.713s] INFO:colcon.colcon_core.shell:Creating prefix chain script '/home/shridhar/Workspaces/mrt_ws/Task2/install/setup.bash'
[1.715s] INFO:colcon.colcon_core.shell:Creating prefix script '/home/shridhar/Workspaces/mrt_ws/Task2/install/local_setup.zsh'
[1.715s] INFO:colcon.colcon_core.shell:Creating prefix chain script '/home/shridhar/Workspaces/mrt_ws/Task2/install/setup.zsh'
