[0.017s] Invoking command in '/home/shridhar/Workspaces/mrt_ws/Task2/build/arucosrvmsg': CMAKE_PREFIX_PATH=/opt/ros/humble /usr/bin/cmake --build /home/shridhar/Workspaces/mrt_ws/Task2/build/arucosrvmsg -- -j22 -l22
[0.073s] [35m[1mConsolidate compiler generated dependencies of target arucosrvmsg__rosidl_generator_c[0m
[0.085s] [  2%] Built target arucosrvmsg__cpp
[0.086s] [ 12%] Built target arucosrvmsg__rosidl_generator_c
[0.098s] [35m[1mConsolidate compiler generated dependencies of target arucosrvmsg__rosidl_typesupport_introspection_cpp[0m
[0.099s] [35m[1mConsolidate compiler generated dependencies of target arucosrvmsg__rosidl_typesupport_fastrtps_cpp[0m
[0.099s] [35m[1mConsolidate compiler generated dependencies of target arucosrvmsg__rosidl_typesupport_fastrtps_c[0m
[0.099s] [35m[1mConsolidate compiler generated dependencies of target arucosrvmsg__rosidl_typesupport_introspection_c[0m
[0.099s] [ 12%] Built target ament_cmake_python_copy_arucosrvmsg
[0.099s] [35m[1mConsolidate compiler generated dependencies of target arucosrvmsg__rosidl_typesupport_cpp[0m
[0.100s] [35m[1mConsolidate compiler generated dependencies of target arucosrvmsg__rosidl_typesupport_c[0m
[0.113s] [ 43%] Built target arucosrvmsg__rosidl_typesupport_fastrtps_cpp
[0.113s] [ 43%] Built target arucosrvmsg__rosidl_typesupport_introspection_c
[0.113s] [ 43%] Built target arucosrvmsg__rosidl_typesupport_c
[0.113s] [ 53%] Built target arucosrvmsg__rosidl_typesupport_introspection_cpp
[0.115s] [ 64%] Built target arucosrvmsg__rosidl_typesupport_fastrtps_c
[0.116s] [ 74%] Built target arucosrvmsg__rosidl_typesupport_cpp
[0.146s] [ 74%] Built target arucosrvmsg
[0.176s] [ 76%] Built target arucosrvmsg__py
[0.189s] [35m[1mConsolidate compiler generated dependencies of target arucosrvmsg__rosidl_generator_py[0m
[0.206s] [ 84%] Built target arucosrvmsg__rosidl_generator_py
[0.218s] [35m[1mConsolidate compiler generated dependencies of target arucosrvmsg__rosidl_typesupport_fastrtps_c__pyext[0m
[0.219s] [35m[1mConsolidate compiler generated dependencies of target arucosrvmsg__rosidl_typesupport_c__pyext[0m
[0.219s] [35m[1mConsolidate compiler generated dependencies of target arucosrvmsg__rosidl_typesupport_introspection_c__pyext[0m
[0.236s] [ 94%] Built target arucosrvmsg__rosidl_typesupport_fastrtps_c__pyext
[0.236s] [ 94%] Built target arucosrvmsg__rosidl_typesupport_introspection_c__pyext
[0.236s] [100%] Built target arucosrvmsg__rosidl_typesupport_c__pyext
[0.354s] running egg_info
[0.355s] writing arucosrvmsg.egg-info/PKG-INFO
[0.355s] writing dependency_links to arucosrvmsg.egg-info/dependency_links.txt
[0.355s] writing top-level names to arucosrvmsg.egg-info/top_level.txt
[0.357s] reading manifest file 'arucosrvmsg.egg-info/SOURCES.txt'
[0.358s] writing manifest file 'arucosrvmsg.egg-info/SOURCES.txt'
[0.393s] [100%] Built target ament_cmake_python_build_arucosrvmsg_egg
[0.409s] Invoked command in '/home/shridhar/Workspaces/mrt_ws/Task2/build/arucosrvmsg' returned '0': CMAKE_PREFIX_PATH=/opt/ros/humble /usr/bin/cmake --build /home/shridhar/Workspaces/mrt_ws/Task2/build/arucosrvmsg -- -j22 -l22
[0.504s] Invoking command in '/home/shridhar/Workspaces/mrt_ws/Task2/build/arucosrvmsg': CMAKE_PREFIX_PATH=/opt/ros/humble /usr/bin/cmake --install /home/shridhar/Workspaces/mrt_ws/Task2/build/arucosrvmsg
[0.514s] -- Install configuration: ""
[0.514s] -- Up-to-date: /home/shridhar/Workspaces/mrt_ws/Task2/install/arucosrvmsg/share/ament_index/resource_index/rosidl_interfaces/arucosrvmsg
[0.514s] -- Up-to-date: /home/shridhar/Workspaces/mrt_ws/Task2/install/arucosrvmsg/include/arucosrvmsg/arucosrvmsg
[0.514s] -- Up-to-date: /home/shridhar/Workspaces/mrt_ws/Task2/install/arucosrvmsg/include/arucosrvmsg/arucosrvmsg/srv
[0.515s] -- Up-to-date: /home/shridhar/Workspaces/mrt_ws/Task2/install/arucosrvmsg/include/arucosrvmsg/arucosrvmsg/srv/aruco_markers.h
[0.515s] -- Up-to-date: /home/shridhar/Workspaces/mrt_ws/Task2/install/arucosrvmsg/include/arucosrvmsg/arucosrvmsg/srv/detail
[0.515s] -- Up-to-date: /home/shridhar/Workspaces/mrt_ws/Task2/install/arucosrvmsg/include/arucosrvmsg/arucosrvmsg/srv/detail/aruco_markers__functions.c
[0.515s] -- Up-to-date: /home/shridhar/Workspaces/mrt_ws/Task2/install/arucosrvmsg/include/arucosrvmsg/arucosrvmsg/srv/detail/aruco_markers__functions.h
[0.515s] -- Up-to-date: /home/shridhar/Workspaces/mrt_ws/Task2/install/arucosrvmsg/include/arucosrvmsg/arucosrvmsg/srv/detail/aruco_markers__type_support.h
[0.515s] -- Up-to-date: /home/shridhar/Workspaces/mrt_ws/Task2/install/arucosrvmsg/include/arucosrvmsg/arucosrvmsg/srv/detail/aruco_markers__struct.h
[0.515s] -- Up-to-date: /home/shridhar/Workspaces/mrt_ws/Task2/install/arucosrvmsg/include/arucosrvmsg/arucosrvmsg/msg
[0.515s] -- Up-to-date: /home/shridhar/Workspaces/mrt_ws/Task2/install/arucosrvmsg/include/arucosrvmsg/arucosrvmsg/msg/rosidl_generator_c__visibility_control.h
[0.515s] -- Up-to-date: /home/shridhar/Workspaces/mrt_ws/Task2/install/arucosrvmsg/include/arucosrvmsg/arucosrvmsg/msg/aruco_markers.h
[0.515s] -- Up-to-date: /home/shridhar/Workspaces/mrt_ws/Task2/install/arucosrvmsg/include/arucosrvmsg/arucosrvmsg/msg/detail
[0.515s] -- Up-to-date: /home/shridhar/Workspaces/mrt_ws/Task2/install/arucosrvmsg/include/arucosrvmsg/arucosrvmsg/msg/detail/aruco_markers__functions.c
[0.515s] -- Up-to-date: /home/shridhar/Workspaces/mrt_ws/Task2/install/arucosrvmsg/include/arucosrvmsg/arucosrvmsg/msg/detail/aruco_markers__functions.h
[0.516s] -- Up-to-date: /home/shridhar/Workspaces/mrt_ws/Task2/install/arucosrvmsg/include/arucosrvmsg/arucosrvmsg/msg/detail/aruco_markers__type_support.h
[0.516s] -- Up-to-date: /home/shridhar/Workspaces/mrt_ws/Task2/install/arucosrvmsg/include/arucosrvmsg/arucosrvmsg/msg/detail/aruco_markers__struct.h
[0.516s] -- Up-to-date: /home/shridhar/Workspaces/mrt_ws/Task2/install/arucosrvmsg/share/arucosrvmsg/environment/library_path.sh
[0.516s] -- Up-to-date: /home/shridhar/Workspaces/mrt_ws/Task2/install/arucosrvmsg/share/arucosrvmsg/environment/library_path.dsv
[0.516s] -- Up-to-date: /home/shridhar/Workspaces/mrt_ws/Task2/install/arucosrvmsg/lib/libarucosrvmsg__rosidl_generator_c.so
[0.516s] -- Up-to-date: /home/shridhar/Workspaces/mrt_ws/Task2/install/arucosrvmsg/include/arucosrvmsg/arucosrvmsg
[0.516s] -- Up-to-date: /home/shridhar/Workspaces/mrt_ws/Task2/install/arucosrvmsg/include/arucosrvmsg/arucosrvmsg/srv
[0.516s] -- Up-to-date: /home/shridhar/Workspaces/mrt_ws/Task2/install/arucosrvmsg/include/arucosrvmsg/arucosrvmsg/srv/detail
[0.516s] -- Up-to-date: /home/shridhar/Workspaces/mrt_ws/Task2/install/arucosrvmsg/include/arucosrvmsg/arucosrvmsg/srv/detail/aruco_markers__rosidl_typesupport_fastrtps_c.h
[0.516s] -- Up-to-date: /home/shridhar/Workspaces/mrt_ws/Task2/install/arucosrvmsg/include/arucosrvmsg/arucosrvmsg/msg
[0.516s] -- Up-to-date: /home/shridhar/Workspaces/mrt_ws/Task2/install/arucosrvmsg/include/arucosrvmsg/arucosrvmsg/msg/rosidl_typesupport_fastrtps_c__visibility_control.h
[0.516s] -- Up-to-date: /home/shridhar/Workspaces/mrt_ws/Task2/install/arucosrvmsg/include/arucosrvmsg/arucosrvmsg/msg/detail
[0.516s] -- Up-to-date: /home/shridhar/Workspaces/mrt_ws/Task2/install/arucosrvmsg/include/arucosrvmsg/arucosrvmsg/msg/detail/aruco_markers__rosidl_typesupport_fastrtps_c.h
[0.516s] -- Up-to-date: /home/shridhar/Workspaces/mrt_ws/Task2/install/arucosrvmsg/lib/libarucosrvmsg__rosidl_typesupport_fastrtps_c.so
[0.516s] -- Up-to-date: /home/shridhar/Workspaces/mrt_ws/Task2/install/arucosrvmsg/include/arucosrvmsg/arucosrvmsg
[0.516s] -- Up-to-date: /home/shridhar/Workspaces/mrt_ws/Task2/install/arucosrvmsg/include/arucosrvmsg/arucosrvmsg/srv
[0.517s] -- Up-to-date: /home/shridhar/Workspaces/mrt_ws/Task2/install/arucosrvmsg/include/arucosrvmsg/arucosrvmsg/srv/detail
[0.517s] -- Up-to-date: /home/shridhar/Workspaces/mrt_ws/Task2/install/arucosrvmsg/include/arucosrvmsg/arucosrvmsg/srv/detail/aruco_markers__struct.hpp
[0.517s] -- Up-to-date: /home/shridhar/Workspaces/mrt_ws/Task2/install/arucosrvmsg/include/arucosrvmsg/arucosrvmsg/srv/detail/aruco_markers__builder.hpp
[0.517s] -- Up-to-date: /home/shridhar/Workspaces/mrt_ws/Task2/install/arucosrvmsg/include/arucosrvmsg/arucosrvmsg/srv/detail/aruco_markers__traits.hpp
[0.517s] -- Up-to-date: /home/shridhar/Workspaces/mrt_ws/Task2/install/arucosrvmsg/include/arucosrvmsg/arucosrvmsg/srv/aruco_markers.hpp
[0.517s] -- Up-to-date: /home/shridhar/Workspaces/mrt_ws/Task2/install/arucosrvmsg/include/arucosrvmsg/arucosrvmsg/msg
[0.517s] -- Up-to-date: /home/shridhar/Workspaces/mrt_ws/Task2/install/arucosrvmsg/include/arucosrvmsg/arucosrvmsg/msg/detail
[0.517s] -- Up-to-date: /home/shridhar/Workspaces/mrt_ws/Task2/install/arucosrvmsg/include/arucosrvmsg/arucosrvmsg/msg/detail/aruco_markers__struct.hpp
[0.517s] -- Up-to-date: /home/shridhar/Workspaces/mrt_ws/Task2/install/arucosrvmsg/include/arucosrvmsg/arucosrvmsg/msg/detail/aruco_markers__builder.hpp
[0.517s] -- Up-to-date: /home/shridhar/Workspaces/mrt_ws/Task2/install/arucosrvmsg/include/arucosrvmsg/arucosrvmsg/msg/detail/aruco_markers__traits.hpp
[0.517s] -- Up-to-date: /home/shridhar/Workspaces/mrt_ws/Task2/install/arucosrvmsg/include/arucosrvmsg/arucosrvmsg/msg/aruco_markers.hpp
[0.517s] -- Up-to-date: /home/shridhar/Workspaces/mrt_ws/Task2/install/arucosrvmsg/include/arucosrvmsg/arucosrvmsg
[0.517s] -- Up-to-date: /home/shridhar/Workspaces/mrt_ws/Task2/install/arucosrvmsg/include/arucosrvmsg/arucosrvmsg/srv
[0.518s] -- Up-to-date: /home/shridhar/Workspaces/mrt_ws/Task2/install/arucosrvmsg/include/arucosrvmsg/arucosrvmsg/srv/detail
[0.518s] -- Up-to-date: /home/shridhar/Workspaces/mrt_ws/Task2/install/arucosrvmsg/include/arucosrvmsg/arucosrvmsg/srv/detail/aruco_markers__rosidl_typesupport_fastrtps_cpp.hpp
[0.518s] -- Up-to-date: /home/shridhar/Workspaces/mrt_ws/Task2/install/arucosrvmsg/include/arucosrvmsg/arucosrvmsg/srv/detail/dds_fastrtps
[0.518s] -- Up-to-date: /home/shridhar/Workspaces/mrt_ws/Task2/install/arucosrvmsg/include/arucosrvmsg/arucosrvmsg/msg
[0.518s] -- Up-to-date: /home/shridhar/Workspaces/mrt_ws/Task2/install/arucosrvmsg/include/arucosrvmsg/arucosrvmsg/msg/rosidl_typesupport_fastrtps_cpp__visibility_control.h
[0.518s] -- Up-to-date: /home/shridhar/Workspaces/mrt_ws/Task2/install/arucosrvmsg/include/arucosrvmsg/arucosrvmsg/msg/detail
[0.518s] -- Up-to-date: /home/shridhar/Workspaces/mrt_ws/Task2/install/arucosrvmsg/include/arucosrvmsg/arucosrvmsg/msg/detail/aruco_markers__rosidl_typesupport_fastrtps_cpp.hpp
[0.518s] -- Up-to-date: /home/shridhar/Workspaces/mrt_ws/Task2/install/arucosrvmsg/include/arucosrvmsg/arucosrvmsg/msg/detail/dds_fastrtps
[0.518s] -- Up-to-date: /home/shridhar/Workspaces/mrt_ws/Task2/install/arucosrvmsg/lib/libarucosrvmsg__rosidl_typesupport_fastrtps_cpp.so
[0.518s] -- Up-to-date: /home/shridhar/Workspaces/mrt_ws/Task2/install/arucosrvmsg/include/arucosrvmsg/arucosrvmsg
[0.518s] -- Up-to-date: /home/shridhar/Workspaces/mrt_ws/Task2/install/arucosrvmsg/include/arucosrvmsg/arucosrvmsg/srv
[0.518s] -- Up-to-date: /home/shridhar/Workspaces/mrt_ws/Task2/install/arucosrvmsg/include/arucosrvmsg/arucosrvmsg/srv/detail
[0.518s] -- Up-to-date: /home/shridhar/Workspaces/mrt_ws/Task2/install/arucosrvmsg/include/arucosrvmsg/arucosrvmsg/srv/detail/aruco_markers__type_support.c
[0.518s] -- Up-to-date: /home/shridhar/Workspaces/mrt_ws/Task2/install/arucosrvmsg/include/arucosrvmsg/arucosrvmsg/srv/detail/aruco_markers__rosidl_typesupport_introspection_c.h
[0.518s] -- Up-to-date: /home/shridhar/Workspaces/mrt_ws/Task2/install/arucosrvmsg/include/arucosrvmsg/arucosrvmsg/msg
[0.518s] -- Up-to-date: /home/shridhar/Workspaces/mrt_ws/Task2/install/arucosrvmsg/include/arucosrvmsg/arucosrvmsg/msg/detail
[0.519s] -- Up-to-date: /home/shridhar/Workspaces/mrt_ws/Task2/install/arucosrvmsg/include/arucosrvmsg/arucosrvmsg/msg/detail/aruco_markers__type_support.c
[0.519s] -- Up-to-date: /home/shridhar/Workspaces/mrt_ws/Task2/install/arucosrvmsg/include/arucosrvmsg/arucosrvmsg/msg/detail/aruco_markers__rosidl_typesupport_introspection_c.h
[0.519s] -- Up-to-date: /home/shridhar/Workspaces/mrt_ws/Task2/install/arucosrvmsg/include/arucosrvmsg/arucosrvmsg/msg/rosidl_typesupport_introspection_c__visibility_control.h
[0.519s] -- Up-to-date: /home/shridhar/Workspaces/mrt_ws/Task2/install/arucosrvmsg/lib/libarucosrvmsg__rosidl_typesupport_introspection_c.so
[0.519s] -- Up-to-date: /home/shridhar/Workspaces/mrt_ws/Task2/install/arucosrvmsg/lib/libarucosrvmsg__rosidl_typesupport_c.so
[0.519s] -- Up-to-date: /home/shridhar/Workspaces/mrt_ws/Task2/install/arucosrvmsg/include/arucosrvmsg/arucosrvmsg
[0.519s] -- Up-to-date: /home/shridhar/Workspaces/mrt_ws/Task2/install/arucosrvmsg/include/arucosrvmsg/arucosrvmsg/srv
[0.519s] -- Up-to-date: /home/shridhar/Workspaces/mrt_ws/Task2/install/arucosrvmsg/include/arucosrvmsg/arucosrvmsg/srv/detail
[0.519s] -- Up-to-date: /home/shridhar/Workspaces/mrt_ws/Task2/install/arucosrvmsg/include/arucosrvmsg/arucosrvmsg/srv/detail/aruco_markers__rosidl_typesupport_introspection_cpp.hpp
[0.519s] -- Up-to-date: /home/shridhar/Workspaces/mrt_ws/Task2/install/arucosrvmsg/include/arucosrvmsg/arucosrvmsg/srv/detail/aruco_markers__type_support.cpp
[0.519s] -- Up-to-date: /home/shridhar/Workspaces/mrt_ws/Task2/install/arucosrvmsg/include/arucosrvmsg/arucosrvmsg/msg
[0.519s] -- Up-to-date: /home/shridhar/Workspaces/mrt_ws/Task2/install/arucosrvmsg/include/arucosrvmsg/arucosrvmsg/msg/detail
[0.519s] -- Up-to-date: /home/shridhar/Workspaces/mrt_ws/Task2/install/arucosrvmsg/include/arucosrvmsg/arucosrvmsg/msg/detail/aruco_markers__rosidl_typesupport_introspection_cpp.hpp
[0.519s] -- Up-to-date: /home/shridhar/Workspaces/mrt_ws/Task2/install/arucosrvmsg/include/arucosrvmsg/arucosrvmsg/msg/detail/aruco_markers__type_support.cpp
[0.519s] -- Up-to-date: /home/shridhar/Workspaces/mrt_ws/Task2/install/arucosrvmsg/lib/libarucosrvmsg__rosidl_typesupport_introspection_cpp.so
[0.519s] -- Up-to-date: /home/shridhar/Workspaces/mrt_ws/Task2/install/arucosrvmsg/lib/libarucosrvmsg__rosidl_typesupport_cpp.so
[0.520s] -- Up-to-date: /home/shridhar/Workspaces/mrt_ws/Task2/install/arucosrvmsg/share/arucosrvmsg/environment/pythonpath.sh
[0.520s] -- Up-to-date: /home/shridhar/Workspaces/mrt_ws/Task2/install/arucosrvmsg/share/arucosrvmsg/environment/pythonpath.dsv
[0.520s] -- Up-to-date: /home/shridhar/Workspaces/mrt_ws/Task2/install/arucosrvmsg/local/lib/python3.10/dist-packages/arucosrvmsg-0.0.0-py3.10.egg-info
[0.520s] -- Installing: /home/shridhar/Workspaces/mrt_ws/Task2/install/arucosrvmsg/local/lib/python3.10/dist-packages/arucosrvmsg-0.0.0-py3.10.egg-info/top_level.txt
[0.520s] -- Installing: /home/shridhar/Workspaces/mrt_ws/Task2/install/arucosrvmsg/local/lib/python3.10/dist-packages/arucosrvmsg-0.0.0-py3.10.egg-info/dependency_links.txt
[0.520s] -- Installing: /home/shridhar/Workspaces/mrt_ws/Task2/install/arucosrvmsg/local/lib/python3.10/dist-packages/arucosrvmsg-0.0.0-py3.10.egg-info/PKG-INFO
[0.520s] -- Installing: /home/shridhar/Workspaces/mrt_ws/Task2/install/arucosrvmsg/local/lib/python3.10/dist-packages/arucosrvmsg-0.0.0-py3.10.egg-info/SOURCES.txt
[0.520s] -- Up-to-date: /home/shridhar/Workspaces/mrt_ws/Task2/install/arucosrvmsg/local/lib/python3.10/dist-packages/arucosrvmsg
[0.520s] -- Up-to-date: /home/shridhar/Workspaces/mrt_ws/Task2/install/arucosrvmsg/local/lib/python3.10/dist-packages/arucosrvmsg/libarucosrvmsg__rosidl_generator_py.so
[0.520s] -- Up-to-date: /home/shridhar/Workspaces/mrt_ws/Task2/install/arucosrvmsg/local/lib/python3.10/dist-packages/arucosrvmsg/srv
[0.520s] -- Up-to-date: /home/shridhar/Workspaces/mrt_ws/Task2/install/arucosrvmsg/local/lib/python3.10/dist-packages/arucosrvmsg/srv/_aruco_markers_s.c
[0.520s] -- Up-to-date: /home/shridhar/Workspaces/mrt_ws/Task2/install/arucosrvmsg/local/lib/python3.10/dist-packages/arucosrvmsg/srv/_aruco_markers.py
[0.520s] -- Up-to-date: /home/shridhar/Workspaces/mrt_ws/Task2/install/arucosrvmsg/local/lib/python3.10/dist-packages/arucosrvmsg/srv/__init__.py
[0.520s] -- Up-to-date: /home/shridhar/Workspaces/mrt_ws/Task2/install/arucosrvmsg/local/lib/python3.10/dist-packages/arucosrvmsg/_arucosrvmsg_s.ep.rosidl_typesupport_c.c
[0.520s] -- Up-to-date: /home/shridhar/Workspaces/mrt_ws/Task2/install/arucosrvmsg/local/lib/python3.10/dist-packages/arucosrvmsg/_arucosrvmsg_s.ep.rosidl_typesupport_fastrtps_c.c
[0.520s] -- Up-to-date: /home/shridhar/Workspaces/mrt_ws/Task2/install/arucosrvmsg/local/lib/python3.10/dist-packages/arucosrvmsg/arucosrvmsg_s__rosidl_typesupport_c.cpython-310-x86_64-linux-gnu.so
[0.520s] -- Up-to-date: /home/shridhar/Workspaces/mrt_ws/Task2/install/arucosrvmsg/local/lib/python3.10/dist-packages/arucosrvmsg/arucosrvmsg_s__rosidl_typesupport_introspection_c.cpython-310-x86_64-linux-gnu.so
[0.520s] -- Up-to-date: /home/shridhar/Workspaces/mrt_ws/Task2/install/arucosrvmsg/local/lib/python3.10/dist-packages/arucosrvmsg/msg
[0.521s] -- Up-to-date: /home/shridhar/Workspaces/mrt_ws/Task2/install/arucosrvmsg/local/lib/python3.10/dist-packages/arucosrvmsg/msg/_aruco_markers_s.c
[0.521s] -- Up-to-date: /home/shridhar/Workspaces/mrt_ws/Task2/install/arucosrvmsg/local/lib/python3.10/dist-packages/arucosrvmsg/msg/_aruco_markers.py
[0.521s] -- Up-to-date: /home/shridhar/Workspaces/mrt_ws/Task2/install/arucosrvmsg/local/lib/python3.10/dist-packages/arucosrvmsg/msg/__init__.py
[0.521s] -- Up-to-date: /home/shridhar/Workspaces/mrt_ws/Task2/install/arucosrvmsg/local/lib/python3.10/dist-packages/arucosrvmsg/_arucosrvmsg_s.ep.rosidl_typesupport_introspection_c.c
[0.521s] -- Up-to-date: /home/shridhar/Workspaces/mrt_ws/Task2/install/arucosrvmsg/local/lib/python3.10/dist-packages/arucosrvmsg/__init__.py
[0.521s] -- Up-to-date: /home/shridhar/Workspaces/mrt_ws/Task2/install/arucosrvmsg/local/lib/python3.10/dist-packages/arucosrvmsg/arucosrvmsg_s__rosidl_typesupport_fastrtps_c.cpython-310-x86_64-linux-gnu.so
[0.560s] Listing '/home/shridhar/Workspaces/mrt_ws/Task2/install/arucosrvmsg/local/lib/python3.10/dist-packages/arucosrvmsg'...
[0.560s] Listing '/home/shridhar/Workspaces/mrt_ws/Task2/install/arucosrvmsg/local/lib/python3.10/dist-packages/arucosrvmsg/msg'...
[0.560s] Listing '/home/shridhar/Workspaces/mrt_ws/Task2/install/arucosrvmsg/local/lib/python3.10/dist-packages/arucosrvmsg/srv'...
[0.565s] -- Up-to-date: /home/shridhar/Workspaces/mrt_ws/Task2/install/arucosrvmsg/local/lib/python3.10/dist-packages/arucosrvmsg/arucosrvmsg_s__rosidl_typesupport_fastrtps_c.cpython-310-x86_64-linux-gnu.so
[0.565s] -- Up-to-date: /home/shridhar/Workspaces/mrt_ws/Task2/install/arucosrvmsg/local/lib/python3.10/dist-packages/arucosrvmsg/arucosrvmsg_s__rosidl_typesupport_introspection_c.cpython-310-x86_64-linux-gnu.so
[0.565s] -- Up-to-date: /home/shridhar/Workspaces/mrt_ws/Task2/install/arucosrvmsg/local/lib/python3.10/dist-packages/arucosrvmsg/arucosrvmsg_s__rosidl_typesupport_c.cpython-310-x86_64-linux-gnu.so
[0.566s] -- Up-to-date: /home/shridhar/Workspaces/mrt_ws/Task2/install/arucosrvmsg/lib/libarucosrvmsg__rosidl_generator_py.so
[0.566s] -- Up-to-date: /home/shridhar/Workspaces/mrt_ws/Task2/install/arucosrvmsg/share/arucosrvmsg/msg/ArucoMarkers.idl
[0.566s] -- Up-to-date: /home/shridhar/Workspaces/mrt_ws/Task2/install/arucosrvmsg/share/arucosrvmsg/srv/ArucoMarkers.idl
[0.566s] -- Up-to-date: /home/shridhar/Workspaces/mrt_ws/Task2/install/arucosrvmsg/share/arucosrvmsg/msg/ArucoMarkers.msg
[0.566s] -- Up-to-date: /home/shridhar/Workspaces/mrt_ws/Task2/install/arucosrvmsg/share/arucosrvmsg/srv/ArucoMarkers.srv
[0.567s] -- Up-to-date: /home/shridhar/Workspaces/mrt_ws/Task2/install/arucosrvmsg/share/arucosrvmsg/srv/ArucoMarkers_Request.msg
[0.567s] -- Up-to-date: /home/shridhar/Workspaces/mrt_ws/Task2/install/arucosrvmsg/share/arucosrvmsg/srv/ArucoMarkers_Response.msg
[0.567s] -- Up-to-date: /home/shridhar/Workspaces/mrt_ws/Task2/install/arucosrvmsg/share/ament_index/resource_index/package_run_dependencies/arucosrvmsg
[0.567s] -- Up-to-date: /home/shridhar/Workspaces/mrt_ws/Task2/install/arucosrvmsg/share/ament_index/resource_index/parent_prefix_path/arucosrvmsg
[0.567s] -- Up-to-date: /home/shridhar/Workspaces/mrt_ws/Task2/install/arucosrvmsg/share/arucosrvmsg/environment/ament_prefix_path.sh
[0.567s] -- Up-to-date: /home/shridhar/Workspaces/mrt_ws/Task2/install/arucosrvmsg/share/arucosrvmsg/environment/ament_prefix_path.dsv
[0.567s] -- Up-to-date: /home/shridhar/Workspaces/mrt_ws/Task2/install/arucosrvmsg/share/arucosrvmsg/environment/path.sh
[0.567s] -- Up-to-date: /home/shridhar/Workspaces/mrt_ws/Task2/install/arucosrvmsg/share/arucosrvmsg/environment/path.dsv
[0.567s] -- Up-to-date: /home/shridhar/Workspaces/mrt_ws/Task2/install/arucosrvmsg/share/arucosrvmsg/local_setup.bash
[0.567s] -- Up-to-date: /home/shridhar/Workspaces/mrt_ws/Task2/install/arucosrvmsg/share/arucosrvmsg/local_setup.sh
[0.568s] -- Up-to-date: /home/shridhar/Workspaces/mrt_ws/Task2/install/arucosrvmsg/share/arucosrvmsg/local_setup.zsh
[0.568s] -- Up-to-date: /home/shridhar/Workspaces/mrt_ws/Task2/install/arucosrvmsg/share/arucosrvmsg/local_setup.dsv
[0.568s] -- Installing: /home/shridhar/Workspaces/mrt_ws/Task2/install/arucosrvmsg/share/arucosrvmsg/package.dsv
[0.568s] -- Up-to-date: /home/shridhar/Workspaces/mrt_ws/Task2/install/arucosrvmsg/share/ament_index/resource_index/packages/arucosrvmsg
[0.568s] -- Up-to-date: /home/shridhar/Workspaces/mrt_ws/Task2/install/arucosrvmsg/share/arucosrvmsg/cmake/export_arucosrvmsg__rosidl_generator_cExport.cmake
[0.568s] -- Up-to-date: /home/shridhar/Workspaces/mrt_ws/Task2/install/arucosrvmsg/share/arucosrvmsg/cmake/export_arucosrvmsg__rosidl_generator_cExport-noconfig.cmake
[0.568s] -- Up-to-date: /home/shridhar/Workspaces/mrt_ws/Task2/install/arucosrvmsg/share/arucosrvmsg/cmake/export_arucosrvmsg__rosidl_typesupport_fastrtps_cExport.cmake
[0.568s] -- Up-to-date: /home/shridhar/Workspaces/mrt_ws/Task2/install/arucosrvmsg/share/arucosrvmsg/cmake/export_arucosrvmsg__rosidl_typesupport_fastrtps_cExport-noconfig.cmake
[0.568s] -- Up-to-date: /home/shridhar/Workspaces/mrt_ws/Task2/install/arucosrvmsg/share/arucosrvmsg/cmake/export_arucosrvmsg__rosidl_generator_cppExport.cmake
[0.568s] -- Up-to-date: /home/shridhar/Workspaces/mrt_ws/Task2/install/arucosrvmsg/share/arucosrvmsg/cmake/export_arucosrvmsg__rosidl_typesupport_fastrtps_cppExport.cmake
[0.569s] -- Up-to-date: /home/shridhar/Workspaces/mrt_ws/Task2/install/arucosrvmsg/share/arucosrvmsg/cmake/export_arucosrvmsg__rosidl_typesupport_fastrtps_cppExport-noconfig.cmake
[0.569s] -- Up-to-date: /home/shridhar/Workspaces/mrt_ws/Task2/install/arucosrvmsg/share/arucosrvmsg/cmake/arucosrvmsg__rosidl_typesupport_introspection_cExport.cmake
[0.569s] -- Up-to-date: /home/shridhar/Workspaces/mrt_ws/Task2/install/arucosrvmsg/share/arucosrvmsg/cmake/arucosrvmsg__rosidl_typesupport_introspection_cExport-noconfig.cmake
[0.569s] -- Up-to-date: /home/shridhar/Workspaces/mrt_ws/Task2/install/arucosrvmsg/share/arucosrvmsg/cmake/arucosrvmsg__rosidl_typesupport_cExport.cmake
[0.569s] -- Up-to-date: /home/shridhar/Workspaces/mrt_ws/Task2/install/arucosrvmsg/share/arucosrvmsg/cmake/arucosrvmsg__rosidl_typesupport_cExport-noconfig.cmake
[0.569s] -- Up-to-date: /home/shridhar/Workspaces/mrt_ws/Task2/install/arucosrvmsg/share/arucosrvmsg/cmake/arucosrvmsg__rosidl_typesupport_introspection_cppExport.cmake
[0.569s] -- Up-to-date: /home/shridhar/Workspaces/mrt_ws/Task2/install/arucosrvmsg/share/arucosrvmsg/cmake/arucosrvmsg__rosidl_typesupport_introspection_cppExport-noconfig.cmake
[0.569s] -- Up-to-date: /home/shridhar/Workspaces/mrt_ws/Task2/install/arucosrvmsg/share/arucosrvmsg/cmake/arucosrvmsg__rosidl_typesupport_cppExport.cmake
[0.569s] -- Up-to-date: /home/shridhar/Workspaces/mrt_ws/Task2/install/arucosrvmsg/share/arucosrvmsg/cmake/arucosrvmsg__rosidl_typesupport_cppExport-noconfig.cmake
[0.569s] -- Up-to-date: /home/shridhar/Workspaces/mrt_ws/Task2/install/arucosrvmsg/share/arucosrvmsg/cmake/export_arucosrvmsg__rosidl_generator_pyExport.cmake
[0.569s] -- Up-to-date: /home/shridhar/Workspaces/mrt_ws/Task2/install/arucosrvmsg/share/arucosrvmsg/cmake/export_arucosrvmsg__rosidl_generator_pyExport-noconfig.cmake
[0.569s] -- Up-to-date: /home/shridhar/Workspaces/mrt_ws/Task2/install/arucosrvmsg/share/arucosrvmsg/cmake/rosidl_cmake-extras.cmake
[0.569s] -- Up-to-date: /home/shridhar/Workspaces/mrt_ws/Task2/install/arucosrvmsg/share/arucosrvmsg/cmake/ament_cmake_export_dependencies-extras.cmake
[0.569s] -- Up-to-date: /home/shridhar/Workspaces/mrt_ws/Task2/install/arucosrvmsg/share/arucosrvmsg/cmake/ament_cmake_export_include_directories-extras.cmake
[0.569s] -- Up-to-date: /home/shridhar/Workspaces/mrt_ws/Task2/install/arucosrvmsg/share/arucosrvmsg/cmake/ament_cmake_export_libraries-extras.cmake
[0.569s] -- Up-to-date: /home/shridhar/Workspaces/mrt_ws/Task2/install/arucosrvmsg/share/arucosrvmsg/cmake/ament_cmake_export_targets-extras.cmake
[0.569s] -- Up-to-date: /home/shridhar/Workspaces/mrt_ws/Task2/install/arucosrvmsg/share/arucosrvmsg/cmake/rosidl_cmake_export_typesupport_targets-extras.cmake
[0.570s] -- Up-to-date: /home/shridhar/Workspaces/mrt_ws/Task2/install/arucosrvmsg/share/arucosrvmsg/cmake/rosidl_cmake_export_typesupport_libraries-extras.cmake
[0.570s] -- Up-to-date: /home/shridhar/Workspaces/mrt_ws/Task2/install/arucosrvmsg/share/arucosrvmsg/cmake/arucosrvmsgConfig.cmake
[0.570s] -- Up-to-date: /home/shridhar/Workspaces/mrt_ws/Task2/install/arucosrvmsg/share/arucosrvmsg/cmake/arucosrvmsgConfig-version.cmake
[0.570s] -- Up-to-date: /home/shridhar/Workspaces/mrt_ws/Task2/install/arucosrvmsg/share/arucosrvmsg/package.xml
[0.573s] Invoked command in '/home/shridhar/Workspaces/mrt_ws/Task2/build/arucosrvmsg' returned '0': CMAKE_PREFIX_PATH=/opt/ros/humble /usr/bin/cmake --install /home/shridhar/Workspaces/mrt_ws/Task2/build/arucosrvmsg
