[  3%] Built target arucosrvmsg__cpp
[ 12%] Built target arucosrvmsg__rosidl_generator_c
[ 12%] Built target ament_cmake_python_copy_arucosrvmsg
[ 22%] Built target arucosrvmsg__rosidl_typesupport_introspection_c
[ 32%] Built target arucosrvmsg__rosidl_typesupport_c
[ 48%] Built target arucosrvmsg__rosidl_typesupport_cpp
[ 51%] Built target arucosrvmsg__rosidl_typesupport_fastrtps_cpp
[ 61%] Built target arucosrvmsg__rosidl_typesupport_introspection_cpp
[ 70%] Built target arucosrvmsg__rosidl_typesupport_fastrtps_c
[ 70%] Built target arucosrvmsg
[ 74%] Built target arucosrvmsg__py
[ 80%] Built target arucosrvmsg__rosidl_generator_py
[ 93%] Built target arucosrvmsg__rosidl_typesupport_introspection_c__pyext
[ 93%] Built target arucosrvmsg__rosidl_typesupport_fastrtps_c__pyext
[100%] Built target arucosrvmsg__rosidl_typesupport_c__pyext
running egg_info
writing arucosrvmsg.egg-info/PKG-INFO
writing dependency_links to arucosrvmsg.egg-info/dependency_links.txt
writing top-level names to arucosrvmsg.egg-info/top_level.txt
reading manifest file 'arucosrvmsg.egg-info/SOURCES.txt'
writing manifest file 'arucosrvmsg.egg-info/SOURCES.txt'
[100%] Built target ament_cmake_python_build_arucosrvmsg_egg
-- Install configuration: ""
-- Up-to-date: /home/shridhar/Documents/ROSrevision/Task4/install/arucosrvmsg/share/ament_index/resource_index/rosidl_interfaces/arucosrvmsg
-- Up-to-date: /home/shridhar/Documents/ROSrevision/Task4/install/arucosrvmsg/include/arucosrvmsg/arucosrvmsg
-- Up-to-date: /home/shridhar/Documents/ROSrevision/Task4/install/arucosrvmsg/include/arucosrvmsg/arucosrvmsg/msg
-- Up-to-date: /home/shridhar/Documents/ROSrevision/Task4/install/arucosrvmsg/include/arucosrvmsg/arucosrvmsg/msg/rosidl_generator_c__visibility_control.h
-- Up-to-date: /home/shridhar/Documents/ROSrevision/Task4/install/arucosrvmsg/include/arucosrvmsg/arucosrvmsg/msg/markers.h
-- Up-to-date: /home/shridhar/Documents/ROSrevision/Task4/install/arucosrvmsg/include/arucosrvmsg/arucosrvmsg/msg/detail
-- Up-to-date: /home/shridhar/Documents/ROSrevision/Task4/install/arucosrvmsg/include/arucosrvmsg/arucosrvmsg/msg/detail/markers__functions.c
-- Up-to-date: /home/shridhar/Documents/ROSrevision/Task4/install/arucosrvmsg/include/arucosrvmsg/arucosrvmsg/msg/detail/markers__struct.h
-- Up-to-date: /home/shridhar/Documents/ROSrevision/Task4/install/arucosrvmsg/include/arucosrvmsg/arucosrvmsg/msg/detail/markers__type_support.h
-- Up-to-date: /home/shridhar/Documents/ROSrevision/Task4/install/arucosrvmsg/include/arucosrvmsg/arucosrvmsg/msg/detail/markers__functions.h
-- Up-to-date: /home/shridhar/Documents/ROSrevision/Task4/install/arucosrvmsg/share/arucosrvmsg/environment/library_path.sh
-- Up-to-date: /home/shridhar/Documents/ROSrevision/Task4/install/arucosrvmsg/share/arucosrvmsg/environment/library_path.dsv
-- Up-to-date: /home/shridhar/Documents/ROSrevision/Task4/install/arucosrvmsg/lib/libarucosrvmsg__rosidl_generator_c.so
-- Up-to-date: /home/shridhar/Documents/ROSrevision/Task4/install/arucosrvmsg/include/arucosrvmsg/arucosrvmsg
-- Up-to-date: /home/shridhar/Documents/ROSrevision/Task4/install/arucosrvmsg/include/arucosrvmsg/arucosrvmsg/msg
-- Up-to-date: /home/shridhar/Documents/ROSrevision/Task4/install/arucosrvmsg/include/arucosrvmsg/arucosrvmsg/msg/rosidl_typesupport_fastrtps_c__visibility_control.h
-- Up-to-date: /home/shridhar/Documents/ROSrevision/Task4/install/arucosrvmsg/include/arucosrvmsg/arucosrvmsg/msg/detail
-- Up-to-date: /home/shridhar/Documents/ROSrevision/Task4/install/arucosrvmsg/include/arucosrvmsg/arucosrvmsg/msg/detail/markers__rosidl_typesupport_fastrtps_c.h
-- Up-to-date: /home/shridhar/Documents/ROSrevision/Task4/install/arucosrvmsg/lib/libarucosrvmsg__rosidl_typesupport_fastrtps_c.so
-- Up-to-date: /home/shridhar/Documents/ROSrevision/Task4/install/arucosrvmsg/include/arucosrvmsg/arucosrvmsg
-- Up-to-date: /home/shridhar/Documents/ROSrevision/Task4/install/arucosrvmsg/include/arucosrvmsg/arucosrvmsg/msg
-- Up-to-date: /home/shridhar/Documents/ROSrevision/Task4/install/arucosrvmsg/include/arucosrvmsg/arucosrvmsg/msg/detail
-- Up-to-date: /home/shridhar/Documents/ROSrevision/Task4/install/arucosrvmsg/include/arucosrvmsg/arucosrvmsg/msg/detail/markers__type_support.c
-- Up-to-date: /home/shridhar/Documents/ROSrevision/Task4/install/arucosrvmsg/include/arucosrvmsg/arucosrvmsg/msg/detail/markers__rosidl_typesupport_introspection_c.h
-- Up-to-date: /home/shridhar/Documents/ROSrevision/Task4/install/arucosrvmsg/include/arucosrvmsg/arucosrvmsg/msg/rosidl_typesupport_introspection_c__visibility_control.h
-- Up-to-date: /home/shridhar/Documents/ROSrevision/Task4/install/arucosrvmsg/lib/libarucosrvmsg__rosidl_typesupport_introspection_c.so
-- Up-to-date: /home/shridhar/Documents/ROSrevision/Task4/install/arucosrvmsg/lib/libarucosrvmsg__rosidl_typesupport_c.so
-- Up-to-date: /home/shridhar/Documents/ROSrevision/Task4/install/arucosrvmsg/include/arucosrvmsg/arucosrvmsg
-- Up-to-date: /home/shridhar/Documents/ROSrevision/Task4/install/arucosrvmsg/include/arucosrvmsg/arucosrvmsg/msg
-- Up-to-date: /home/shridhar/Documents/ROSrevision/Task4/install/arucosrvmsg/include/arucosrvmsg/arucosrvmsg/msg/markers.hpp
-- Up-to-date: /home/shridhar/Documents/ROSrevision/Task4/install/arucosrvmsg/include/arucosrvmsg/arucosrvmsg/msg/detail
-- Up-to-date: /home/shridhar/Documents/ROSrevision/Task4/install/arucosrvmsg/include/arucosrvmsg/arucosrvmsg/msg/detail/markers__traits.hpp
-- Up-to-date: /home/shridhar/Documents/ROSrevision/Task4/install/arucosrvmsg/include/arucosrvmsg/arucosrvmsg/msg/detail/markers__builder.hpp
-- Up-to-date: /home/shridhar/Documents/ROSrevision/Task4/install/arucosrvmsg/include/arucosrvmsg/arucosrvmsg/msg/detail/markers__struct.hpp
-- Up-to-date: /home/shridhar/Documents/ROSrevision/Task4/install/arucosrvmsg/include/arucosrvmsg/arucosrvmsg
-- Up-to-date: /home/shridhar/Documents/ROSrevision/Task4/install/arucosrvmsg/include/arucosrvmsg/arucosrvmsg/msg
-- Up-to-date: /home/shridhar/Documents/ROSrevision/Task4/install/arucosrvmsg/include/arucosrvmsg/arucosrvmsg/msg/rosidl_typesupport_fastrtps_cpp__visibility_control.h
-- Up-to-date: /home/shridhar/Documents/ROSrevision/Task4/install/arucosrvmsg/include/arucosrvmsg/arucosrvmsg/msg/detail
-- Up-to-date: /home/shridhar/Documents/ROSrevision/Task4/install/arucosrvmsg/include/arucosrvmsg/arucosrvmsg/msg/detail/markers__rosidl_typesupport_fastrtps_cpp.hpp
-- Up-to-date: /home/shridhar/Documents/ROSrevision/Task4/install/arucosrvmsg/include/arucosrvmsg/arucosrvmsg/msg/detail/dds_fastrtps
-- Up-to-date: /home/shridhar/Documents/ROSrevision/Task4/install/arucosrvmsg/lib/libarucosrvmsg__rosidl_typesupport_fastrtps_cpp.so
-- Up-to-date: /home/shridhar/Documents/ROSrevision/Task4/install/arucosrvmsg/include/arucosrvmsg/arucosrvmsg
-- Up-to-date: /home/shridhar/Documents/ROSrevision/Task4/install/arucosrvmsg/include/arucosrvmsg/arucosrvmsg/msg
-- Up-to-date: /home/shridhar/Documents/ROSrevision/Task4/install/arucosrvmsg/include/arucosrvmsg/arucosrvmsg/msg/detail
-- Up-to-date: /home/shridhar/Documents/ROSrevision/Task4/install/arucosrvmsg/include/arucosrvmsg/arucosrvmsg/msg/detail/markers__rosidl_typesupport_introspection_cpp.hpp
-- Up-to-date: /home/shridhar/Documents/ROSrevision/Task4/install/arucosrvmsg/include/arucosrvmsg/arucosrvmsg/msg/detail/markers__type_support.cpp
-- Up-to-date: /home/shridhar/Documents/ROSrevision/Task4/install/arucosrvmsg/lib/libarucosrvmsg__rosidl_typesupport_introspection_cpp.so
-- Up-to-date: /home/shridhar/Documents/ROSrevision/Task4/install/arucosrvmsg/lib/libarucosrvmsg__rosidl_typesupport_cpp.so
-- Up-to-date: /home/shridhar/Documents/ROSrevision/Task4/install/arucosrvmsg/share/arucosrvmsg/environment/pythonpath.sh
-- Up-to-date: /home/shridhar/Documents/ROSrevision/Task4/install/arucosrvmsg/share/arucosrvmsg/environment/pythonpath.dsv
-- Up-to-date: /home/shridhar/Documents/ROSrevision/Task4/install/arucosrvmsg/local/lib/python3.10/dist-packages/arucosrvmsg-0.0.0-py3.10.egg-info
-- Installing: /home/shridhar/Documents/ROSrevision/Task4/install/arucosrvmsg/local/lib/python3.10/dist-packages/arucosrvmsg-0.0.0-py3.10.egg-info/top_level.txt
-- Installing: /home/shridhar/Documents/ROSrevision/Task4/install/arucosrvmsg/local/lib/python3.10/dist-packages/arucosrvmsg-0.0.0-py3.10.egg-info/dependency_links.txt
-- Installing: /home/shridhar/Documents/ROSrevision/Task4/install/arucosrvmsg/local/lib/python3.10/dist-packages/arucosrvmsg-0.0.0-py3.10.egg-info/PKG-INFO
-- Installing: /home/shridhar/Documents/ROSrevision/Task4/install/arucosrvmsg/local/lib/python3.10/dist-packages/arucosrvmsg-0.0.0-py3.10.egg-info/SOURCES.txt
-- Up-to-date: /home/shridhar/Documents/ROSrevision/Task4/install/arucosrvmsg/local/lib/python3.10/dist-packages/arucosrvmsg
-- Up-to-date: /home/shridhar/Documents/ROSrevision/Task4/install/arucosrvmsg/local/lib/python3.10/dist-packages/arucosrvmsg/libarucosrvmsg__rosidl_generator_py.so
-- Up-to-date: /home/shridhar/Documents/ROSrevision/Task4/install/arucosrvmsg/local/lib/python3.10/dist-packages/arucosrvmsg/_arucosrvmsg_s.ep.rosidl_typesupport_c.c
-- Up-to-date: /home/shridhar/Documents/ROSrevision/Task4/install/arucosrvmsg/local/lib/python3.10/dist-packages/arucosrvmsg/_arucosrvmsg_s.ep.rosidl_typesupport_fastrtps_c.c
-- Up-to-date: /home/shridhar/Documents/ROSrevision/Task4/install/arucosrvmsg/local/lib/python3.10/dist-packages/arucosrvmsg/arucosrvmsg_s__rosidl_typesupport_c.cpython-310-x86_64-linux-gnu.so
-- Up-to-date: /home/shridhar/Documents/ROSrevision/Task4/install/arucosrvmsg/local/lib/python3.10/dist-packages/arucosrvmsg/arucosrvmsg_s__rosidl_typesupport_introspection_c.cpython-310-x86_64-linux-gnu.so
-- Up-to-date: /home/shridhar/Documents/ROSrevision/Task4/install/arucosrvmsg/local/lib/python3.10/dist-packages/arucosrvmsg/msg
-- Up-to-date: /home/shridhar/Documents/ROSrevision/Task4/install/arucosrvmsg/local/lib/python3.10/dist-packages/arucosrvmsg/msg/_markers.py
-- Up-to-date: /home/shridhar/Documents/ROSrevision/Task4/install/arucosrvmsg/local/lib/python3.10/dist-packages/arucosrvmsg/msg/_markers_s.c
-- Up-to-date: /home/shridhar/Documents/ROSrevision/Task4/install/arucosrvmsg/local/lib/python3.10/dist-packages/arucosrvmsg/msg/__init__.py
-- Up-to-date: /home/shridhar/Documents/ROSrevision/Task4/install/arucosrvmsg/local/lib/python3.10/dist-packages/arucosrvmsg/_arucosrvmsg_s.ep.rosidl_typesupport_introspection_c.c
-- Up-to-date: /home/shridhar/Documents/ROSrevision/Task4/install/arucosrvmsg/local/lib/python3.10/dist-packages/arucosrvmsg/__init__.py
-- Up-to-date: /home/shridhar/Documents/ROSrevision/Task4/install/arucosrvmsg/local/lib/python3.10/dist-packages/arucosrvmsg/arucosrvmsg_s__rosidl_typesupport_fastrtps_c.cpython-310-x86_64-linux-gnu.so
Listing '/home/shridhar/Documents/ROSrevision/Task4/install/arucosrvmsg/local/lib/python3.10/dist-packages/arucosrvmsg'...
Listing '/home/shridhar/Documents/ROSrevision/Task4/install/arucosrvmsg/local/lib/python3.10/dist-packages/arucosrvmsg/msg'...
-- Up-to-date: /home/shridhar/Documents/ROSrevision/Task4/install/arucosrvmsg/local/lib/python3.10/dist-packages/arucosrvmsg/arucosrvmsg_s__rosidl_typesupport_fastrtps_c.cpython-310-x86_64-linux-gnu.so
-- Up-to-date: /home/shridhar/Documents/ROSrevision/Task4/install/arucosrvmsg/local/lib/python3.10/dist-packages/arucosrvmsg/arucosrvmsg_s__rosidl_typesupport_introspection_c.cpython-310-x86_64-linux-gnu.so
-- Up-to-date: /home/shridhar/Documents/ROSrevision/Task4/install/arucosrvmsg/local/lib/python3.10/dist-packages/arucosrvmsg/arucosrvmsg_s__rosidl_typesupport_c.cpython-310-x86_64-linux-gnu.so
-- Up-to-date: /home/shridhar/Documents/ROSrevision/Task4/install/arucosrvmsg/lib/libarucosrvmsg__rosidl_generator_py.so
-- Up-to-date: /home/shridhar/Documents/ROSrevision/Task4/install/arucosrvmsg/share/arucosrvmsg/msg/Markers.idl
-- Up-to-date: /home/shridhar/Documents/ROSrevision/Task4/install/arucosrvmsg/share/arucosrvmsg/msg/Markers.msg
-- Up-to-date: /home/shridhar/Documents/ROSrevision/Task4/install/arucosrvmsg/share/ament_index/resource_index/package_run_dependencies/arucosrvmsg
-- Up-to-date: /home/shridhar/Documents/ROSrevision/Task4/install/arucosrvmsg/share/ament_index/resource_index/parent_prefix_path/arucosrvmsg
-- Up-to-date: /home/shridhar/Documents/ROSrevision/Task4/install/arucosrvmsg/share/arucosrvmsg/environment/ament_prefix_path.sh
-- Up-to-date: /home/shridhar/Documents/ROSrevision/Task4/install/arucosrvmsg/share/arucosrvmsg/environment/ament_prefix_path.dsv
-- Up-to-date: /home/shridhar/Documents/ROSrevision/Task4/install/arucosrvmsg/share/arucosrvmsg/environment/path.sh
-- Up-to-date: /home/shridhar/Documents/ROSrevision/Task4/install/arucosrvmsg/share/arucosrvmsg/environment/path.dsv
-- Up-to-date: /home/shridhar/Documents/ROSrevision/Task4/install/arucosrvmsg/share/arucosrvmsg/local_setup.bash
-- Up-to-date: /home/shridhar/Documents/ROSrevision/Task4/install/arucosrvmsg/share/arucosrvmsg/local_setup.sh
-- Up-to-date: /home/shridhar/Documents/ROSrevision/Task4/install/arucosrvmsg/share/arucosrvmsg/local_setup.zsh
-- Up-to-date: /home/shridhar/Documents/ROSrevision/Task4/install/arucosrvmsg/share/arucosrvmsg/local_setup.dsv
-- Installing: /home/shridhar/Documents/ROSrevision/Task4/install/arucosrvmsg/share/arucosrvmsg/package.dsv
-- Up-to-date: /home/shridhar/Documents/ROSrevision/Task4/install/arucosrvmsg/share/ament_index/resource_index/packages/arucosrvmsg
-- Up-to-date: /home/shridhar/Documents/ROSrevision/Task4/install/arucosrvmsg/share/arucosrvmsg/cmake/export_arucosrvmsg__rosidl_generator_cExport.cmake
-- Up-to-date: /home/shridhar/Documents/ROSrevision/Task4/install/arucosrvmsg/share/arucosrvmsg/cmake/export_arucosrvmsg__rosidl_generator_cExport-noconfig.cmake
-- Up-to-date: /home/shridhar/Documents/ROSrevision/Task4/install/arucosrvmsg/share/arucosrvmsg/cmake/export_arucosrvmsg__rosidl_typesupport_fastrtps_cExport.cmake
-- Up-to-date: /home/shridhar/Documents/ROSrevision/Task4/install/arucosrvmsg/share/arucosrvmsg/cmake/export_arucosrvmsg__rosidl_typesupport_fastrtps_cExport-noconfig.cmake
-- Up-to-date: /home/shridhar/Documents/ROSrevision/Task4/install/arucosrvmsg/share/arucosrvmsg/cmake/arucosrvmsg__rosidl_typesupport_introspection_cExport.cmake
-- Up-to-date: /home/shridhar/Documents/ROSrevision/Task4/install/arucosrvmsg/share/arucosrvmsg/cmake/arucosrvmsg__rosidl_typesupport_introspection_cExport-noconfig.cmake
-- Up-to-date: /home/shridhar/Documents/ROSrevision/Task4/install/arucosrvmsg/share/arucosrvmsg/cmake/arucosrvmsg__rosidl_typesupport_cExport.cmake
-- Up-to-date: /home/shridhar/Documents/ROSrevision/Task4/install/arucosrvmsg/share/arucosrvmsg/cmake/arucosrvmsg__rosidl_typesupport_cExport-noconfig.cmake
-- Up-to-date: /home/shridhar/Documents/ROSrevision/Task4/install/arucosrvmsg/share/arucosrvmsg/cmake/export_arucosrvmsg__rosidl_generator_cppExport.cmake
-- Up-to-date: /home/shridhar/Documents/ROSrevision/Task4/install/arucosrvmsg/share/arucosrvmsg/cmake/export_arucosrvmsg__rosidl_typesupport_fastrtps_cppExport.cmake
-- Up-to-date: /home/shridhar/Documents/ROSrevision/Task4/install/arucosrvmsg/share/arucosrvmsg/cmake/export_arucosrvmsg__rosidl_typesupport_fastrtps_cppExport-noconfig.cmake
-- Up-to-date: /home/shridhar/Documents/ROSrevision/Task4/install/arucosrvmsg/share/arucosrvmsg/cmake/arucosrvmsg__rosidl_typesupport_introspection_cppExport.cmake
-- Up-to-date: /home/shridhar/Documents/ROSrevision/Task4/install/arucosrvmsg/share/arucosrvmsg/cmake/arucosrvmsg__rosidl_typesupport_introspection_cppExport-noconfig.cmake
-- Up-to-date: /home/shridhar/Documents/ROSrevision/Task4/install/arucosrvmsg/share/arucosrvmsg/cmake/arucosrvmsg__rosidl_typesupport_cppExport.cmake
-- Up-to-date: /home/shridhar/Documents/ROSrevision/Task4/install/arucosrvmsg/share/arucosrvmsg/cmake/arucosrvmsg__rosidl_typesupport_cppExport-noconfig.cmake
-- Up-to-date: /home/shridhar/Documents/ROSrevision/Task4/install/arucosrvmsg/share/arucosrvmsg/cmake/export_arucosrvmsg__rosidl_generator_pyExport.cmake
-- Up-to-date: /home/shridhar/Documents/ROSrevision/Task4/install/arucosrvmsg/share/arucosrvmsg/cmake/export_arucosrvmsg__rosidl_generator_pyExport-noconfig.cmake
-- Up-to-date: /home/shridhar/Documents/ROSrevision/Task4/install/arucosrvmsg/share/arucosrvmsg/cmake/rosidl_cmake-extras.cmake
-- Up-to-date: /home/shridhar/Documents/ROSrevision/Task4/install/arucosrvmsg/share/arucosrvmsg/cmake/ament_cmake_export_include_directories-extras.cmake
-- Up-to-date: /home/shridhar/Documents/ROSrevision/Task4/install/arucosrvmsg/share/arucosrvmsg/cmake/ament_cmake_export_libraries-extras.cmake
-- Up-to-date: /home/shridhar/Documents/ROSrevision/Task4/install/arucosrvmsg/share/arucosrvmsg/cmake/ament_cmake_export_targets-extras.cmake
-- Up-to-date: /home/shridhar/Documents/ROSrevision/Task4/install/arucosrvmsg/share/arucosrvmsg/cmake/rosidl_cmake_export_typesupport_targets-extras.cmake
-- Up-to-date: /home/shridhar/Documents/ROSrevision/Task4/install/arucosrvmsg/share/arucosrvmsg/cmake/ament_cmake_export_dependencies-extras.cmake
-- Up-to-date: /home/shridhar/Documents/ROSrevision/Task4/install/arucosrvmsg/share/arucosrvmsg/cmake/rosidl_cmake_export_typesupport_libraries-extras.cmake
-- Up-to-date: /home/shridhar/Documents/ROSrevision/Task4/install/arucosrvmsg/share/arucosrvmsg/cmake/arucosrvmsgConfig.cmake
-- Up-to-date: /home/shridhar/Documents/ROSrevision/Task4/install/arucosrvmsg/share/arucosrvmsg/cmake/arucosrvmsgConfig-version.cmake
-- Up-to-date: /home/shridhar/Documents/ROSrevision/Task4/install/arucosrvmsg/share/arucosrvmsg/package.xml
