[0.646s] Invoking command in '/home/shridhar/Workspaces/mrt_ws/Task4/src/assgn': PYTHONPATH=/home/shridhar/Workspaces/mrt_ws/Task4/build/assgn/prefix_override:/usr/lib/python3/dist-packages/colcon_core/task/python/colcon_distutils_commands:/home/shridhar/Workspaces/mrt_ws/Task4/install/assgn/lib/python3.10/site-packages:${PYTHONPATH} /usr/bin/python3 -W ignore:setup.py install is deprecated setup.py egg_info --egg-base ../../build/assgn build --build-base /home/shridhar/Workspaces/mrt_ws/Task4/build/assgn/build install --record /home/shridhar/Workspaces/mrt_ws/Task4/build/assgn/install.log --single-version-externally-managed install_data
[0.920s] running egg_info
[0.921s] writing ../../build/assgn/assgn.egg-info/PKG-INFO
[0.921s] writing dependency_links to ../../build/assgn/assgn.egg-info/dependency_links.txt
[0.921s] writing entry points to ../../build/assgn/assgn.egg-info/entry_points.txt
[0.921s] writing requirements to ../../build/assgn/assgn.egg-info/requires.txt
[0.922s] writing top-level names to ../../build/assgn/assgn.egg-info/top_level.txt
[0.923s] reading manifest file '../../build/assgn/assgn.egg-info/SOURCES.txt'
[0.924s] writing manifest file '../../build/assgn/assgn.egg-info/SOURCES.txt'
[0.925s] running build
[0.925s] running build_py
[0.925s] copying assgn/96.py -> /home/shridhar/Workspaces/mrt_ws/Task4/build/assgn/build/lib/assgn
[0.925s] running install
[0.926s] running install_lib
[0.927s] copying /home/shridhar/Workspaces/mrt_ws/Task4/build/assgn/build/lib/assgn/96.py -> /home/shridhar/Workspaces/mrt_ws/Task4/install/assgn/lib/python3.10/site-packages/assgn
[0.927s] byte-compiling /home/shridhar/Workspaces/mrt_ws/Task4/install/assgn/lib/python3.10/site-packages/assgn/96.py to 96.cpython-310.pyc
[0.928s] running install_data
[0.928s] running install_egg_info
[0.932s] removing '/home/shridhar/Workspaces/mrt_ws/Task4/install/assgn/lib/python3.10/site-packages/assgn-0.0.0-py3.10.egg-info' (and everything under it)
[0.932s] Copying ../../build/assgn/assgn.egg-info to /home/shridhar/Workspaces/mrt_ws/Task4/install/assgn/lib/python3.10/site-packages/assgn-0.0.0-py3.10.egg-info
[0.933s] running install_scripts
[0.959s] Installing 96 script to /home/shridhar/Workspaces/mrt_ws/Task4/install/assgn/lib/assgn
[0.960s] writing list of installed files to '/home/shridhar/Workspaces/mrt_ws/Task4/build/assgn/install.log'
[0.988s] Invoked command in '/home/shridhar/Workspaces/mrt_ws/Task4/src/assgn' returned '0': PYTHONPATH=/home/shridhar/Workspaces/mrt_ws/Task4/build/assgn/prefix_override:/usr/lib/python3/dist-packages/colcon_core/task/python/colcon_distutils_commands:/home/shridhar/Workspaces/mrt_ws/Task4/install/assgn/lib/python3.10/site-packages:${PYTHONPATH} /usr/bin/python3 -W ignore:setup.py install is deprecated setup.py egg_info --egg-base ../../build/assgn build --build-base /home/shridhar/Workspaces/mrt_ws/Task4/build/assgn/build install --record /home/shridhar/Workspaces/mrt_ws/Task4/build/assgn/install.log --single-version-externally-managed install_data
