[0.128s] DEBUG:colcon:Command line arguments: ['/usr/bin/colcon', 'build']
[0.128s] DEBUG:colcon:Parsed command line arguments: Namespace(log_base=None, log_level=None, verb_name='build', build_base='build', install_base='install', merge_install=False, symlink_install=False, test_result_base=None, continue_on_error=False, executor='parallel', parallel_workers=22, event_handlers=None, ignore_user_meta=False, metas=['./colcon.meta'], base_paths=['.'], packages_ignore=None, packages_ignore_regex=None, paths=None, packages_up_to=None, packages_up_to_regex=None, packages_above=None, packages_above_and_dependencies=None, packages_above_depth=None, packages_select_by_dep=None, packages_skip_by_dep=None, packages_skip_up_to=None, packages_select_build_failed=False, packages_skip_build_finished=False, packages_select_test_failures=False, packages_skip_test_passed=False, packages_select=None, packages_skip=None, packages_select_regex=None, packages_skip_regex=None, packages_start=None, packages_end=None, allow_overriding=[], cmake_args=None, cmake_target=None, cmake_target_skip_unavailable=False, cmake_clean_cache=False, cmake_clean_first=False, cmake_force_configure=False, ament_cmake_args=None, catkin_cmake_args=None, catkin_skip_building_tests=False, mixin_files=None, mixin=None, verb_parser=<colcon_mixin.mixin.mixin_argument.MixinArgumentDecorator object at 0x714e3e537040>, verb_extension=<colcon_core.verb.build.BuildVerb object at 0x714e3e536290>, main=<bound method BuildVerb.main of <colcon_core.verb.build.BuildVerb object at 0x714e3e536290>>, mixin_verb=('build',))
[0.289s] Level 1:colcon.colcon_core.package_discovery:discover_packages(colcon_meta) check parameters
[0.289s] Level 1:colcon.colcon_core.package_discovery:discover_packages(recursive) check parameters
[0.289s] Level 1:colcon.colcon_core.package_discovery:discover_packages(ignore) check parameters
[0.289s] Level 1:colcon.colcon_core.package_discovery:discover_packages(path) check parameters
[0.289s] Level 1:colcon.colcon_core.package_discovery:discover_packages(colcon_meta) discover
[0.289s] Level 1:colcon.colcon_core.package_discovery:discover_packages(recursive) discover
[0.289s] INFO:colcon.colcon_core.package_discovery:Crawling recursively for packages in '/home/shridhar/Workspaces/mrt_ws/Task2'
[0.289s] Level 1:colcon.colcon_core.package_identification:_identify(.) by extensions ['ignore', 'ignore_ament_install']
[0.289s] Level 1:colcon.colcon_core.package_identification:_identify(.) by extension 'ignore'
[0.289s] Level 1:colcon.colcon_core.package_identification:_identify(.) by extension 'ignore_ament_install'
[0.289s] Level 1:colcon.colcon_core.package_identification:_identify(.) by extensions ['colcon_pkg']
[0.289s] Level 1:colcon.colcon_core.package_identification:_identify(.) by extension 'colcon_pkg'
[0.289s] Level 1:colcon.colcon_core.package_identification:_identify(.) by extensions ['colcon_meta']
[0.289s] Level 1:colcon.colcon_core.package_identification:_identify(.) by extension 'colcon_meta'
[0.289s] Level 1:colcon.colcon_core.package_identification:_identify(.) by extensions ['ros']
[0.289s] Level 1:colcon.colcon_core.package_identification:_identify(.) by extension 'ros'
[0.300s] Level 1:colcon.colcon_core.package_identification:_identify(.) by extensions ['cmake', 'python']
[0.300s] Level 1:colcon.colcon_core.package_identification:_identify(.) by extension 'cmake'
[0.300s] Level 1:colcon.colcon_core.package_identification:_identify(.) by extension 'python'
[0.300s] Level 1:colcon.colcon_core.package_identification:_identify(.) by extensions ['python_setup_py']
[0.300s] Level 1:colcon.colcon_core.package_identification:_identify(.) by extension 'python_setup_py'
[0.300s] Level 1:colcon.colcon_core.package_identification:_identify(build) by extensions ['ignore', 'ignore_ament_install']
[0.301s] Level 1:colcon.colcon_core.package_identification:_identify(build) by extension 'ignore'
[0.301s] Level 1:colcon.colcon_core.package_identification:_identify(build) ignored
[0.301s] Level 1:colcon.colcon_core.package_identification:_identify(install) by extensions ['ignore', 'ignore_ament_install']
[0.301s] Level 1:colcon.colcon_core.package_identification:_identify(install) by extension 'ignore'
[0.301s] Level 1:colcon.colcon_core.package_identification:_identify(install) ignored
[0.301s] Level 1:colcon.colcon_core.package_identification:_identify(log) by extensions ['ignore', 'ignore_ament_install']
[0.301s] Level 1:colcon.colcon_core.package_identification:_identify(log) by extension 'ignore'
[0.301s] Level 1:colcon.colcon_core.package_identification:_identify(log) ignored
[0.301s] Level 1:colcon.colcon_core.package_identification:_identify(src) by extensions ['ignore', 'ignore_ament_install']
[0.301s] Level 1:colcon.colcon_core.package_identification:_identify(src) by extension 'ignore'
[0.301s] Level 1:colcon.colcon_core.package_identification:_identify(src) by extension 'ignore_ament_install'
[0.301s] Level 1:colcon.colcon_core.package_identification:_identify(src) by extensions ['colcon_pkg']
[0.301s] Level 1:colcon.colcon_core.package_identification:_identify(src) by extension 'colcon_pkg'
[0.301s] Level 1:colcon.colcon_core.package_identification:_identify(src) by extensions ['colcon_meta']
[0.301s] Level 1:colcon.colcon_core.package_identification:_identify(src) by extension 'colcon_meta'
[0.301s] Level 1:colcon.colcon_core.package_identification:_identify(src) by extensions ['ros']
[0.301s] Level 1:colcon.colcon_core.package_identification:_identify(src) by extension 'ros'
[0.301s] Level 1:colcon.colcon_core.package_identification:_identify(src) by extensions ['cmake', 'python']
[0.301s] Level 1:colcon.colcon_core.package_identification:_identify(src) by extension 'cmake'
[0.301s] Level 1:colcon.colcon_core.package_identification:_identify(src) by extension 'python'
[0.302s] Level 1:colcon.colcon_core.package_identification:_identify(src) by extensions ['python_setup_py']
[0.302s] Level 1:colcon.colcon_core.package_identification:_identify(src) by extension 'python_setup_py'
[0.302s] Level 1:colcon.colcon_core.package_identification:_identify(src/addthreeints) by extensions ['ignore', 'ignore_ament_install']
[0.302s] Level 1:colcon.colcon_core.package_identification:_identify(src/addthreeints) by extension 'ignore'
[0.302s] Level 1:colcon.colcon_core.package_identification:_identify(src/addthreeints) by extension 'ignore_ament_install'
[0.302s] Level 1:colcon.colcon_core.package_identification:_identify(src/addthreeints) by extensions ['colcon_pkg']
[0.302s] Level 1:colcon.colcon_core.package_identification:_identify(src/addthreeints) by extension 'colcon_pkg'
[0.302s] Level 1:colcon.colcon_core.package_identification:_identify(src/addthreeints) by extensions ['colcon_meta']
[0.302s] Level 1:colcon.colcon_core.package_identification:_identify(src/addthreeints) by extension 'colcon_meta'
[0.302s] Level 1:colcon.colcon_core.package_identification:_identify(src/addthreeints) by extensions ['ros']
[0.302s] Level 1:colcon.colcon_core.package_identification:_identify(src/addthreeints) by extension 'ros'
[0.306s] DEBUG:colcon.colcon_core.package_identification:Package 'src/addthreeints' with type 'ros.ament_cmake' and name 'addthreeints'
[0.306s] Level 1:colcon.colcon_core.package_identification:_identify(src/serveradd) by extensions ['ignore', 'ignore_ament_install']
[0.306s] Level 1:colcon.colcon_core.package_identification:_identify(src/serveradd) by extension 'ignore'
[0.306s] Level 1:colcon.colcon_core.package_identification:_identify(src/serveradd) by extension 'ignore_ament_install'
[0.306s] Level 1:colcon.colcon_core.package_identification:_identify(src/serveradd) by extensions ['colcon_pkg']
[0.306s] Level 1:colcon.colcon_core.package_identification:_identify(src/serveradd) by extension 'colcon_pkg'
[0.306s] Level 1:colcon.colcon_core.package_identification:_identify(src/serveradd) by extensions ['colcon_meta']
[0.306s] Level 1:colcon.colcon_core.package_identification:_identify(src/serveradd) by extension 'colcon_meta'
[0.306s] Level 1:colcon.colcon_core.package_identification:_identify(src/serveradd) by extensions ['ros']
[0.306s] Level 1:colcon.colcon_core.package_identification:_identify(src/serveradd) by extension 'ros'
[0.307s] DEBUG:colcon.colcon_core.package_identification:Package 'src/serveradd' with type 'ros.ament_python' and name 'serveradd'
[0.307s] Level 1:colcon.colcon_core.package_discovery:discover_packages(recursive) using defaults
[0.307s] Level 1:colcon.colcon_core.package_discovery:discover_packages(ignore) discover
[0.307s] Level 1:colcon.colcon_core.package_discovery:discover_packages(ignore) using defaults
[0.307s] Level 1:colcon.colcon_core.package_discovery:discover_packages(path) discover
[0.307s] Level 1:colcon.colcon_core.package_discovery:discover_packages(path) using defaults
[0.344s] Level 1:colcon.colcon_core.package_discovery:discover_packages(prefix_path) check parameters
[0.344s] Level 1:colcon.colcon_core.package_discovery:discover_packages(prefix_path) discover
[0.347s] DEBUG:colcon.colcon_installed_package_information.package_discovery:Found 1 installed packages in /home/shridhar/Workspaces/mrt_ws/Task2/install
[0.348s] DEBUG:colcon.colcon_installed_package_information.package_discovery:Found 293 installed packages in /opt/ros/humble
[0.349s] Level 1:colcon.colcon_core.package_discovery:discover_packages(prefix_path) using defaults
[0.409s] Level 5:colcon.colcon_core.verb:set package 'addthreeints' build argument 'cmake_args' from command line to 'None'
[0.409s] Level 5:colcon.colcon_core.verb:set package 'addthreeints' build argument 'cmake_target' from command line to 'None'
[0.409s] Level 5:colcon.colcon_core.verb:set package 'addthreeints' build argument 'cmake_target_skip_unavailable' from command line to 'False'
[0.409s] Level 5:colcon.colcon_core.verb:set package 'addthreeints' build argument 'cmake_clean_cache' from command line to 'False'
[0.409s] Level 5:colcon.colcon_core.verb:set package 'addthreeints' build argument 'cmake_clean_first' from command line to 'False'
[0.409s] Level 5:colcon.colcon_core.verb:set package 'addthreeints' build argument 'cmake_force_configure' from command line to 'False'
[0.409s] Level 5:colcon.colcon_core.verb:set package 'addthreeints' build argument 'ament_cmake_args' from command line to 'None'
[0.409s] Level 5:colcon.colcon_core.verb:set package 'addthreeints' build argument 'catkin_cmake_args' from command line to 'None'
[0.409s] Level 5:colcon.colcon_core.verb:set package 'addthreeints' build argument 'catkin_skip_building_tests' from command line to 'False'
[0.409s] DEBUG:colcon.colcon_core.verb:Building package 'addthreeints' with the following arguments: {'ament_cmake_args': None, 'build_base': '/home/shridhar/Workspaces/mrt_ws/Task2/build/addthreeints', 'catkin_cmake_args': None, 'catkin_skip_building_tests': False, 'cmake_args': None, 'cmake_clean_cache': False, 'cmake_clean_first': False, 'cmake_force_configure': False, 'cmake_target': None, 'cmake_target_skip_unavailable': False, 'install_base': '/home/shridhar/Workspaces/mrt_ws/Task2/install/addthreeints', 'merge_install': False, 'path': '/home/shridhar/Workspaces/mrt_ws/Task2/src/addthreeints', 'symlink_install': False, 'test_result_base': None}
[0.409s] Level 5:colcon.colcon_core.verb:set package 'serveradd' build argument 'cmake_args' from command line to 'None'
[0.409s] Level 5:colcon.colcon_core.verb:set package 'serveradd' build argument 'cmake_target' from command line to 'None'
[0.409s] Level 5:colcon.colcon_core.verb:set package 'serveradd' build argument 'cmake_target_skip_unavailable' from command line to 'False'
[0.409s] Level 5:colcon.colcon_core.verb:set package 'serveradd' build argument 'cmake_clean_cache' from command line to 'False'
[0.409s] Level 5:colcon.colcon_core.verb:set package 'serveradd' build argument 'cmake_clean_first' from command line to 'False'
[0.409s] Level 5:colcon.colcon_core.verb:set package 'serveradd' build argument 'cmake_force_configure' from command line to 'False'
[0.409s] Level 5:colcon.colcon_core.verb:set package 'serveradd' build argument 'ament_cmake_args' from command line to 'None'
[0.409s] Level 5:colcon.colcon_core.verb:set package 'serveradd' build argument 'catkin_cmake_args' from command line to 'None'
[0.409s] Level 5:colcon.colcon_core.verb:set package 'serveradd' build argument 'catkin_skip_building_tests' from command line to 'False'
[0.409s] DEBUG:colcon.colcon_core.verb:Building package 'serveradd' with the following arguments: {'ament_cmake_args': None, 'build_base': '/home/shridhar/Workspaces/mrt_ws/Task2/build/serveradd', 'catkin_cmake_args': None, 'catkin_skip_building_tests': False, 'cmake_args': None, 'cmake_clean_cache': False, 'cmake_clean_first': False, 'cmake_force_configure': False, 'cmake_target': None, 'cmake_target_skip_unavailable': False, 'install_base': '/home/shridhar/Workspaces/mrt_ws/Task2/install/serveradd', 'merge_install': False, 'path': '/home/shridhar/Workspaces/mrt_ws/Task2/src/serveradd', 'symlink_install': False, 'test_result_base': None}
[0.410s] INFO:colcon.colcon_core.executor:Executing jobs using 'parallel' executor
[0.411s] DEBUG:colcon.colcon_parallel_executor.executor.parallel:run_until_complete
[0.411s] INFO:colcon.colcon_ros.task.ament_cmake.build:Building ROS package in '/home/shridhar/Workspaces/mrt_ws/Task2/src/addthreeints' with build type 'ament_cmake'
[0.411s] INFO:colcon.colcon_cmake.task.cmake.build:Building CMake package in '/home/shridhar/Workspaces/mrt_ws/Task2/src/addthreeints'
[0.415s] INFO:colcon.colcon_core.plugin_system:Skipping extension 'colcon_core.shell.bat': Not used on non-Windows systems
[0.415s] INFO:colcon.colcon_core.shell:Skip shell extension 'powershell' for command environment: Not usable outside of PowerShell
[0.415s] DEBUG:colcon.colcon_core.shell:Skip shell extension 'dsv' for command environment
[0.418s] INFO:colcon.colcon_ros.task.ament_python.build:Building ROS package in '/home/shridhar/Workspaces/mrt_ws/Task2/src/serveradd' with build type 'ament_python'
[0.418s] Level 1:colcon.colcon_core.shell:create_environment_hook('serveradd', 'ament_prefix_path')
[0.419s] INFO:colcon.colcon_core.shell:Creating environment hook '/home/shridhar/Workspaces/mrt_ws/Task2/install/serveradd/share/serveradd/hook/ament_prefix_path.ps1'
[0.419s] INFO:colcon.colcon_core.shell:Creating environment descriptor '/home/shridhar/Workspaces/mrt_ws/Task2/install/serveradd/share/serveradd/hook/ament_prefix_path.dsv'
[0.420s] INFO:colcon.colcon_core.shell:Creating environment hook '/home/shridhar/Workspaces/mrt_ws/Task2/install/serveradd/share/serveradd/hook/ament_prefix_path.sh'
[0.421s] INFO:colcon.colcon_core.shell:Skip shell extension 'powershell' for command environment: Not usable outside of PowerShell
[0.421s] DEBUG:colcon.colcon_core.shell:Skip shell extension 'dsv' for command environment
[0.427s] DEBUG:colcon.colcon_core.event_handler.log_command:Invoking command in '/home/shridhar/Workspaces/mrt_ws/Task2/build/addthreeints': CMAKE_PREFIX_PATH=/home/shridhar/Workspaces/mrt_ws/Task2/install/serveradd:/opt/ros/humble /usr/bin/cmake /home/shridhar/Workspaces/mrt_ws/Task2/src/addthreeints -DCMAKE_INSTALL_PREFIX=/home/shridhar/Workspaces/mrt_ws/Task2/install/addthreeints
[0.679s] INFO:colcon.colcon_core.task.python.build:Building Python package in '/home/shridhar/Workspaces/mrt_ws/Task2/src/serveradd'
[0.680s] INFO:colcon.colcon_core.shell:Skip shell extension 'powershell' for command environment: Not usable outside of PowerShell
[0.680s] DEBUG:colcon.colcon_core.shell:Skip shell extension 'dsv' for command environment
[1.082s] DEBUG:colcon.colcon_core.event_handler.log_command:Invoking command in '/home/shridhar/Workspaces/mrt_ws/Task2/src/serveradd': PYTHONPATH=/home/shridhar/Workspaces/mrt_ws/Task2/build/serveradd/prefix_override:/usr/lib/python3/dist-packages/colcon_core/task/python/colcon_distutils_commands:/home/shridhar/Workspaces/mrt_ws/Task2/install/serveradd/lib/python3.10/site-packages:${PYTHONPATH} /usr/bin/python3 -W ignore:setup.py install is deprecated setup.py egg_info --egg-base ../../build/serveradd build --build-base /home/shridhar/Workspaces/mrt_ws/Task2/build/serveradd/build install --record /home/shridhar/Workspaces/mrt_ws/Task2/build/serveradd/install.log --single-version-externally-managed install_data
[1.299s] DEBUG:colcon.colcon_core.event_handler.log_command:Invoked command in '/home/shridhar/Workspaces/mrt_ws/Task2/build/addthreeints' returned '1': CMAKE_PREFIX_PATH=/home/shridhar/Workspaces/mrt_ws/Task2/install/serveradd:/opt/ros/humble /usr/bin/cmake /home/shridhar/Workspaces/mrt_ws/Task2/src/addthreeints -DCMAKE_INSTALL_PREFIX=/home/shridhar/Workspaces/mrt_ws/Task2/install/addthreeints
[1.316s] Level 1:colcon.colcon_core.environment:create_environment_scripts_only(addthreeints)
[1.320s] Level 1:colcon.colcon_core.environment:checking '/home/shridhar/Workspaces/mrt_ws/Task2/install/addthreeints' for CMake module files
[1.321s] Level 1:colcon.colcon_core.environment:checking '/home/shridhar/Workspaces/mrt_ws/Task2/install/addthreeints' for CMake config files
[1.321s] Level 1:colcon.colcon_core.environment:checking '/home/shridhar/Workspaces/mrt_ws/Task2/install/addthreeints/bin'
[1.321s] Level 1:colcon.colcon_core.environment:checking '/home/shridhar/Workspaces/mrt_ws/Task2/install/addthreeints/lib/pkgconfig/addthreeints.pc'
[1.321s] Level 1:colcon.colcon_core.environment:checking '/home/shridhar/Workspaces/mrt_ws/Task2/install/addthreeints/lib/python3.10/site-packages'
[1.322s] Level 1:colcon.colcon_core.environment:checking '/home/shridhar/Workspaces/mrt_ws/Task2/install/addthreeints/bin'
[1.322s] INFO:colcon.colcon_core.shell:Creating package script '/home/shridhar/Workspaces/mrt_ws/Task2/install/addthreeints/share/addthreeints/package.ps1'
[1.323s] INFO:colcon.colcon_core.shell:Creating package descriptor '/home/shridhar/Workspaces/mrt_ws/Task2/install/addthreeints/share/addthreeints/package.dsv'
[1.324s] INFO:colcon.colcon_core.shell:Creating package script '/home/shridhar/Workspaces/mrt_ws/Task2/install/addthreeints/share/addthreeints/package.sh'
[1.325s] INFO:colcon.colcon_core.shell:Creating package script '/home/shridhar/Workspaces/mrt_ws/Task2/install/addthreeints/share/addthreeints/package.bash'
[1.325s] INFO:colcon.colcon_core.shell:Creating package script '/home/shridhar/Workspaces/mrt_ws/Task2/install/addthreeints/share/addthreeints/package.zsh'
[1.326s] Level 1:colcon.colcon_core.environment:create_file_with_runtime_dependencies(/home/shridhar/Workspaces/mrt_ws/Task2/install/addthreeints/share/colcon-core/packages/addthreeints)
[1.382s] DEBUG:colcon.colcon_parallel_executor.executor.parallel:closing loop
[1.382s] DEBUG:colcon.colcon_parallel_executor.executor.parallel:loop closed
[1.382s] DEBUG:colcon.colcon_parallel_executor.executor.parallel:run_until_complete finished with '1'
[1.382s] DEBUG:colcon.colcon_core.event_reactor:joining thread
[1.389s] INFO:colcon.colcon_core.plugin_system:Skipping extension 'colcon_notification.desktop_notification.terminal_notifier': Not used on non-Darwin systems
[1.389s] INFO:colcon.colcon_core.plugin_system:Skipping extension 'colcon_notification.desktop_notification.win32': Not used on non-Windows systems
[1.389s] INFO:colcon.colcon_notification.desktop_notification:Sending desktop notification using 'notify2'
[1.426s] DEBUG:colcon.colcon_core.event_reactor:joined thread
[1.427s] INFO:colcon.colcon_core.shell:Creating prefix script '/home/shridhar/Workspaces/mrt_ws/Task2/install/local_setup.ps1'
[1.429s] INFO:colcon.colcon_core.shell:Creating prefix util module '/home/shridhar/Workspaces/mrt_ws/Task2/install/_local_setup_util_ps1.py'
[1.431s] INFO:colcon.colcon_core.shell:Creating prefix chain script '/home/shridhar/Workspaces/mrt_ws/Task2/install/setup.ps1'
[1.432s] INFO:colcon.colcon_core.shell:Creating prefix script '/home/shridhar/Workspaces/mrt_ws/Task2/install/local_setup.sh'
[1.433s] INFO:colcon.colcon_core.shell:Creating prefix util module '/home/shridhar/Workspaces/mrt_ws/Task2/install/_local_setup_util_sh.py'
[1.434s] INFO:colcon.colcon_core.shell:Creating prefix chain script '/home/shridhar/Workspaces/mrt_ws/Task2/install/setup.sh'
[1.435s] INFO:colcon.colcon_core.shell:Creating prefix script '/home/shridhar/Workspaces/mrt_ws/Task2/install/local_setup.bash'
[1.436s] INFO:colcon.colcon_core.shell:Creating prefix chain script '/home/shridhar/Workspaces/mrt_ws/Task2/install/setup.bash'
[1.437s] INFO:colcon.colcon_core.shell:Creating prefix script '/home/shridhar/Workspaces/mrt_ws/Task2/install/local_setup.zsh'
[1.438s] INFO:colcon.colcon_core.shell:Creating prefix chain script '/home/shridhar/Workspaces/mrt_ws/Task2/install/setup.zsh'
