[0.107s] DEBUG:colcon:Command line arguments: ['/usr/bin/colcon', 'build']
[0.107s] DEBUG:colcon:Parsed command line arguments: Namespace(log_base=None, log_level=None, verb_name='build', build_base='build', install_base='install', merge_install=False, symlink_install=False, test_result_base=None, continue_on_error=False, executor='parallel', parallel_workers=22, event_handlers=None, ignore_user_meta=False, metas=['./colcon.meta'], base_paths=['.'], packages_ignore=None, packages_ignore_regex=None, paths=None, packages_up_to=None, packages_up_to_regex=None, packages_above=None, packages_above_and_dependencies=None, packages_above_depth=None, packages_select_by_dep=None, packages_skip_by_dep=None, packages_skip_up_to=None, packages_select_build_failed=False, packages_skip_build_finished=False, packages_select_test_failures=False, packages_skip_test_passed=False, packages_select=None, packages_skip=None, packages_select_regex=None, packages_skip_regex=None, packages_start=None, packages_end=None, allow_overriding=[], cmake_args=None, cmake_target=None, cmake_target_skip_unavailable=False, cmake_clean_cache=False, cmake_clean_first=False, cmake_force_configure=False, ament_cmake_args=None, catkin_cmake_args=None, catkin_skip_building_tests=False, mixin_files=None, mixin=None, verb_parser=<colcon_mixin.mixin.mixin_argument.MixinArgumentDecorator object at 0x7f4ef9d37370>, verb_extension=<colcon_core.verb.build.BuildVerb object at 0x7f4ef9d365c0>, main=<bound method BuildVerb.main of <colcon_core.verb.build.BuildVerb object at 0x7f4ef9d365c0>>, mixin_verb=('build',))
[0.266s] Level 1:colcon.colcon_core.package_discovery:discover_packages(colcon_meta) check parameters
[0.266s] Level 1:colcon.colcon_core.package_discovery:discover_packages(recursive) check parameters
[0.266s] Level 1:colcon.colcon_core.package_discovery:discover_packages(ignore) check parameters
[0.266s] Level 1:colcon.colcon_core.package_discovery:discover_packages(path) check parameters
[0.266s] Level 1:colcon.colcon_core.package_discovery:discover_packages(colcon_meta) discover
[0.266s] Level 1:colcon.colcon_core.package_discovery:discover_packages(recursive) discover
[0.266s] INFO:colcon.colcon_core.package_discovery:Crawling recursively for packages in '/home/shridhar/Workspaces/mrt_ws/Task2'
[0.266s] Level 1:colcon.colcon_core.package_identification:_identify(.) by extensions ['ignore', 'ignore_ament_install']
[0.267s] Level 1:colcon.colcon_core.package_identification:_identify(.) by extension 'ignore'
[0.267s] Level 1:colcon.colcon_core.package_identification:_identify(.) by extension 'ignore_ament_install'
[0.267s] Level 1:colcon.colcon_core.package_identification:_identify(.) by extensions ['colcon_pkg']
[0.267s] Level 1:colcon.colcon_core.package_identification:_identify(.) by extension 'colcon_pkg'
[0.267s] Level 1:colcon.colcon_core.package_identification:_identify(.) by extensions ['colcon_meta']
[0.267s] Level 1:colcon.colcon_core.package_identification:_identify(.) by extension 'colcon_meta'
[0.267s] Level 1:colcon.colcon_core.package_identification:_identify(.) by extensions ['ros']
[0.267s] Level 1:colcon.colcon_core.package_identification:_identify(.) by extension 'ros'
[0.278s] Level 1:colcon.colcon_core.package_identification:_identify(.) by extensions ['cmake', 'python']
[0.278s] Level 1:colcon.colcon_core.package_identification:_identify(.) by extension 'cmake'
[0.278s] Level 1:colcon.colcon_core.package_identification:_identify(.) by extension 'python'
[0.278s] Level 1:colcon.colcon_core.package_identification:_identify(.) by extensions ['python_setup_py']
[0.278s] Level 1:colcon.colcon_core.package_identification:_identify(.) by extension 'python_setup_py'
[0.278s] Level 1:colcon.colcon_core.package_identification:_identify(build) by extensions ['ignore', 'ignore_ament_install']
[0.278s] Level 1:colcon.colcon_core.package_identification:_identify(build) by extension 'ignore'
[0.278s] Level 1:colcon.colcon_core.package_identification:_identify(build) ignored
[0.278s] Level 1:colcon.colcon_core.package_identification:_identify(install) by extensions ['ignore', 'ignore_ament_install']
[0.278s] Level 1:colcon.colcon_core.package_identification:_identify(install) by extension 'ignore'
[0.278s] Level 1:colcon.colcon_core.package_identification:_identify(install) ignored
[0.278s] Level 1:colcon.colcon_core.package_identification:_identify(log) by extensions ['ignore', 'ignore_ament_install']
[0.278s] Level 1:colcon.colcon_core.package_identification:_identify(log) by extension 'ignore'
[0.278s] Level 1:colcon.colcon_core.package_identification:_identify(log) ignored
[0.279s] Level 1:colcon.colcon_core.package_identification:_identify(src) by extensions ['ignore', 'ignore_ament_install']
[0.279s] Level 1:colcon.colcon_core.package_identification:_identify(src) by extension 'ignore'
[0.279s] Level 1:colcon.colcon_core.package_identification:_identify(src) by extension 'ignore_ament_install'
[0.279s] Level 1:colcon.colcon_core.package_identification:_identify(src) by extensions ['colcon_pkg']
[0.279s] Level 1:colcon.colcon_core.package_identification:_identify(src) by extension 'colcon_pkg'
[0.279s] Level 1:colcon.colcon_core.package_identification:_identify(src) by extensions ['colcon_meta']
[0.279s] Level 1:colcon.colcon_core.package_identification:_identify(src) by extension 'colcon_meta'
[0.279s] Level 1:colcon.colcon_core.package_identification:_identify(src) by extensions ['ros']
[0.279s] Level 1:colcon.colcon_core.package_identification:_identify(src) by extension 'ros'
[0.279s] Level 1:colcon.colcon_core.package_identification:_identify(src) by extensions ['cmake', 'python']
[0.279s] Level 1:colcon.colcon_core.package_identification:_identify(src) by extension 'cmake'
[0.279s] Level 1:colcon.colcon_core.package_identification:_identify(src) by extension 'python'
[0.279s] Level 1:colcon.colcon_core.package_identification:_identify(src) by extensions ['python_setup_py']
[0.279s] Level 1:colcon.colcon_core.package_identification:_identify(src) by extension 'python_setup_py'
[0.279s] Level 1:colcon.colcon_core.package_identification:_identify(src/arucoserver) by extensions ['ignore', 'ignore_ament_install']
[0.279s] Level 1:colcon.colcon_core.package_identification:_identify(src/arucoserver) by extension 'ignore'
[0.279s] Level 1:colcon.colcon_core.package_identification:_identify(src/arucoserver) by extension 'ignore_ament_install'
[0.279s] Level 1:colcon.colcon_core.package_identification:_identify(src/arucoserver) by extensions ['colcon_pkg']
[0.279s] Level 1:colcon.colcon_core.package_identification:_identify(src/arucoserver) by extension 'colcon_pkg'
[0.279s] Level 1:colcon.colcon_core.package_identification:_identify(src/arucoserver) by extensions ['colcon_meta']
[0.279s] Level 1:colcon.colcon_core.package_identification:_identify(src/arucoserver) by extension 'colcon_meta'
[0.279s] Level 1:colcon.colcon_core.package_identification:_identify(src/arucoserver) by extensions ['ros']
[0.279s] Level 1:colcon.colcon_core.package_identification:_identify(src/arucoserver) by extension 'ros'
[0.282s] DEBUG:colcon.colcon_core.package_identification:Package 'src/arucoserver' with type 'ros.ament_python' and name 'arucoserver'
[0.282s] Level 1:colcon.colcon_core.package_identification:_identify(src/arucosrvmsg) by extensions ['ignore', 'ignore_ament_install']
[0.282s] Level 1:colcon.colcon_core.package_identification:_identify(src/arucosrvmsg) by extension 'ignore'
[0.282s] Level 1:colcon.colcon_core.package_identification:_identify(src/arucosrvmsg) by extension 'ignore_ament_install'
[0.282s] Level 1:colcon.colcon_core.package_identification:_identify(src/arucosrvmsg) by extensions ['colcon_pkg']
[0.282s] Level 1:colcon.colcon_core.package_identification:_identify(src/arucosrvmsg) by extension 'colcon_pkg'
[0.283s] Level 1:colcon.colcon_core.package_identification:_identify(src/arucosrvmsg) by extensions ['colcon_meta']
[0.283s] Level 1:colcon.colcon_core.package_identification:_identify(src/arucosrvmsg) by extension 'colcon_meta'
[0.283s] Level 1:colcon.colcon_core.package_identification:_identify(src/arucosrvmsg) by extensions ['ros']
[0.283s] Level 1:colcon.colcon_core.package_identification:_identify(src/arucosrvmsg) by extension 'ros'
[0.283s] DEBUG:colcon.colcon_core.package_identification:Package 'src/arucosrvmsg' with type 'ros.ament_cmake' and name 'arucosrvmsg'
[0.283s] Level 1:colcon.colcon_core.package_discovery:discover_packages(recursive) using defaults
[0.283s] Level 1:colcon.colcon_core.package_discovery:discover_packages(ignore) discover
[0.283s] Level 1:colcon.colcon_core.package_discovery:discover_packages(ignore) using defaults
[0.283s] Level 1:colcon.colcon_core.package_discovery:discover_packages(path) discover
[0.283s] Level 1:colcon.colcon_core.package_discovery:discover_packages(path) using defaults
[0.313s] Level 1:colcon.colcon_core.package_discovery:discover_packages(prefix_path) check parameters
[0.314s] Level 1:colcon.colcon_core.package_discovery:discover_packages(prefix_path) discover
[0.315s] DEBUG:colcon.colcon_installed_package_information.package_discovery:Found 2 installed packages in /home/shridhar/Workspaces/mrt_ws/Task2/install
[0.316s] DEBUG:colcon.colcon_installed_package_information.package_discovery:Found 296 installed packages in /opt/ros/humble
[0.318s] Level 1:colcon.colcon_core.package_discovery:discover_packages(prefix_path) using defaults
[0.356s] Level 5:colcon.colcon_core.verb:set package 'arucosrvmsg' build argument 'cmake_args' from command line to 'None'
[0.356s] Level 5:colcon.colcon_core.verb:set package 'arucosrvmsg' build argument 'cmake_target' from command line to 'None'
[0.356s] Level 5:colcon.colcon_core.verb:set package 'arucosrvmsg' build argument 'cmake_target_skip_unavailable' from command line to 'False'
[0.356s] Level 5:colcon.colcon_core.verb:set package 'arucosrvmsg' build argument 'cmake_clean_cache' from command line to 'False'
[0.356s] Level 5:colcon.colcon_core.verb:set package 'arucosrvmsg' build argument 'cmake_clean_first' from command line to 'False'
[0.356s] Level 5:colcon.colcon_core.verb:set package 'arucosrvmsg' build argument 'cmake_force_configure' from command line to 'False'
[0.356s] Level 5:colcon.colcon_core.verb:set package 'arucosrvmsg' build argument 'ament_cmake_args' from command line to 'None'
[0.356s] Level 5:colcon.colcon_core.verb:set package 'arucosrvmsg' build argument 'catkin_cmake_args' from command line to 'None'
[0.356s] Level 5:colcon.colcon_core.verb:set package 'arucosrvmsg' build argument 'catkin_skip_building_tests' from command line to 'False'
[0.356s] DEBUG:colcon.colcon_core.verb:Building package 'arucosrvmsg' with the following arguments: {'ament_cmake_args': None, 'build_base': '/home/shridhar/Workspaces/mrt_ws/Task2/build/arucosrvmsg', 'catkin_cmake_args': None, 'catkin_skip_building_tests': False, 'cmake_args': None, 'cmake_clean_cache': False, 'cmake_clean_first': False, 'cmake_force_configure': False, 'cmake_target': None, 'cmake_target_skip_unavailable': False, 'install_base': '/home/shridhar/Workspaces/mrt_ws/Task2/install/arucosrvmsg', 'merge_install': False, 'path': '/home/shridhar/Workspaces/mrt_ws/Task2/src/arucosrvmsg', 'symlink_install': False, 'test_result_base': None}
[0.357s] Level 5:colcon.colcon_core.verb:set package 'arucoserver' build argument 'cmake_args' from command line to 'None'
[0.357s] Level 5:colcon.colcon_core.verb:set package 'arucoserver' build argument 'cmake_target' from command line to 'None'
[0.357s] Level 5:colcon.colcon_core.verb:set package 'arucoserver' build argument 'cmake_target_skip_unavailable' from command line to 'False'
[0.357s] Level 5:colcon.colcon_core.verb:set package 'arucoserver' build argument 'cmake_clean_cache' from command line to 'False'
[0.357s] Level 5:colcon.colcon_core.verb:set package 'arucoserver' build argument 'cmake_clean_first' from command line to 'False'
[0.357s] Level 5:colcon.colcon_core.verb:set package 'arucoserver' build argument 'cmake_force_configure' from command line to 'False'
[0.357s] Level 5:colcon.colcon_core.verb:set package 'arucoserver' build argument 'ament_cmake_args' from command line to 'None'
[0.357s] Level 5:colcon.colcon_core.verb:set package 'arucoserver' build argument 'catkin_cmake_args' from command line to 'None'
[0.357s] Level 5:colcon.colcon_core.verb:set package 'arucoserver' build argument 'catkin_skip_building_tests' from command line to 'False'
[0.357s] DEBUG:colcon.colcon_core.verb:Building package 'arucoserver' with the following arguments: {'ament_cmake_args': None, 'build_base': '/home/shridhar/Workspaces/mrt_ws/Task2/build/arucoserver', 'catkin_cmake_args': None, 'catkin_skip_building_tests': False, 'cmake_args': None, 'cmake_clean_cache': False, 'cmake_clean_first': False, 'cmake_force_configure': False, 'cmake_target': None, 'cmake_target_skip_unavailable': False, 'install_base': '/home/shridhar/Workspaces/mrt_ws/Task2/install/arucoserver', 'merge_install': False, 'path': '/home/shridhar/Workspaces/mrt_ws/Task2/src/arucoserver', 'symlink_install': False, 'test_result_base': None}
[0.357s] INFO:colcon.colcon_core.executor:Executing jobs using 'parallel' executor
[0.358s] DEBUG:colcon.colcon_parallel_executor.executor.parallel:run_until_complete
[0.359s] INFO:colcon.colcon_ros.task.ament_cmake.build:Building ROS package in '/home/shridhar/Workspaces/mrt_ws/Task2/src/arucosrvmsg' with build type 'ament_cmake'
[0.359s] INFO:colcon.colcon_cmake.task.cmake.build:Building CMake package in '/home/shridhar/Workspaces/mrt_ws/Task2/src/arucosrvmsg'
[0.362s] INFO:colcon.colcon_core.plugin_system:Skipping extension 'colcon_core.shell.bat': Not used on non-Windows systems
[0.362s] INFO:colcon.colcon_core.shell:Skip shell extension 'powershell' for command environment: Not usable outside of PowerShell
[0.362s] DEBUG:colcon.colcon_core.shell:Skip shell extension 'dsv' for command environment
[0.374s] DEBUG:colcon.colcon_core.event_handler.log_command:Invoking command in '/home/shridhar/Workspaces/mrt_ws/Task2/build/arucosrvmsg': CMAKE_PREFIX_PATH=${CMAKE_PREFIX_PATH}:/home/shridhar/Workspaces/mrt_ws/Task2/install/arucoserver:/opt/ros/humble /usr/bin/cmake --build /home/shridhar/Workspaces/mrt_ws/Task2/build/arucosrvmsg -- -j22 -l22
[0.765s] DEBUG:colcon.colcon_core.event_handler.log_command:Invoked command in '/home/shridhar/Workspaces/mrt_ws/Task2/build/arucosrvmsg' returned '0': CMAKE_PREFIX_PATH=${CMAKE_PREFIX_PATH}:/home/shridhar/Workspaces/mrt_ws/Task2/install/arucoserver:/opt/ros/humble /usr/bin/cmake --build /home/shridhar/Workspaces/mrt_ws/Task2/build/arucosrvmsg -- -j22 -l22
[0.857s] DEBUG:colcon.colcon_core.event_handler.log_command:Invoking command in '/home/shridhar/Workspaces/mrt_ws/Task2/build/arucosrvmsg': CMAKE_PREFIX_PATH=${CMAKE_PREFIX_PATH}:/home/shridhar/Workspaces/mrt_ws/Task2/install/arucoserver:/opt/ros/humble /usr/bin/cmake --install /home/shridhar/Workspaces/mrt_ws/Task2/build/arucosrvmsg
[0.924s] Level 1:colcon.colcon_core.environment:create_environment_scripts_only(arucosrvmsg)
[0.925s] DEBUG:colcon.colcon_core.event_handler.log_command:Invoked command in '/home/shridhar/Workspaces/mrt_ws/Task2/build/arucosrvmsg' returned '0': CMAKE_PREFIX_PATH=${CMAKE_PREFIX_PATH}:/home/shridhar/Workspaces/mrt_ws/Task2/install/arucoserver:/opt/ros/humble /usr/bin/cmake --install /home/shridhar/Workspaces/mrt_ws/Task2/build/arucosrvmsg
[0.928s] Level 1:colcon.colcon_core.environment:checking '/home/shridhar/Workspaces/mrt_ws/Task2/install/arucosrvmsg' for CMake module files
[0.928s] Level 1:colcon.colcon_core.environment:checking '/home/shridhar/Workspaces/mrt_ws/Task2/install/arucosrvmsg' for CMake config files
[0.929s] Level 1:colcon.colcon_core.shell:create_environment_hook('arucosrvmsg', 'cmake_prefix_path')
[0.929s] INFO:colcon.colcon_core.shell:Creating environment hook '/home/shridhar/Workspaces/mrt_ws/Task2/install/arucosrvmsg/share/arucosrvmsg/hook/cmake_prefix_path.ps1'
[0.930s] INFO:colcon.colcon_core.shell:Creating environment descriptor '/home/shridhar/Workspaces/mrt_ws/Task2/install/arucosrvmsg/share/arucosrvmsg/hook/cmake_prefix_path.dsv'
[0.931s] INFO:colcon.colcon_core.shell:Creating environment hook '/home/shridhar/Workspaces/mrt_ws/Task2/install/arucosrvmsg/share/arucosrvmsg/hook/cmake_prefix_path.sh'
[0.932s] Level 1:colcon.colcon_core.environment:checking '/home/shridhar/Workspaces/mrt_ws/Task2/install/arucosrvmsg/lib'
[0.932s] Level 1:colcon.colcon_core.shell:create_environment_hook('arucosrvmsg', 'ld_library_path_lib')
[0.932s] INFO:colcon.colcon_core.shell:Creating environment hook '/home/shridhar/Workspaces/mrt_ws/Task2/install/arucosrvmsg/share/arucosrvmsg/hook/ld_library_path_lib.ps1'
[0.932s] INFO:colcon.colcon_core.shell:Creating environment descriptor '/home/shridhar/Workspaces/mrt_ws/Task2/install/arucosrvmsg/share/arucosrvmsg/hook/ld_library_path_lib.dsv'
[0.933s] INFO:colcon.colcon_core.shell:Creating environment hook '/home/shridhar/Workspaces/mrt_ws/Task2/install/arucosrvmsg/share/arucosrvmsg/hook/ld_library_path_lib.sh'
[0.933s] Level 1:colcon.colcon_core.environment:checking '/home/shridhar/Workspaces/mrt_ws/Task2/install/arucosrvmsg/bin'
[0.933s] Level 1:colcon.colcon_core.environment:checking '/home/shridhar/Workspaces/mrt_ws/Task2/install/arucosrvmsg/lib/pkgconfig/arucosrvmsg.pc'
[0.933s] Level 1:colcon.colcon_core.environment:checking '/home/shridhar/Workspaces/mrt_ws/Task2/install/arucosrvmsg/lib/python3.10/site-packages'
[0.934s] Level 1:colcon.colcon_core.environment:checking '/home/shridhar/Workspaces/mrt_ws/Task2/install/arucosrvmsg/bin'
[0.934s] INFO:colcon.colcon_core.shell:Creating package script '/home/shridhar/Workspaces/mrt_ws/Task2/install/arucosrvmsg/share/arucosrvmsg/package.ps1'
[0.935s] INFO:colcon.colcon_core.shell:Creating package descriptor '/home/shridhar/Workspaces/mrt_ws/Task2/install/arucosrvmsg/share/arucosrvmsg/package.dsv'
[0.935s] INFO:colcon.colcon_core.shell:Creating package script '/home/shridhar/Workspaces/mrt_ws/Task2/install/arucosrvmsg/share/arucosrvmsg/package.sh'
[0.936s] INFO:colcon.colcon_core.shell:Creating package script '/home/shridhar/Workspaces/mrt_ws/Task2/install/arucosrvmsg/share/arucosrvmsg/package.bash'
[0.937s] INFO:colcon.colcon_core.shell:Creating package script '/home/shridhar/Workspaces/mrt_ws/Task2/install/arucosrvmsg/share/arucosrvmsg/package.zsh'
[0.937s] Level 1:colcon.colcon_core.environment:create_file_with_runtime_dependencies(/home/shridhar/Workspaces/mrt_ws/Task2/install/arucosrvmsg/share/colcon-core/packages/arucosrvmsg)
[1.023s] Level 1:colcon.colcon_core.environment:create_environment_scripts_only(arucosrvmsg)
[1.024s] Level 1:colcon.colcon_core.environment:checking '/home/shridhar/Workspaces/mrt_ws/Task2/install/arucosrvmsg' for CMake module files
[1.024s] Level 1:colcon.colcon_core.environment:checking '/home/shridhar/Workspaces/mrt_ws/Task2/install/arucosrvmsg' for CMake config files
[1.025s] Level 1:colcon.colcon_core.shell:create_environment_hook('arucosrvmsg', 'cmake_prefix_path')
[1.025s] INFO:colcon.colcon_core.shell:Creating environment hook '/home/shridhar/Workspaces/mrt_ws/Task2/install/arucosrvmsg/share/arucosrvmsg/hook/cmake_prefix_path.ps1'
[1.026s] INFO:colcon.colcon_core.shell:Creating environment descriptor '/home/shridhar/Workspaces/mrt_ws/Task2/install/arucosrvmsg/share/arucosrvmsg/hook/cmake_prefix_path.dsv'
[1.027s] INFO:colcon.colcon_core.shell:Creating environment hook '/home/shridhar/Workspaces/mrt_ws/Task2/install/arucosrvmsg/share/arucosrvmsg/hook/cmake_prefix_path.sh'
[1.027s] Level 1:colcon.colcon_core.environment:checking '/home/shridhar/Workspaces/mrt_ws/Task2/install/arucosrvmsg/lib'
[1.028s] Level 1:colcon.colcon_core.shell:create_environment_hook('arucosrvmsg', 'ld_library_path_lib')
[1.028s] INFO:colcon.colcon_core.shell:Creating environment hook '/home/shridhar/Workspaces/mrt_ws/Task2/install/arucosrvmsg/share/arucosrvmsg/hook/ld_library_path_lib.ps1'
[1.028s] INFO:colcon.colcon_core.shell:Creating environment descriptor '/home/shridhar/Workspaces/mrt_ws/Task2/install/arucosrvmsg/share/arucosrvmsg/hook/ld_library_path_lib.dsv'
[1.029s] INFO:colcon.colcon_core.shell:Creating environment hook '/home/shridhar/Workspaces/mrt_ws/Task2/install/arucosrvmsg/share/arucosrvmsg/hook/ld_library_path_lib.sh'
[1.029s] Level 1:colcon.colcon_core.environment:checking '/home/shridhar/Workspaces/mrt_ws/Task2/install/arucosrvmsg/bin'
[1.029s] Level 1:colcon.colcon_core.environment:checking '/home/shridhar/Workspaces/mrt_ws/Task2/install/arucosrvmsg/lib/pkgconfig/arucosrvmsg.pc'
[1.030s] Level 1:colcon.colcon_core.environment:checking '/home/shridhar/Workspaces/mrt_ws/Task2/install/arucosrvmsg/lib/python3.10/site-packages'
[1.030s] Level 1:colcon.colcon_core.environment:checking '/home/shridhar/Workspaces/mrt_ws/Task2/install/arucosrvmsg/bin'
[1.030s] INFO:colcon.colcon_core.shell:Creating package script '/home/shridhar/Workspaces/mrt_ws/Task2/install/arucosrvmsg/share/arucosrvmsg/package.ps1'
[1.031s] INFO:colcon.colcon_core.shell:Creating package descriptor '/home/shridhar/Workspaces/mrt_ws/Task2/install/arucosrvmsg/share/arucosrvmsg/package.dsv'
[1.032s] INFO:colcon.colcon_core.shell:Creating package script '/home/shridhar/Workspaces/mrt_ws/Task2/install/arucosrvmsg/share/arucosrvmsg/package.sh'
[1.032s] INFO:colcon.colcon_core.shell:Creating package script '/home/shridhar/Workspaces/mrt_ws/Task2/install/arucosrvmsg/share/arucosrvmsg/package.bash'
[1.033s] INFO:colcon.colcon_core.shell:Creating package script '/home/shridhar/Workspaces/mrt_ws/Task2/install/arucosrvmsg/share/arucosrvmsg/package.zsh'
[1.033s] Level 1:colcon.colcon_core.environment:create_file_with_runtime_dependencies(/home/shridhar/Workspaces/mrt_ws/Task2/install/arucosrvmsg/share/colcon-core/packages/arucosrvmsg)
[1.034s] INFO:colcon.colcon_ros.task.ament_python.build:Building ROS package in '/home/shridhar/Workspaces/mrt_ws/Task2/src/arucoserver' with build type 'ament_python'
[1.034s] Level 1:colcon.colcon_core.shell:create_environment_hook('arucoserver', 'ament_prefix_path')
[1.034s] INFO:colcon.colcon_core.shell:Creating environment hook '/home/shridhar/Workspaces/mrt_ws/Task2/install/arucoserver/share/arucoserver/hook/ament_prefix_path.ps1'
[1.035s] INFO:colcon.colcon_core.shell:Creating environment descriptor '/home/shridhar/Workspaces/mrt_ws/Task2/install/arucoserver/share/arucoserver/hook/ament_prefix_path.dsv'
[1.035s] INFO:colcon.colcon_core.shell:Creating environment hook '/home/shridhar/Workspaces/mrt_ws/Task2/install/arucoserver/share/arucoserver/hook/ament_prefix_path.sh'
[1.036s] INFO:colcon.colcon_core.shell:Skip shell extension 'powershell' for command environment: Not usable outside of PowerShell
[1.036s] DEBUG:colcon.colcon_core.shell:Skip shell extension 'dsv' for command environment
[1.302s] INFO:colcon.colcon_core.task.python.build:Building Python package in '/home/shridhar/Workspaces/mrt_ws/Task2/src/arucoserver'
[1.303s] INFO:colcon.colcon_core.shell:Skip shell extension 'powershell' for command environment: Not usable outside of PowerShell
[1.303s] DEBUG:colcon.colcon_core.shell:Skip shell extension 'dsv' for command environment
[1.656s] DEBUG:colcon.colcon_core.event_handler.log_command:Invoking command in '/home/shridhar/Workspaces/mrt_ws/Task2/src/arucoserver': AMENT_PREFIX_PATH=/home/shridhar/Documents/ROSrevision/Task4/install/arucosrvmsg:${AMENT_PREFIX_PATH} LD_LIBRARY_PATH=/home/shridhar/Documents/ROSrevision/Task4/install/arucosrvmsg/lib:${LD_LIBRARY_PATH} PYTHONPATH=/home/shridhar/Workspaces/mrt_ws/Task2/build/arucoserver/prefix_override:/usr/lib/python3/dist-packages/colcon_core/task/python/colcon_distutils_commands:/home/shridhar/Workspaces/mrt_ws/Task2/install/arucoserver/lib/python3.10/site-packages:/home/shridhar/Documents/ROSrevision/Task4/install/arucosrvmsg/local/lib/python3.10/dist-packages:${PYTHONPATH} /usr/bin/python3 -W ignore:setup.py install is deprecated setup.py egg_info --egg-base ../../build/arucoserver build --build-base /home/shridhar/Workspaces/mrt_ws/Task2/build/arucoserver/build install --record /home/shridhar/Workspaces/mrt_ws/Task2/build/arucoserver/install.log --single-version-externally-managed install_data
[1.953s] Level 1:colcon.colcon_core.environment:checking '/home/shridhar/Workspaces/mrt_ws/Task2/install/arucoserver' for CMake module files
[1.954s] DEBUG:colcon.colcon_core.event_handler.log_command:Invoked command in '/home/shridhar/Workspaces/mrt_ws/Task2/src/arucoserver' returned '0': AMENT_PREFIX_PATH=/home/shridhar/Documents/ROSrevision/Task4/install/arucosrvmsg:${AMENT_PREFIX_PATH} LD_LIBRARY_PATH=/home/shridhar/Documents/ROSrevision/Task4/install/arucosrvmsg/lib:${LD_LIBRARY_PATH} PYTHONPATH=/home/shridhar/Workspaces/mrt_ws/Task2/build/arucoserver/prefix_override:/usr/lib/python3/dist-packages/colcon_core/task/python/colcon_distutils_commands:/home/shridhar/Workspaces/mrt_ws/Task2/install/arucoserver/lib/python3.10/site-packages:/home/shridhar/Documents/ROSrevision/Task4/install/arucosrvmsg/local/lib/python3.10/dist-packages:${PYTHONPATH} /usr/bin/python3 -W ignore:setup.py install is deprecated setup.py egg_info --egg-base ../../build/arucoserver build --build-base /home/shridhar/Workspaces/mrt_ws/Task2/build/arucoserver/build install --record /home/shridhar/Workspaces/mrt_ws/Task2/build/arucoserver/install.log --single-version-externally-managed install_data
[1.954s] Level 1:colcon.colcon_core.environment:checking '/home/shridhar/Workspaces/mrt_ws/Task2/install/arucoserver' for CMake config files
[1.955s] Level 1:colcon.colcon_core.environment:checking '/home/shridhar/Workspaces/mrt_ws/Task2/install/arucoserver/lib'
[1.955s] Level 1:colcon.colcon_core.environment:checking '/home/shridhar/Workspaces/mrt_ws/Task2/install/arucoserver/bin'
[1.955s] Level 1:colcon.colcon_core.environment:checking '/home/shridhar/Workspaces/mrt_ws/Task2/install/arucoserver/lib/pkgconfig/arucoserver.pc'
[1.955s] Level 1:colcon.colcon_core.environment:checking '/home/shridhar/Workspaces/mrt_ws/Task2/install/arucoserver/lib/python3.10/site-packages'
[1.956s] Level 1:colcon.colcon_core.shell:create_environment_hook('arucoserver', 'pythonpath')
[1.956s] INFO:colcon.colcon_core.shell:Creating environment hook '/home/shridhar/Workspaces/mrt_ws/Task2/install/arucoserver/share/arucoserver/hook/pythonpath.ps1'
[1.957s] INFO:colcon.colcon_core.shell:Creating environment descriptor '/home/shridhar/Workspaces/mrt_ws/Task2/install/arucoserver/share/arucoserver/hook/pythonpath.dsv'
[1.957s] INFO:colcon.colcon_core.shell:Creating environment hook '/home/shridhar/Workspaces/mrt_ws/Task2/install/arucoserver/share/arucoserver/hook/pythonpath.sh'
[1.958s] Level 1:colcon.colcon_core.environment:checking '/home/shridhar/Workspaces/mrt_ws/Task2/install/arucoserver/bin'
[1.958s] Level 1:colcon.colcon_core.environment:create_environment_scripts_only(arucoserver)
[1.958s] INFO:colcon.colcon_core.shell:Creating package script '/home/shridhar/Workspaces/mrt_ws/Task2/install/arucoserver/share/arucoserver/package.ps1'
[1.959s] INFO:colcon.colcon_core.shell:Creating package descriptor '/home/shridhar/Workspaces/mrt_ws/Task2/install/arucoserver/share/arucoserver/package.dsv'
[1.960s] INFO:colcon.colcon_core.shell:Creating package script '/home/shridhar/Workspaces/mrt_ws/Task2/install/arucoserver/share/arucoserver/package.sh'
[1.960s] INFO:colcon.colcon_core.shell:Creating package script '/home/shridhar/Workspaces/mrt_ws/Task2/install/arucoserver/share/arucoserver/package.bash'
[1.961s] INFO:colcon.colcon_core.shell:Creating package script '/home/shridhar/Workspaces/mrt_ws/Task2/install/arucoserver/share/arucoserver/package.zsh'
[1.961s] Level 1:colcon.colcon_core.environment:create_file_with_runtime_dependencies(/home/shridhar/Workspaces/mrt_ws/Task2/install/arucoserver/share/colcon-core/packages/arucoserver)
[1.962s] DEBUG:colcon.colcon_parallel_executor.executor.parallel:closing loop
[1.962s] DEBUG:colcon.colcon_parallel_executor.executor.parallel:loop closed
[1.962s] DEBUG:colcon.colcon_parallel_executor.executor.parallel:run_until_complete finished with '0'
[1.962s] DEBUG:colcon.colcon_core.event_reactor:joining thread
[1.970s] INFO:colcon.colcon_core.plugin_system:Skipping extension 'colcon_notification.desktop_notification.terminal_notifier': Not used on non-Darwin systems
[1.970s] INFO:colcon.colcon_core.plugin_system:Skipping extension 'colcon_notification.desktop_notification.win32': Not used on non-Windows systems
[1.970s] INFO:colcon.colcon_notification.desktop_notification:Sending desktop notification using 'notify2'
[1.985s] DEBUG:colcon.colcon_core.event_reactor:joined thread
[1.986s] INFO:colcon.colcon_core.shell:Creating prefix script '/home/shridhar/Workspaces/mrt_ws/Task2/install/local_setup.ps1'
[1.987s] INFO:colcon.colcon_core.shell:Creating prefix util module '/home/shridhar/Workspaces/mrt_ws/Task2/install/_local_setup_util_ps1.py'
[1.988s] INFO:colcon.colcon_core.shell:Creating prefix chain script '/home/shridhar/Workspaces/mrt_ws/Task2/install/setup.ps1'
[1.989s] INFO:colcon.colcon_core.shell:Creating prefix script '/home/shridhar/Workspaces/mrt_ws/Task2/install/local_setup.sh'
[1.989s] INFO:colcon.colcon_core.shell:Creating prefix util module '/home/shridhar/Workspaces/mrt_ws/Task2/install/_local_setup_util_sh.py'
[1.990s] INFO:colcon.colcon_core.shell:Creating prefix chain script '/home/shridhar/Workspaces/mrt_ws/Task2/install/setup.sh'
[1.991s] INFO:colcon.colcon_core.shell:Creating prefix script '/home/shridhar/Workspaces/mrt_ws/Task2/install/local_setup.bash'
[1.991s] INFO:colcon.colcon_core.shell:Creating prefix chain script '/home/shridhar/Workspaces/mrt_ws/Task2/install/setup.bash'
[1.992s] INFO:colcon.colcon_core.shell:Creating prefix script '/home/shridhar/Workspaces/mrt_ws/Task2/install/local_setup.zsh'
[1.993s] INFO:colcon.colcon_core.shell:Creating prefix chain script '/home/shridhar/Workspaces/mrt_ws/Task2/install/setup.zsh'
