[0.294s] Invoking command in '/home/shridhar/Workspaces/mrt_ws/Task2/build/threeinttopic': CMAKE_PREFIX_PATH=${CMAKE_PREFIX_PATH}:/home/shridhar/Workspaces/mrt_ws/Task2/install/serveradd:/opt/ros/humble /usr/bin/cmake --build /home/shridhar/Workspaces/mrt_ws/Task2/build/threeinttopic -- -j22 -l22
[0.346s] Invoked command in '/home/shridhar/Workspaces/mrt_ws/Task2/build/threeinttopic' returned '0': CMAKE_PREFIX_PATH=${CMAKE_PREFIX_PATH}:/home/shridhar/Workspaces/mrt_ws/Task2/install/serveradd:/opt/ros/humble /usr/bin/cmake --build /home/shridhar/Workspaces/mrt_ws/Task2/build/threeinttopic -- -j22 -l22
[0.389s] Invoking command in '/home/shridhar/Workspaces/mrt_ws/Task2/build/threeinttopic': CMAKE_PREFIX_PATH=${CMAKE_PREFIX_PATH}:/home/shridhar/Workspaces/mrt_ws/Task2/install/serveradd:/opt/ros/humble /usr/bin/cmake --install /home/shridhar/Workspaces/mrt_ws/Task2/build/threeinttopic
[0.401s] -- Install configuration: ""
[0.401s] -- Up-to-date: /home/shridhar/Workspaces/mrt_ws/Task2/install/threeinttopic/share/ament_index/resource_index/package_run_dependencies/threeinttopic
[0.401s] -- Up-to-date: /home/shridhar/Workspaces/mrt_ws/Task2/install/threeinttopic/share/ament_index/resource_index/parent_prefix_path/threeinttopic
[0.401s] -- Up-to-date: /home/shridhar/Workspaces/mrt_ws/Task2/install/threeinttopic/share/threeinttopic/environment/ament_prefix_path.sh
[0.402s] -- Up-to-date: /home/shridhar/Workspaces/mrt_ws/Task2/install/threeinttopic/share/threeinttopic/environment/ament_prefix_path.dsv
[0.402s] -- Up-to-date: /home/shridhar/Workspaces/mrt_ws/Task2/install/threeinttopic/share/threeinttopic/environment/path.sh
[0.402s] -- Up-to-date: /home/shridhar/Workspaces/mrt_ws/Task2/install/threeinttopic/share/threeinttopic/environment/path.dsv
[0.402s] -- Up-to-date: /home/shridhar/Workspaces/mrt_ws/Task2/install/threeinttopic/share/threeinttopic/local_setup.bash
[0.402s] -- Up-to-date: /home/shridhar/Workspaces/mrt_ws/Task2/install/threeinttopic/share/threeinttopic/local_setup.sh
[0.402s] -- Up-to-date: /home/shridhar/Workspaces/mrt_ws/Task2/install/threeinttopic/share/threeinttopic/local_setup.zsh
[0.402s] -- Up-to-date: /home/shridhar/Workspaces/mrt_ws/Task2/install/threeinttopic/share/threeinttopic/local_setup.dsv
[0.402s] -- Up-to-date: /home/shridhar/Workspaces/mrt_ws/Task2/install/threeinttopic/share/threeinttopic/package.dsv
[0.402s] -- Up-to-date: /home/shridhar/Workspaces/mrt_ws/Task2/install/threeinttopic/share/ament_index/resource_index/packages/threeinttopic
[0.402s] -- Up-to-date: /home/shridhar/Workspaces/mrt_ws/Task2/install/threeinttopic/share/threeinttopic/cmake/threeinttopicConfig.cmake
[0.402s] -- Up-to-date: /home/shridhar/Workspaces/mrt_ws/Task2/install/threeinttopic/share/threeinttopic/cmake/threeinttopicConfig-version.cmake
[0.402s] -- Up-to-date: /home/shridhar/Workspaces/mrt_ws/Task2/install/threeinttopic/share/threeinttopic/package.xml
[0.405s] Invoked command in '/home/shridhar/Workspaces/mrt_ws/Task2/build/threeinttopic' returned '0': CMAKE_PREFIX_PATH=${CMAKE_PREFIX_PATH}:/home/shridhar/Workspaces/mrt_ws/Task2/install/serveradd:/opt/ros/humble /usr/bin/cmake --install /home/shridhar/Workspaces/mrt_ws/Task2/build/threeinttopic
