[0.634s] Invoking command in '/home/shridhar/Workspaces/mrt_ws/Task2/src/arucoserver': CMAKE_PREFIX_PATH=/home/shridhar/Workspaces/mrt_ws/Task2/install/arucosrvmsg:/home/shridhar/Workspaces/mrt_ws/Task2/install/threeinttopic:/home/shridhar/Workspaces/mrt_ws/Task2/install/addthreeints PYTHONPATH=/home/shridhar/Workspaces/mrt_ws/Task2/build/arucoserver/prefix_override:/usr/lib/python3/dist-packages/colcon_core/task/python/colcon_distutils_commands:/home/shridhar/Workspaces/mrt_ws/Task2/install/arucoserver/lib/python3.10/site-packages:${PYTHONPATH} /usr/bin/python3 -W ignore:setup.py install is deprecated setup.py egg_info --egg-base ../../build/arucoserver build --build-base /home/shridhar/Workspaces/mrt_ws/Task2/build/arucoserver/build install --record /home/shridhar/Workspaces/mrt_ws/Task2/build/arucoserver/install.log --single-version-externally-managed install_data
[0.872s] running egg_info
[0.872s] writing ../../build/arucoserver/arucoserver.egg-info/PKG-INFO
[0.873s] writing dependency_links to ../../build/arucoserver/arucoserver.egg-info/dependency_links.txt
[0.873s] writing entry points to ../../build/arucoserver/arucoserver.egg-info/entry_points.txt
[0.873s] writing requirements to ../../build/arucoserver/arucoserver.egg-info/requires.txt
[0.873s] writing top-level names to ../../build/arucoserver/arucoserver.egg-info/top_level.txt
[0.875s] reading manifest file '../../build/arucoserver/arucoserver.egg-info/SOURCES.txt'
[0.875s] writing manifest file '../../build/arucoserver/arucoserver.egg-info/SOURCES.txt'
[0.876s] running build
[0.876s] running build_py
[0.876s] running install
[0.877s] running install_lib
[0.878s] running install_data
[0.878s] running install_egg_info
[0.880s] removing '/home/shridhar/Workspaces/mrt_ws/Task2/install/arucoserver/lib/python3.10/site-packages/arucoserver-0.0.0-py3.10.egg-info' (and everything under it)
[0.880s] Copying ../../build/arucoserver/arucoserver.egg-info to /home/shridhar/Workspaces/mrt_ws/Task2/install/arucoserver/lib/python3.10/site-packages/arucoserver-0.0.0-py3.10.egg-info
[0.881s] running install_scripts
[0.901s] Installing client script to /home/shridhar/Workspaces/mrt_ws/Task2/install/arucoserver/lib/arucoserver
[0.901s] Installing service script to /home/shridhar/Workspaces/mrt_ws/Task2/install/arucoserver/lib/arucoserver
[0.901s] Installing testaruco script to /home/shridhar/Workspaces/mrt_ws/Task2/install/arucoserver/lib/arucoserver
[0.901s] Installing videoaruco1 script to /home/shridhar/Workspaces/mrt_ws/Task2/install/arucoserver/lib/arucoserver
[0.902s] Installing videoaruco2 script to /home/shridhar/Workspaces/mrt_ws/Task2/install/arucoserver/lib/arucoserver
[0.902s] Installing webcam script to /home/shridhar/Workspaces/mrt_ws/Task2/install/arucoserver/lib/arucoserver
[0.902s] writing list of installed files to '/home/shridhar/Workspaces/mrt_ws/Task2/build/arucoserver/install.log'
[0.929s] Invoked command in '/home/shridhar/Workspaces/mrt_ws/Task2/src/arucoserver' returned '0': CMAKE_PREFIX_PATH=/home/shridhar/Workspaces/mrt_ws/Task2/install/arucosrvmsg:/home/shridhar/Workspaces/mrt_ws/Task2/install/threeinttopic:/home/shridhar/Workspaces/mrt_ws/Task2/install/addthreeints PYTHONPATH=/home/shridhar/Workspaces/mrt_ws/Task2/build/arucoserver/prefix_override:/usr/lib/python3/dist-packages/colcon_core/task/python/colcon_distutils_commands:/home/shridhar/Workspaces/mrt_ws/Task2/install/arucoserver/lib/python3.10/site-packages:${PYTHONPATH} /usr/bin/python3 -W ignore:setup.py install is deprecated setup.py egg_info --egg-base ../../build/arucoserver build --build-base /home/shridhar/Workspaces/mrt_ws/Task2/build/arucoserver/build install --record /home/shridhar/Workspaces/mrt_ws/Task2/build/arucoserver/install.log --single-version-externally-managed install_data
