-- The C compiler identification is GNU 11.4.0
-- The CXX compiler identification is GNU 11.4.0
-- Detecting C compiler ABI info
-- Detecting C compiler ABI info - done
-- Check for working C compiler: /usr/bin/cc - skipped
-- Detecting C compile features
-- Detecting C compile features - done
-- Detecting CXX compiler ABI info
-- Detecting CXX compiler ABI info - done
-- Check for working CXX compiler: /usr/bin/c++ - skipped
-- Detecting CXX compile features
-- Detecting CXX compile features - done
-- Found ament_cmake: 1.3.10 (/opt/ros/humble/share/ament_cmake/cmake)
-- Found Python3: /usr/bin/python3 (found version "3.10.12") found components: Interpreter 
-- Found rosidl_default_generators: 1.2.0 (/opt/ros/humble/share/rosidl_default_generators/cmake)
-- Using all available rosidl_typesupport_c: rosidl_typesupport_fastrtps_c;rosidl_typesupport_introspection_c
-- Found rosidl_adapter: 3.1.5 (/opt/ros/humble/share/rosidl_adapter/cmake)
-- Using all available rosidl_typesupport_cpp: rosidl_typesupport_fastrtps_cpp;rosidl_typesupport_introspection_cpp
-- Found ament_cmake_ros: 0.10.0 (/opt/ros/humble/share/ament_cmake_ros/cmake)
-- Using all available rosidl_typesupport_c: rosidl_typesupport_fastrtps_c;rosidl_typesupport_introspection_c
-- Using all available rosidl_typesupport_cpp: rosidl_typesupport_fastrtps_cpp;rosidl_typesupport_introspection_cpp
-- Found PythonInterp: /usr/bin/python3 (found suitable version "3.10.12", minimum required is "3.6") 
-- Found python_cmake_module: 0.10.0 (/opt/ros/humble/share/python_cmake_module/cmake)
-- Found PythonLibs: /usr/lib/x86_64-linux-gnu/libpython3.10.so (found suitable version "3.10.12", minimum required is "3.5") 
-- Using PYTHON_EXECUTABLE: /usr/bin/python3
-- Using PYTHON_INCLUDE_DIRS: /usr/include/python3.10
-- Using PYTHON_LIBRARIES: /usr/lib/x86_64-linux-gnu/libpython3.10.so
-- Found PythonExtra: .so  
-- Found ament_lint_auto: 0.12.11 (/opt/ros/humble/share/ament_lint_auto/cmake)
-- Added test 'lint_cmake' to check CMake code style
-- Added test 'xmllint' to check XML markup files
-- Configuring done
-- Generating done
-- Build files have been written to: /home/shridhar/Documents/ROSrevision/Task4/build/arucosrvmsg
[  3%] [34m[1mGenerating C code for ROS interfaces[0m
[  6%] [34m[1mGenerating C++ code for ROS interfaces[0m
[  6%] Built target ament_cmake_python_copy_arucosrvmsg
[  6%] Built target arucosrvmsg__cpp
[  9%] [32mBuilding C object CMakeFiles/arucosrvmsg__rosidl_generator_c.dir/rosidl_generator_c/arucosrvmsg/msg/detail/markers__functions.c.o[0m
[ 12%] [34m[1mGenerating C++ type support dispatch for ROS interfaces[0m
[ 16%] [34m[1mGenerating C++ type support for eProsima Fast-RTPS[0m
[ 19%] [34m[1mGenerating C++ introspection for ROS interfaces[0m
running egg_info
creating arucosrvmsg.egg-info
writing arucosrvmsg.egg-info/PKG-INFO
writing dependency_links to arucosrvmsg.egg-info/dependency_links.txt
writing top-level names to arucosrvmsg.egg-info/top_level.txt
writing manifest file 'arucosrvmsg.egg-info/SOURCES.txt'
reading manifest file 'arucosrvmsg.egg-info/SOURCES.txt'
writing manifest file 'arucosrvmsg.egg-info/SOURCES.txt'
[ 19%] Built target ament_cmake_python_build_arucosrvmsg_egg
[ 22%] [32m[1mLinking C shared library libarucosrvmsg__rosidl_generator_c.so[0m
[ 22%] Built target arucosrvmsg__rosidl_generator_c
[ 29%] [34m[1mGenerating C type support for eProsima Fast-RTPS[0m
[ 29%] [34m[1mGenerating C type support dispatch for ROS interfaces[0m
[ 32%] [34m[1mGenerating C introspection for ROS interfaces[0m
[ 35%] [32mBuilding CXX object CMakeFiles/arucosrvmsg__rosidl_typesupport_cpp.dir/rosidl_typesupport_cpp/arucosrvmsg/msg/markers__type_support.cpp.o[0m
[ 38%] [32mBuilding CXX object CMakeFiles/arucosrvmsg__rosidl_typesupport_introspection_cpp.dir/rosidl_typesupport_introspection_cpp/arucosrvmsg/msg/detail/markers__type_support.cpp.o[0m
[ 41%] [32mBuilding CXX object CMakeFiles/arucosrvmsg__rosidl_typesupport_fastrtps_cpp.dir/rosidl_typesupport_fastrtps_cpp/arucosrvmsg/msg/detail/dds_fastrtps/markers__type_support.cpp.o[0m
[ 45%] [32mBuilding CXX object CMakeFiles/arucosrvmsg__rosidl_typesupport_c.dir/rosidl_typesupport_c/arucosrvmsg/msg/markers__type_support.cpp.o[0m
[ 48%] [32mBuilding CXX object CMakeFiles/arucosrvmsg__rosidl_typesupport_fastrtps_c.dir/rosidl_typesupport_fastrtps_c/arucosrvmsg/msg/detail/markers__type_support_c.cpp.o[0m
[ 51%] [32m[1mLinking CXX shared library libarucosrvmsg__rosidl_typesupport_c.so[0m
[ 54%] [32mBuilding C object CMakeFiles/arucosrvmsg__rosidl_typesupport_introspection_c.dir/rosidl_typesupport_introspection_c/arucosrvmsg/msg/detail/markers__type_support.c.o[0m
[ 54%] Built target arucosrvmsg__rosidl_typesupport_c
[ 58%] [32m[1mLinking C shared library libarucosrvmsg__rosidl_typesupport_introspection_c.so[0m
[ 58%] Built target arucosrvmsg__rosidl_typesupport_introspection_c
[ 61%] [32m[1mLinking CXX shared library libarucosrvmsg__rosidl_typesupport_cpp.so[0m
[ 61%] Built target arucosrvmsg__rosidl_typesupport_cpp
[ 64%] [32m[1mLinking CXX shared library libarucosrvmsg__rosidl_typesupport_fastrtps_c.so[0m
[ 67%] [32m[1mLinking CXX shared library libarucosrvmsg__rosidl_typesupport_introspection_cpp.so[0m
[ 70%] [32m[1mLinking CXX shared library libarucosrvmsg__rosidl_typesupport_fastrtps_cpp.so[0m
[ 70%] Built target arucosrvmsg__rosidl_typesupport_fastrtps_c
[ 70%] Built target arucosrvmsg__rosidl_typesupport_introspection_cpp
[ 70%] Built target arucosrvmsg__rosidl_typesupport_fastrtps_cpp
[ 70%] Built target arucosrvmsg
[ 74%] [34m[1mGenerating Python code for ROS interfaces[0m
[ 74%] Built target arucosrvmsg__py
[ 77%] [32mBuilding C object CMakeFiles/arucosrvmsg__rosidl_generator_py.dir/rosidl_generator_py/arucosrvmsg/msg/_markers_s.c.o[0m
[ 80%] [32m[1mLinking C shared library rosidl_generator_py/arucosrvmsg/libarucosrvmsg__rosidl_generator_py.so[0m
[ 80%] Built target arucosrvmsg__rosidl_generator_py
[ 83%] [32mBuilding C object CMakeFiles/arucosrvmsg__rosidl_typesupport_introspection_c__pyext.dir/rosidl_generator_py/arucosrvmsg/_arucosrvmsg_s.ep.rosidl_typesupport_introspection_c.c.o[0m
[ 87%] [32mBuilding C object CMakeFiles/arucosrvmsg__rosidl_typesupport_fastrtps_c__pyext.dir/rosidl_generator_py/arucosrvmsg/_arucosrvmsg_s.ep.rosidl_typesupport_fastrtps_c.c.o[0m
[ 90%] [32mBuilding C object CMakeFiles/arucosrvmsg__rosidl_typesupport_c__pyext.dir/rosidl_generator_py/arucosrvmsg/_arucosrvmsg_s.ep.rosidl_typesupport_c.c.o[0m
[ 93%] [32m[1mLinking C shared library rosidl_generator_py/arucosrvmsg/arucosrvmsg_s__rosidl_typesupport_introspection_c.cpython-310-x86_64-linux-gnu.so[0m
[ 96%] [32m[1mLinking C shared library rosidl_generator_py/arucosrvmsg/arucosrvmsg_s__rosidl_typesupport_fastrtps_c.cpython-310-x86_64-linux-gnu.so[0m
[100%] [32m[1mLinking C shared library rosidl_generator_py/arucosrvmsg/arucosrvmsg_s__rosidl_typesupport_c.cpython-310-x86_64-linux-gnu.so[0m
[100%] Built target arucosrvmsg__rosidl_typesupport_c__pyext
[100%] Built target arucosrvmsg__rosidl_typesupport_fastrtps_c__pyext
[100%] Built target arucosrvmsg__rosidl_typesupport_introspection_c__pyext
-- Install configuration: ""
-- Installing: /home/shridhar/Documents/ROSrevision/Task4/install/arucosrvmsg/share/ament_index/resource_index/rosidl_interfaces/arucosrvmsg
-- Installing: /home/shridhar/Documents/ROSrevision/Task4/install/arucosrvmsg/include/arucosrvmsg/arucosrvmsg
-- Installing: /home/shridhar/Documents/ROSrevision/Task4/install/arucosrvmsg/include/arucosrvmsg/arucosrvmsg/msg
-- Installing: /home/shridhar/Documents/ROSrevision/Task4/install/arucosrvmsg/include/arucosrvmsg/arucosrvmsg/msg/rosidl_generator_c__visibility_control.h
-- Installing: /home/shridhar/Documents/ROSrevision/Task4/install/arucosrvmsg/include/arucosrvmsg/arucosrvmsg/msg/markers.h
-- Installing: /home/shridhar/Documents/ROSrevision/Task4/install/arucosrvmsg/include/arucosrvmsg/arucosrvmsg/msg/detail
-- Installing: /home/shridhar/Documents/ROSrevision/Task4/install/arucosrvmsg/include/arucosrvmsg/arucosrvmsg/msg/detail/markers__functions.c
-- Installing: /home/shridhar/Documents/ROSrevision/Task4/install/arucosrvmsg/include/arucosrvmsg/arucosrvmsg/msg/detail/markers__struct.h
-- Installing: /home/shridhar/Documents/ROSrevision/Task4/install/arucosrvmsg/include/arucosrvmsg/arucosrvmsg/msg/detail/markers__type_support.h
-- Installing: /home/shridhar/Documents/ROSrevision/Task4/install/arucosrvmsg/include/arucosrvmsg/arucosrvmsg/msg/detail/markers__functions.h
-- Installing: /home/shridhar/Documents/ROSrevision/Task4/install/arucosrvmsg/share/arucosrvmsg/environment/library_path.sh
-- Installing: /home/shridhar/Documents/ROSrevision/Task4/install/arucosrvmsg/share/arucosrvmsg/environment/library_path.dsv
-- Installing: /home/shridhar/Documents/ROSrevision/Task4/install/arucosrvmsg/lib/libarucosrvmsg__rosidl_generator_c.so
-- Set runtime path of "/home/shridhar/Documents/ROSrevision/Task4/install/arucosrvmsg/lib/libarucosrvmsg__rosidl_generator_c.so" to ""
-- Up-to-date: /home/shridhar/Documents/ROSrevision/Task4/install/arucosrvmsg/include/arucosrvmsg/arucosrvmsg
-- Up-to-date: /home/shridhar/Documents/ROSrevision/Task4/install/arucosrvmsg/include/arucosrvmsg/arucosrvmsg/msg
-- Installing: /home/shridhar/Documents/ROSrevision/Task4/install/arucosrvmsg/include/arucosrvmsg/arucosrvmsg/msg/rosidl_typesupport_fastrtps_c__visibility_control.h
-- Up-to-date: /home/shridhar/Documents/ROSrevision/Task4/install/arucosrvmsg/include/arucosrvmsg/arucosrvmsg/msg/detail
-- Installing: /home/shridhar/Documents/ROSrevision/Task4/install/arucosrvmsg/include/arucosrvmsg/arucosrvmsg/msg/detail/markers__rosidl_typesupport_fastrtps_c.h
-- Installing: /home/shridhar/Documents/ROSrevision/Task4/install/arucosrvmsg/lib/libarucosrvmsg__rosidl_typesupport_fastrtps_c.so
-- Set runtime path of "/home/shridhar/Documents/ROSrevision/Task4/install/arucosrvmsg/lib/libarucosrvmsg__rosidl_typesupport_fastrtps_c.so" to ""
-- Up-to-date: /home/shridhar/Documents/ROSrevision/Task4/install/arucosrvmsg/include/arucosrvmsg/arucosrvmsg
-- Up-to-date: /home/shridhar/Documents/ROSrevision/Task4/install/arucosrvmsg/include/arucosrvmsg/arucosrvmsg/msg
-- Up-to-date: /home/shridhar/Documents/ROSrevision/Task4/install/arucosrvmsg/include/arucosrvmsg/arucosrvmsg/msg/detail
-- Installing: /home/shridhar/Documents/ROSrevision/Task4/install/arucosrvmsg/include/arucosrvmsg/arucosrvmsg/msg/detail/markers__type_support.c
-- Installing: /home/shridhar/Documents/ROSrevision/Task4/install/arucosrvmsg/include/arucosrvmsg/arucosrvmsg/msg/detail/markers__rosidl_typesupport_introspection_c.h
-- Installing: /home/shridhar/Documents/ROSrevision/Task4/install/arucosrvmsg/include/arucosrvmsg/arucosrvmsg/msg/rosidl_typesupport_introspection_c__visibility_control.h
-- Installing: /home/shridhar/Documents/ROSrevision/Task4/install/arucosrvmsg/lib/libarucosrvmsg__rosidl_typesupport_introspection_c.so
-- Set runtime path of "/home/shridhar/Documents/ROSrevision/Task4/install/arucosrvmsg/lib/libarucosrvmsg__rosidl_typesupport_introspection_c.so" to ""
-- Installing: /home/shridhar/Documents/ROSrevision/Task4/install/arucosrvmsg/lib/libarucosrvmsg__rosidl_typesupport_c.so
-- Set runtime path of "/home/shridhar/Documents/ROSrevision/Task4/install/arucosrvmsg/lib/libarucosrvmsg__rosidl_typesupport_c.so" to ""
-- Up-to-date: /home/shridhar/Documents/ROSrevision/Task4/install/arucosrvmsg/include/arucosrvmsg/arucosrvmsg
-- Up-to-date: /home/shridhar/Documents/ROSrevision/Task4/install/arucosrvmsg/include/arucosrvmsg/arucosrvmsg/msg
-- Installing: /home/shridhar/Documents/ROSrevision/Task4/install/arucosrvmsg/include/arucosrvmsg/arucosrvmsg/msg/markers.hpp
-- Up-to-date: /home/shridhar/Documents/ROSrevision/Task4/install/arucosrvmsg/include/arucosrvmsg/arucosrvmsg/msg/detail
-- Installing: /home/shridhar/Documents/ROSrevision/Task4/install/arucosrvmsg/include/arucosrvmsg/arucosrvmsg/msg/detail/markers__traits.hpp
-- Installing: /home/shridhar/Documents/ROSrevision/Task4/install/arucosrvmsg/include/arucosrvmsg/arucosrvmsg/msg/detail/markers__builder.hpp
-- Installing: /home/shridhar/Documents/ROSrevision/Task4/install/arucosrvmsg/include/arucosrvmsg/arucosrvmsg/msg/detail/markers__struct.hpp
-- Up-to-date: /home/shridhar/Documents/ROSrevision/Task4/install/arucosrvmsg/include/arucosrvmsg/arucosrvmsg
-- Up-to-date: /home/shridhar/Documents/ROSrevision/Task4/install/arucosrvmsg/include/arucosrvmsg/arucosrvmsg/msg
-- Installing: /home/shridhar/Documents/ROSrevision/Task4/install/arucosrvmsg/include/arucosrvmsg/arucosrvmsg/msg/rosidl_typesupport_fastrtps_cpp__visibility_control.h
-- Up-to-date: /home/shridhar/Documents/ROSrevision/Task4/install/arucosrvmsg/include/arucosrvmsg/arucosrvmsg/msg/detail
-- Installing: /home/shridhar/Documents/ROSrevision/Task4/install/arucosrvmsg/include/arucosrvmsg/arucosrvmsg/msg/detail/markers__rosidl_typesupport_fastrtps_cpp.hpp
-- Installing: /home/shridhar/Documents/ROSrevision/Task4/install/arucosrvmsg/include/arucosrvmsg/arucosrvmsg/msg/detail/dds_fastrtps
-- Installing: /home/shridhar/Documents/ROSrevision/Task4/install/arucosrvmsg/lib/libarucosrvmsg__rosidl_typesupport_fastrtps_cpp.so
-- Set runtime path of "/home/shridhar/Documents/ROSrevision/Task4/install/arucosrvmsg/lib/libarucosrvmsg__rosidl_typesupport_fastrtps_cpp.so" to ""
-- Up-to-date: /home/shridhar/Documents/ROSrevision/Task4/install/arucosrvmsg/include/arucosrvmsg/arucosrvmsg
-- Up-to-date: /home/shridhar/Documents/ROSrevision/Task4/install/arucosrvmsg/include/arucosrvmsg/arucosrvmsg/msg
-- Up-to-date: /home/shridhar/Documents/ROSrevision/Task4/install/arucosrvmsg/include/arucosrvmsg/arucosrvmsg/msg/detail
-- Installing: /home/shridhar/Documents/ROSrevision/Task4/install/arucosrvmsg/include/arucosrvmsg/arucosrvmsg/msg/detail/markers__rosidl_typesupport_introspection_cpp.hpp
-- Installing: /home/shridhar/Documents/ROSrevision/Task4/install/arucosrvmsg/include/arucosrvmsg/arucosrvmsg/msg/detail/markers__type_support.cpp
-- Installing: /home/shridhar/Documents/ROSrevision/Task4/install/arucosrvmsg/lib/libarucosrvmsg__rosidl_typesupport_introspection_cpp.so
-- Set runtime path of "/home/shridhar/Documents/ROSrevision/Task4/install/arucosrvmsg/lib/libarucosrvmsg__rosidl_typesupport_introspection_cpp.so" to ""
-- Installing: /home/shridhar/Documents/ROSrevision/Task4/install/arucosrvmsg/lib/libarucosrvmsg__rosidl_typesupport_cpp.so
-- Set runtime path of "/home/shridhar/Documents/ROSrevision/Task4/install/arucosrvmsg/lib/libarucosrvmsg__rosidl_typesupport_cpp.so" to ""
-- Installing: /home/shridhar/Documents/ROSrevision/Task4/install/arucosrvmsg/share/arucosrvmsg/environment/pythonpath.sh
-- Installing: /home/shridhar/Documents/ROSrevision/Task4/install/arucosrvmsg/share/arucosrvmsg/environment/pythonpath.dsv
-- Installing: /home/shridhar/Documents/ROSrevision/Task4/install/arucosrvmsg/local/lib/python3.10/dist-packages/arucosrvmsg-0.0.0-py3.10.egg-info
-- Installing: /home/shridhar/Documents/ROSrevision/Task4/install/arucosrvmsg/local/lib/python3.10/dist-packages/arucosrvmsg-0.0.0-py3.10.egg-info/top_level.txt
-- Installing: /home/shridhar/Documents/ROSrevision/Task4/install/arucosrvmsg/local/lib/python3.10/dist-packages/arucosrvmsg-0.0.0-py3.10.egg-info/dependency_links.txt
-- Installing: /home/shridhar/Documents/ROSrevision/Task4/install/arucosrvmsg/local/lib/python3.10/dist-packages/arucosrvmsg-0.0.0-py3.10.egg-info/PKG-INFO
-- Installing: /home/shridhar/Documents/ROSrevision/Task4/install/arucosrvmsg/local/lib/python3.10/dist-packages/arucosrvmsg-0.0.0-py3.10.egg-info/SOURCES.txt
-- Installing: /home/shridhar/Documents/ROSrevision/Task4/install/arucosrvmsg/local/lib/python3.10/dist-packages/arucosrvmsg
-- Installing: /home/shridhar/Documents/ROSrevision/Task4/install/arucosrvmsg/local/lib/python3.10/dist-packages/arucosrvmsg/libarucosrvmsg__rosidl_generator_py.so
-- Installing: /home/shridhar/Documents/ROSrevision/Task4/install/arucosrvmsg/local/lib/python3.10/dist-packages/arucosrvmsg/_arucosrvmsg_s.ep.rosidl_typesupport_c.c
-- Installing: /home/shridhar/Documents/ROSrevision/Task4/install/arucosrvmsg/local/lib/python3.10/dist-packages/arucosrvmsg/_arucosrvmsg_s.ep.rosidl_typesupport_fastrtps_c.c
-- Installing: /home/shridhar/Documents/ROSrevision/Task4/install/arucosrvmsg/local/lib/python3.10/dist-packages/arucosrvmsg/arucosrvmsg_s__rosidl_typesupport_c.cpython-310-x86_64-linux-gnu.so
-- Installing: /home/shridhar/Documents/ROSrevision/Task4/install/arucosrvmsg/local/lib/python3.10/dist-packages/arucosrvmsg/arucosrvmsg_s__rosidl_typesupport_introspection_c.cpython-310-x86_64-linux-gnu.so
-- Installing: /home/shridhar/Documents/ROSrevision/Task4/install/arucosrvmsg/local/lib/python3.10/dist-packages/arucosrvmsg/msg
-- Installing: /home/shridhar/Documents/ROSrevision/Task4/install/arucosrvmsg/local/lib/python3.10/dist-packages/arucosrvmsg/msg/_markers.py
-- Installing: /home/shridhar/Documents/ROSrevision/Task4/install/arucosrvmsg/local/lib/python3.10/dist-packages/arucosrvmsg/msg/_markers_s.c
-- Installing: /home/shridhar/Documents/ROSrevision/Task4/install/arucosrvmsg/local/lib/python3.10/dist-packages/arucosrvmsg/msg/__init__.py
-- Installing: /home/shridhar/Documents/ROSrevision/Task4/install/arucosrvmsg/local/lib/python3.10/dist-packages/arucosrvmsg/_arucosrvmsg_s.ep.rosidl_typesupport_introspection_c.c
-- Installing: /home/shridhar/Documents/ROSrevision/Task4/install/arucosrvmsg/local/lib/python3.10/dist-packages/arucosrvmsg/__init__.py
-- Installing: /home/shridhar/Documents/ROSrevision/Task4/install/arucosrvmsg/local/lib/python3.10/dist-packages/arucosrvmsg/arucosrvmsg_s__rosidl_typesupport_fastrtps_c.cpython-310-x86_64-linux-gnu.so
Listing '/home/shridhar/Documents/ROSrevision/Task4/install/arucosrvmsg/local/lib/python3.10/dist-packages/arucosrvmsg'...
Compiling '/home/shridhar/Documents/ROSrevision/Task4/install/arucosrvmsg/local/lib/python3.10/dist-packages/arucosrvmsg/__init__.py'...
Listing '/home/shridhar/Documents/ROSrevision/Task4/install/arucosrvmsg/local/lib/python3.10/dist-packages/arucosrvmsg/msg'...
Compiling '/home/shridhar/Documents/ROSrevision/Task4/install/arucosrvmsg/local/lib/python3.10/dist-packages/arucosrvmsg/msg/__init__.py'...
Compiling '/home/shridhar/Documents/ROSrevision/Task4/install/arucosrvmsg/local/lib/python3.10/dist-packages/arucosrvmsg/msg/_markers.py'...
-- Installing: /home/shridhar/Documents/ROSrevision/Task4/install/arucosrvmsg/local/lib/python3.10/dist-packages/arucosrvmsg/arucosrvmsg_s__rosidl_typesupport_fastrtps_c.cpython-310-x86_64-linux-gnu.so
-- Set runtime path of "/home/shridhar/Documents/ROSrevision/Task4/install/arucosrvmsg/local/lib/python3.10/dist-packages/arucosrvmsg/arucosrvmsg_s__rosidl_typesupport_fastrtps_c.cpython-310-x86_64-linux-gnu.so" to ""
-- Installing: /home/shridhar/Documents/ROSrevision/Task4/install/arucosrvmsg/local/lib/python3.10/dist-packages/arucosrvmsg/arucosrvmsg_s__rosidl_typesupport_introspection_c.cpython-310-x86_64-linux-gnu.so
-- Set runtime path of "/home/shridhar/Documents/ROSrevision/Task4/install/arucosrvmsg/local/lib/python3.10/dist-packages/arucosrvmsg/arucosrvmsg_s__rosidl_typesupport_introspection_c.cpython-310-x86_64-linux-gnu.so" to ""
-- Installing: /home/shridhar/Documents/ROSrevision/Task4/install/arucosrvmsg/local/lib/python3.10/dist-packages/arucosrvmsg/arucosrvmsg_s__rosidl_typesupport_c.cpython-310-x86_64-linux-gnu.so
-- Set runtime path of "/home/shridhar/Documents/ROSrevision/Task4/install/arucosrvmsg/local/lib/python3.10/dist-packages/arucosrvmsg/arucosrvmsg_s__rosidl_typesupport_c.cpython-310-x86_64-linux-gnu.so" to ""
-- Installing: /home/shridhar/Documents/ROSrevision/Task4/install/arucosrvmsg/lib/libarucosrvmsg__rosidl_generator_py.so
-- Set runtime path of "/home/shridhar/Documents/ROSrevision/Task4/install/arucosrvmsg/lib/libarucosrvmsg__rosidl_generator_py.so" to ""
-- Installing: /home/shridhar/Documents/ROSrevision/Task4/install/arucosrvmsg/share/arucosrvmsg/msg/Markers.idl
-- Installing: /home/shridhar/Documents/ROSrevision/Task4/install/arucosrvmsg/share/arucosrvmsg/msg/Markers.msg
-- Installing: /home/shridhar/Documents/ROSrevision/Task4/install/arucosrvmsg/share/ament_index/resource_index/package_run_dependencies/arucosrvmsg
-- Installing: /home/shridhar/Documents/ROSrevision/Task4/install/arucosrvmsg/share/ament_index/resource_index/parent_prefix_path/arucosrvmsg
-- Installing: /home/shridhar/Documents/ROSrevision/Task4/install/arucosrvmsg/share/arucosrvmsg/environment/ament_prefix_path.sh
-- Installing: /home/shridhar/Documents/ROSrevision/Task4/install/arucosrvmsg/share/arucosrvmsg/environment/ament_prefix_path.dsv
-- Installing: /home/shridhar/Documents/ROSrevision/Task4/install/arucosrvmsg/share/arucosrvmsg/environment/path.sh
-- Installing: /home/shridhar/Documents/ROSrevision/Task4/install/arucosrvmsg/share/arucosrvmsg/environment/path.dsv
-- Installing: /home/shridhar/Documents/ROSrevision/Task4/install/arucosrvmsg/share/arucosrvmsg/local_setup.bash
-- Installing: /home/shridhar/Documents/ROSrevision/Task4/install/arucosrvmsg/share/arucosrvmsg/local_setup.sh
-- Installing: /home/shridhar/Documents/ROSrevision/Task4/install/arucosrvmsg/share/arucosrvmsg/local_setup.zsh
-- Installing: /home/shridhar/Documents/ROSrevision/Task4/install/arucosrvmsg/share/arucosrvmsg/local_setup.dsv
-- Installing: /home/shridhar/Documents/ROSrevision/Task4/install/arucosrvmsg/share/arucosrvmsg/package.dsv
-- Installing: /home/shridhar/Documents/ROSrevision/Task4/install/arucosrvmsg/share/ament_index/resource_index/packages/arucosrvmsg
-- Installing: /home/shridhar/Documents/ROSrevision/Task4/install/arucosrvmsg/share/arucosrvmsg/cmake/export_arucosrvmsg__rosidl_generator_cExport.cmake
-- Installing: /home/shridhar/Documents/ROSrevision/Task4/install/arucosrvmsg/share/arucosrvmsg/cmake/export_arucosrvmsg__rosidl_generator_cExport-noconfig.cmake
-- Installing: /home/shridhar/Documents/ROSrevision/Task4/install/arucosrvmsg/share/arucosrvmsg/cmake/export_arucosrvmsg__rosidl_typesupport_fastrtps_cExport.cmake
-- Installing: /home/shridhar/Documents/ROSrevision/Task4/install/arucosrvmsg/share/arucosrvmsg/cmake/export_arucosrvmsg__rosidl_typesupport_fastrtps_cExport-noconfig.cmake
-- Installing: /home/shridhar/Documents/ROSrevision/Task4/install/arucosrvmsg/share/arucosrvmsg/cmake/arucosrvmsg__rosidl_typesupport_introspection_cExport.cmake
-- Installing: /home/shridhar/Documents/ROSrevision/Task4/install/arucosrvmsg/share/arucosrvmsg/cmake/arucosrvmsg__rosidl_typesupport_introspection_cExport-noconfig.cmake
-- Installing: /home/shridhar/Documents/ROSrevision/Task4/install/arucosrvmsg/share/arucosrvmsg/cmake/arucosrvmsg__rosidl_typesupport_cExport.cmake
-- Installing: /home/shridhar/Documents/ROSrevision/Task4/install/arucosrvmsg/share/arucosrvmsg/cmake/arucosrvmsg__rosidl_typesupport_cExport-noconfig.cmake
-- Installing: /home/shridhar/Documents/ROSrevision/Task4/install/arucosrvmsg/share/arucosrvmsg/cmake/export_arucosrvmsg__rosidl_generator_cppExport.cmake
-- Installing: /home/shridhar/Documents/ROSrevision/Task4/install/arucosrvmsg/share/arucosrvmsg/cmake/export_arucosrvmsg__rosidl_typesupport_fastrtps_cppExport.cmake
-- Installing: /home/shridhar/Documents/ROSrevision/Task4/install/arucosrvmsg/share/arucosrvmsg/cmake/export_arucosrvmsg__rosidl_typesupport_fastrtps_cppExport-noconfig.cmake
-- Installing: /home/shridhar/Documents/ROSrevision/Task4/install/arucosrvmsg/share/arucosrvmsg/cmake/arucosrvmsg__rosidl_typesupport_introspection_cppExport.cmake
-- Installing: /home/shridhar/Documents/ROSrevision/Task4/install/arucosrvmsg/share/arucosrvmsg/cmake/arucosrvmsg__rosidl_typesupport_introspection_cppExport-noconfig.cmake
-- Installing: /home/shridhar/Documents/ROSrevision/Task4/install/arucosrvmsg/share/arucosrvmsg/cmake/arucosrvmsg__rosidl_typesupport_cppExport.cmake
-- Installing: /home/shridhar/Documents/ROSrevision/Task4/install/arucosrvmsg/share/arucosrvmsg/cmake/arucosrvmsg__rosidl_typesupport_cppExport-noconfig.cmake
-- Installing: /home/shridhar/Documents/ROSrevision/Task4/install/arucosrvmsg/share/arucosrvmsg/cmake/export_arucosrvmsg__rosidl_generator_pyExport.cmake
-- Installing: /home/shridhar/Documents/ROSrevision/Task4/install/arucosrvmsg/share/arucosrvmsg/cmake/export_arucosrvmsg__rosidl_generator_pyExport-noconfig.cmake
-- Installing: /home/shridhar/Documents/ROSrevision/Task4/install/arucosrvmsg/share/arucosrvmsg/cmake/rosidl_cmake-extras.cmake
-- Installing: /home/shridhar/Documents/ROSrevision/Task4/install/arucosrvmsg/share/arucosrvmsg/cmake/ament_cmake_export_include_directories-extras.cmake
-- Installing: /home/shridhar/Documents/ROSrevision/Task4/install/arucosrvmsg/share/arucosrvmsg/cmake/ament_cmake_export_libraries-extras.cmake
-- Installing: /home/shridhar/Documents/ROSrevision/Task4/install/arucosrvmsg/share/arucosrvmsg/cmake/ament_cmake_export_targets-extras.cmake
-- Installing: /home/shridhar/Documents/ROSrevision/Task4/install/arucosrvmsg/share/arucosrvmsg/cmake/rosidl_cmake_export_typesupport_targets-extras.cmake
-- Installing: /home/shridhar/Documents/ROSrevision/Task4/install/arucosrvmsg/share/arucosrvmsg/cmake/ament_cmake_export_dependencies-extras.cmake
-- Installing: /home/shridhar/Documents/ROSrevision/Task4/install/arucosrvmsg/share/arucosrvmsg/cmake/rosidl_cmake_export_typesupport_libraries-extras.cmake
-- Installing: /home/shridhar/Documents/ROSrevision/Task4/install/arucosrvmsg/share/arucosrvmsg/cmake/arucosrvmsgConfig.cmake
-- Installing: /home/shridhar/Documents/ROSrevision/Task4/install/arucosrvmsg/share/arucosrvmsg/cmake/arucosrvmsgConfig-version.cmake
-- Installing: /home/shridhar/Documents/ROSrevision/Task4/install/arucosrvmsg/share/arucosrvmsg/package.xml
