[0.011s] Invoking command in '/home/shridhar/Documents/ROSrevision/Task4/build/arucosrvmsg': CMAKE_PREFIX_PATH=${CMAKE_PREFIX_PATH}:/home/shridhar/Documents/ROSrevision/Task3/install/hypo:/home/shridhar/Documents/ROSrevision/Task3/install/hypotopic:/opt/ros/humble /usr/bin/cmake /home/shridhar/Documents/ROSrevision/Task4/src/arucosrvmsg -DCMAKE_INSTALL_PREFIX=/home/shridhar/Documents/ROSrevision/Task4/install/arucosrvmsg
[0.074s] -- The C compiler identification is GNU 11.4.0
[0.143s] -- The CXX compiler identification is GNU 11.4.0
[0.152s] -- Detecting C compiler ABI info
[0.239s] -- Detecting C compiler ABI info - done
[0.249s] -- Check for working C compiler: /usr/bin/cc - skipped
[0.249s] -- Detecting C compile features
[0.249s] -- Detecting C compile features - done
[0.253s] -- Detecting CXX compiler ABI info
[0.357s] -- Detecting CXX compiler ABI info - done
[0.366s] -- Check for working CXX compiler: /usr/bin/c++ - skipped
[0.366s] -- Detecting CXX compile features
[0.367s] -- Detecting CXX compile features - done
[0.370s] -- Found ament_cmake: 1.3.10 (/opt/ros/humble/share/ament_cmake/cmake)
[0.552s] -- Found Python3: /usr/bin/python3 (found version "3.10.12") found components: Interpreter 
[0.662s] -- Found rosidl_default_generators: 1.2.0 (/opt/ros/humble/share/rosidl_default_generators/cmake)
[0.665s] -- Using all available rosidl_typesupport_c: rosidl_typesupport_fastrtps_c;rosidl_typesupport_introspection_c
[0.672s] -- Found rosidl_adapter: 3.1.5 (/opt/ros/humble/share/rosidl_adapter/cmake)
[0.715s] -- Using all available rosidl_typesupport_cpp: rosidl_typesupport_fastrtps_cpp;rosidl_typesupport_introspection_cpp
[1.069s] -- Found ament_cmake_ros: 0.10.0 (/opt/ros/humble/share/ament_cmake_ros/cmake)
[1.316s] -- Using all available rosidl_typesupport_c: rosidl_typesupport_fastrtps_c;rosidl_typesupport_introspection_c
[1.644s] -- Using all available rosidl_typesupport_cpp: rosidl_typesupport_fastrtps_cpp;rosidl_typesupport_introspection_cpp
[1.675s] -- Found PythonInterp: /usr/bin/python3 (found suitable version "3.10.12", minimum required is "3.6") 
[1.677s] -- Found python_cmake_module: 0.10.0 (/opt/ros/humble/share/python_cmake_module/cmake)
[1.710s] -- Found PythonLibs: /usr/lib/x86_64-linux-gnu/libpython3.10.so (found suitable version "3.10.12", minimum required is "3.5") 
[1.710s] -- Using PYTHON_EXECUTABLE: /usr/bin/python3
[1.710s] -- Using PYTHON_INCLUDE_DIRS: /usr/include/python3.10
[1.710s] -- Using PYTHON_LIBRARIES: /usr/lib/x86_64-linux-gnu/libpython3.10.so
[1.739s] -- Found PythonExtra: .so  
[1.783s] -- Found ament_lint_auto: 0.12.11 (/opt/ros/humble/share/ament_lint_auto/cmake)
[1.804s] -- Added test 'lint_cmake' to check CMake code style
[1.805s] -- Added test 'xmllint' to check XML markup files
[1.808s] -- Configuring done
[1.832s] -- Generating done
[1.835s] -- Build files have been written to: /home/shridhar/Documents/ROSrevision/Task4/build/arucosrvmsg
[1.846s] Invoked command in '/home/shridhar/Documents/ROSrevision/Task4/build/arucosrvmsg' returned '0': CMAKE_PREFIX_PATH=${CMAKE_PREFIX_PATH}:/home/shridhar/Documents/ROSrevision/Task3/install/hypo:/home/shridhar/Documents/ROSrevision/Task3/install/hypotopic:/opt/ros/humble /usr/bin/cmake /home/shridhar/Documents/ROSrevision/Task4/src/arucosrvmsg -DCMAKE_INSTALL_PREFIX=/home/shridhar/Documents/ROSrevision/Task4/install/arucosrvmsg
[1.847s] Invoking command in '/home/shridhar/Documents/ROSrevision/Task4/build/arucosrvmsg': CMAKE_PREFIX_PATH=${CMAKE_PREFIX_PATH}:/home/shridhar/Documents/ROSrevision/Task3/install/hypo:/home/shridhar/Documents/ROSrevision/Task3/install/hypotopic:/opt/ros/humble /usr/bin/cmake --build /home/shridhar/Documents/ROSrevision/Task4/build/arucosrvmsg -- -j22 -l22
[1.897s] [  3%] [34m[1mGenerating C code for ROS interfaces[0m
[1.908s] [  6%] [34m[1mGenerating C++ code for ROS interfaces[0m
[1.919s] [  6%] Built target ament_cmake_python_copy_arucosrvmsg
[2.156s] [  6%] Built target arucosrvmsg__cpp
[2.164s] [  9%] [32mBuilding C object CMakeFiles/arucosrvmsg__rosidl_generator_c.dir/rosidl_generator_c/arucosrvmsg/msg/detail/markers__functions.c.o[0m
[2.165s] [ 12%] [34m[1mGenerating C++ type support dispatch for ROS interfaces[0m
[2.166s] [ 16%] [34m[1mGenerating C++ type support for eProsima Fast-RTPS[0m
[2.167s] [ 19%] [34m[1mGenerating C++ introspection for ROS interfaces[0m
[2.176s] running egg_info
[2.177s] creating arucosrvmsg.egg-info
[2.177s] writing arucosrvmsg.egg-info/PKG-INFO
[2.177s] writing dependency_links to arucosrvmsg.egg-info/dependency_links.txt
[2.177s] writing top-level names to arucosrvmsg.egg-info/top_level.txt
[2.177s] writing manifest file 'arucosrvmsg.egg-info/SOURCES.txt'
[2.179s] reading manifest file 'arucosrvmsg.egg-info/SOURCES.txt'
[2.180s] writing manifest file 'arucosrvmsg.egg-info/SOURCES.txt'
[2.215s] [ 19%] Built target ament_cmake_python_build_arucosrvmsg_egg
[2.218s] [ 22%] [32m[1mLinking C shared library libarucosrvmsg__rosidl_generator_c.so[0m
[2.259s] [ 22%] Built target arucosrvmsg__rosidl_generator_c
[2.271s] [ 29%] [34m[1mGenerating C type support for eProsima Fast-RTPS[0m
[2.272s] [ 29%] [34m[1mGenerating C type support dispatch for ROS interfaces[0m
[2.272s] [ 32%] [34m[1mGenerating C introspection for ROS interfaces[0m
[2.389s] [ 35%] [32mBuilding CXX object CMakeFiles/arucosrvmsg__rosidl_typesupport_cpp.dir/rosidl_typesupport_cpp/arucosrvmsg/msg/markers__type_support.cpp.o[0m
[2.409s] [ 38%] [32mBuilding CXX object CMakeFiles/arucosrvmsg__rosidl_typesupport_introspection_cpp.dir/rosidl_typesupport_introspection_cpp/arucosrvmsg/msg/detail/markers__type_support.cpp.o[0m
[2.418s] [ 41%] [32mBuilding CXX object CMakeFiles/arucosrvmsg__rosidl_typesupport_fastrtps_cpp.dir/rosidl_typesupport_fastrtps_cpp/arucosrvmsg/msg/detail/dds_fastrtps/markers__type_support.cpp.o[0m
[2.501s] [ 45%] [32mBuilding CXX object CMakeFiles/arucosrvmsg__rosidl_typesupport_c.dir/rosidl_typesupport_c/arucosrvmsg/msg/markers__type_support.cpp.o[0m
[2.519s] [ 48%] [32mBuilding CXX object CMakeFiles/arucosrvmsg__rosidl_typesupport_fastrtps_c.dir/rosidl_typesupport_fastrtps_c/arucosrvmsg/msg/detail/markers__type_support_c.cpp.o[0m
[2.539s] [ 51%] [32m[1mLinking CXX shared library libarucosrvmsg__rosidl_typesupport_c.so[0m
[2.552s] [ 54%] [32mBuilding C object CMakeFiles/arucosrvmsg__rosidl_typesupport_introspection_c.dir/rosidl_typesupport_introspection_c/arucosrvmsg/msg/detail/markers__type_support.c.o[0m
[2.596s] [ 54%] Built target arucosrvmsg__rosidl_typesupport_c
[2.599s] [ 58%] [32m[1mLinking C shared library libarucosrvmsg__rosidl_typesupport_introspection_c.so[0m
[2.636s] [ 58%] Built target arucosrvmsg__rosidl_typesupport_introspection_c
[2.640s] [ 61%] [32m[1mLinking CXX shared library libarucosrvmsg__rosidl_typesupport_cpp.so[0m
[2.690s] [ 61%] Built target arucosrvmsg__rosidl_typesupport_cpp
[2.834s] [ 64%] [32m[1mLinking CXX shared library libarucosrvmsg__rosidl_typesupport_fastrtps_c.so[0m
[2.849s] [ 67%] [32m[1mLinking CXX shared library libarucosrvmsg__rosidl_typesupport_introspection_cpp.so[0m
[2.906s] [ 70%] [32m[1mLinking CXX shared library libarucosrvmsg__rosidl_typesupport_fastrtps_cpp.so[0m
[2.933s] [ 70%] Built target arucosrvmsg__rosidl_typesupport_fastrtps_c
[2.934s] [ 70%] Built target arucosrvmsg__rosidl_typesupport_introspection_cpp
[2.992s] [ 70%] Built target arucosrvmsg__rosidl_typesupport_fastrtps_cpp
[3.014s] [ 70%] Built target arucosrvmsg
[3.038s] [ 74%] [34m[1mGenerating Python code for ROS interfaces[0m
[3.330s] [ 74%] Built target arucosrvmsg__py
[3.353s] [ 77%] [32mBuilding C object CMakeFiles/arucosrvmsg__rosidl_generator_py.dir/rosidl_generator_py/arucosrvmsg/msg/_markers_s.c.o[0m
[3.470s] [ 80%] [32m[1mLinking C shared library rosidl_generator_py/arucosrvmsg/libarucosrvmsg__rosidl_generator_py.so[0m
[3.513s] [ 80%] Built target arucosrvmsg__rosidl_generator_py
[3.539s] [ 83%] [32mBuilding C object CMakeFiles/arucosrvmsg__rosidl_typesupport_introspection_c__pyext.dir/rosidl_generator_py/arucosrvmsg/_arucosrvmsg_s.ep.rosidl_typesupport_introspection_c.c.o[0m
[3.539s] [ 87%] [32mBuilding C object CMakeFiles/arucosrvmsg__rosidl_typesupport_fastrtps_c__pyext.dir/rosidl_generator_py/arucosrvmsg/_arucosrvmsg_s.ep.rosidl_typesupport_fastrtps_c.c.o[0m
[3.539s] [ 90%] [32mBuilding C object CMakeFiles/arucosrvmsg__rosidl_typesupport_c__pyext.dir/rosidl_generator_py/arucosrvmsg/_arucosrvmsg_s.ep.rosidl_typesupport_c.c.o[0m
[3.641s] [ 93%] [32m[1mLinking C shared library rosidl_generator_py/arucosrvmsg/arucosrvmsg_s__rosidl_typesupport_introspection_c.cpython-310-x86_64-linux-gnu.so[0m
[3.642s] [ 96%] [32m[1mLinking C shared library rosidl_generator_py/arucosrvmsg/arucosrvmsg_s__rosidl_typesupport_fastrtps_c.cpython-310-x86_64-linux-gnu.so[0m
[3.644s] [100%] [32m[1mLinking C shared library rosidl_generator_py/arucosrvmsg/arucosrvmsg_s__rosidl_typesupport_c.cpython-310-x86_64-linux-gnu.so[0m
[3.684s] [100%] Built target arucosrvmsg__rosidl_typesupport_c__pyext
[3.685s] [100%] Built target arucosrvmsg__rosidl_typesupport_fastrtps_c__pyext
[3.685s] [100%] Built target arucosrvmsg__rosidl_typesupport_introspection_c__pyext
[3.699s] Invoked command in '/home/shridhar/Documents/ROSrevision/Task4/build/arucosrvmsg' returned '0': CMAKE_PREFIX_PATH=${CMAKE_PREFIX_PATH}:/home/shridhar/Documents/ROSrevision/Task3/install/hypo:/home/shridhar/Documents/ROSrevision/Task3/install/hypotopic:/opt/ros/humble /usr/bin/cmake --build /home/shridhar/Documents/ROSrevision/Task4/build/arucosrvmsg -- -j22 -l22
[3.775s] Invoking command in '/home/shridhar/Documents/ROSrevision/Task4/build/arucosrvmsg': CMAKE_PREFIX_PATH=${CMAKE_PREFIX_PATH}:/home/shridhar/Documents/ROSrevision/Task3/install/hypo:/home/shridhar/Documents/ROSrevision/Task3/install/hypotopic:/opt/ros/humble /usr/bin/cmake --install /home/shridhar/Documents/ROSrevision/Task4/build/arucosrvmsg
[3.784s] -- Install configuration: ""
[3.784s] -- Installing: /home/shridhar/Documents/ROSrevision/Task4/install/arucosrvmsg/share/ament_index/resource_index/rosidl_interfaces/arucosrvmsg
[3.784s] -- Installing: /home/shridhar/Documents/ROSrevision/Task4/install/arucosrvmsg/include/arucosrvmsg/arucosrvmsg
[3.785s] -- Installing: /home/shridhar/Documents/ROSrevision/Task4/install/arucosrvmsg/include/arucosrvmsg/arucosrvmsg/msg
[3.785s] -- Installing: /home/shridhar/Documents/ROSrevision/Task4/install/arucosrvmsg/include/arucosrvmsg/arucosrvmsg/msg/rosidl_generator_c__visibility_control.h
[3.785s] -- Installing: /home/shridhar/Documents/ROSrevision/Task4/install/arucosrvmsg/include/arucosrvmsg/arucosrvmsg/msg/markers.h
[3.785s] -- Installing: /home/shridhar/Documents/ROSrevision/Task4/install/arucosrvmsg/include/arucosrvmsg/arucosrvmsg/msg/detail
[3.785s] -- Installing: /home/shridhar/Documents/ROSrevision/Task4/install/arucosrvmsg/include/arucosrvmsg/arucosrvmsg/msg/detail/markers__functions.c
[3.785s] -- Installing: /home/shridhar/Documents/ROSrevision/Task4/install/arucosrvmsg/include/arucosrvmsg/arucosrvmsg/msg/detail/markers__struct.h
[3.785s] -- Installing: /home/shridhar/Documents/ROSrevision/Task4/install/arucosrvmsg/include/arucosrvmsg/arucosrvmsg/msg/detail/markers__type_support.h
[3.785s] -- Installing: /home/shridhar/Documents/ROSrevision/Task4/install/arucosrvmsg/include/arucosrvmsg/arucosrvmsg/msg/detail/markers__functions.h
[3.785s] -- Installing: /home/shridhar/Documents/ROSrevision/Task4/install/arucosrvmsg/share/arucosrvmsg/environment/library_path.sh
[3.786s] -- Installing: /home/shridhar/Documents/ROSrevision/Task4/install/arucosrvmsg/share/arucosrvmsg/environment/library_path.dsv
[3.786s] -- Installing: /home/shridhar/Documents/ROSrevision/Task4/install/arucosrvmsg/lib/libarucosrvmsg__rosidl_generator_c.so
[3.786s] -- Set runtime path of "/home/shridhar/Documents/ROSrevision/Task4/install/arucosrvmsg/lib/libarucosrvmsg__rosidl_generator_c.so" to ""
[3.786s] -- Up-to-date: /home/shridhar/Documents/ROSrevision/Task4/install/arucosrvmsg/include/arucosrvmsg/arucosrvmsg
[3.786s] -- Up-to-date: /home/shridhar/Documents/ROSrevision/Task4/install/arucosrvmsg/include/arucosrvmsg/arucosrvmsg/msg
[3.786s] -- Installing: /home/shridhar/Documents/ROSrevision/Task4/install/arucosrvmsg/include/arucosrvmsg/arucosrvmsg/msg/rosidl_typesupport_fastrtps_c__visibility_control.h
[3.786s] -- Up-to-date: /home/shridhar/Documents/ROSrevision/Task4/install/arucosrvmsg/include/arucosrvmsg/arucosrvmsg/msg/detail
[3.786s] -- Installing: /home/shridhar/Documents/ROSrevision/Task4/install/arucosrvmsg/include/arucosrvmsg/arucosrvmsg/msg/detail/markers__rosidl_typesupport_fastrtps_c.h
[3.786s] -- Installing: /home/shridhar/Documents/ROSrevision/Task4/install/arucosrvmsg/lib/libarucosrvmsg__rosidl_typesupport_fastrtps_c.so
[3.787s] -- Set runtime path of "/home/shridhar/Documents/ROSrevision/Task4/install/arucosrvmsg/lib/libarucosrvmsg__rosidl_typesupport_fastrtps_c.so" to ""
[3.787s] -- Up-to-date: /home/shridhar/Documents/ROSrevision/Task4/install/arucosrvmsg/include/arucosrvmsg/arucosrvmsg
[3.787s] -- Up-to-date: /home/shridhar/Documents/ROSrevision/Task4/install/arucosrvmsg/include/arucosrvmsg/arucosrvmsg/msg
[3.787s] -- Up-to-date: /home/shridhar/Documents/ROSrevision/Task4/install/arucosrvmsg/include/arucosrvmsg/arucosrvmsg/msg/detail
[3.787s] -- Installing: /home/shridhar/Documents/ROSrevision/Task4/install/arucosrvmsg/include/arucosrvmsg/arucosrvmsg/msg/detail/markers__type_support.c
[3.787s] -- Installing: /home/shridhar/Documents/ROSrevision/Task4/install/arucosrvmsg/include/arucosrvmsg/arucosrvmsg/msg/detail/markers__rosidl_typesupport_introspection_c.h
[3.787s] -- Installing: /home/shridhar/Documents/ROSrevision/Task4/install/arucosrvmsg/include/arucosrvmsg/arucosrvmsg/msg/rosidl_typesupport_introspection_c__visibility_control.h
[3.787s] -- Installing: /home/shridhar/Documents/ROSrevision/Task4/install/arucosrvmsg/lib/libarucosrvmsg__rosidl_typesupport_introspection_c.so
[3.788s] -- Set runtime path of "/home/shridhar/Documents/ROSrevision/Task4/install/arucosrvmsg/lib/libarucosrvmsg__rosidl_typesupport_introspection_c.so" to ""
[3.788s] -- Installing: /home/shridhar/Documents/ROSrevision/Task4/install/arucosrvmsg/lib/libarucosrvmsg__rosidl_typesupport_c.so
[3.788s] -- Set runtime path of "/home/shridhar/Documents/ROSrevision/Task4/install/arucosrvmsg/lib/libarucosrvmsg__rosidl_typesupport_c.so" to ""
[3.788s] -- Up-to-date: /home/shridhar/Documents/ROSrevision/Task4/install/arucosrvmsg/include/arucosrvmsg/arucosrvmsg
[3.788s] -- Up-to-date: /home/shridhar/Documents/ROSrevision/Task4/install/arucosrvmsg/include/arucosrvmsg/arucosrvmsg/msg
[3.788s] -- Installing: /home/shridhar/Documents/ROSrevision/Task4/install/arucosrvmsg/include/arucosrvmsg/arucosrvmsg/msg/markers.hpp
[3.788s] -- Up-to-date: /home/shridhar/Documents/ROSrevision/Task4/install/arucosrvmsg/include/arucosrvmsg/arucosrvmsg/msg/detail
[3.788s] -- Installing: /home/shridhar/Documents/ROSrevision/Task4/install/arucosrvmsg/include/arucosrvmsg/arucosrvmsg/msg/detail/markers__traits.hpp
[3.788s] -- Installing: /home/shridhar/Documents/ROSrevision/Task4/install/arucosrvmsg/include/arucosrvmsg/arucosrvmsg/msg/detail/markers__builder.hpp
[3.788s] -- Installing: /home/shridhar/Documents/ROSrevision/Task4/install/arucosrvmsg/include/arucosrvmsg/arucosrvmsg/msg/detail/markers__struct.hpp
[3.788s] -- Up-to-date: /home/shridhar/Documents/ROSrevision/Task4/install/arucosrvmsg/include/arucosrvmsg/arucosrvmsg
[3.788s] -- Up-to-date: /home/shridhar/Documents/ROSrevision/Task4/install/arucosrvmsg/include/arucosrvmsg/arucosrvmsg/msg
[3.789s] -- Installing: /home/shridhar/Documents/ROSrevision/Task4/install/arucosrvmsg/include/arucosrvmsg/arucosrvmsg/msg/rosidl_typesupport_fastrtps_cpp__visibility_control.h
[3.789s] -- Up-to-date: /home/shridhar/Documents/ROSrevision/Task4/install/arucosrvmsg/include/arucosrvmsg/arucosrvmsg/msg/detail
[3.789s] -- Installing: /home/shridhar/Documents/ROSrevision/Task4/install/arucosrvmsg/include/arucosrvmsg/arucosrvmsg/msg/detail/markers__rosidl_typesupport_fastrtps_cpp.hpp
[3.789s] -- Installing: /home/shridhar/Documents/ROSrevision/Task4/install/arucosrvmsg/include/arucosrvmsg/arucosrvmsg/msg/detail/dds_fastrtps
[3.789s] -- Installing: /home/shridhar/Documents/ROSrevision/Task4/install/arucosrvmsg/lib/libarucosrvmsg__rosidl_typesupport_fastrtps_cpp.so
[3.789s] -- Set runtime path of "/home/shridhar/Documents/ROSrevision/Task4/install/arucosrvmsg/lib/libarucosrvmsg__rosidl_typesupport_fastrtps_cpp.so" to ""
[3.789s] -- Up-to-date: /home/shridhar/Documents/ROSrevision/Task4/install/arucosrvmsg/include/arucosrvmsg/arucosrvmsg
[3.789s] -- Up-to-date: /home/shridhar/Documents/ROSrevision/Task4/install/arucosrvmsg/include/arucosrvmsg/arucosrvmsg/msg
[3.789s] -- Up-to-date: /home/shridhar/Documents/ROSrevision/Task4/install/arucosrvmsg/include/arucosrvmsg/arucosrvmsg/msg/detail
[3.789s] -- Installing: /home/shridhar/Documents/ROSrevision/Task4/install/arucosrvmsg/include/arucosrvmsg/arucosrvmsg/msg/detail/markers__rosidl_typesupport_introspection_cpp.hpp
[3.789s] -- Installing: /home/shridhar/Documents/ROSrevision/Task4/install/arucosrvmsg/include/arucosrvmsg/arucosrvmsg/msg/detail/markers__type_support.cpp
[3.789s] -- Installing: /home/shridhar/Documents/ROSrevision/Task4/install/arucosrvmsg/lib/libarucosrvmsg__rosidl_typesupport_introspection_cpp.so
[3.790s] -- Set runtime path of "/home/shridhar/Documents/ROSrevision/Task4/install/arucosrvmsg/lib/libarucosrvmsg__rosidl_typesupport_introspection_cpp.so" to ""
[3.790s] -- Installing: /home/shridhar/Documents/ROSrevision/Task4/install/arucosrvmsg/lib/libarucosrvmsg__rosidl_typesupport_cpp.so
[3.790s] -- Set runtime path of "/home/shridhar/Documents/ROSrevision/Task4/install/arucosrvmsg/lib/libarucosrvmsg__rosidl_typesupport_cpp.so" to ""
[3.790s] -- Installing: /home/shridhar/Documents/ROSrevision/Task4/install/arucosrvmsg/share/arucosrvmsg/environment/pythonpath.sh
[3.790s] -- Installing: /home/shridhar/Documents/ROSrevision/Task4/install/arucosrvmsg/share/arucosrvmsg/environment/pythonpath.dsv
[3.790s] -- Installing: /home/shridhar/Documents/ROSrevision/Task4/install/arucosrvmsg/local/lib/python3.10/dist-packages/arucosrvmsg-0.0.0-py3.10.egg-info
[3.790s] -- Installing: /home/shridhar/Documents/ROSrevision/Task4/install/arucosrvmsg/local/lib/python3.10/dist-packages/arucosrvmsg-0.0.0-py3.10.egg-info/top_level.txt
[3.791s] -- Installing: /home/shridhar/Documents/ROSrevision/Task4/install/arucosrvmsg/local/lib/python3.10/dist-packages/arucosrvmsg-0.0.0-py3.10.egg-info/dependency_links.txt
[3.791s] -- Installing: /home/shridhar/Documents/ROSrevision/Task4/install/arucosrvmsg/local/lib/python3.10/dist-packages/arucosrvmsg-0.0.0-py3.10.egg-info/PKG-INFO
[3.791s] -- Installing: /home/shridhar/Documents/ROSrevision/Task4/install/arucosrvmsg/local/lib/python3.10/dist-packages/arucosrvmsg-0.0.0-py3.10.egg-info/SOURCES.txt
[3.791s] -- Installing: /home/shridhar/Documents/ROSrevision/Task4/install/arucosrvmsg/local/lib/python3.10/dist-packages/arucosrvmsg
[3.791s] -- Installing: /home/shridhar/Documents/ROSrevision/Task4/install/arucosrvmsg/local/lib/python3.10/dist-packages/arucosrvmsg/libarucosrvmsg__rosidl_generator_py.so
[3.792s] -- Installing: /home/shridhar/Documents/ROSrevision/Task4/install/arucosrvmsg/local/lib/python3.10/dist-packages/arucosrvmsg/_arucosrvmsg_s.ep.rosidl_typesupport_c.c
[3.792s] -- Installing: /home/shridhar/Documents/ROSrevision/Task4/install/arucosrvmsg/local/lib/python3.10/dist-packages/arucosrvmsg/_arucosrvmsg_s.ep.rosidl_typesupport_fastrtps_c.c
[3.792s] -- Installing: /home/shridhar/Documents/ROSrevision/Task4/install/arucosrvmsg/local/lib/python3.10/dist-packages/arucosrvmsg/arucosrvmsg_s__rosidl_typesupport_c.cpython-310-x86_64-linux-gnu.so
[3.792s] -- Installing: /home/shridhar/Documents/ROSrevision/Task4/install/arucosrvmsg/local/lib/python3.10/dist-packages/arucosrvmsg/arucosrvmsg_s__rosidl_typesupport_introspection_c.cpython-310-x86_64-linux-gnu.so
[3.792s] -- Installing: /home/shridhar/Documents/ROSrevision/Task4/install/arucosrvmsg/local/lib/python3.10/dist-packages/arucosrvmsg/msg
[3.792s] -- Installing: /home/shridhar/Documents/ROSrevision/Task4/install/arucosrvmsg/local/lib/python3.10/dist-packages/arucosrvmsg/msg/_markers.py
[3.792s] -- Installing: /home/shridhar/Documents/ROSrevision/Task4/install/arucosrvmsg/local/lib/python3.10/dist-packages/arucosrvmsg/msg/_markers_s.c
[3.792s] -- Installing: /home/shridhar/Documents/ROSrevision/Task4/install/arucosrvmsg/local/lib/python3.10/dist-packages/arucosrvmsg/msg/__init__.py
[3.792s] -- Installing: /home/shridhar/Documents/ROSrevision/Task4/install/arucosrvmsg/local/lib/python3.10/dist-packages/arucosrvmsg/_arucosrvmsg_s.ep.rosidl_typesupport_introspection_c.c
[3.792s] -- Installing: /home/shridhar/Documents/ROSrevision/Task4/install/arucosrvmsg/local/lib/python3.10/dist-packages/arucosrvmsg/__init__.py
[3.792s] -- Installing: /home/shridhar/Documents/ROSrevision/Task4/install/arucosrvmsg/local/lib/python3.10/dist-packages/arucosrvmsg/arucosrvmsg_s__rosidl_typesupport_fastrtps_c.cpython-310-x86_64-linux-gnu.so
[3.828s] Listing '/home/shridhar/Documents/ROSrevision/Task4/install/arucosrvmsg/local/lib/python3.10/dist-packages/arucosrvmsg'...
[3.829s] Compiling '/home/shridhar/Documents/ROSrevision/Task4/install/arucosrvmsg/local/lib/python3.10/dist-packages/arucosrvmsg/__init__.py'...
[3.829s] Listing '/home/shridhar/Documents/ROSrevision/Task4/install/arucosrvmsg/local/lib/python3.10/dist-packages/arucosrvmsg/msg'...
[3.829s] Compiling '/home/shridhar/Documents/ROSrevision/Task4/install/arucosrvmsg/local/lib/python3.10/dist-packages/arucosrvmsg/msg/__init__.py'...
[3.829s] Compiling '/home/shridhar/Documents/ROSrevision/Task4/install/arucosrvmsg/local/lib/python3.10/dist-packages/arucosrvmsg/msg/_markers.py'...
[3.833s] -- Installing: /home/shridhar/Documents/ROSrevision/Task4/install/arucosrvmsg/local/lib/python3.10/dist-packages/arucosrvmsg/arucosrvmsg_s__rosidl_typesupport_fastrtps_c.cpython-310-x86_64-linux-gnu.so
[3.834s] -- Set runtime path of "/home/shridhar/Documents/ROSrevision/Task4/install/arucosrvmsg/local/lib/python3.10/dist-packages/arucosrvmsg/arucosrvmsg_s__rosidl_typesupport_fastrtps_c.cpython-310-x86_64-linux-gnu.so" to ""
[3.834s] -- Installing: /home/shridhar/Documents/ROSrevision/Task4/install/arucosrvmsg/local/lib/python3.10/dist-packages/arucosrvmsg/arucosrvmsg_s__rosidl_typesupport_introspection_c.cpython-310-x86_64-linux-gnu.so
[3.834s] -- Set runtime path of "/home/shridhar/Documents/ROSrevision/Task4/install/arucosrvmsg/local/lib/python3.10/dist-packages/arucosrvmsg/arucosrvmsg_s__rosidl_typesupport_introspection_c.cpython-310-x86_64-linux-gnu.so" to ""
[3.834s] -- Installing: /home/shridhar/Documents/ROSrevision/Task4/install/arucosrvmsg/local/lib/python3.10/dist-packages/arucosrvmsg/arucosrvmsg_s__rosidl_typesupport_c.cpython-310-x86_64-linux-gnu.so
[3.834s] -- Set runtime path of "/home/shridhar/Documents/ROSrevision/Task4/install/arucosrvmsg/local/lib/python3.10/dist-packages/arucosrvmsg/arucosrvmsg_s__rosidl_typesupport_c.cpython-310-x86_64-linux-gnu.so" to ""
[3.834s] -- Installing: /home/shridhar/Documents/ROSrevision/Task4/install/arucosrvmsg/lib/libarucosrvmsg__rosidl_generator_py.so
[3.835s] -- Set runtime path of "/home/shridhar/Documents/ROSrevision/Task4/install/arucosrvmsg/lib/libarucosrvmsg__rosidl_generator_py.so" to ""
[3.835s] -- Installing: /home/shridhar/Documents/ROSrevision/Task4/install/arucosrvmsg/share/arucosrvmsg/msg/Markers.idl
[3.835s] -- Installing: /home/shridhar/Documents/ROSrevision/Task4/install/arucosrvmsg/share/arucosrvmsg/msg/Markers.msg
[3.835s] -- Installing: /home/shridhar/Documents/ROSrevision/Task4/install/arucosrvmsg/share/ament_index/resource_index/package_run_dependencies/arucosrvmsg
[3.835s] -- Installing: /home/shridhar/Documents/ROSrevision/Task4/install/arucosrvmsg/share/ament_index/resource_index/parent_prefix_path/arucosrvmsg
[3.835s] -- Installing: /home/shridhar/Documents/ROSrevision/Task4/install/arucosrvmsg/share/arucosrvmsg/environment/ament_prefix_path.sh
[3.835s] -- Installing: /home/shridhar/Documents/ROSrevision/Task4/install/arucosrvmsg/share/arucosrvmsg/environment/ament_prefix_path.dsv
[3.835s] -- Installing: /home/shridhar/Documents/ROSrevision/Task4/install/arucosrvmsg/share/arucosrvmsg/environment/path.sh
[3.835s] -- Installing: /home/shridhar/Documents/ROSrevision/Task4/install/arucosrvmsg/share/arucosrvmsg/environment/path.dsv
[3.836s] -- Installing: /home/shridhar/Documents/ROSrevision/Task4/install/arucosrvmsg/share/arucosrvmsg/local_setup.bash
[3.836s] -- Installing: /home/shridhar/Documents/ROSrevision/Task4/install/arucosrvmsg/share/arucosrvmsg/local_setup.sh
[3.836s] -- Installing: /home/shridhar/Documents/ROSrevision/Task4/install/arucosrvmsg/share/arucosrvmsg/local_setup.zsh
[3.836s] -- Installing: /home/shridhar/Documents/ROSrevision/Task4/install/arucosrvmsg/share/arucosrvmsg/local_setup.dsv
[3.836s] -- Installing: /home/shridhar/Documents/ROSrevision/Task4/install/arucosrvmsg/share/arucosrvmsg/package.dsv
[3.836s] -- Installing: /home/shridhar/Documents/ROSrevision/Task4/install/arucosrvmsg/share/ament_index/resource_index/packages/arucosrvmsg
[3.836s] -- Installing: /home/shridhar/Documents/ROSrevision/Task4/install/arucosrvmsg/share/arucosrvmsg/cmake/export_arucosrvmsg__rosidl_generator_cExport.cmake
[3.836s] -- Installing: /home/shridhar/Documents/ROSrevision/Task4/install/arucosrvmsg/share/arucosrvmsg/cmake/export_arucosrvmsg__rosidl_generator_cExport-noconfig.cmake
[3.837s] -- Installing: /home/shridhar/Documents/ROSrevision/Task4/install/arucosrvmsg/share/arucosrvmsg/cmake/export_arucosrvmsg__rosidl_typesupport_fastrtps_cExport.cmake
[3.837s] -- Installing: /home/shridhar/Documents/ROSrevision/Task4/install/arucosrvmsg/share/arucosrvmsg/cmake/export_arucosrvmsg__rosidl_typesupport_fastrtps_cExport-noconfig.cmake
[3.837s] -- Installing: /home/shridhar/Documents/ROSrevision/Task4/install/arucosrvmsg/share/arucosrvmsg/cmake/arucosrvmsg__rosidl_typesupport_introspection_cExport.cmake
[3.837s] -- Installing: /home/shridhar/Documents/ROSrevision/Task4/install/arucosrvmsg/share/arucosrvmsg/cmake/arucosrvmsg__rosidl_typesupport_introspection_cExport-noconfig.cmake
[3.837s] -- Installing: /home/shridhar/Documents/ROSrevision/Task4/install/arucosrvmsg/share/arucosrvmsg/cmake/arucosrvmsg__rosidl_typesupport_cExport.cmake
[3.837s] -- Installing: /home/shridhar/Documents/ROSrevision/Task4/install/arucosrvmsg/share/arucosrvmsg/cmake/arucosrvmsg__rosidl_typesupport_cExport-noconfig.cmake
[3.837s] -- Installing: /home/shridhar/Documents/ROSrevision/Task4/install/arucosrvmsg/share/arucosrvmsg/cmake/export_arucosrvmsg__rosidl_generator_cppExport.cmake
[3.838s] -- Installing: /home/shridhar/Documents/ROSrevision/Task4/install/arucosrvmsg/share/arucosrvmsg/cmake/export_arucosrvmsg__rosidl_typesupport_fastrtps_cppExport.cmake
[3.838s] -- Installing: /home/shridhar/Documents/ROSrevision/Task4/install/arucosrvmsg/share/arucosrvmsg/cmake/export_arucosrvmsg__rosidl_typesupport_fastrtps_cppExport-noconfig.cmake
[3.838s] -- Installing: /home/shridhar/Documents/ROSrevision/Task4/install/arucosrvmsg/share/arucosrvmsg/cmake/arucosrvmsg__rosidl_typesupport_introspection_cppExport.cmake
[3.838s] -- Installing: /home/shridhar/Documents/ROSrevision/Task4/install/arucosrvmsg/share/arucosrvmsg/cmake/arucosrvmsg__rosidl_typesupport_introspection_cppExport-noconfig.cmake
[3.838s] -- Installing: /home/shridhar/Documents/ROSrevision/Task4/install/arucosrvmsg/share/arucosrvmsg/cmake/arucosrvmsg__rosidl_typesupport_cppExport.cmake
[3.838s] -- Installing: /home/shridhar/Documents/ROSrevision/Task4/install/arucosrvmsg/share/arucosrvmsg/cmake/arucosrvmsg__rosidl_typesupport_cppExport-noconfig.cmake
[3.838s] -- Installing: /home/shridhar/Documents/ROSrevision/Task4/install/arucosrvmsg/share/arucosrvmsg/cmake/export_arucosrvmsg__rosidl_generator_pyExport.cmake
[3.838s] -- Installing: /home/shridhar/Documents/ROSrevision/Task4/install/arucosrvmsg/share/arucosrvmsg/cmake/export_arucosrvmsg__rosidl_generator_pyExport-noconfig.cmake
[3.839s] -- Installing: /home/shridhar/Documents/ROSrevision/Task4/install/arucosrvmsg/share/arucosrvmsg/cmake/rosidl_cmake-extras.cmake
[3.839s] -- Installing: /home/shridhar/Documents/ROSrevision/Task4/install/arucosrvmsg/share/arucosrvmsg/cmake/ament_cmake_export_include_directories-extras.cmake
[3.839s] -- Installing: /home/shridhar/Documents/ROSrevision/Task4/install/arucosrvmsg/share/arucosrvmsg/cmake/ament_cmake_export_libraries-extras.cmake
[3.839s] -- Installing: /home/shridhar/Documents/ROSrevision/Task4/install/arucosrvmsg/share/arucosrvmsg/cmake/ament_cmake_export_targets-extras.cmake
[3.839s] -- Installing: /home/shridhar/Documents/ROSrevision/Task4/install/arucosrvmsg/share/arucosrvmsg/cmake/rosidl_cmake_export_typesupport_targets-extras.cmake
[3.839s] -- Installing: /home/shridhar/Documents/ROSrevision/Task4/install/arucosrvmsg/share/arucosrvmsg/cmake/ament_cmake_export_dependencies-extras.cmake
[3.839s] -- Installing: /home/shridhar/Documents/ROSrevision/Task4/install/arucosrvmsg/share/arucosrvmsg/cmake/rosidl_cmake_export_typesupport_libraries-extras.cmake
[3.839s] -- Installing: /home/shridhar/Documents/ROSrevision/Task4/install/arucosrvmsg/share/arucosrvmsg/cmake/arucosrvmsgConfig.cmake
[3.839s] -- Installing: /home/shridhar/Documents/ROSrevision/Task4/install/arucosrvmsg/share/arucosrvmsg/cmake/arucosrvmsgConfig-version.cmake
[3.839s] -- Installing: /home/shridhar/Documents/ROSrevision/Task4/install/arucosrvmsg/share/arucosrvmsg/package.xml
[3.843s] Invoked command in '/home/shridhar/Documents/ROSrevision/Task4/build/arucosrvmsg' returned '0': CMAKE_PREFIX_PATH=${CMAKE_PREFIX_PATH}:/home/shridhar/Documents/ROSrevision/Task3/install/hypo:/home/shridhar/Documents/ROSrevision/Task3/install/hypotopic:/opt/ros/humble /usr/bin/cmake --install /home/shridhar/Documents/ROSrevision/Task4/build/arucosrvmsg
