[0.016s] Invoking command in '/home/shridhar/Workspaces/mrt_ws/Task2/build/arucosrvmsg': CMAKE_PREFIX_PATH=${CMAKE_PREFIX_PATH}:/home/shridhar/Workspaces/mrt_ws/Task2/install/serveradd:/home/shridhar/Workspaces/mrt_ws/Task2/install/makeexit:/home/shridhar/Workspaces/mrt_ws/Task2/install/arucoserver:/opt/ros/humble /usr/bin/cmake --build /home/shridhar/Workspaces/mrt_ws/Task2/build/arucosrvmsg -- -j22 -l22
[0.089s] [ 10%] Built target arucosrvmsg__rosidl_generator_c
[0.089s] [ 12%] Built target arucosrvmsg__cpp
[0.099s] [ 12%] Built target ament_cmake_python_copy_arucosrvmsg
[0.115s] [ 23%] Built target arucosrvmsg__rosidl_typesupport_introspection_c
[0.118s] [ 33%] Built target arucosrvmsg__rosidl_typesupport_c
[0.119s] [ 43%] Built target arucosrvmsg__rosidl_typesupport_introspection_cpp
[0.120s] [ 53%] Built target arucosrvmsg__rosidl_typesupport_fastrtps_c
[0.128s] [ 64%] Built target arucosrvmsg__rosidl_typesupport_cpp
[0.132s] [ 74%] Built target arucosrvmsg__rosidl_typesupport_fastrtps_cpp
[0.162s] [ 74%] Built target arucosrvmsg
[0.188s] [ 76%] Built target arucosrvmsg__py
[0.216s] [ 84%] Built target arucosrvmsg__rosidl_generator_py
[0.248s] [100%] Built target arucosrvmsg__rosidl_typesupport_fastrtps_c__pyext
[0.248s] [100%] Built target arucosrvmsg__rosidl_typesupport_introspection_c__pyext
[0.248s] [100%] Built target arucosrvmsg__rosidl_typesupport_c__pyext
[0.366s] running egg_info
[0.367s] writing arucosrvmsg.egg-info/PKG-INFO
[0.367s] writing dependency_links to arucosrvmsg.egg-info/dependency_links.txt
[0.367s] writing top-level names to arucosrvmsg.egg-info/top_level.txt
[0.369s] reading manifest file 'arucosrvmsg.egg-info/SOURCES.txt'
[0.370s] writing manifest file 'arucosrvmsg.egg-info/SOURCES.txt'
[0.403s] [100%] Built target ament_cmake_python_build_arucosrvmsg_egg
[0.417s] Invoked command in '/home/shridhar/Workspaces/mrt_ws/Task2/build/arucosrvmsg' returned '0': CMAKE_PREFIX_PATH=${CMAKE_PREFIX_PATH}:/home/shridhar/Workspaces/mrt_ws/Task2/install/serveradd:/home/shridhar/Workspaces/mrt_ws/Task2/install/makeexit:/home/shridhar/Workspaces/mrt_ws/Task2/install/arucoserver:/opt/ros/humble /usr/bin/cmake --build /home/shridhar/Workspaces/mrt_ws/Task2/build/arucosrvmsg -- -j22 -l22
[0.519s] Invoking command in '/home/shridhar/Workspaces/mrt_ws/Task2/build/arucosrvmsg': CMAKE_PREFIX_PATH=${CMAKE_PREFIX_PATH}:/home/shridhar/Workspaces/mrt_ws/Task2/install/serveradd:/home/shridhar/Workspaces/mrt_ws/Task2/install/makeexit:/home/shridhar/Workspaces/mrt_ws/Task2/install/arucoserver:/opt/ros/humble /usr/bin/cmake --install /home/shridhar/Workspaces/mrt_ws/Task2/build/arucosrvmsg
[0.531s] -- Install configuration: ""
[0.531s] -- Up-to-date: /home/shridhar/Workspaces/mrt_ws/Task2/install/arucosrvmsg/share/ament_index/resource_index/rosidl_interfaces/arucosrvmsg
[0.531s] -- Up-to-date: /home/shridhar/Workspaces/mrt_ws/Task2/install/arucosrvmsg/include/arucosrvmsg/arucosrvmsg
[0.531s] -- Up-to-date: /home/shridhar/Workspaces/mrt_ws/Task2/install/arucosrvmsg/include/arucosrvmsg/arucosrvmsg/srv
[0.531s] -- Up-to-date: /home/shridhar/Workspaces/mrt_ws/Task2/install/arucosrvmsg/include/arucosrvmsg/arucosrvmsg/srv/aruco_markers.h
[0.531s] -- Up-to-date: /home/shridhar/Workspaces/mrt_ws/Task2/install/arucosrvmsg/include/arucosrvmsg/arucosrvmsg/srv/detail
[0.531s] -- Up-to-date: /home/shridhar/Workspaces/mrt_ws/Task2/install/arucosrvmsg/include/arucosrvmsg/arucosrvmsg/srv/detail/aruco_markers__functions.c
[0.531s] -- Up-to-date: /home/shridhar/Workspaces/mrt_ws/Task2/install/arucosrvmsg/include/arucosrvmsg/arucosrvmsg/srv/detail/aruco_markers__functions.h
[0.531s] -- Up-to-date: /home/shridhar/Workspaces/mrt_ws/Task2/install/arucosrvmsg/include/arucosrvmsg/arucosrvmsg/srv/detail/aruco_markers__type_support.h
[0.531s] -- Up-to-date: /home/shridhar/Workspaces/mrt_ws/Task2/install/arucosrvmsg/include/arucosrvmsg/arucosrvmsg/srv/detail/aruco_markers__struct.h
[0.531s] -- Up-to-date: /home/shridhar/Workspaces/mrt_ws/Task2/install/arucosrvmsg/include/arucosrvmsg/arucosrvmsg/msg
[0.532s] -- Up-to-date: /home/shridhar/Workspaces/mrt_ws/Task2/install/arucosrvmsg/include/arucosrvmsg/arucosrvmsg/msg/rosidl_generator_c__visibility_control.h
[0.532s] -- Up-to-date: /home/shridhar/Workspaces/mrt_ws/Task2/install/arucosrvmsg/include/arucosrvmsg/arucosrvmsg/msg/aruco_markers.h
[0.532s] -- Up-to-date: /home/shridhar/Workspaces/mrt_ws/Task2/install/arucosrvmsg/include/arucosrvmsg/arucosrvmsg/msg/detail
[0.532s] -- Up-to-date: /home/shridhar/Workspaces/mrt_ws/Task2/install/arucosrvmsg/include/arucosrvmsg/arucosrvmsg/msg/detail/aruco_markers__functions.c
[0.532s] -- Up-to-date: /home/shridhar/Workspaces/mrt_ws/Task2/install/arucosrvmsg/include/arucosrvmsg/arucosrvmsg/msg/detail/aruco_markers__functions.h
[0.532s] -- Up-to-date: /home/shridhar/Workspaces/mrt_ws/Task2/install/arucosrvmsg/include/arucosrvmsg/arucosrvmsg/msg/detail/aruco_markers__type_support.h
[0.532s] -- Up-to-date: /home/shridhar/Workspaces/mrt_ws/Task2/install/arucosrvmsg/include/arucosrvmsg/arucosrvmsg/msg/detail/aruco_markers__struct.h
[0.532s] -- Up-to-date: /home/shridhar/Workspaces/mrt_ws/Task2/install/arucosrvmsg/share/arucosrvmsg/environment/library_path.sh
[0.532s] -- Up-to-date: /home/shridhar/Workspaces/mrt_ws/Task2/install/arucosrvmsg/share/arucosrvmsg/environment/library_path.dsv
[0.532s] -- Up-to-date: /home/shridhar/Workspaces/mrt_ws/Task2/install/arucosrvmsg/lib/libarucosrvmsg__rosidl_generator_c.so
[0.532s] -- Up-to-date: /home/shridhar/Workspaces/mrt_ws/Task2/install/arucosrvmsg/include/arucosrvmsg/arucosrvmsg
[0.532s] -- Up-to-date: /home/shridhar/Workspaces/mrt_ws/Task2/install/arucosrvmsg/include/arucosrvmsg/arucosrvmsg/srv
[0.532s] -- Up-to-date: /home/shridhar/Workspaces/mrt_ws/Task2/install/arucosrvmsg/include/arucosrvmsg/arucosrvmsg/srv/detail
[0.533s] -- Up-to-date: /home/shridhar/Workspaces/mrt_ws/Task2/install/arucosrvmsg/include/arucosrvmsg/arucosrvmsg/srv/detail/aruco_markers__rosidl_typesupport_fastrtps_c.h
[0.533s] -- Up-to-date: /home/shridhar/Workspaces/mrt_ws/Task2/install/arucosrvmsg/include/arucosrvmsg/arucosrvmsg/msg
[0.533s] -- Up-to-date: /home/shridhar/Workspaces/mrt_ws/Task2/install/arucosrvmsg/include/arucosrvmsg/arucosrvmsg/msg/rosidl_typesupport_fastrtps_c__visibility_control.h
[0.533s] -- Up-to-date: /home/shridhar/Workspaces/mrt_ws/Task2/install/arucosrvmsg/include/arucosrvmsg/arucosrvmsg/msg/detail
[0.533s] -- Up-to-date: /home/shridhar/Workspaces/mrt_ws/Task2/install/arucosrvmsg/include/arucosrvmsg/arucosrvmsg/msg/detail/aruco_markers__rosidl_typesupport_fastrtps_c.h
[0.533s] -- Up-to-date: /home/shridhar/Workspaces/mrt_ws/Task2/install/arucosrvmsg/lib/libarucosrvmsg__rosidl_typesupport_fastrtps_c.so
[0.533s] -- Up-to-date: /home/shridhar/Workspaces/mrt_ws/Task2/install/arucosrvmsg/include/arucosrvmsg/arucosrvmsg
[0.533s] -- Up-to-date: /home/shridhar/Workspaces/mrt_ws/Task2/install/arucosrvmsg/include/arucosrvmsg/arucosrvmsg/srv
[0.533s] -- Up-to-date: /home/shridhar/Workspaces/mrt_ws/Task2/install/arucosrvmsg/include/arucosrvmsg/arucosrvmsg/srv/detail
[0.533s] -- Up-to-date: /home/shridhar/Workspaces/mrt_ws/Task2/install/arucosrvmsg/include/arucosrvmsg/arucosrvmsg/srv/detail/aruco_markers__struct.hpp
[0.533s] -- Up-to-date: /home/shridhar/Workspaces/mrt_ws/Task2/install/arucosrvmsg/include/arucosrvmsg/arucosrvmsg/srv/detail/aruco_markers__builder.hpp
[0.533s] -- Up-to-date: /home/shridhar/Workspaces/mrt_ws/Task2/install/arucosrvmsg/include/arucosrvmsg/arucosrvmsg/srv/detail/aruco_markers__traits.hpp
[0.533s] -- Up-to-date: /home/shridhar/Workspaces/mrt_ws/Task2/install/arucosrvmsg/include/arucosrvmsg/arucosrvmsg/srv/aruco_markers.hpp
[0.533s] -- Up-to-date: /home/shridhar/Workspaces/mrt_ws/Task2/install/arucosrvmsg/include/arucosrvmsg/arucosrvmsg/msg
[0.533s] -- Up-to-date: /home/shridhar/Workspaces/mrt_ws/Task2/install/arucosrvmsg/include/arucosrvmsg/arucosrvmsg/msg/detail
[0.534s] -- Up-to-date: /home/shridhar/Workspaces/mrt_ws/Task2/install/arucosrvmsg/include/arucosrvmsg/arucosrvmsg/msg/detail/aruco_markers__struct.hpp
[0.534s] -- Up-to-date: /home/shridhar/Workspaces/mrt_ws/Task2/install/arucosrvmsg/include/arucosrvmsg/arucosrvmsg/msg/detail/aruco_markers__builder.hpp
[0.534s] -- Up-to-date: /home/shridhar/Workspaces/mrt_ws/Task2/install/arucosrvmsg/include/arucosrvmsg/arucosrvmsg/msg/detail/aruco_markers__traits.hpp
[0.534s] -- Up-to-date: /home/shridhar/Workspaces/mrt_ws/Task2/install/arucosrvmsg/include/arucosrvmsg/arucosrvmsg/msg/aruco_markers.hpp
[0.534s] -- Up-to-date: /home/shridhar/Workspaces/mrt_ws/Task2/install/arucosrvmsg/include/arucosrvmsg/arucosrvmsg
[0.534s] -- Up-to-date: /home/shridhar/Workspaces/mrt_ws/Task2/install/arucosrvmsg/include/arucosrvmsg/arucosrvmsg/srv
[0.534s] -- Up-to-date: /home/shridhar/Workspaces/mrt_ws/Task2/install/arucosrvmsg/include/arucosrvmsg/arucosrvmsg/srv/detail
[0.534s] -- Up-to-date: /home/shridhar/Workspaces/mrt_ws/Task2/install/arucosrvmsg/include/arucosrvmsg/arucosrvmsg/srv/detail/aruco_markers__rosidl_typesupport_fastrtps_cpp.hpp
[0.534s] -- Up-to-date: /home/shridhar/Workspaces/mrt_ws/Task2/install/arucosrvmsg/include/arucosrvmsg/arucosrvmsg/srv/detail/dds_fastrtps
[0.534s] -- Up-to-date: /home/shridhar/Workspaces/mrt_ws/Task2/install/arucosrvmsg/include/arucosrvmsg/arucosrvmsg/msg
[0.534s] -- Up-to-date: /home/shridhar/Workspaces/mrt_ws/Task2/install/arucosrvmsg/include/arucosrvmsg/arucosrvmsg/msg/rosidl_typesupport_fastrtps_cpp__visibility_control.h
[0.534s] -- Up-to-date: /home/shridhar/Workspaces/mrt_ws/Task2/install/arucosrvmsg/include/arucosrvmsg/arucosrvmsg/msg/detail
[0.534s] -- Up-to-date: /home/shridhar/Workspaces/mrt_ws/Task2/install/arucosrvmsg/include/arucosrvmsg/arucosrvmsg/msg/detail/aruco_markers__rosidl_typesupport_fastrtps_cpp.hpp
[0.534s] -- Up-to-date: /home/shridhar/Workspaces/mrt_ws/Task2/install/arucosrvmsg/include/arucosrvmsg/arucosrvmsg/msg/detail/dds_fastrtps
[0.535s] -- Up-to-date: /home/shridhar/Workspaces/mrt_ws/Task2/install/arucosrvmsg/lib/libarucosrvmsg__rosidl_typesupport_fastrtps_cpp.so
[0.535s] -- Up-to-date: /home/shridhar/Workspaces/mrt_ws/Task2/install/arucosrvmsg/include/arucosrvmsg/arucosrvmsg
[0.535s] -- Up-to-date: /home/shridhar/Workspaces/mrt_ws/Task2/install/arucosrvmsg/include/arucosrvmsg/arucosrvmsg/srv
[0.535s] -- Up-to-date: /home/shridhar/Workspaces/mrt_ws/Task2/install/arucosrvmsg/include/arucosrvmsg/arucosrvmsg/srv/detail
[0.535s] -- Up-to-date: /home/shridhar/Workspaces/mrt_ws/Task2/install/arucosrvmsg/include/arucosrvmsg/arucosrvmsg/srv/detail/aruco_markers__type_support.c
[0.535s] -- Up-to-date: /home/shridhar/Workspaces/mrt_ws/Task2/install/arucosrvmsg/include/arucosrvmsg/arucosrvmsg/srv/detail/aruco_markers__rosidl_typesupport_introspection_c.h
[0.535s] -- Up-to-date: /home/shridhar/Workspaces/mrt_ws/Task2/install/arucosrvmsg/include/arucosrvmsg/arucosrvmsg/msg
[0.535s] -- Up-to-date: /home/shridhar/Workspaces/mrt_ws/Task2/install/arucosrvmsg/include/arucosrvmsg/arucosrvmsg/msg/detail
[0.535s] -- Up-to-date: /home/shridhar/Workspaces/mrt_ws/Task2/install/arucosrvmsg/include/arucosrvmsg/arucosrvmsg/msg/detail/aruco_markers__type_support.c
[0.535s] -- Up-to-date: /home/shridhar/Workspaces/mrt_ws/Task2/install/arucosrvmsg/include/arucosrvmsg/arucosrvmsg/msg/detail/aruco_markers__rosidl_typesupport_introspection_c.h
[0.535s] -- Up-to-date: /home/shridhar/Workspaces/mrt_ws/Task2/install/arucosrvmsg/include/arucosrvmsg/arucosrvmsg/msg/rosidl_typesupport_introspection_c__visibility_control.h
[0.535s] -- Up-to-date: /home/shridhar/Workspaces/mrt_ws/Task2/install/arucosrvmsg/lib/libarucosrvmsg__rosidl_typesupport_introspection_c.so
[0.535s] -- Up-to-date: /home/shridhar/Workspaces/mrt_ws/Task2/install/arucosrvmsg/lib/libarucosrvmsg__rosidl_typesupport_c.so
[0.535s] -- Up-to-date: /home/shridhar/Workspaces/mrt_ws/Task2/install/arucosrvmsg/include/arucosrvmsg/arucosrvmsg
[0.535s] -- Up-to-date: /home/shridhar/Workspaces/mrt_ws/Task2/install/arucosrvmsg/include/arucosrvmsg/arucosrvmsg/srv
[0.536s] -- Up-to-date: /home/shridhar/Workspaces/mrt_ws/Task2/install/arucosrvmsg/include/arucosrvmsg/arucosrvmsg/srv/detail
[0.536s] -- Up-to-date: /home/shridhar/Workspaces/mrt_ws/Task2/install/arucosrvmsg/include/arucosrvmsg/arucosrvmsg/srv/detail/aruco_markers__rosidl_typesupport_introspection_cpp.hpp
[0.536s] -- Up-to-date: /home/shridhar/Workspaces/mrt_ws/Task2/install/arucosrvmsg/include/arucosrvmsg/arucosrvmsg/srv/detail/aruco_markers__type_support.cpp
[0.536s] -- Up-to-date: /home/shridhar/Workspaces/mrt_ws/Task2/install/arucosrvmsg/include/arucosrvmsg/arucosrvmsg/msg
[0.536s] -- Up-to-date: /home/shridhar/Workspaces/mrt_ws/Task2/install/arucosrvmsg/include/arucosrvmsg/arucosrvmsg/msg/detail
[0.536s] -- Up-to-date: /home/shridhar/Workspaces/mrt_ws/Task2/install/arucosrvmsg/include/arucosrvmsg/arucosrvmsg/msg/detail/aruco_markers__rosidl_typesupport_introspection_cpp.hpp
[0.536s] -- Up-to-date: /home/shridhar/Workspaces/mrt_ws/Task2/install/arucosrvmsg/include/arucosrvmsg/arucosrvmsg/msg/detail/aruco_markers__type_support.cpp
[0.536s] -- Up-to-date: /home/shridhar/Workspaces/mrt_ws/Task2/install/arucosrvmsg/lib/libarucosrvmsg__rosidl_typesupport_introspection_cpp.so
[0.536s] -- Up-to-date: /home/shridhar/Workspaces/mrt_ws/Task2/install/arucosrvmsg/lib/libarucosrvmsg__rosidl_typesupport_cpp.so
[0.536s] -- Up-to-date: /home/shridhar/Workspaces/mrt_ws/Task2/install/arucosrvmsg/share/arucosrvmsg/environment/pythonpath.sh
[0.537s] -- Up-to-date: /home/shridhar/Workspaces/mrt_ws/Task2/install/arucosrvmsg/share/arucosrvmsg/environment/pythonpath.dsv
[0.537s] -- Up-to-date: /home/shridhar/Workspaces/mrt_ws/Task2/install/arucosrvmsg/local/lib/python3.10/dist-packages/arucosrvmsg-0.0.0-py3.10.egg-info
[0.537s] -- Installing: /home/shridhar/Workspaces/mrt_ws/Task2/install/arucosrvmsg/local/lib/python3.10/dist-packages/arucosrvmsg-0.0.0-py3.10.egg-info/top_level.txt
[0.537s] -- Installing: /home/shridhar/Workspaces/mrt_ws/Task2/install/arucosrvmsg/local/lib/python3.10/dist-packages/arucosrvmsg-0.0.0-py3.10.egg-info/dependency_links.txt
[0.537s] -- Installing: /home/shridhar/Workspaces/mrt_ws/Task2/install/arucosrvmsg/local/lib/python3.10/dist-packages/arucosrvmsg-0.0.0-py3.10.egg-info/PKG-INFO
[0.537s] -- Installing: /home/shridhar/Workspaces/mrt_ws/Task2/install/arucosrvmsg/local/lib/python3.10/dist-packages/arucosrvmsg-0.0.0-py3.10.egg-info/SOURCES.txt
[0.537s] -- Up-to-date: /home/shridhar/Workspaces/mrt_ws/Task2/install/arucosrvmsg/local/lib/python3.10/dist-packages/arucosrvmsg
[0.537s] -- Up-to-date: /home/shridhar/Workspaces/mrt_ws/Task2/install/arucosrvmsg/local/lib/python3.10/dist-packages/arucosrvmsg/libarucosrvmsg__rosidl_generator_py.so
[0.537s] -- Up-to-date: /home/shridhar/Workspaces/mrt_ws/Task2/install/arucosrvmsg/local/lib/python3.10/dist-packages/arucosrvmsg/srv
[0.538s] -- Up-to-date: /home/shridhar/Workspaces/mrt_ws/Task2/install/arucosrvmsg/local/lib/python3.10/dist-packages/arucosrvmsg/srv/_aruco_markers_s.c
[0.538s] -- Up-to-date: /home/shridhar/Workspaces/mrt_ws/Task2/install/arucosrvmsg/local/lib/python3.10/dist-packages/arucosrvmsg/srv/_aruco_markers.py
[0.538s] -- Up-to-date: /home/shridhar/Workspaces/mrt_ws/Task2/install/arucosrvmsg/local/lib/python3.10/dist-packages/arucosrvmsg/srv/__init__.py
[0.538s] -- Up-to-date: /home/shridhar/Workspaces/mrt_ws/Task2/install/arucosrvmsg/local/lib/python3.10/dist-packages/arucosrvmsg/_arucosrvmsg_s.ep.rosidl_typesupport_c.c
[0.538s] -- Up-to-date: /home/shridhar/Workspaces/mrt_ws/Task2/install/arucosrvmsg/local/lib/python3.10/dist-packages/arucosrvmsg/_arucosrvmsg_s.ep.rosidl_typesupport_fastrtps_c.c
[0.538s] -- Up-to-date: /home/shridhar/Workspaces/mrt_ws/Task2/install/arucosrvmsg/local/lib/python3.10/dist-packages/arucosrvmsg/arucosrvmsg_s__rosidl_typesupport_c.cpython-310-x86_64-linux-gnu.so
[0.538s] -- Up-to-date: /home/shridhar/Workspaces/mrt_ws/Task2/install/arucosrvmsg/local/lib/python3.10/dist-packages/arucosrvmsg/arucosrvmsg_s__rosidl_typesupport_introspection_c.cpython-310-x86_64-linux-gnu.so
[0.538s] -- Up-to-date: /home/shridhar/Workspaces/mrt_ws/Task2/install/arucosrvmsg/local/lib/python3.10/dist-packages/arucosrvmsg/msg
[0.538s] -- Up-to-date: /home/shridhar/Workspaces/mrt_ws/Task2/install/arucosrvmsg/local/lib/python3.10/dist-packages/arucosrvmsg/msg/_aruco_markers_s.c
[0.538s] -- Up-to-date: /home/shridhar/Workspaces/mrt_ws/Task2/install/arucosrvmsg/local/lib/python3.10/dist-packages/arucosrvmsg/msg/_aruco_markers.py
[0.538s] -- Up-to-date: /home/shridhar/Workspaces/mrt_ws/Task2/install/arucosrvmsg/local/lib/python3.10/dist-packages/arucosrvmsg/msg/__init__.py
[0.538s] -- Up-to-date: /home/shridhar/Workspaces/mrt_ws/Task2/install/arucosrvmsg/local/lib/python3.10/dist-packages/arucosrvmsg/_arucosrvmsg_s.ep.rosidl_typesupport_introspection_c.c
[0.538s] -- Up-to-date: /home/shridhar/Workspaces/mrt_ws/Task2/install/arucosrvmsg/local/lib/python3.10/dist-packages/arucosrvmsg/__init__.py
[0.539s] -- Up-to-date: /home/shridhar/Workspaces/mrt_ws/Task2/install/arucosrvmsg/local/lib/python3.10/dist-packages/arucosrvmsg/arucosrvmsg_s__rosidl_typesupport_fastrtps_c.cpython-310-x86_64-linux-gnu.so
[0.580s] Listing '/home/shridhar/Workspaces/mrt_ws/Task2/install/arucosrvmsg/local/lib/python3.10/dist-packages/arucosrvmsg'...
[0.580s] Listing '/home/shridhar/Workspaces/mrt_ws/Task2/install/arucosrvmsg/local/lib/python3.10/dist-packages/arucosrvmsg/msg'...
[0.580s] Listing '/home/shridhar/Workspaces/mrt_ws/Task2/install/arucosrvmsg/local/lib/python3.10/dist-packages/arucosrvmsg/srv'...
[0.585s] -- Up-to-date: /home/shridhar/Workspaces/mrt_ws/Task2/install/arucosrvmsg/local/lib/python3.10/dist-packages/arucosrvmsg/arucosrvmsg_s__rosidl_typesupport_fastrtps_c.cpython-310-x86_64-linux-gnu.so
[0.585s] -- Up-to-date: /home/shridhar/Workspaces/mrt_ws/Task2/install/arucosrvmsg/local/lib/python3.10/dist-packages/arucosrvmsg/arucosrvmsg_s__rosidl_typesupport_introspection_c.cpython-310-x86_64-linux-gnu.so
[0.586s] -- Up-to-date: /home/shridhar/Workspaces/mrt_ws/Task2/install/arucosrvmsg/local/lib/python3.10/dist-packages/arucosrvmsg/arucosrvmsg_s__rosidl_typesupport_c.cpython-310-x86_64-linux-gnu.so
[0.586s] -- Up-to-date: /home/shridhar/Workspaces/mrt_ws/Task2/install/arucosrvmsg/lib/libarucosrvmsg__rosidl_generator_py.so
[0.586s] -- Up-to-date: /home/shridhar/Workspaces/mrt_ws/Task2/install/arucosrvmsg/share/arucosrvmsg/msg/ArucoMarkers.idl
[0.586s] -- Up-to-date: /home/shridhar/Workspaces/mrt_ws/Task2/install/arucosrvmsg/share/arucosrvmsg/srv/ArucoMarkers.idl
[0.586s] -- Up-to-date: /home/shridhar/Workspaces/mrt_ws/Task2/install/arucosrvmsg/share/arucosrvmsg/msg/ArucoMarkers.msg
[0.586s] -- Up-to-date: /home/shridhar/Workspaces/mrt_ws/Task2/install/arucosrvmsg/share/arucosrvmsg/srv/ArucoMarkers.srv
[0.587s] -- Up-to-date: /home/shridhar/Workspaces/mrt_ws/Task2/install/arucosrvmsg/share/arucosrvmsg/srv/ArucoMarkers_Request.msg
[0.587s] -- Up-to-date: /home/shridhar/Workspaces/mrt_ws/Task2/install/arucosrvmsg/share/arucosrvmsg/srv/ArucoMarkers_Response.msg
[0.587s] -- Up-to-date: /home/shridhar/Workspaces/mrt_ws/Task2/install/arucosrvmsg/share/ament_index/resource_index/package_run_dependencies/arucosrvmsg
[0.587s] -- Up-to-date: /home/shridhar/Workspaces/mrt_ws/Task2/install/arucosrvmsg/share/ament_index/resource_index/parent_prefix_path/arucosrvmsg
[0.587s] -- Up-to-date: /home/shridhar/Workspaces/mrt_ws/Task2/install/arucosrvmsg/share/arucosrvmsg/environment/ament_prefix_path.sh
[0.587s] -- Up-to-date: /home/shridhar/Workspaces/mrt_ws/Task2/install/arucosrvmsg/share/arucosrvmsg/environment/ament_prefix_path.dsv
[0.587s] -- Up-to-date: /home/shridhar/Workspaces/mrt_ws/Task2/install/arucosrvmsg/share/arucosrvmsg/environment/path.sh
[0.587s] -- Up-to-date: /home/shridhar/Workspaces/mrt_ws/Task2/install/arucosrvmsg/share/arucosrvmsg/environment/path.dsv
[0.587s] -- Up-to-date: /home/shridhar/Workspaces/mrt_ws/Task2/install/arucosrvmsg/share/arucosrvmsg/local_setup.bash
[0.588s] -- Up-to-date: /home/shridhar/Workspaces/mrt_ws/Task2/install/arucosrvmsg/share/arucosrvmsg/local_setup.sh
[0.588s] -- Up-to-date: /home/shridhar/Workspaces/mrt_ws/Task2/install/arucosrvmsg/share/arucosrvmsg/local_setup.zsh
[0.588s] -- Up-to-date: /home/shridhar/Workspaces/mrt_ws/Task2/install/arucosrvmsg/share/arucosrvmsg/local_setup.dsv
[0.588s] -- Installing: /home/shridhar/Workspaces/mrt_ws/Task2/install/arucosrvmsg/share/arucosrvmsg/package.dsv
[0.588s] -- Up-to-date: /home/shridhar/Workspaces/mrt_ws/Task2/install/arucosrvmsg/share/ament_index/resource_index/packages/arucosrvmsg
[0.588s] -- Up-to-date: /home/shridhar/Workspaces/mrt_ws/Task2/install/arucosrvmsg/share/arucosrvmsg/cmake/export_arucosrvmsg__rosidl_generator_cExport.cmake
[0.588s] -- Up-to-date: /home/shridhar/Workspaces/mrt_ws/Task2/install/arucosrvmsg/share/arucosrvmsg/cmake/export_arucosrvmsg__rosidl_generator_cExport-noconfig.cmake
[0.588s] -- Up-to-date: /home/shridhar/Workspaces/mrt_ws/Task2/install/arucosrvmsg/share/arucosrvmsg/cmake/export_arucosrvmsg__rosidl_typesupport_fastrtps_cExport.cmake
[0.588s] -- Up-to-date: /home/shridhar/Workspaces/mrt_ws/Task2/install/arucosrvmsg/share/arucosrvmsg/cmake/export_arucosrvmsg__rosidl_typesupport_fastrtps_cExport-noconfig.cmake
[0.588s] -- Up-to-date: /home/shridhar/Workspaces/mrt_ws/Task2/install/arucosrvmsg/share/arucosrvmsg/cmake/export_arucosrvmsg__rosidl_generator_cppExport.cmake
[0.588s] -- Up-to-date: /home/shridhar/Workspaces/mrt_ws/Task2/install/arucosrvmsg/share/arucosrvmsg/cmake/export_arucosrvmsg__rosidl_typesupport_fastrtps_cppExport.cmake
[0.589s] -- Up-to-date: /home/shridhar/Workspaces/mrt_ws/Task2/install/arucosrvmsg/share/arucosrvmsg/cmake/export_arucosrvmsg__rosidl_typesupport_fastrtps_cppExport-noconfig.cmake
[0.589s] -- Up-to-date: /home/shridhar/Workspaces/mrt_ws/Task2/install/arucosrvmsg/share/arucosrvmsg/cmake/arucosrvmsg__rosidl_typesupport_introspection_cExport.cmake
[0.589s] -- Up-to-date: /home/shridhar/Workspaces/mrt_ws/Task2/install/arucosrvmsg/share/arucosrvmsg/cmake/arucosrvmsg__rosidl_typesupport_introspection_cExport-noconfig.cmake
[0.589s] -- Up-to-date: /home/shridhar/Workspaces/mrt_ws/Task2/install/arucosrvmsg/share/arucosrvmsg/cmake/arucosrvmsg__rosidl_typesupport_cExport.cmake
[0.589s] -- Up-to-date: /home/shridhar/Workspaces/mrt_ws/Task2/install/arucosrvmsg/share/arucosrvmsg/cmake/arucosrvmsg__rosidl_typesupport_cExport-noconfig.cmake
[0.589s] -- Up-to-date: /home/shridhar/Workspaces/mrt_ws/Task2/install/arucosrvmsg/share/arucosrvmsg/cmake/arucosrvmsg__rosidl_typesupport_introspection_cppExport.cmake
[0.589s] -- Up-to-date: /home/shridhar/Workspaces/mrt_ws/Task2/install/arucosrvmsg/share/arucosrvmsg/cmake/arucosrvmsg__rosidl_typesupport_introspection_cppExport-noconfig.cmake
[0.589s] -- Up-to-date: /home/shridhar/Workspaces/mrt_ws/Task2/install/arucosrvmsg/share/arucosrvmsg/cmake/arucosrvmsg__rosidl_typesupport_cppExport.cmake
[0.589s] -- Up-to-date: /home/shridhar/Workspaces/mrt_ws/Task2/install/arucosrvmsg/share/arucosrvmsg/cmake/arucosrvmsg__rosidl_typesupport_cppExport-noconfig.cmake
[0.589s] -- Up-to-date: /home/shridhar/Workspaces/mrt_ws/Task2/install/arucosrvmsg/share/arucosrvmsg/cmake/export_arucosrvmsg__rosidl_generator_pyExport.cmake
[0.589s] -- Up-to-date: /home/shridhar/Workspaces/mrt_ws/Task2/install/arucosrvmsg/share/arucosrvmsg/cmake/export_arucosrvmsg__rosidl_generator_pyExport-noconfig.cmake
[0.589s] -- Up-to-date: /home/shridhar/Workspaces/mrt_ws/Task2/install/arucosrvmsg/share/arucosrvmsg/cmake/rosidl_cmake-extras.cmake
[0.589s] -- Up-to-date: /home/shridhar/Workspaces/mrt_ws/Task2/install/arucosrvmsg/share/arucosrvmsg/cmake/ament_cmake_export_dependencies-extras.cmake
[0.590s] -- Up-to-date: /home/shridhar/Workspaces/mrt_ws/Task2/install/arucosrvmsg/share/arucosrvmsg/cmake/ament_cmake_export_include_directories-extras.cmake
[0.590s] -- Up-to-date: /home/shridhar/Workspaces/mrt_ws/Task2/install/arucosrvmsg/share/arucosrvmsg/cmake/ament_cmake_export_libraries-extras.cmake
[0.590s] -- Up-to-date: /home/shridhar/Workspaces/mrt_ws/Task2/install/arucosrvmsg/share/arucosrvmsg/cmake/ament_cmake_export_targets-extras.cmake
[0.590s] -- Up-to-date: /home/shridhar/Workspaces/mrt_ws/Task2/install/arucosrvmsg/share/arucosrvmsg/cmake/rosidl_cmake_export_typesupport_targets-extras.cmake
[0.590s] -- Up-to-date: /home/shridhar/Workspaces/mrt_ws/Task2/install/arucosrvmsg/share/arucosrvmsg/cmake/rosidl_cmake_export_typesupport_libraries-extras.cmake
[0.590s] -- Up-to-date: /home/shridhar/Workspaces/mrt_ws/Task2/install/arucosrvmsg/share/arucosrvmsg/cmake/arucosrvmsgConfig.cmake
[0.590s] -- Up-to-date: /home/shridhar/Workspaces/mrt_ws/Task2/install/arucosrvmsg/share/arucosrvmsg/cmake/arucosrvmsgConfig-version.cmake
[0.590s] -- Up-to-date: /home/shridhar/Workspaces/mrt_ws/Task2/install/arucosrvmsg/share/arucosrvmsg/package.xml
[0.593s] Invoked command in '/home/shridhar/Workspaces/mrt_ws/Task2/build/arucosrvmsg' returned '0': CMAKE_PREFIX_PATH=${CMAKE_PREFIX_PATH}:/home/shridhar/Workspaces/mrt_ws/Task2/install/serveradd:/home/shridhar/Workspaces/mrt_ws/Task2/install/makeexit:/home/shridhar/Workspaces/mrt_ws/Task2/install/arucoserver:/opt/ros/humble /usr/bin/cmake --install /home/shridhar/Workspaces/mrt_ws/Task2/build/arucosrvmsg
