[0.009s] Invoking command in '/home/shridhar/Workspaces/mrt_ws/Task2/build/arucosrvmsg': CMAKE_PREFIX_PATH=${CMAKE_PREFIX_PATH}:/home/shridhar/Workspaces/mrt_ws/Task2/install/serveradd:/home/shridhar/Workspaces/mrt_ws/Task2/install/makeexit:/home/shridhar/Workspaces/mrt_ws/Task2/install/arucoserver:/opt/ros/humble /usr/bin/cmake --build /home/shridhar/Workspaces/mrt_ws/Task2/build/arucosrvmsg -- -j22 -l22
[0.038s] -- Found ament_cmake: 1.3.10 (/opt/ros/humble/share/ament_cmake/cmake)
[0.138s] -- Found geometry_msgs: 4.2.4 (/opt/ros/humble/share/geometry_msgs/cmake)
[0.161s] -- Found rosidl_generator_c: 3.1.5 (/opt/ros/humble/share/rosidl_generator_c/cmake)
[0.163s] -- Found rosidl_adapter: 3.1.5 (/opt/ros/humble/share/rosidl_adapter/cmake)
[0.168s] -- Found rosidl_generator_cpp: 3.1.5 (/opt/ros/humble/share/rosidl_generator_cpp/cmake)
[0.175s] -- Using all available rosidl_typesupport_c: rosidl_typesupport_fastrtps_c;rosidl_typesupport_introspection_c
[0.184s] -- Using all available rosidl_typesupport_cpp: rosidl_typesupport_fastrtps_cpp;rosidl_typesupport_introspection_cpp
[0.209s] -- Found sensor_msgs: 4.2.4 (/opt/ros/humble/share/sensor_msgs/cmake)
[0.221s] -- Found rosidl_default_generators: 1.2.0 (/opt/ros/humble/share/rosidl_default_generators/cmake)
[0.226s] -- Found cv_bridge: 3.2.1 (/opt/ros/humble/share/cv_bridge/cmake)
[0.420s] -- Found ament_cmake_ros: 0.10.0 (/opt/ros/humble/share/ament_cmake_ros/cmake)
[0.720s] -- Using all available rosidl_typesupport_c: rosidl_typesupport_fastrtps_c;rosidl_typesupport_introspection_c
[0.834s] -- Using all available rosidl_typesupport_cpp: rosidl_typesupport_fastrtps_cpp;rosidl_typesupport_introspection_cpp
[0.850s] -- Found python_cmake_module: 0.10.0 (/opt/ros/humble/share/python_cmake_module/cmake)
[0.870s] -- Using PYTHON_EXECUTABLE: /usr/bin/python3
[0.871s] -- Using PYTHON_INCLUDE_DIRS: /usr/include/python3.10
[0.871s] -- Using PYTHON_LIBRARIES: /usr/lib/x86_64-linux-gnu/libpython3.10.so
[0.897s] -- Found ament_lint_auto: 0.12.11 (/opt/ros/humble/share/ament_lint_auto/cmake)
[0.907s] -- Added test 'lint_cmake' to check CMake code style
[0.907s] -- Added test 'xmllint' to check XML markup files
[0.908s] -- Configuring done
[0.927s] -- Generating done
[0.929s] -- Build files have been written to: /home/shridhar/Workspaces/mrt_ws/Task2/build/arucosrvmsg
[0.952s] [35m[1mConsolidate compiler generated dependencies of target arucosrvmsg__rosidl_generator_c[0m
[0.963s] [  2%] Built target arucosrvmsg__cpp
[0.964s] [  5%] [32mBuilding C object CMakeFiles/arucosrvmsg__rosidl_generator_c.dir/rosidl_generator_c/arucosrvmsg/msg/detail/aruco_markers__functions.c.o[0m
[0.966s] [  7%] [32mBuilding C object CMakeFiles/arucosrvmsg__rosidl_generator_c.dir/rosidl_generator_c/arucosrvmsg/srv/detail/aruco_markers__functions.c.o[0m
[0.970s] [  7%] Built target ament_cmake_python_copy_arucosrvmsg
[0.972s] [35m[1mConsolidate compiler generated dependencies of target arucosrvmsg__rosidl_typesupport_fastrtps_cpp[0m
[0.973s] [35m[1mConsolidate compiler generated dependencies of target arucosrvmsg__rosidl_typesupport_introspection_cpp[0m
[0.974s] [35m[1mConsolidate compiler generated dependencies of target arucosrvmsg__rosidl_typesupport_cpp[0m
[0.983s] [ 12%] [32mBuilding CXX object CMakeFiles/arucosrvmsg__rosidl_typesupport_fastrtps_cpp.dir/rosidl_typesupport_fastrtps_cpp/arucosrvmsg/srv/detail/dds_fastrtps/aruco_markers__type_support.cpp.o[0m
[0.983s] [ 12%] [32mBuilding CXX object CMakeFiles/arucosrvmsg__rosidl_typesupport_fastrtps_cpp.dir/rosidl_typesupport_fastrtps_cpp/arucosrvmsg/msg/detail/dds_fastrtps/aruco_markers__type_support.cpp.o[0m
[0.983s] [ 15%] [32mBuilding CXX object CMakeFiles/arucosrvmsg__rosidl_typesupport_introspection_cpp.dir/rosidl_typesupport_introspection_cpp/arucosrvmsg/msg/detail/aruco_markers__type_support.cpp.o[0m
[0.984s] [ 17%] [32mBuilding CXX object CMakeFiles/arucosrvmsg__rosidl_typesupport_introspection_cpp.dir/rosidl_typesupport_introspection_cpp/arucosrvmsg/srv/detail/aruco_markers__type_support.cpp.o[0m
[0.986s] [ 20%] [32mBuilding CXX object CMakeFiles/arucosrvmsg__rosidl_typesupport_cpp.dir/rosidl_typesupport_cpp/arucosrvmsg/msg/aruco_markers__type_support.cpp.o[0m
[0.988s] [ 23%] [32mBuilding CXX object CMakeFiles/arucosrvmsg__rosidl_typesupport_cpp.dir/rosidl_typesupport_cpp/arucosrvmsg/srv/aruco_markers__type_support.cpp.o[0m
[1.032s] [ 25%] [32m[1mLinking C shared library libarucosrvmsg__rosidl_generator_c.so[0m
[1.072s] [ 28%] Built target arucosrvmsg__rosidl_generator_c
[1.081s] [35m[1mConsolidate compiler generated dependencies of target arucosrvmsg__rosidl_typesupport_c[0m
[1.083s] [35m[1mConsolidate compiler generated dependencies of target arucosrvmsg__rosidl_typesupport_fastrtps_c[0m
[1.083s] [35m[1mConsolidate compiler generated dependencies of target arucosrvmsg__rosidl_typesupport_introspection_c[0m
[1.090s] [ 30%] [32mBuilding CXX object CMakeFiles/arucosrvmsg__rosidl_typesupport_c.dir/rosidl_typesupport_c/arucosrvmsg/srv/aruco_markers__type_support.cpp.o[0m
[1.093s] [ 33%] [32mBuilding CXX object CMakeFiles/arucosrvmsg__rosidl_typesupport_c.dir/rosidl_typesupport_c/arucosrvmsg/msg/aruco_markers__type_support.cpp.o[0m
[1.094s] [ 35%] [32mBuilding C object CMakeFiles/arucosrvmsg__rosidl_typesupport_introspection_c.dir/rosidl_typesupport_introspection_c/arucosrvmsg/srv/detail/aruco_markers__type_support.c.o[0m
[1.095s] [ 38%] [32mBuilding C object CMakeFiles/arucosrvmsg__rosidl_typesupport_introspection_c.dir/rosidl_typesupport_introspection_c/arucosrvmsg/msg/detail/aruco_markers__type_support.c.o[0m
[1.098s] [ 41%] [32mBuilding CXX object CMakeFiles/arucosrvmsg__rosidl_typesupport_fastrtps_c.dir/rosidl_typesupport_fastrtps_c/arucosrvmsg/msg/detail/aruco_markers__type_support_c.cpp.o[0m
[1.099s] [ 43%] [32mBuilding CXX object CMakeFiles/arucosrvmsg__rosidl_typesupport_fastrtps_c.dir/rosidl_typesupport_fastrtps_c/arucosrvmsg/srv/detail/aruco_markers__type_support_c.cpp.o[0m
[1.119s] [ 46%] [32m[1mLinking CXX shared library libarucosrvmsg__rosidl_typesupport_c.so[0m
[1.141s] [ 48%] [32m[1mLinking C shared library libarucosrvmsg__rosidl_typesupport_introspection_c.so[0m
[1.141s] running egg_info
[1.142s] writing arucosrvmsg.egg-info/PKG-INFO
[1.142s] writing dependency_links to arucosrvmsg.egg-info/dependency_links.txt
[1.142s] writing top-level names to arucosrvmsg.egg-info/top_level.txt
[1.144s] reading manifest file 'arucosrvmsg.egg-info/SOURCES.txt'
[1.144s] writing manifest file 'arucosrvmsg.egg-info/SOURCES.txt'
[1.157s] [ 51%] Built target arucosrvmsg__rosidl_typesupport_c
[1.167s] [ 53%] Built target arucosrvmsg__rosidl_typesupport_introspection_c
[1.168s] [ 53%] Built target ament_cmake_python_build_arucosrvmsg_egg
[1.202s] [ 56%] [32m[1mLinking CXX shared library libarucosrvmsg__rosidl_typesupport_cpp.so[0m
[1.242s] [ 58%] Built target arucosrvmsg__rosidl_typesupport_cpp
[1.342s] [ 61%] [32m[1mLinking CXX shared library libarucosrvmsg__rosidl_typesupport_fastrtps_c.so[0m
[1.386s] [ 64%] [32m[1mLinking CXX shared library libarucosrvmsg__rosidl_typesupport_fastrtps_cpp.so[0m
[1.404s] [ 66%] [32m[1mLinking CXX shared library libarucosrvmsg__rosidl_typesupport_introspection_cpp.so[0m
[1.404s] [ 69%] Built target arucosrvmsg__rosidl_typesupport_fastrtps_c
[1.440s] [ 71%] Built target arucosrvmsg__rosidl_typesupport_fastrtps_cpp
[1.460s] [ 74%] Built target arucosrvmsg__rosidl_typesupport_introspection_cpp
[1.476s] [ 74%] Built target arucosrvmsg
[1.492s] [ 76%] Built target arucosrvmsg__py
[1.500s] [35m[1mConsolidate compiler generated dependencies of target arucosrvmsg__rosidl_generator_py[0m
[1.513s] [ 79%] [32mBuilding C object CMakeFiles/arucosrvmsg__rosidl_generator_py.dir/rosidl_generator_py/arucosrvmsg/srv/_aruco_markers_s.c.o[0m
[1.514s] [ 82%] [32mBuilding C object CMakeFiles/arucosrvmsg__rosidl_generator_py.dir/rosidl_generator_py/arucosrvmsg/msg/_aruco_markers_s.c.o[0m
[1.604s] [ 84%] [32m[1mLinking C shared library rosidl_generator_py/arucosrvmsg/libarucosrvmsg__rosidl_generator_py.so[0m
[1.634s] [ 84%] Built target arucosrvmsg__rosidl_generator_py
[1.641s] [35m[1mConsolidate compiler generated dependencies of target arucosrvmsg__rosidl_typesupport_fastrtps_c__pyext[0m
[1.642s] [35m[1mConsolidate compiler generated dependencies of target arucosrvmsg__rosidl_typesupport_introspection_c__pyext[0m
[1.643s] [35m[1mConsolidate compiler generated dependencies of target arucosrvmsg__rosidl_typesupport_c__pyext[0m
[1.654s] [ 87%] [32mBuilding C object CMakeFiles/arucosrvmsg__rosidl_typesupport_fastrtps_c__pyext.dir/rosidl_generator_py/arucosrvmsg/_arucosrvmsg_s.ep.rosidl_typesupport_fastrtps_c.c.o[0m
[1.654s] [ 89%] [32mBuilding C object CMakeFiles/arucosrvmsg__rosidl_typesupport_introspection_c__pyext.dir/rosidl_generator_py/arucosrvmsg/_arucosrvmsg_s.ep.rosidl_typesupport_introspection_c.c.o[0m
[1.655s] [ 92%] [32mBuilding C object CMakeFiles/arucosrvmsg__rosidl_typesupport_c__pyext.dir/rosidl_generator_py/arucosrvmsg/_arucosrvmsg_s.ep.rosidl_typesupport_c.c.o[0m
[1.722s] [ 94%] [32m[1mLinking C shared library rosidl_generator_py/arucosrvmsg/arucosrvmsg_s__rosidl_typesupport_c.cpython-310-x86_64-linux-gnu.so[0m
[1.723s] [ 97%] [32m[1mLinking C shared library rosidl_generator_py/arucosrvmsg/arucosrvmsg_s__rosidl_typesupport_fastrtps_c.cpython-310-x86_64-linux-gnu.so[0m
[1.723s] [100%] [32m[1mLinking C shared library rosidl_generator_py/arucosrvmsg/arucosrvmsg_s__rosidl_typesupport_introspection_c.cpython-310-x86_64-linux-gnu.so[0m
[1.752s] [100%] Built target arucosrvmsg__rosidl_typesupport_introspection_c__pyext
[1.755s] [100%] Built target arucosrvmsg__rosidl_typesupport_c__pyext
[1.756s] [100%] Built target arucosrvmsg__rosidl_typesupport_fastrtps_c__pyext
[1.766s] Invoked command in '/home/shridhar/Workspaces/mrt_ws/Task2/build/arucosrvmsg' returned '0': CMAKE_PREFIX_PATH=${CMAKE_PREFIX_PATH}:/home/shridhar/Workspaces/mrt_ws/Task2/install/serveradd:/home/shridhar/Workspaces/mrt_ws/Task2/install/makeexit:/home/shridhar/Workspaces/mrt_ws/Task2/install/arucoserver:/opt/ros/humble /usr/bin/cmake --build /home/shridhar/Workspaces/mrt_ws/Task2/build/arucosrvmsg -- -j22 -l22
[1.833s] Invoking command in '/home/shridhar/Workspaces/mrt_ws/Task2/build/arucosrvmsg': CMAKE_PREFIX_PATH=${CMAKE_PREFIX_PATH}:/home/shridhar/Workspaces/mrt_ws/Task2/install/serveradd:/home/shridhar/Workspaces/mrt_ws/Task2/install/makeexit:/home/shridhar/Workspaces/mrt_ws/Task2/install/arucoserver:/opt/ros/humble /usr/bin/cmake --install /home/shridhar/Workspaces/mrt_ws/Task2/build/arucosrvmsg
[1.839s] -- Install configuration: ""
[1.839s] -- Up-to-date: /home/shridhar/Workspaces/mrt_ws/Task2/install/arucosrvmsg/share/ament_index/resource_index/rosidl_interfaces/arucosrvmsg
[1.839s] -- Up-to-date: /home/shridhar/Workspaces/mrt_ws/Task2/install/arucosrvmsg/include/arucosrvmsg/arucosrvmsg
[1.839s] -- Up-to-date: /home/shridhar/Workspaces/mrt_ws/Task2/install/arucosrvmsg/include/arucosrvmsg/arucosrvmsg/srv
[1.839s] -- Up-to-date: /home/shridhar/Workspaces/mrt_ws/Task2/install/arucosrvmsg/include/arucosrvmsg/arucosrvmsg/srv/aruco_markers.h
[1.839s] -- Up-to-date: /home/shridhar/Workspaces/mrt_ws/Task2/install/arucosrvmsg/include/arucosrvmsg/arucosrvmsg/srv/detail
[1.839s] -- Up-to-date: /home/shridhar/Workspaces/mrt_ws/Task2/install/arucosrvmsg/include/arucosrvmsg/arucosrvmsg/srv/detail/aruco_markers__functions.c
[1.839s] -- Up-to-date: /home/shridhar/Workspaces/mrt_ws/Task2/install/arucosrvmsg/include/arucosrvmsg/arucosrvmsg/srv/detail/aruco_markers__functions.h
[1.839s] -- Up-to-date: /home/shridhar/Workspaces/mrt_ws/Task2/install/arucosrvmsg/include/arucosrvmsg/arucosrvmsg/srv/detail/aruco_markers__type_support.h
[1.839s] -- Up-to-date: /home/shridhar/Workspaces/mrt_ws/Task2/install/arucosrvmsg/include/arucosrvmsg/arucosrvmsg/srv/detail/aruco_markers__struct.h
[1.839s] -- Up-to-date: /home/shridhar/Workspaces/mrt_ws/Task2/install/arucosrvmsg/include/arucosrvmsg/arucosrvmsg/msg
[1.839s] -- Up-to-date: /home/shridhar/Workspaces/mrt_ws/Task2/install/arucosrvmsg/include/arucosrvmsg/arucosrvmsg/msg/rosidl_generator_c__visibility_control.h
[1.839s] -- Up-to-date: /home/shridhar/Workspaces/mrt_ws/Task2/install/arucosrvmsg/include/arucosrvmsg/arucosrvmsg/msg/aruco_markers.h
[1.840s] -- Up-to-date: /home/shridhar/Workspaces/mrt_ws/Task2/install/arucosrvmsg/include/arucosrvmsg/arucosrvmsg/msg/detail
[1.840s] -- Up-to-date: /home/shridhar/Workspaces/mrt_ws/Task2/install/arucosrvmsg/include/arucosrvmsg/arucosrvmsg/msg/detail/aruco_markers__functions.c
[1.841s] -- Up-to-date: /home/shridhar/Workspaces/mrt_ws/Task2/install/arucosrvmsg/include/arucosrvmsg/arucosrvmsg/msg/detail/aruco_markers__functions.h
[1.841s] -- Up-to-date: /home/shridhar/Workspaces/mrt_ws/Task2/install/arucosrvmsg/include/arucosrvmsg/arucosrvmsg/msg/detail/aruco_markers__type_support.h
[1.841s] -- Up-to-date: /home/shridhar/Workspaces/mrt_ws/Task2/install/arucosrvmsg/include/arucosrvmsg/arucosrvmsg/msg/detail/aruco_markers__struct.h
[1.841s] -- Installing: /home/shridhar/Workspaces/mrt_ws/Task2/install/arucosrvmsg/share/arucosrvmsg/environment/library_path.sh
[1.841s] -- Installing: /home/shridhar/Workspaces/mrt_ws/Task2/install/arucosrvmsg/share/arucosrvmsg/environment/library_path.dsv
[1.841s] -- Installing: /home/shridhar/Workspaces/mrt_ws/Task2/install/arucosrvmsg/lib/libarucosrvmsg__rosidl_generator_c.so
[1.841s] -- Set runtime path of "/home/shridhar/Workspaces/mrt_ws/Task2/install/arucosrvmsg/lib/libarucosrvmsg__rosidl_generator_c.so" to ""
[1.841s] -- Up-to-date: /home/shridhar/Workspaces/mrt_ws/Task2/install/arucosrvmsg/include/arucosrvmsg/arucosrvmsg
[1.841s] -- Up-to-date: /home/shridhar/Workspaces/mrt_ws/Task2/install/arucosrvmsg/include/arucosrvmsg/arucosrvmsg/srv
[1.841s] -- Up-to-date: /home/shridhar/Workspaces/mrt_ws/Task2/install/arucosrvmsg/include/arucosrvmsg/arucosrvmsg/srv/detail
[1.842s] -- Up-to-date: /home/shridhar/Workspaces/mrt_ws/Task2/install/arucosrvmsg/include/arucosrvmsg/arucosrvmsg/srv/detail/aruco_markers__rosidl_typesupport_fastrtps_c.h
[1.842s] -- Up-to-date: /home/shridhar/Workspaces/mrt_ws/Task2/install/arucosrvmsg/include/arucosrvmsg/arucosrvmsg/msg
[1.842s] -- Up-to-date: /home/shridhar/Workspaces/mrt_ws/Task2/install/arucosrvmsg/include/arucosrvmsg/arucosrvmsg/msg/rosidl_typesupport_fastrtps_c__visibility_control.h
[1.842s] -- Up-to-date: /home/shridhar/Workspaces/mrt_ws/Task2/install/arucosrvmsg/include/arucosrvmsg/arucosrvmsg/msg/detail
[1.842s] -- Up-to-date: /home/shridhar/Workspaces/mrt_ws/Task2/install/arucosrvmsg/include/arucosrvmsg/arucosrvmsg/msg/detail/aruco_markers__rosidl_typesupport_fastrtps_c.h
[1.842s] -- Installing: /home/shridhar/Workspaces/mrt_ws/Task2/install/arucosrvmsg/lib/libarucosrvmsg__rosidl_typesupport_fastrtps_c.so
[1.842s] -- Set runtime path of "/home/shridhar/Workspaces/mrt_ws/Task2/install/arucosrvmsg/lib/libarucosrvmsg__rosidl_typesupport_fastrtps_c.so" to ""
[1.842s] -- Up-to-date: /home/shridhar/Workspaces/mrt_ws/Task2/install/arucosrvmsg/include/arucosrvmsg/arucosrvmsg
[1.842s] -- Up-to-date: /home/shridhar/Workspaces/mrt_ws/Task2/install/arucosrvmsg/include/arucosrvmsg/arucosrvmsg/srv
[1.842s] -- Up-to-date: /home/shridhar/Workspaces/mrt_ws/Task2/install/arucosrvmsg/include/arucosrvmsg/arucosrvmsg/srv/detail
[1.842s] -- Up-to-date: /home/shridhar/Workspaces/mrt_ws/Task2/install/arucosrvmsg/include/arucosrvmsg/arucosrvmsg/srv/detail/aruco_markers__struct.hpp
[1.842s] -- Up-to-date: /home/shridhar/Workspaces/mrt_ws/Task2/install/arucosrvmsg/include/arucosrvmsg/arucosrvmsg/srv/detail/aruco_markers__builder.hpp
[1.842s] -- Up-to-date: /home/shridhar/Workspaces/mrt_ws/Task2/install/arucosrvmsg/include/arucosrvmsg/arucosrvmsg/srv/detail/aruco_markers__traits.hpp
[1.842s] -- Up-to-date: /home/shridhar/Workspaces/mrt_ws/Task2/install/arucosrvmsg/include/arucosrvmsg/arucosrvmsg/srv/aruco_markers.hpp
[1.843s] -- Up-to-date: /home/shridhar/Workspaces/mrt_ws/Task2/install/arucosrvmsg/include/arucosrvmsg/arucosrvmsg/msg
[1.843s] -- Up-to-date: /home/shridhar/Workspaces/mrt_ws/Task2/install/arucosrvmsg/include/arucosrvmsg/arucosrvmsg/msg/detail
[1.843s] -- Up-to-date: /home/shridhar/Workspaces/mrt_ws/Task2/install/arucosrvmsg/include/arucosrvmsg/arucosrvmsg/msg/detail/aruco_markers__struct.hpp
[1.843s] -- Up-to-date: /home/shridhar/Workspaces/mrt_ws/Task2/install/arucosrvmsg/include/arucosrvmsg/arucosrvmsg/msg/detail/aruco_markers__builder.hpp
[1.843s] -- Up-to-date: /home/shridhar/Workspaces/mrt_ws/Task2/install/arucosrvmsg/include/arucosrvmsg/arucosrvmsg/msg/detail/aruco_markers__traits.hpp
[1.843s] -- Up-to-date: /home/shridhar/Workspaces/mrt_ws/Task2/install/arucosrvmsg/include/arucosrvmsg/arucosrvmsg/msg/aruco_markers.hpp
[1.843s] -- Up-to-date: /home/shridhar/Workspaces/mrt_ws/Task2/install/arucosrvmsg/include/arucosrvmsg/arucosrvmsg
[1.843s] -- Up-to-date: /home/shridhar/Workspaces/mrt_ws/Task2/install/arucosrvmsg/include/arucosrvmsg/arucosrvmsg/srv
[1.843s] -- Up-to-date: /home/shridhar/Workspaces/mrt_ws/Task2/install/arucosrvmsg/include/arucosrvmsg/arucosrvmsg/srv/detail
[1.843s] -- Up-to-date: /home/shridhar/Workspaces/mrt_ws/Task2/install/arucosrvmsg/include/arucosrvmsg/arucosrvmsg/srv/detail/aruco_markers__rosidl_typesupport_fastrtps_cpp.hpp
[1.843s] -- Installing: /home/shridhar/Workspaces/mrt_ws/Task2/install/arucosrvmsg/include/arucosrvmsg/arucosrvmsg/srv/detail/dds_fastrtps
[1.843s] -- Up-to-date: /home/shridhar/Workspaces/mrt_ws/Task2/install/arucosrvmsg/include/arucosrvmsg/arucosrvmsg/msg
[1.843s] -- Up-to-date: /home/shridhar/Workspaces/mrt_ws/Task2/install/arucosrvmsg/include/arucosrvmsg/arucosrvmsg/msg/rosidl_typesupport_fastrtps_cpp__visibility_control.h
[1.843s] -- Up-to-date: /home/shridhar/Workspaces/mrt_ws/Task2/install/arucosrvmsg/include/arucosrvmsg/arucosrvmsg/msg/detail
[1.843s] -- Up-to-date: /home/shridhar/Workspaces/mrt_ws/Task2/install/arucosrvmsg/include/arucosrvmsg/arucosrvmsg/msg/detail/aruco_markers__rosidl_typesupport_fastrtps_cpp.hpp
[1.843s] -- Installing: /home/shridhar/Workspaces/mrt_ws/Task2/install/arucosrvmsg/include/arucosrvmsg/arucosrvmsg/msg/detail/dds_fastrtps
[1.843s] -- Installing: /home/shridhar/Workspaces/mrt_ws/Task2/install/arucosrvmsg/lib/libarucosrvmsg__rosidl_typesupport_fastrtps_cpp.so
[1.843s] -- Set runtime path of "/home/shridhar/Workspaces/mrt_ws/Task2/install/arucosrvmsg/lib/libarucosrvmsg__rosidl_typesupport_fastrtps_cpp.so" to ""
[1.844s] -- Up-to-date: /home/shridhar/Workspaces/mrt_ws/Task2/install/arucosrvmsg/include/arucosrvmsg/arucosrvmsg
[1.844s] -- Up-to-date: /home/shridhar/Workspaces/mrt_ws/Task2/install/arucosrvmsg/include/arucosrvmsg/arucosrvmsg/srv
[1.844s] -- Up-to-date: /home/shridhar/Workspaces/mrt_ws/Task2/install/arucosrvmsg/include/arucosrvmsg/arucosrvmsg/srv/detail
[1.844s] -- Up-to-date: /home/shridhar/Workspaces/mrt_ws/Task2/install/arucosrvmsg/include/arucosrvmsg/arucosrvmsg/srv/detail/aruco_markers__type_support.c
[1.844s] -- Up-to-date: /home/shridhar/Workspaces/mrt_ws/Task2/install/arucosrvmsg/include/arucosrvmsg/arucosrvmsg/srv/detail/aruco_markers__rosidl_typesupport_introspection_c.h
[1.844s] -- Up-to-date: /home/shridhar/Workspaces/mrt_ws/Task2/install/arucosrvmsg/include/arucosrvmsg/arucosrvmsg/msg
[1.844s] -- Up-to-date: /home/shridhar/Workspaces/mrt_ws/Task2/install/arucosrvmsg/include/arucosrvmsg/arucosrvmsg/msg/detail
[1.844s] -- Up-to-date: /home/shridhar/Workspaces/mrt_ws/Task2/install/arucosrvmsg/include/arucosrvmsg/arucosrvmsg/msg/detail/aruco_markers__type_support.c
[1.844s] -- Up-to-date: /home/shridhar/Workspaces/mrt_ws/Task2/install/arucosrvmsg/include/arucosrvmsg/arucosrvmsg/msg/detail/aruco_markers__rosidl_typesupport_introspection_c.h
[1.844s] -- Up-to-date: /home/shridhar/Workspaces/mrt_ws/Task2/install/arucosrvmsg/include/arucosrvmsg/arucosrvmsg/msg/rosidl_typesupport_introspection_c__visibility_control.h
[1.844s] -- Installing: /home/shridhar/Workspaces/mrt_ws/Task2/install/arucosrvmsg/lib/libarucosrvmsg__rosidl_typesupport_introspection_c.so
[1.844s] -- Set runtime path of "/home/shridhar/Workspaces/mrt_ws/Task2/install/arucosrvmsg/lib/libarucosrvmsg__rosidl_typesupport_introspection_c.so" to ""
[1.844s] -- Installing: /home/shridhar/Workspaces/mrt_ws/Task2/install/arucosrvmsg/lib/libarucosrvmsg__rosidl_typesupport_c.so
[1.844s] -- Set runtime path of "/home/shridhar/Workspaces/mrt_ws/Task2/install/arucosrvmsg/lib/libarucosrvmsg__rosidl_typesupport_c.so" to ""
[1.844s] -- Up-to-date: /home/shridhar/Workspaces/mrt_ws/Task2/install/arucosrvmsg/include/arucosrvmsg/arucosrvmsg
[1.844s] -- Up-to-date: /home/shridhar/Workspaces/mrt_ws/Task2/install/arucosrvmsg/include/arucosrvmsg/arucosrvmsg/srv
[1.844s] -- Up-to-date: /home/shridhar/Workspaces/mrt_ws/Task2/install/arucosrvmsg/include/arucosrvmsg/arucosrvmsg/srv/detail
[1.844s] -- Up-to-date: /home/shridhar/Workspaces/mrt_ws/Task2/install/arucosrvmsg/include/arucosrvmsg/arucosrvmsg/srv/detail/aruco_markers__rosidl_typesupport_introspection_cpp.hpp
[1.844s] -- Up-to-date: /home/shridhar/Workspaces/mrt_ws/Task2/install/arucosrvmsg/include/arucosrvmsg/arucosrvmsg/srv/detail/aruco_markers__type_support.cpp
[1.844s] -- Up-to-date: /home/shridhar/Workspaces/mrt_ws/Task2/install/arucosrvmsg/include/arucosrvmsg/arucosrvmsg/msg
[1.844s] -- Up-to-date: /home/shridhar/Workspaces/mrt_ws/Task2/install/arucosrvmsg/include/arucosrvmsg/arucosrvmsg/msg/detail
[1.845s] -- Up-to-date: /home/shridhar/Workspaces/mrt_ws/Task2/install/arucosrvmsg/include/arucosrvmsg/arucosrvmsg/msg/detail/aruco_markers__rosidl_typesupport_introspection_cpp.hpp
[1.845s] -- Up-to-date: /home/shridhar/Workspaces/mrt_ws/Task2/install/arucosrvmsg/include/arucosrvmsg/arucosrvmsg/msg/detail/aruco_markers__type_support.cpp
[1.845s] -- Installing: /home/shridhar/Workspaces/mrt_ws/Task2/install/arucosrvmsg/lib/libarucosrvmsg__rosidl_typesupport_introspection_cpp.so
[1.845s] -- Set runtime path of "/home/shridhar/Workspaces/mrt_ws/Task2/install/arucosrvmsg/lib/libarucosrvmsg__rosidl_typesupport_introspection_cpp.so" to ""
[1.845s] -- Installing: /home/shridhar/Workspaces/mrt_ws/Task2/install/arucosrvmsg/lib/libarucosrvmsg__rosidl_typesupport_cpp.so
[1.845s] -- Set runtime path of "/home/shridhar/Workspaces/mrt_ws/Task2/install/arucosrvmsg/lib/libarucosrvmsg__rosidl_typesupport_cpp.so" to ""
[1.845s] -- Up-to-date: /home/shridhar/Workspaces/mrt_ws/Task2/install/arucosrvmsg/share/arucosrvmsg/environment/pythonpath.sh
[1.845s] -- Installing: /home/shridhar/Workspaces/mrt_ws/Task2/install/arucosrvmsg/share/arucosrvmsg/environment/pythonpath.dsv
[1.845s] -- Up-to-date: /home/shridhar/Workspaces/mrt_ws/Task2/install/arucosrvmsg/local/lib/python3.10/dist-packages/arucosrvmsg-0.0.0-py3.10.egg-info
[1.845s] -- Installing: /home/shridhar/Workspaces/mrt_ws/Task2/install/arucosrvmsg/local/lib/python3.10/dist-packages/arucosrvmsg-0.0.0-py3.10.egg-info/top_level.txt
[1.845s] -- Installing: /home/shridhar/Workspaces/mrt_ws/Task2/install/arucosrvmsg/local/lib/python3.10/dist-packages/arucosrvmsg-0.0.0-py3.10.egg-info/dependency_links.txt
[1.845s] -- Installing: /home/shridhar/Workspaces/mrt_ws/Task2/install/arucosrvmsg/local/lib/python3.10/dist-packages/arucosrvmsg-0.0.0-py3.10.egg-info/PKG-INFO
[1.845s] -- Installing: /home/shridhar/Workspaces/mrt_ws/Task2/install/arucosrvmsg/local/lib/python3.10/dist-packages/arucosrvmsg-0.0.0-py3.10.egg-info/SOURCES.txt
[1.845s] -- Up-to-date: /home/shridhar/Workspaces/mrt_ws/Task2/install/arucosrvmsg/local/lib/python3.10/dist-packages/arucosrvmsg
[1.845s] -- Installing: /home/shridhar/Workspaces/mrt_ws/Task2/install/arucosrvmsg/local/lib/python3.10/dist-packages/arucosrvmsg/libarucosrvmsg__rosidl_generator_py.so
[1.845s] -- Up-to-date: /home/shridhar/Workspaces/mrt_ws/Task2/install/arucosrvmsg/local/lib/python3.10/dist-packages/arucosrvmsg/srv
[1.845s] -- Up-to-date: /home/shridhar/Workspaces/mrt_ws/Task2/install/arucosrvmsg/local/lib/python3.10/dist-packages/arucosrvmsg/srv/_aruco_markers_s.c
[1.845s] -- Up-to-date: /home/shridhar/Workspaces/mrt_ws/Task2/install/arucosrvmsg/local/lib/python3.10/dist-packages/arucosrvmsg/srv/_aruco_markers.py
[1.845s] -- Up-to-date: /home/shridhar/Workspaces/mrt_ws/Task2/install/arucosrvmsg/local/lib/python3.10/dist-packages/arucosrvmsg/srv/__init__.py
[1.845s] -- Up-to-date: /home/shridhar/Workspaces/mrt_ws/Task2/install/arucosrvmsg/local/lib/python3.10/dist-packages/arucosrvmsg/_arucosrvmsg_s.ep.rosidl_typesupport_c.c
[1.846s] -- Up-to-date: /home/shridhar/Workspaces/mrt_ws/Task2/install/arucosrvmsg/local/lib/python3.10/dist-packages/arucosrvmsg/_arucosrvmsg_s.ep.rosidl_typesupport_fastrtps_c.c
[1.846s] -- Up-to-date: /home/shridhar/Workspaces/mrt_ws/Task2/install/arucosrvmsg/local/lib/python3.10/dist-packages/arucosrvmsg/libarucosrvmsgS__rosidl_generator_py.so
[1.846s] -- Installing: /home/shridhar/Workspaces/mrt_ws/Task2/install/arucosrvmsg/local/lib/python3.10/dist-packages/arucosrvmsg/arucosrvmsg_s__rosidl_typesupport_c.cpython-310-x86_64-linux-gnu.so
[1.846s] -- Installing: /home/shridhar/Workspaces/mrt_ws/Task2/install/arucosrvmsg/local/lib/python3.10/dist-packages/arucosrvmsg/arucosrvmsg_s__rosidl_typesupport_introspection_c.cpython-310-x86_64-linux-gnu.so
[1.846s] -- Up-to-date: /home/shridhar/Workspaces/mrt_ws/Task2/install/arucosrvmsg/local/lib/python3.10/dist-packages/arucosrvmsg/msg
[1.846s] -- Up-to-date: /home/shridhar/Workspaces/mrt_ws/Task2/install/arucosrvmsg/local/lib/python3.10/dist-packages/arucosrvmsg/msg/_aruco_markers_s.c
[1.846s] -- Up-to-date: /home/shridhar/Workspaces/mrt_ws/Task2/install/arucosrvmsg/local/lib/python3.10/dist-packages/arucosrvmsg/msg/_aruco_markers.py
[1.846s] -- Up-to-date: /home/shridhar/Workspaces/mrt_ws/Task2/install/arucosrvmsg/local/lib/python3.10/dist-packages/arucosrvmsg/msg/__init__.py
[1.846s] -- Up-to-date: /home/shridhar/Workspaces/mrt_ws/Task2/install/arucosrvmsg/local/lib/python3.10/dist-packages/arucosrvmsg/_arucosrvmsg_s.ep.rosidl_typesupport_introspection_c.c
[1.846s] -- Installing: /home/shridhar/Workspaces/mrt_ws/Task2/install/arucosrvmsg/local/lib/python3.10/dist-packages/arucosrvmsg/__init__.py
[1.846s] -- Installing: /home/shridhar/Workspaces/mrt_ws/Task2/install/arucosrvmsg/local/lib/python3.10/dist-packages/arucosrvmsg/arucosrvmsg_s__rosidl_typesupport_fastrtps_c.cpython-310-x86_64-linux-gnu.so
[1.866s] Listing '/home/shridhar/Workspaces/mrt_ws/Task2/install/arucosrvmsg/local/lib/python3.10/dist-packages/arucosrvmsg'...
[1.866s] Compiling '/home/shridhar/Workspaces/mrt_ws/Task2/install/arucosrvmsg/local/lib/python3.10/dist-packages/arucosrvmsg/__init__.py'...
[1.866s] Listing '/home/shridhar/Workspaces/mrt_ws/Task2/install/arucosrvmsg/local/lib/python3.10/dist-packages/arucosrvmsg/msg'...
[1.866s] Compiling '/home/shridhar/Workspaces/mrt_ws/Task2/install/arucosrvmsg/local/lib/python3.10/dist-packages/arucosrvmsg/msg/__init__.py'...
[1.866s] Compiling '/home/shridhar/Workspaces/mrt_ws/Task2/install/arucosrvmsg/local/lib/python3.10/dist-packages/arucosrvmsg/msg/_aruco_markers.py'...
[1.866s] Listing '/home/shridhar/Workspaces/mrt_ws/Task2/install/arucosrvmsg/local/lib/python3.10/dist-packages/arucosrvmsg/srv'...
[1.868s] -- Installing: /home/shridhar/Workspaces/mrt_ws/Task2/install/arucosrvmsg/local/lib/python3.10/dist-packages/arucosrvmsg/arucosrvmsg_s__rosidl_typesupport_fastrtps_c.cpython-310-x86_64-linux-gnu.so
[1.869s] -- Set runtime path of "/home/shridhar/Workspaces/mrt_ws/Task2/install/arucosrvmsg/local/lib/python3.10/dist-packages/arucosrvmsg/arucosrvmsg_s__rosidl_typesupport_fastrtps_c.cpython-310-x86_64-linux-gnu.so" to ""
[1.869s] -- Installing: /home/shridhar/Workspaces/mrt_ws/Task2/install/arucosrvmsg/local/lib/python3.10/dist-packages/arucosrvmsg/arucosrvmsg_s__rosidl_typesupport_introspection_c.cpython-310-x86_64-linux-gnu.so
[1.869s] -- Set runtime path of "/home/shridhar/Workspaces/mrt_ws/Task2/install/arucosrvmsg/local/lib/python3.10/dist-packages/arucosrvmsg/arucosrvmsg_s__rosidl_typesupport_introspection_c.cpython-310-x86_64-linux-gnu.so" to ""
[1.869s] -- Installing: /home/shridhar/Workspaces/mrt_ws/Task2/install/arucosrvmsg/local/lib/python3.10/dist-packages/arucosrvmsg/arucosrvmsg_s__rosidl_typesupport_c.cpython-310-x86_64-linux-gnu.so
[1.869s] -- Set runtime path of "/home/shridhar/Workspaces/mrt_ws/Task2/install/arucosrvmsg/local/lib/python3.10/dist-packages/arucosrvmsg/arucosrvmsg_s__rosidl_typesupport_c.cpython-310-x86_64-linux-gnu.so" to ""
[1.870s] -- Installing: /home/shridhar/Workspaces/mrt_ws/Task2/install/arucosrvmsg/lib/libarucosrvmsg__rosidl_generator_py.so
[1.870s] -- Set runtime path of "/home/shridhar/Workspaces/mrt_ws/Task2/install/arucosrvmsg/lib/libarucosrvmsg__rosidl_generator_py.so" to ""
[1.870s] -- Up-to-date: /home/shridhar/Workspaces/mrt_ws/Task2/install/arucosrvmsg/share/arucosrvmsg/msg/ArucoMarkers.idl
[1.870s] -- Up-to-date: /home/shridhar/Workspaces/mrt_ws/Task2/install/arucosrvmsg/share/arucosrvmsg/srv/ArucoMarkers.idl
[1.870s] -- Up-to-date: /home/shridhar/Workspaces/mrt_ws/Task2/install/arucosrvmsg/share/arucosrvmsg/msg/ArucoMarkers.msg
[1.870s] -- Up-to-date: /home/shridhar/Workspaces/mrt_ws/Task2/install/arucosrvmsg/share/arucosrvmsg/srv/ArucoMarkers.srv
[1.870s] -- Up-to-date: /home/shridhar/Workspaces/mrt_ws/Task2/install/arucosrvmsg/share/arucosrvmsg/srv/ArucoMarkers_Request.msg
[1.870s] -- Up-to-date: /home/shridhar/Workspaces/mrt_ws/Task2/install/arucosrvmsg/share/arucosrvmsg/srv/ArucoMarkers_Response.msg
[1.870s] -- Up-to-date: /home/shridhar/Workspaces/mrt_ws/Task2/install/arucosrvmsg/share/ament_index/resource_index/package_run_dependencies/arucosrvmsg
[1.870s] -- Installing: /home/shridhar/Workspaces/mrt_ws/Task2/install/arucosrvmsg/share/ament_index/resource_index/parent_prefix_path/arucosrvmsg
[1.870s] -- Installing: /home/shridhar/Workspaces/mrt_ws/Task2/install/arucosrvmsg/share/arucosrvmsg/environment/ament_prefix_path.sh
[1.870s] -- Installing: /home/shridhar/Workspaces/mrt_ws/Task2/install/arucosrvmsg/share/arucosrvmsg/environment/ament_prefix_path.dsv
[1.870s] -- Installing: /home/shridhar/Workspaces/mrt_ws/Task2/install/arucosrvmsg/share/arucosrvmsg/environment/path.sh
[1.870s] -- Installing: /home/shridhar/Workspaces/mrt_ws/Task2/install/arucosrvmsg/share/arucosrvmsg/environment/path.dsv
[1.870s] -- Up-to-date: /home/shridhar/Workspaces/mrt_ws/Task2/install/arucosrvmsg/share/arucosrvmsg/local_setup.bash
[1.870s] -- Up-to-date: /home/shridhar/Workspaces/mrt_ws/Task2/install/arucosrvmsg/share/arucosrvmsg/local_setup.sh
[1.871s] -- Up-to-date: /home/shridhar/Workspaces/mrt_ws/Task2/install/arucosrvmsg/share/arucosrvmsg/local_setup.zsh
[1.871s] -- Installing: /home/shridhar/Workspaces/mrt_ws/Task2/install/arucosrvmsg/share/arucosrvmsg/local_setup.dsv
[1.871s] -- Installing: /home/shridhar/Workspaces/mrt_ws/Task2/install/arucosrvmsg/share/arucosrvmsg/package.dsv
[1.871s] -- Up-to-date: /home/shridhar/Workspaces/mrt_ws/Task2/install/arucosrvmsg/share/ament_index/resource_index/packages/arucosrvmsg
[1.871s] -- Up-to-date: /home/shridhar/Workspaces/mrt_ws/Task2/install/arucosrvmsg/share/arucosrvmsg/cmake/export_arucosrvmsg__rosidl_generator_cExport.cmake
[1.871s] -- Up-to-date: /home/shridhar/Workspaces/mrt_ws/Task2/install/arucosrvmsg/share/arucosrvmsg/cmake/export_arucosrvmsg__rosidl_generator_cExport-noconfig.cmake
[1.871s] -- Up-to-date: /home/shridhar/Workspaces/mrt_ws/Task2/install/arucosrvmsg/share/arucosrvmsg/cmake/export_arucosrvmsg__rosidl_typesupport_fastrtps_cExport.cmake
[1.871s] -- Up-to-date: /home/shridhar/Workspaces/mrt_ws/Task2/install/arucosrvmsg/share/arucosrvmsg/cmake/export_arucosrvmsg__rosidl_typesupport_fastrtps_cExport-noconfig.cmake
[1.871s] -- Up-to-date: /home/shridhar/Workspaces/mrt_ws/Task2/install/arucosrvmsg/share/arucosrvmsg/cmake/export_arucosrvmsg__rosidl_generator_cppExport.cmake
[1.871s] -- Up-to-date: /home/shridhar/Workspaces/mrt_ws/Task2/install/arucosrvmsg/share/arucosrvmsg/cmake/export_arucosrvmsg__rosidl_typesupport_fastrtps_cppExport.cmake
[1.871s] -- Up-to-date: /home/shridhar/Workspaces/mrt_ws/Task2/install/arucosrvmsg/share/arucosrvmsg/cmake/export_arucosrvmsg__rosidl_typesupport_fastrtps_cppExport-noconfig.cmake
[1.871s] -- Up-to-date: /home/shridhar/Workspaces/mrt_ws/Task2/install/arucosrvmsg/share/arucosrvmsg/cmake/arucosrvmsg__rosidl_typesupport_introspection_cExport.cmake
[1.871s] -- Up-to-date: /home/shridhar/Workspaces/mrt_ws/Task2/install/arucosrvmsg/share/arucosrvmsg/cmake/arucosrvmsg__rosidl_typesupport_introspection_cExport-noconfig.cmake
[1.871s] -- Up-to-date: /home/shridhar/Workspaces/mrt_ws/Task2/install/arucosrvmsg/share/arucosrvmsg/cmake/arucosrvmsg__rosidl_typesupport_cExport.cmake
[1.871s] -- Up-to-date: /home/shridhar/Workspaces/mrt_ws/Task2/install/arucosrvmsg/share/arucosrvmsg/cmake/arucosrvmsg__rosidl_typesupport_cExport-noconfig.cmake
[1.871s] -- Up-to-date: /home/shridhar/Workspaces/mrt_ws/Task2/install/arucosrvmsg/share/arucosrvmsg/cmake/arucosrvmsg__rosidl_typesupport_introspection_cppExport.cmake
[1.871s] -- Up-to-date: /home/shridhar/Workspaces/mrt_ws/Task2/install/arucosrvmsg/share/arucosrvmsg/cmake/arucosrvmsg__rosidl_typesupport_introspection_cppExport-noconfig.cmake
[1.871s] -- Up-to-date: /home/shridhar/Workspaces/mrt_ws/Task2/install/arucosrvmsg/share/arucosrvmsg/cmake/arucosrvmsg__rosidl_typesupport_cppExport.cmake
[1.871s] -- Up-to-date: /home/shridhar/Workspaces/mrt_ws/Task2/install/arucosrvmsg/share/arucosrvmsg/cmake/arucosrvmsg__rosidl_typesupport_cppExport-noconfig.cmake
[1.871s] -- Up-to-date: /home/shridhar/Workspaces/mrt_ws/Task2/install/arucosrvmsg/share/arucosrvmsg/cmake/export_arucosrvmsg__rosidl_generator_pyExport.cmake
[1.871s] -- Up-to-date: /home/shridhar/Workspaces/mrt_ws/Task2/install/arucosrvmsg/share/arucosrvmsg/cmake/export_arucosrvmsg__rosidl_generator_pyExport-noconfig.cmake
[1.871s] -- Up-to-date: /home/shridhar/Workspaces/mrt_ws/Task2/install/arucosrvmsg/share/arucosrvmsg/cmake/rosidl_cmake-extras.cmake
[1.872s] -- Up-to-date: /home/shridhar/Workspaces/mrt_ws/Task2/install/arucosrvmsg/share/arucosrvmsg/cmake/ament_cmake_export_dependencies-extras.cmake
[1.872s] -- Up-to-date: /home/shridhar/Workspaces/mrt_ws/Task2/install/arucosrvmsg/share/arucosrvmsg/cmake/ament_cmake_export_include_directories-extras.cmake
[1.872s] -- Up-to-date: /home/shridhar/Workspaces/mrt_ws/Task2/install/arucosrvmsg/share/arucosrvmsg/cmake/ament_cmake_export_libraries-extras.cmake
[1.872s] -- Up-to-date: /home/shridhar/Workspaces/mrt_ws/Task2/install/arucosrvmsg/share/arucosrvmsg/cmake/ament_cmake_export_targets-extras.cmake
[1.872s] -- Up-to-date: /home/shridhar/Workspaces/mrt_ws/Task2/install/arucosrvmsg/share/arucosrvmsg/cmake/rosidl_cmake_export_typesupport_targets-extras.cmake
[1.872s] -- Up-to-date: /home/shridhar/Workspaces/mrt_ws/Task2/install/arucosrvmsg/share/arucosrvmsg/cmake/rosidl_cmake_export_typesupport_libraries-extras.cmake
[1.872s] -- Up-to-date: /home/shridhar/Workspaces/mrt_ws/Task2/install/arucosrvmsg/share/arucosrvmsg/cmake/arucosrvmsgConfig.cmake
[1.872s] -- Up-to-date: /home/shridhar/Workspaces/mrt_ws/Task2/install/arucosrvmsg/share/arucosrvmsg/cmake/arucosrvmsgConfig-version.cmake
[1.872s] -- Up-to-date: /home/shridhar/Workspaces/mrt_ws/Task2/install/arucosrvmsg/share/arucosrvmsg/package.xml
[1.873s] Invoked command in '/home/shridhar/Workspaces/mrt_ws/Task2/build/arucosrvmsg' returned '0': CMAKE_PREFIX_PATH=${CMAKE_PREFIX_PATH}:/home/shridhar/Workspaces/mrt_ws/Task2/install/serveradd:/home/shridhar/Workspaces/mrt_ws/Task2/install/makeexit:/home/shridhar/Workspaces/mrt_ws/Task2/install/arucoserver:/opt/ros/humble /usr/bin/cmake --install /home/shridhar/Workspaces/mrt_ws/Task2/build/arucosrvmsg
