/home/shridhar/Workspaces/mrt_ws/Task2/install/arucoserver/lib/python3.10/site-packages/arucoserver/service.py
/home/shridhar/Workspaces/mrt_ws/Task2/install/arucoserver/lib/python3.10/site-packages/arucoserver/__init__.py
/home/shridhar/Workspaces/mrt_ws/Task2/install/arucoserver/lib/python3.10/site-packages/arucoserver/webcam.py
/home/shridhar/Workspaces/mrt_ws/Task2/install/arucoserver/lib/python3.10/site-packages/arucoserver/client.py
/home/shridhar/Workspaces/mrt_ws/Task2/install/arucoserver/lib/python3.10/site-packages/arucoserver/videoserver.py
/home/shridhar/Workspaces/mrt_ws/Task2/install/arucoserver/lib/python3.10/site-packages/arucoserver/servicetest.py
/home/shridhar/Workspaces/mrt_ws/Task2/install/arucoserver/lib/python3.10/site-packages/arucoserver/__pycache__/service.cpython-310.pyc
/home/shridhar/Workspaces/mrt_ws/Task2/install/arucoserver/lib/python3.10/site-packages/arucoserver/__pycache__/__init__.cpython-310.pyc
/home/shridhar/Workspaces/mrt_ws/Task2/install/arucoserver/lib/python3.10/site-packages/arucoserver/__pycache__/webcam.cpython-310.pyc
/home/shridhar/Workspaces/mrt_ws/Task2/install/arucoserver/lib/python3.10/site-packages/arucoserver/__pycache__/client.cpython-310.pyc
/home/shridhar/Workspaces/mrt_ws/Task2/install/arucoserver/lib/python3.10/site-packages/arucoserver/__pycache__/videoserver.cpython-310.pyc
/home/shridhar/Workspaces/mrt_ws/Task2/install/arucoserver/lib/python3.10/site-packages/arucoserver/__pycache__/servicetest.cpython-310.pyc
/home/shridhar/Workspaces/mrt_ws/Task2/install/arucoserver/share/ament_index/resource_index/packages/arucoserver
/home/shridhar/Workspaces/mrt_ws/Task2/install/arucoserver/share/arucoserver/package.xml
/home/shridhar/Workspaces/mrt_ws/Task2/install/arucoserver/lib/python3.10/site-packages/arucoserver-0.0.0-py3.10.egg-info/entry_points.txt
/home/shridhar/Workspaces/mrt_ws/Task2/install/arucoserver/lib/python3.10/site-packages/arucoserver-0.0.0-py3.10.egg-info/requires.txt
/home/shridhar/Workspaces/mrt_ws/Task2/install/arucoserver/lib/python3.10/site-packages/arucoserver-0.0.0-py3.10.egg-info/zip-safe
/home/shridhar/Workspaces/mrt_ws/Task2/install/arucoserver/lib/python3.10/site-packages/arucoserver-0.0.0-py3.10.egg-info/top_level.txt
/home/shridhar/Workspaces/mrt_ws/Task2/install/arucoserver/lib/python3.10/site-packages/arucoserver-0.0.0-py3.10.egg-info/dependency_links.txt
/home/shridhar/Workspaces/mrt_ws/Task2/install/arucoserver/lib/python3.10/site-packages/arucoserver-0.0.0-py3.10.egg-info/PKG-INFO
/home/shridhar/Workspaces/mrt_ws/Task2/install/arucoserver/lib/python3.10/site-packages/arucoserver-0.0.0-py3.10.egg-info/SOURCES.txt
/home/shridhar/Workspaces/mrt_ws/Task2/install/arucoserver/lib/arucoserver/client
/home/shridhar/Workspaces/mrt_ws/Task2/install/arucoserver/lib/arucoserver/service
/home/shridhar/Workspaces/mrt_ws/Task2/install/arucoserver/lib/arucoserver/testaruco
/home/shridhar/Workspaces/mrt_ws/Task2/install/arucoserver/lib/arucoserver/videoaruco
/home/shridhar/Workspaces/mrt_ws/Task2/install/arucoserver/lib/arucoserver/webcam
