[0.905s] Invoking command in '/home/shridhar/mrt_ws/src/week0_tutorials': PYTHONPATH=/home/shridhar/mrt_ws/build/week0_tutorials/prefix_override:/usr/lib/python3/dist-packages/colcon_core/task/python/colcon_distutils_commands:/home/shridhar/mrt_ws/install/week0_tutorials/lib/python3.10/site-packages:${PYTHONPATH} /usr/bin/python3 -W ignore:setup.py install is deprecated setup.py egg_info --egg-base ../../build/week0_tutorials build --build-base /home/shridhar/mrt_ws/build/week0_tutorials/build install --record /home/shridhar/mrt_ws/build/week0_tutorials/install.log --single-version-externally-managed install_data
[1.131s] running egg_info
[1.132s] writing ../../build/week0_tutorials/week0_tutorials.egg-info/PKG-INFO
[1.132s] writing dependency_links to ../../build/week0_tutorials/week0_tutorials.egg-info/dependency_links.txt
[1.132s] writing entry points to ../../build/week0_tutorials/week0_tutorials.egg-info/entry_points.txt
[1.132s] writing requirements to ../../build/week0_tutorials/week0_tutorials.egg-info/requires.txt
[1.132s] writing top-level names to ../../build/week0_tutorials/week0_tutorials.egg-info/top_level.txt
[1.134s] reading manifest file '../../build/week0_tutorials/week0_tutorials.egg-info/SOURCES.txt'
[1.135s] writing manifest file '../../build/week0_tutorials/week0_tutorials.egg-info/SOURCES.txt'
[1.135s] running build
[1.135s] running build_py
[1.135s] running install
[1.135s] running install_lib
[1.136s] running install_data
[1.136s] running install_egg_info
[1.138s] removing '/home/shridhar/mrt_ws/install/week0_tutorials/lib/python3.10/site-packages/week0_tutorials-0.0.0-py3.10.egg-info' (and everything under it)
[1.138s] Copying ../../build/week0_tutorials/week0_tutorials.egg-info to /home/shridhar/mrt_ws/install/week0_tutorials/lib/python3.10/site-packages/week0_tutorials-0.0.0-py3.10.egg-info
[1.139s] running install_scripts
[1.161s] Installing publisher script to /home/shridhar/mrt_ws/install/week0_tutorials/lib/week0_tutorials
[1.161s] Installing subscriber script to /home/shridhar/mrt_ws/install/week0_tutorials/lib/week0_tutorials
[1.161s] writing list of installed files to '/home/shridhar/mrt_ws/build/week0_tutorials/install.log'
[1.189s] Invoked command in '/home/shridhar/mrt_ws/src/week0_tutorials' returned '0': PYTHONPATH=/home/shridhar/mrt_ws/build/week0_tutorials/prefix_override:/usr/lib/python3/dist-packages/colcon_core/task/python/colcon_distutils_commands:/home/shridhar/mrt_ws/install/week0_tutorials/lib/python3.10/site-packages:${PYTHONPATH} /usr/bin/python3 -W ignore:setup.py install is deprecated setup.py egg_info --egg-base ../../build/week0_tutorials build --build-base /home/shridhar/mrt_ws/build/week0_tutorials/build install --record /home/shridhar/mrt_ws/build/week0_tutorials/install.log --single-version-externally-managed install_data
