[0.652s] Invoking command in '/home/shridhar/Workspaces/mrt_ws/Task2/src/arucoserver': CMAKE_PREFIX_PATH=/home/shridhar/Workspaces/mrt_ws/Task2/install/arucosrvmsg:/home/shridhar/Workspaces/mrt_ws/Task2/install/threeinttopic:/home/shridhar/Workspaces/mrt_ws/Task2/install/addthreeints PYTHONPATH=/home/shridhar/Workspaces/mrt_ws/Task2/build/arucoserver/prefix_override:/usr/lib/python3/dist-packages/colcon_core/task/python/colcon_distutils_commands:/home/shridhar/Workspaces/mrt_ws/Task2/install/arucoserver/lib/python3.10/site-packages:${PYTHONPATH} /usr/bin/python3 -W ignore:setup.py install is deprecated setup.py egg_info --egg-base ../../build/arucoserver build --build-base /home/shridhar/Workspaces/mrt_ws/Task2/build/arucoserver/build install --record /home/shridhar/Workspaces/mrt_ws/Task2/build/arucoserver/install.log --single-version-externally-managed install_data
[0.889s] running egg_info
[0.890s] writing ../../build/arucoserver/arucoserver.egg-info/PKG-INFO
[0.890s] writing dependency_links to ../../build/arucoserver/arucoserver.egg-info/dependency_links.txt
[0.890s] writing entry points to ../../build/arucoserver/arucoserver.egg-info/entry_points.txt
[0.890s] writing requirements to ../../build/arucoserver/arucoserver.egg-info/requires.txt
[0.890s] writing top-level names to ../../build/arucoserver/arucoserver.egg-info/top_level.txt
[0.892s] reading manifest file '../../build/arucoserver/arucoserver.egg-info/SOURCES.txt'
[0.893s] writing manifest file '../../build/arucoserver/arucoserver.egg-info/SOURCES.txt'
[0.893s] running build
[0.893s] running build_py
[0.893s] copying arucoserver/webcam.py -> /home/shridhar/Workspaces/mrt_ws/Task2/build/arucoserver/build/lib/arucoserver
[0.893s] running install
[0.894s] running install_lib
[0.894s] copying /home/shridhar/Workspaces/mrt_ws/Task2/build/arucoserver/build/lib/arucoserver/webcam.py -> /home/shridhar/Workspaces/mrt_ws/Task2/install/arucoserver/lib/python3.10/site-packages/arucoserver
[0.895s] byte-compiling /home/shridhar/Workspaces/mrt_ws/Task2/install/arucoserver/lib/python3.10/site-packages/arucoserver/webcam.py to webcam.cpython-310.pyc
[0.896s] running install_data
[0.896s] running install_egg_info
[0.898s] removing '/home/shridhar/Workspaces/mrt_ws/Task2/install/arucoserver/lib/python3.10/site-packages/arucoserver-0.0.0-py3.10.egg-info' (and everything under it)
[0.899s] Copying ../../build/arucoserver/arucoserver.egg-info to /home/shridhar/Workspaces/mrt_ws/Task2/install/arucoserver/lib/python3.10/site-packages/arucoserver-0.0.0-py3.10.egg-info
[0.899s] running install_scripts
[0.923s] Installing client script to /home/shridhar/Workspaces/mrt_ws/Task2/install/arucoserver/lib/arucoserver
[0.923s] Installing service script to /home/shridhar/Workspaces/mrt_ws/Task2/install/arucoserver/lib/arucoserver
[0.924s] Installing testaruco script to /home/shridhar/Workspaces/mrt_ws/Task2/install/arucoserver/lib/arucoserver
[0.924s] Installing videoaruco script to /home/shridhar/Workspaces/mrt_ws/Task2/install/arucoserver/lib/arucoserver
[0.924s] Installing webcam script to /home/shridhar/Workspaces/mrt_ws/Task2/install/arucoserver/lib/arucoserver
[0.924s] writing list of installed files to '/home/shridhar/Workspaces/mrt_ws/Task2/build/arucoserver/install.log'
[0.953s] Invoked command in '/home/shridhar/Workspaces/mrt_ws/Task2/src/arucoserver' returned '0': CMAKE_PREFIX_PATH=/home/shridhar/Workspaces/mrt_ws/Task2/install/arucosrvmsg:/home/shridhar/Workspaces/mrt_ws/Task2/install/threeinttopic:/home/shridhar/Workspaces/mrt_ws/Task2/install/addthreeints PYTHONPATH=/home/shridhar/Workspaces/mrt_ws/Task2/build/arucoserver/prefix_override:/usr/lib/python3/dist-packages/colcon_core/task/python/colcon_distutils_commands:/home/shridhar/Workspaces/mrt_ws/Task2/install/arucoserver/lib/python3.10/site-packages:${PYTHONPATH} /usr/bin/python3 -W ignore:setup.py install is deprecated setup.py egg_info --egg-base ../../build/arucoserver build --build-base /home/shridhar/Workspaces/mrt_ws/Task2/build/arucoserver/build install --record /home/shridhar/Workspaces/mrt_ws/Task2/build/arucoserver/install.log --single-version-externally-managed install_data
