running egg_info
creating ../../build/makeexit/makeexit.egg-info
writing ../../build/makeexit/makeexit.egg-info/PKG-INFO
writing dependency_links to ../../build/makeexit/makeexit.egg-info/dependency_links.txt
writing entry points to ../../build/makeexit/makeexit.egg-info/entry_points.txt
writing requirements to ../../build/makeexit/makeexit.egg-info/requires.txt
writing top-level names to ../../build/makeexit/makeexit.egg-info/top_level.txt
writing manifest file '../../build/makeexit/makeexit.egg-info/SOURCES.txt'
reading manifest file '../../build/makeexit/makeexit.egg-info/SOURCES.txt'
writing manifest file '../../build/makeexit/makeexit.egg-info/SOURCES.txt'
running build
running build_py
creating /home/shridhar/Workspaces/mrt_ws/Task2/build/makeexit/build
creating /home/shridhar/Workspaces/mrt_ws/Task2/build/makeexit/build/lib
creating /home/shridhar/Workspaces/mrt_ws/Task2/build/makeexit/build/lib/makeexit
copying makeexit/__init__.py -> /home/shridhar/Workspaces/mrt_ws/Task2/build/makeexit/build/lib/makeexit
running install
running install_lib
creating /home/shridhar/Workspaces/mrt_ws/Task2/install/makeexit/lib/python3.10/site-packages/makeexit
copying /home/shridhar/Workspaces/mrt_ws/Task2/build/makeexit/build/lib/makeexit/__init__.py -> /home/shridhar/Workspaces/mrt_ws/Task2/install/makeexit/lib/python3.10/site-packages/makeexit
byte-compiling /home/shridhar/Workspaces/mrt_ws/Task2/install/makeexit/lib/python3.10/site-packages/makeexit/__init__.py to __init__.cpython-310.pyc
running install_data
creating /home/shridhar/Workspaces/mrt_ws/Task2/install/makeexit/share/ament_index
creating /home/shridhar/Workspaces/mrt_ws/Task2/install/makeexit/share/ament_index/resource_index
creating /home/shridhar/Workspaces/mrt_ws/Task2/install/makeexit/share/ament_index/resource_index/packages
copying resource/makeexit -> /home/shridhar/Workspaces/mrt_ws/Task2/install/makeexit/share/ament_index/resource_index/packages
copying package.xml -> /home/shridhar/Workspaces/mrt_ws/Task2/install/makeexit/share/makeexit
running install_egg_info
Copying ../../build/makeexit/makeexit.egg-info to /home/shridhar/Workspaces/mrt_ws/Task2/install/makeexit/lib/python3.10/site-packages/makeexit-0.0.0-py3.10.egg-info
running install_scripts
writing list of installed files to '/home/shridhar/Workspaces/mrt_ws/Task2/build/makeexit/install.log'
