[0.634s] Invoking command in '/home/shridhar/Workspaces/mrt_ws/Task4/src/assgn': PYTHONPATH=/home/shridhar/Workspaces/mrt_ws/Task4/build/assgn/prefix_override:/usr/lib/python3/dist-packages/colcon_core/task/python/colcon_distutils_commands:/home/shridhar/Workspaces/mrt_ws/Task4/install/assgn/lib/python3.10/site-packages:${PYTHONPATH} /usr/bin/python3 -W ignore:setup.py install is deprecated setup.py egg_info --egg-base ../../build/assgn build --build-base /home/shridhar/Workspaces/mrt_ws/Task4/build/assgn/build install --record /home/shridhar/Workspaces/mrt_ws/Task4/build/assgn/install.log --single-version-externally-managed install_data
[0.873s] running egg_info
[0.874s] writing ../../build/assgn/assgn.egg-info/PKG-INFO
[0.874s] writing dependency_links to ../../build/assgn/assgn.egg-info/dependency_links.txt
[0.874s] writing entry points to ../../build/assgn/assgn.egg-info/entry_points.txt
[0.875s] writing requirements to ../../build/assgn/assgn.egg-info/requires.txt
[0.875s] writing top-level names to ../../build/assgn/assgn.egg-info/top_level.txt
[0.876s] reading manifest file '../../build/assgn/assgn.egg-info/SOURCES.txt'
[0.877s] writing manifest file '../../build/assgn/assgn.egg-info/SOURCES.txt'
[0.877s] running build
[0.877s] running build_py
[0.877s] copying assgn/generateRandomPillars.py -> /home/shridhar/Workspaces/mrt_ws/Task4/build/assgn/build/lib/assgn
[0.877s] running install
[0.877s] running install_lib
[0.878s] copying /home/shridhar/Workspaces/mrt_ws/Task4/build/assgn/build/lib/assgn/generateRandomPillars.py -> /home/shridhar/Workspaces/mrt_ws/Task4/install/assgn/lib/python3.10/site-packages/assgn
[0.879s] byte-compiling /home/shridhar/Workspaces/mrt_ws/Task4/install/assgn/lib/python3.10/site-packages/assgn/generateRandomPillars.py to generateRandomPillars.cpython-310.pyc
[0.879s] running install_data
[0.879s] copying worlds/mrs_hudson_arena.sdf -> /home/shridhar/Workspaces/mrt_ws/Task4/install/assgn/share/assgn/worlds
[0.879s] copying launch/mrs_hudson_world.launch.py -> /home/shridhar/Workspaces/mrt_ws/Task4/install/assgn/share/assgn/launch
[0.879s] running install_egg_info
[0.882s] removing '/home/shridhar/Workspaces/mrt_ws/Task4/install/assgn/lib/python3.10/site-packages/assgn-0.0.0-py3.10.egg-info' (and everything under it)
[0.882s] Copying ../../build/assgn/assgn.egg-info to /home/shridhar/Workspaces/mrt_ws/Task4/install/assgn/lib/python3.10/site-packages/assgn-0.0.0-py3.10.egg-info
[0.882s] running install_scripts
[0.903s] Installing 96 script to /home/shridhar/Workspaces/mrt_ws/Task4/install/assgn/lib/assgn
[0.903s] writing list of installed files to '/home/shridhar/Workspaces/mrt_ws/Task4/build/assgn/install.log'
[0.926s] Invoked command in '/home/shridhar/Workspaces/mrt_ws/Task4/src/assgn' returned '0': PYTHONPATH=/home/shridhar/Workspaces/mrt_ws/Task4/build/assgn/prefix_override:/usr/lib/python3/dist-packages/colcon_core/task/python/colcon_distutils_commands:/home/shridhar/Workspaces/mrt_ws/Task4/install/assgn/lib/python3.10/site-packages:${PYTHONPATH} /usr/bin/python3 -W ignore:setup.py install is deprecated setup.py egg_info --egg-base ../../build/assgn build --build-base /home/shridhar/Workspaces/mrt_ws/Task4/build/assgn/build install --record /home/shridhar/Workspaces/mrt_ws/Task4/build/assgn/install.log --single-version-externally-managed install_data
