running egg_info
creating ../../build/sauron/sauron.egg-info
writing ../../build/sauron/sauron.egg-info/PKG-INFO
writing dependency_links to ../../build/sauron/sauron.egg-info/dependency_links.txt
writing entry points to ../../build/sauron/sauron.egg-info/entry_points.txt
writing requirements to ../../build/sauron/sauron.egg-info/requires.txt
writing top-level names to ../../build/sauron/sauron.egg-info/top_level.txt
writing manifest file '../../build/sauron/sauron.egg-info/SOURCES.txt'
reading manifest file '../../build/sauron/sauron.egg-info/SOURCES.txt'
writing manifest file '../../build/sauron/sauron.egg-info/SOURCES.txt'
running build
running build_py
creating /home/shridhar/mrt_ws/build/sauron/build
creating /home/shridhar/mrt_ws/build/sauron/build/lib
creating /home/shridhar/mrt_ws/build/sauron/build/lib/sauron
copying sauron/publisher1.py -> /home/shridhar/mrt_ws/build/sauron/build/lib/sauron
copying sauron/publisher2.py -> /home/shridhar/mrt_ws/build/sauron/build/lib/sauron
copying sauron/listener.py -> /home/shridhar/mrt_ws/build/sauron/build/lib/sauron
copying sauron/__init__.py -> /home/shridhar/mrt_ws/build/sauron/build/lib/sauron
running install
running install_lib
creating /home/shridhar/mrt_ws/install/sauron/lib/python3.10/site-packages/sauron
copying /home/shridhar/mrt_ws/build/sauron/build/lib/sauron/publisher1.py -> /home/shridhar/mrt_ws/install/sauron/lib/python3.10/site-packages/sauron
copying /home/shridhar/mrt_ws/build/sauron/build/lib/sauron/publisher2.py -> /home/shridhar/mrt_ws/install/sauron/lib/python3.10/site-packages/sauron
copying /home/shridhar/mrt_ws/build/sauron/build/lib/sauron/listener.py -> /home/shridhar/mrt_ws/install/sauron/lib/python3.10/site-packages/sauron
copying /home/shridhar/mrt_ws/build/sauron/build/lib/sauron/__init__.py -> /home/shridhar/mrt_ws/install/sauron/lib/python3.10/site-packages/sauron
byte-compiling /home/shridhar/mrt_ws/install/sauron/lib/python3.10/site-packages/sauron/publisher1.py to publisher1.cpython-310.pyc
byte-compiling /home/shridhar/mrt_ws/install/sauron/lib/python3.10/site-packages/sauron/publisher2.py to publisher2.cpython-310.pyc
byte-compiling /home/shridhar/mrt_ws/install/sauron/lib/python3.10/site-packages/sauron/listener.py to listener.cpython-310.pyc
byte-compiling /home/shridhar/mrt_ws/install/sauron/lib/python3.10/site-packages/sauron/__init__.py to __init__.cpython-310.pyc
running install_data
creating /home/shridhar/mrt_ws/install/sauron/share/sauron/launch
creating /home/shridhar/mrt_ws/install/sauron/share/ament_index
creating /home/shridhar/mrt_ws/install/sauron/share/ament_index/resource_index
creating /home/shridhar/mrt_ws/install/sauron/share/ament_index/resource_index/packages
copying resource/sauron -> /home/shridhar/mrt_ws/install/sauron/share/ament_index/resource_index/packages
copying package.xml -> /home/shridhar/mrt_ws/install/sauron/share/sauron
running install_egg_info
Copying ../../build/sauron/sauron.egg-info to /home/shridhar/mrt_ws/install/sauron/lib/python3.10/site-packages/sauron-0.0.0-py3.10.egg-info
running install_scripts
Installing listener script to /home/shridhar/mrt_ws/install/sauron/lib/sauron
Installing publisher1 script to /home/shridhar/mrt_ws/install/sauron/lib/sauron
Installing publisher2 script to /home/shridhar/mrt_ws/install/sauron/lib/sauron
writing list of installed files to '/home/shridhar/mrt_ws/build/sauron/install.log'
