[0.931s] Invoking command in '/home/shridhar/mrt_ws/src/sauron': PYTHONPATH=/home/shridhar/mrt_ws/build/sauron/prefix_override:/usr/lib/python3/dist-packages/colcon_core/task/python/colcon_distutils_commands:/home/shridhar/mrt_ws/install/sauron/lib/python3.10/site-packages:${PYTHONPATH} /usr/bin/python3 -W ignore:setup.py install is deprecated setup.py egg_info --egg-base ../../build/sauron build --build-base /home/shridhar/mrt_ws/build/sauron/build install --record /home/shridhar/mrt_ws/build/sauron/install.log --single-version-externally-managed install_data
[1.156s] running egg_info
[1.157s] creating ../../build/sauron/sauron.egg-info
[1.157s] writing ../../build/sauron/sauron.egg-info/PKG-INFO
[1.157s] writing dependency_links to ../../build/sauron/sauron.egg-info/dependency_links.txt
[1.157s] writing entry points to ../../build/sauron/sauron.egg-info/entry_points.txt
[1.157s] writing requirements to ../../build/sauron/sauron.egg-info/requires.txt
[1.157s] writing top-level names to ../../build/sauron/sauron.egg-info/top_level.txt
[1.158s] writing manifest file '../../build/sauron/sauron.egg-info/SOURCES.txt'
[1.159s] reading manifest file '../../build/sauron/sauron.egg-info/SOURCES.txt'
[1.160s] writing manifest file '../../build/sauron/sauron.egg-info/SOURCES.txt'
[1.160s] running build
[1.160s] running build_py
[1.160s] creating /home/shridhar/mrt_ws/build/sauron/build
[1.160s] creating /home/shridhar/mrt_ws/build/sauron/build/lib
[1.160s] creating /home/shridhar/mrt_ws/build/sauron/build/lib/sauron
[1.160s] copying sauron/publisher1.py -> /home/shridhar/mrt_ws/build/sauron/build/lib/sauron
[1.160s] copying sauron/publisher2.py -> /home/shridhar/mrt_ws/build/sauron/build/lib/sauron
[1.160s] copying sauron/listener.py -> /home/shridhar/mrt_ws/build/sauron/build/lib/sauron
[1.160s] copying sauron/__init__.py -> /home/shridhar/mrt_ws/build/sauron/build/lib/sauron
[1.160s] running install
[1.161s] running install_lib
[1.161s] creating /home/shridhar/mrt_ws/install/sauron/lib/python3.10/site-packages/sauron
[1.161s] copying /home/shridhar/mrt_ws/build/sauron/build/lib/sauron/publisher1.py -> /home/shridhar/mrt_ws/install/sauron/lib/python3.10/site-packages/sauron
[1.162s] copying /home/shridhar/mrt_ws/build/sauron/build/lib/sauron/publisher2.py -> /home/shridhar/mrt_ws/install/sauron/lib/python3.10/site-packages/sauron
[1.162s] copying /home/shridhar/mrt_ws/build/sauron/build/lib/sauron/listener.py -> /home/shridhar/mrt_ws/install/sauron/lib/python3.10/site-packages/sauron
[1.162s] copying /home/shridhar/mrt_ws/build/sauron/build/lib/sauron/__init__.py -> /home/shridhar/mrt_ws/install/sauron/lib/python3.10/site-packages/sauron
[1.162s] byte-compiling /home/shridhar/mrt_ws/install/sauron/lib/python3.10/site-packages/sauron/publisher1.py to publisher1.cpython-310.pyc
[1.163s] byte-compiling /home/shridhar/mrt_ws/install/sauron/lib/python3.10/site-packages/sauron/publisher2.py to publisher2.cpython-310.pyc
[1.163s] byte-compiling /home/shridhar/mrt_ws/install/sauron/lib/python3.10/site-packages/sauron/listener.py to listener.cpython-310.pyc
[1.163s] byte-compiling /home/shridhar/mrt_ws/install/sauron/lib/python3.10/site-packages/sauron/__init__.py to __init__.cpython-310.pyc
[1.163s] running install_data
[1.163s] creating /home/shridhar/mrt_ws/install/sauron/share/sauron/launch
[1.163s] creating /home/shridhar/mrt_ws/install/sauron/share/ament_index
[1.164s] creating /home/shridhar/mrt_ws/install/sauron/share/ament_index/resource_index
[1.164s] creating /home/shridhar/mrt_ws/install/sauron/share/ament_index/resource_index/packages
[1.164s] copying resource/sauron -> /home/shridhar/mrt_ws/install/sauron/share/ament_index/resource_index/packages
[1.164s] copying package.xml -> /home/shridhar/mrt_ws/install/sauron/share/sauron
[1.164s] running install_egg_info
[1.165s] Copying ../../build/sauron/sauron.egg-info to /home/shridhar/mrt_ws/install/sauron/lib/python3.10/site-packages/sauron-0.0.0-py3.10.egg-info
[1.166s] running install_scripts
[1.188s] Installing listener script to /home/shridhar/mrt_ws/install/sauron/lib/sauron
[1.188s] Installing publisher1 script to /home/shridhar/mrt_ws/install/sauron/lib/sauron
[1.188s] Installing publisher2 script to /home/shridhar/mrt_ws/install/sauron/lib/sauron
[1.188s] writing list of installed files to '/home/shridhar/mrt_ws/build/sauron/install.log'
[1.222s] Invoked command in '/home/shridhar/mrt_ws/src/sauron' returned '0': PYTHONPATH=/home/shridhar/mrt_ws/build/sauron/prefix_override:/usr/lib/python3/dist-packages/colcon_core/task/python/colcon_distutils_commands:/home/shridhar/mrt_ws/install/sauron/lib/python3.10/site-packages:${PYTHONPATH} /usr/bin/python3 -W ignore:setup.py install is deprecated setup.py egg_info --egg-base ../../build/sauron build --build-base /home/shridhar/mrt_ws/build/sauron/build install --record /home/shridhar/mrt_ws/build/sauron/install.log --single-version-externally-managed install_data
