[0.012s] Invoking command in '/home/shridhar/Workspaces/mrt_ws/Task3/build/bobthebot': CMAKE_PREFIX_PATH=/opt/ros/humble /usr/bin/cmake --build /home/shridhar/Workspaces/mrt_ws/Task3/build/bobthebot -- -j22 -l22
[0.059s] Invoked command in '/home/shridhar/Workspaces/mrt_ws/Task3/build/bobthebot' returned '0': CMAKE_PREFIX_PATH=/opt/ros/humble /usr/bin/cmake --build /home/shridhar/Workspaces/mrt_ws/Task3/build/bobthebot -- -j22 -l22
[0.096s] Invoking command in '/home/shridhar/Workspaces/mrt_ws/Task3/build/bobthebot': CMAKE_PREFIX_PATH=/opt/ros/humble /usr/bin/cmake --install /home/shridhar/Workspaces/mrt_ws/Task3/build/bobthebot
[0.106s] -- Install configuration: ""
[0.106s] -- Up-to-date: /home/shridhar/Workspaces/mrt_ws/Task3/install/bobthebot/share/ament_index/resource_index/package_run_dependencies/bobthebot
[0.106s] -- Up-to-date: /home/shridhar/Workspaces/mrt_ws/Task3/install/bobthebot/share/ament_index/resource_index/parent_prefix_path/bobthebot
[0.106s] -- Up-to-date: /home/shridhar/Workspaces/mrt_ws/Task3/install/bobthebot/share/bobthebot/environment/ament_prefix_path.sh
[0.106s] -- Up-to-date: /home/shridhar/Workspaces/mrt_ws/Task3/install/bobthebot/share/bobthebot/environment/ament_prefix_path.dsv
[0.106s] -- Up-to-date: /home/shridhar/Workspaces/mrt_ws/Task3/install/bobthebot/share/bobthebot/environment/path.sh
[0.106s] -- Up-to-date: /home/shridhar/Workspaces/mrt_ws/Task3/install/bobthebot/share/bobthebot/environment/path.dsv
[0.106s] -- Up-to-date: /home/shridhar/Workspaces/mrt_ws/Task3/install/bobthebot/share/bobthebot/local_setup.bash
[0.106s] -- Up-to-date: /home/shridhar/Workspaces/mrt_ws/Task3/install/bobthebot/share/bobthebot/local_setup.sh
[0.106s] -- Up-to-date: /home/shridhar/Workspaces/mrt_ws/Task3/install/bobthebot/share/bobthebot/local_setup.zsh
[0.106s] -- Up-to-date: /home/shridhar/Workspaces/mrt_ws/Task3/install/bobthebot/share/bobthebot/local_setup.dsv
[0.106s] -- Up-to-date: /home/shridhar/Workspaces/mrt_ws/Task3/install/bobthebot/share/bobthebot/package.dsv
[0.106s] -- Up-to-date: /home/shridhar/Workspaces/mrt_ws/Task3/install/bobthebot/share/ament_index/resource_index/packages/bobthebot
[0.107s] -- Up-to-date: /home/shridhar/Workspaces/mrt_ws/Task3/install/bobthebot/share/bobthebot/cmake/bobthebotConfig.cmake
[0.107s] -- Up-to-date: /home/shridhar/Workspaces/mrt_ws/Task3/install/bobthebot/share/bobthebot/cmake/bobthebotConfig-version.cmake
[0.107s] -- Up-to-date: /home/shridhar/Workspaces/mrt_ws/Task3/install/bobthebot/share/bobthebot/package.xml
[0.108s] Invoked command in '/home/shridhar/Workspaces/mrt_ws/Task3/build/bobthebot' returned '0': CMAKE_PREFIX_PATH=/opt/ros/humble /usr/bin/cmake --install /home/shridhar/Workspaces/mrt_ws/Task3/build/bobthebot
