/home/shridhar/mrt_ws/Task1/install/sauron/lib/python3.10/site-packages/sauron/publisher1.py
/home/shridhar/mrt_ws/Task1/install/sauron/lib/python3.10/site-packages/sauron/publisher2.py
/home/shridhar/mrt_ws/Task1/install/sauron/lib/python3.10/site-packages/sauron/listener.py
/home/shridhar/mrt_ws/Task1/install/sauron/lib/python3.10/site-packages/sauron/__init__.py
/home/shridhar/mrt_ws/Task1/install/sauron/lib/python3.10/site-packages/sauron/__pycache__/publisher1.cpython-310.pyc
/home/shridhar/mrt_ws/Task1/install/sauron/lib/python3.10/site-packages/sauron/__pycache__/publisher2.cpython-310.pyc
/home/shridhar/mrt_ws/Task1/install/sauron/lib/python3.10/site-packages/sauron/__pycache__/listener.cpython-310.pyc
/home/shridhar/mrt_ws/Task1/install/sauron/lib/python3.10/site-packages/sauron/__pycache__/__init__.cpython-310.pyc
/home/shridhar/mrt_ws/Task1/install/sauron/share/sauron/launch
/home/shridhar/mrt_ws/Task1/install/sauron/share/ament_index/resource_index/packages/sauron
/home/shridhar/mrt_ws/Task1/install/sauron/share/sauron/package.xml
/home/shridhar/mrt_ws/Task1/install/sauron/lib/python3.10/site-packages/sauron-0.0.0-py3.10.egg-info/entry_points.txt
/home/shridhar/mrt_ws/Task1/install/sauron/lib/python3.10/site-packages/sauron-0.0.0-py3.10.egg-info/requires.txt
/home/shridhar/mrt_ws/Task1/install/sauron/lib/python3.10/site-packages/sauron-0.0.0-py3.10.egg-info/zip-safe
/home/shridhar/mrt_ws/Task1/install/sauron/lib/python3.10/site-packages/sauron-0.0.0-py3.10.egg-info/top_level.txt
/home/shridhar/mrt_ws/Task1/install/sauron/lib/python3.10/site-packages/sauron-0.0.0-py3.10.egg-info/dependency_links.txt
/home/shridhar/mrt_ws/Task1/install/sauron/lib/python3.10/site-packages/sauron-0.0.0-py3.10.egg-info/PKG-INFO
/home/shridhar/mrt_ws/Task1/install/sauron/lib/python3.10/site-packages/sauron-0.0.0-py3.10.egg-info/SOURCES.txt
/home/shridhar/mrt_ws/Task1/install/sauron/lib/sauron/listener
/home/shridhar/mrt_ws/Task1/install/sauron/lib/sauron/publisher1
/home/shridhar/mrt_ws/Task1/install/sauron/lib/sauron/publisher2
