running egg_info
creating ../../build/arucoserver/arucoserver.egg-info
writing ../../build/arucoserver/arucoserver.egg-info/PKG-INFO
writing dependency_links to ../../build/arucoserver/arucoserver.egg-info/dependency_links.txt
writing entry points to ../../build/arucoserver/arucoserver.egg-info/entry_points.txt
writing requirements to ../../build/arucoserver/arucoserver.egg-info/requires.txt
writing top-level names to ../../build/arucoserver/arucoserver.egg-info/top_level.txt
writing manifest file '../../build/arucoserver/arucoserver.egg-info/SOURCES.txt'
reading manifest file '../../build/arucoserver/arucoserver.egg-info/SOURCES.txt'
writing manifest file '../../build/arucoserver/arucoserver.egg-info/SOURCES.txt'
running build
running build_py
creating /home/shridhar/Documents/ROSrevision/Task4/build/arucoserver/build
creating /home/shridhar/Documents/ROSrevision/Task4/build/arucoserver/build/lib
creating /home/shridhar/Documents/ROSrevision/Task4/build/arucoserver/build/lib/arucoserver
copying arucoserver/service.py -> /home/shridhar/Documents/ROSrevision/Task4/build/arucoserver/build/lib/arucoserver
copying arucoserver/image_client.py -> /home/shridhar/Documents/ROSrevision/Task4/build/arucoserver/build/lib/arucoserver
copying arucoserver/__init__.py -> /home/shridhar/Documents/ROSrevision/Task4/build/arucoserver/build/lib/arucoserver
running install
running install_lib
creating /home/shridhar/Documents/ROSrevision/Task4/install/arucoserver/lib/python3.10/site-packages/arucoserver
copying /home/shridhar/Documents/ROSrevision/Task4/build/arucoserver/build/lib/arucoserver/service.py -> /home/shridhar/Documents/ROSrevision/Task4/install/arucoserver/lib/python3.10/site-packages/arucoserver
copying /home/shridhar/Documents/ROSrevision/Task4/build/arucoserver/build/lib/arucoserver/image_client.py -> /home/shridhar/Documents/ROSrevision/Task4/install/arucoserver/lib/python3.10/site-packages/arucoserver
copying /home/shridhar/Documents/ROSrevision/Task4/build/arucoserver/build/lib/arucoserver/__init__.py -> /home/shridhar/Documents/ROSrevision/Task4/install/arucoserver/lib/python3.10/site-packages/arucoserver
byte-compiling /home/shridhar/Documents/ROSrevision/Task4/install/arucoserver/lib/python3.10/site-packages/arucoserver/service.py to service.cpython-310.pyc
byte-compiling /home/shridhar/Documents/ROSrevision/Task4/install/arucoserver/lib/python3.10/site-packages/arucoserver/image_client.py to image_client.cpython-310.pyc
byte-compiling /home/shridhar/Documents/ROSrevision/Task4/install/arucoserver/lib/python3.10/site-packages/arucoserver/__init__.py to __init__.cpython-310.pyc
running install_data
creating /home/shridhar/Documents/ROSrevision/Task4/install/arucoserver/share/ament_index
creating /home/shridhar/Documents/ROSrevision/Task4/install/arucoserver/share/ament_index/resource_index
creating /home/shridhar/Documents/ROSrevision/Task4/install/arucoserver/share/ament_index/resource_index/packages
copying resource/arucoserver -> /home/shridhar/Documents/ROSrevision/Task4/install/arucoserver/share/ament_index/resource_index/packages
copying package.xml -> /home/shridhar/Documents/ROSrevision/Task4/install/arucoserver/share/arucoserver
running install_egg_info
Copying ../../build/arucoserver/arucoserver.egg-info to /home/shridhar/Documents/ROSrevision/Task4/install/arucoserver/lib/python3.10/site-packages/arucoserver-0.0.0-py3.10.egg-info
running install_scripts
writing list of installed files to '/home/shridhar/Documents/ROSrevision/Task4/build/arucoserver/install.log'
