[0.106s] DEBUG:colcon:Command line arguments: ['/usr/bin/colcon', 'build']
[0.106s] DEBUG:colcon:Parsed command line arguments: Namespace(log_base=None, log_level=None, verb_name='build', build_base='build', install_base='install', merge_install=False, symlink_install=False, test_result_base=None, continue_on_error=False, executor='parallel', parallel_workers=22, event_handlers=None, ignore_user_meta=False, metas=['./colcon.meta'], base_paths=['.'], packages_ignore=None, packages_ignore_regex=None, paths=None, packages_up_to=None, packages_up_to_regex=None, packages_above=None, packages_above_and_dependencies=None, packages_above_depth=None, packages_select_by_dep=None, packages_skip_by_dep=None, packages_skip_up_to=None, packages_select_build_failed=False, packages_skip_build_finished=False, packages_select_test_failures=False, packages_skip_test_passed=False, packages_select=None, packages_skip=None, packages_select_regex=None, packages_skip_regex=None, packages_start=None, packages_end=None, allow_overriding=[], cmake_args=None, cmake_target=None, cmake_target_skip_unavailable=False, cmake_clean_cache=False, cmake_clean_first=False, cmake_force_configure=False, ament_cmake_args=None, catkin_cmake_args=None, catkin_skip_building_tests=False, mixin_files=None, mixin=None, verb_parser=<colcon_mixin.mixin.mixin_argument.MixinArgumentDecorator object at 0x7aa03e532d10>, verb_extension=<colcon_core.verb.build.BuildVerb object at 0x7aa03e531f60>, main=<bound method BuildVerb.main of <colcon_core.verb.build.BuildVerb object at 0x7aa03e531f60>>, mixin_verb=('build',))
[0.260s] Level 1:colcon.colcon_core.package_discovery:discover_packages(colcon_meta) check parameters
[0.260s] Level 1:colcon.colcon_core.package_discovery:discover_packages(recursive) check parameters
[0.260s] Level 1:colcon.colcon_core.package_discovery:discover_packages(ignore) check parameters
[0.260s] Level 1:colcon.colcon_core.package_discovery:discover_packages(path) check parameters
[0.260s] Level 1:colcon.colcon_core.package_discovery:discover_packages(colcon_meta) discover
[0.260s] Level 1:colcon.colcon_core.package_discovery:discover_packages(recursive) discover
[0.260s] INFO:colcon.colcon_core.package_discovery:Crawling recursively for packages in '/home/shridhar/Workspaces/mrt_ws/Task2'
[0.260s] Level 1:colcon.colcon_core.package_identification:_identify(.) by extensions ['ignore', 'ignore_ament_install']
[0.260s] Level 1:colcon.colcon_core.package_identification:_identify(.) by extension 'ignore'
[0.260s] Level 1:colcon.colcon_core.package_identification:_identify(.) by extension 'ignore_ament_install'
[0.261s] Level 1:colcon.colcon_core.package_identification:_identify(.) by extensions ['colcon_pkg']
[0.261s] Level 1:colcon.colcon_core.package_identification:_identify(.) by extension 'colcon_pkg'
[0.261s] Level 1:colcon.colcon_core.package_identification:_identify(.) by extensions ['colcon_meta']
[0.261s] Level 1:colcon.colcon_core.package_identification:_identify(.) by extension 'colcon_meta'
[0.261s] Level 1:colcon.colcon_core.package_identification:_identify(.) by extensions ['ros']
[0.261s] Level 1:colcon.colcon_core.package_identification:_identify(.) by extension 'ros'
[0.271s] Level 1:colcon.colcon_core.package_identification:_identify(.) by extensions ['cmake', 'python']
[0.271s] Level 1:colcon.colcon_core.package_identification:_identify(.) by extension 'cmake'
[0.271s] Level 1:colcon.colcon_core.package_identification:_identify(.) by extension 'python'
[0.272s] Level 1:colcon.colcon_core.package_identification:_identify(.) by extensions ['python_setup_py']
[0.272s] Level 1:colcon.colcon_core.package_identification:_identify(.) by extension 'python_setup_py'
[0.272s] Level 1:colcon.colcon_core.package_identification:_identify(build) by extensions ['ignore', 'ignore_ament_install']
[0.272s] Level 1:colcon.colcon_core.package_identification:_identify(build) by extension 'ignore'
[0.272s] Level 1:colcon.colcon_core.package_identification:_identify(build) ignored
[0.272s] Level 1:colcon.colcon_core.package_identification:_identify(data) by extensions ['ignore', 'ignore_ament_install']
[0.272s] Level 1:colcon.colcon_core.package_identification:_identify(data) by extension 'ignore'
[0.272s] Level 1:colcon.colcon_core.package_identification:_identify(data) by extension 'ignore_ament_install'
[0.272s] Level 1:colcon.colcon_core.package_identification:_identify(data) by extensions ['colcon_pkg']
[0.272s] Level 1:colcon.colcon_core.package_identification:_identify(data) by extension 'colcon_pkg'
[0.272s] Level 1:colcon.colcon_core.package_identification:_identify(data) by extensions ['colcon_meta']
[0.272s] Level 1:colcon.colcon_core.package_identification:_identify(data) by extension 'colcon_meta'
[0.272s] Level 1:colcon.colcon_core.package_identification:_identify(data) by extensions ['ros']
[0.272s] Level 1:colcon.colcon_core.package_identification:_identify(data) by extension 'ros'
[0.272s] Level 1:colcon.colcon_core.package_identification:_identify(data) by extensions ['cmake', 'python']
[0.272s] Level 1:colcon.colcon_core.package_identification:_identify(data) by extension 'cmake'
[0.272s] Level 1:colcon.colcon_core.package_identification:_identify(data) by extension 'python'
[0.272s] Level 1:colcon.colcon_core.package_identification:_identify(data) by extensions ['python_setup_py']
[0.272s] Level 1:colcon.colcon_core.package_identification:_identify(data) by extension 'python_setup_py'
[0.272s] Level 1:colcon.colcon_core.package_identification:_identify(install) by extensions ['ignore', 'ignore_ament_install']
[0.273s] Level 1:colcon.colcon_core.package_identification:_identify(install) by extension 'ignore'
[0.273s] Level 1:colcon.colcon_core.package_identification:_identify(install) ignored
[0.273s] Level 1:colcon.colcon_core.package_identification:_identify(log) by extensions ['ignore', 'ignore_ament_install']
[0.273s] Level 1:colcon.colcon_core.package_identification:_identify(log) by extension 'ignore'
[0.273s] Level 1:colcon.colcon_core.package_identification:_identify(log) ignored
[0.273s] Level 1:colcon.colcon_core.package_identification:_identify(src) by extensions ['ignore', 'ignore_ament_install']
[0.273s] Level 1:colcon.colcon_core.package_identification:_identify(src) by extension 'ignore'
[0.273s] Level 1:colcon.colcon_core.package_identification:_identify(src) by extension 'ignore_ament_install'
[0.273s] Level 1:colcon.colcon_core.package_identification:_identify(src) by extensions ['colcon_pkg']
[0.273s] Level 1:colcon.colcon_core.package_identification:_identify(src) by extension 'colcon_pkg'
[0.273s] Level 1:colcon.colcon_core.package_identification:_identify(src) by extensions ['colcon_meta']
[0.273s] Level 1:colcon.colcon_core.package_identification:_identify(src) by extension 'colcon_meta'
[0.273s] Level 1:colcon.colcon_core.package_identification:_identify(src) by extensions ['ros']
[0.273s] Level 1:colcon.colcon_core.package_identification:_identify(src) by extension 'ros'
[0.273s] Level 1:colcon.colcon_core.package_identification:_identify(src) by extensions ['cmake', 'python']
[0.273s] Level 1:colcon.colcon_core.package_identification:_identify(src) by extension 'cmake'
[0.273s] Level 1:colcon.colcon_core.package_identification:_identify(src) by extension 'python'
[0.273s] Level 1:colcon.colcon_core.package_identification:_identify(src) by extensions ['python_setup_py']
[0.273s] Level 1:colcon.colcon_core.package_identification:_identify(src) by extension 'python_setup_py'
[0.273s] Level 1:colcon.colcon_core.package_identification:_identify(src/arucoserver) by extensions ['ignore', 'ignore_ament_install']
[0.274s] Level 1:colcon.colcon_core.package_identification:_identify(src/arucoserver) by extension 'ignore'
[0.274s] Level 1:colcon.colcon_core.package_identification:_identify(src/arucoserver) by extension 'ignore_ament_install'
[0.274s] Level 1:colcon.colcon_core.package_identification:_identify(src/arucoserver) by extensions ['colcon_pkg']
[0.274s] Level 1:colcon.colcon_core.package_identification:_identify(src/arucoserver) by extension 'colcon_pkg'
[0.274s] Level 1:colcon.colcon_core.package_identification:_identify(src/arucoserver) by extensions ['colcon_meta']
[0.274s] Level 1:colcon.colcon_core.package_identification:_identify(src/arucoserver) by extension 'colcon_meta'
[0.274s] Level 1:colcon.colcon_core.package_identification:_identify(src/arucoserver) by extensions ['ros']
[0.274s] Level 1:colcon.colcon_core.package_identification:_identify(src/arucoserver) by extension 'ros'
[0.276s] DEBUG:colcon.colcon_core.package_identification:Package 'src/arucoserver' with type 'ros.ament_python' and name 'arucoserver'
[0.276s] Level 1:colcon.colcon_core.package_identification:_identify(src/arucosrvmsg) by extensions ['ignore', 'ignore_ament_install']
[0.276s] Level 1:colcon.colcon_core.package_identification:_identify(src/arucosrvmsg) by extension 'ignore'
[0.276s] Level 1:colcon.colcon_core.package_identification:_identify(src/arucosrvmsg) by extension 'ignore_ament_install'
[0.277s] Level 1:colcon.colcon_core.package_identification:_identify(src/arucosrvmsg) by extensions ['colcon_pkg']
[0.277s] Level 1:colcon.colcon_core.package_identification:_identify(src/arucosrvmsg) by extension 'colcon_pkg'
[0.277s] Level 1:colcon.colcon_core.package_identification:_identify(src/arucosrvmsg) by extensions ['colcon_meta']
[0.277s] Level 1:colcon.colcon_core.package_identification:_identify(src/arucosrvmsg) by extension 'colcon_meta'
[0.277s] Level 1:colcon.colcon_core.package_identification:_identify(src/arucosrvmsg) by extensions ['ros']
[0.277s] Level 1:colcon.colcon_core.package_identification:_identify(src/arucosrvmsg) by extension 'ros'
[0.277s] DEBUG:colcon.colcon_core.package_identification:Package 'src/arucosrvmsg' with type 'ros.ament_cmake' and name 'arucosrvmsg'
[0.278s] Level 1:colcon.colcon_core.package_identification:_identify(src/serveradd) by extensions ['ignore', 'ignore_ament_install']
[0.278s] Level 1:colcon.colcon_core.package_identification:_identify(src/serveradd) by extension 'ignore'
[0.278s] Level 1:colcon.colcon_core.package_identification:_identify(src/serveradd) by extension 'ignore_ament_install'
[0.278s] Level 1:colcon.colcon_core.package_identification:_identify(src/serveradd) by extensions ['colcon_pkg']
[0.278s] Level 1:colcon.colcon_core.package_identification:_identify(src/serveradd) by extension 'colcon_pkg'
[0.278s] Level 1:colcon.colcon_core.package_identification:_identify(src/serveradd) by extensions ['colcon_meta']
[0.278s] Level 1:colcon.colcon_core.package_identification:_identify(src/serveradd) by extension 'colcon_meta'
[0.278s] Level 1:colcon.colcon_core.package_identification:_identify(src/serveradd) by extensions ['ros']
[0.278s] Level 1:colcon.colcon_core.package_identification:_identify(src/serveradd) by extension 'ros'
[0.278s] DEBUG:colcon.colcon_core.package_identification:Package 'src/serveradd' with type 'ros.ament_python' and name 'serveradd'
[0.278s] Level 1:colcon.colcon_core.package_discovery:discover_packages(recursive) using defaults
[0.279s] Level 1:colcon.colcon_core.package_discovery:discover_packages(ignore) discover
[0.279s] Level 1:colcon.colcon_core.package_discovery:discover_packages(ignore) using defaults
[0.279s] Level 1:colcon.colcon_core.package_discovery:discover_packages(path) discover
[0.279s] Level 1:colcon.colcon_core.package_discovery:discover_packages(path) using defaults
[0.308s] Level 1:colcon.colcon_core.package_discovery:discover_packages(prefix_path) check parameters
[0.308s] Level 1:colcon.colcon_core.package_discovery:discover_packages(prefix_path) discover
[0.310s] DEBUG:colcon.colcon_installed_package_information.package_discovery:Found 293 installed packages in /opt/ros/humble
[0.312s] Level 1:colcon.colcon_core.package_discovery:discover_packages(prefix_path) using defaults
[0.348s] Level 5:colcon.colcon_core.verb:set package 'arucosrvmsg' build argument 'cmake_args' from command line to 'None'
[0.348s] Level 5:colcon.colcon_core.verb:set package 'arucosrvmsg' build argument 'cmake_target' from command line to 'None'
[0.348s] Level 5:colcon.colcon_core.verb:set package 'arucosrvmsg' build argument 'cmake_target_skip_unavailable' from command line to 'False'
[0.348s] Level 5:colcon.colcon_core.verb:set package 'arucosrvmsg' build argument 'cmake_clean_cache' from command line to 'False'
[0.348s] Level 5:colcon.colcon_core.verb:set package 'arucosrvmsg' build argument 'cmake_clean_first' from command line to 'False'
[0.349s] Level 5:colcon.colcon_core.verb:set package 'arucosrvmsg' build argument 'cmake_force_configure' from command line to 'False'
[0.349s] Level 5:colcon.colcon_core.verb:set package 'arucosrvmsg' build argument 'ament_cmake_args' from command line to 'None'
[0.349s] Level 5:colcon.colcon_core.verb:set package 'arucosrvmsg' build argument 'catkin_cmake_args' from command line to 'None'
[0.349s] Level 5:colcon.colcon_core.verb:set package 'arucosrvmsg' build argument 'catkin_skip_building_tests' from command line to 'False'
[0.349s] DEBUG:colcon.colcon_core.verb:Building package 'arucosrvmsg' with the following arguments: {'ament_cmake_args': None, 'build_base': '/home/shridhar/Workspaces/mrt_ws/Task2/build/arucosrvmsg', 'catkin_cmake_args': None, 'catkin_skip_building_tests': False, 'cmake_args': None, 'cmake_clean_cache': False, 'cmake_clean_first': False, 'cmake_force_configure': False, 'cmake_target': None, 'cmake_target_skip_unavailable': False, 'install_base': '/home/shridhar/Workspaces/mrt_ws/Task2/install/arucosrvmsg', 'merge_install': False, 'path': '/home/shridhar/Workspaces/mrt_ws/Task2/src/arucosrvmsg', 'symlink_install': False, 'test_result_base': None}
[0.349s] Level 5:colcon.colcon_core.verb:set package 'serveradd' build argument 'cmake_args' from command line to 'None'
[0.349s] Level 5:colcon.colcon_core.verb:set package 'serveradd' build argument 'cmake_target' from command line to 'None'
[0.349s] Level 5:colcon.colcon_core.verb:set package 'serveradd' build argument 'cmake_target_skip_unavailable' from command line to 'False'
[0.349s] Level 5:colcon.colcon_core.verb:set package 'serveradd' build argument 'cmake_clean_cache' from command line to 'False'
[0.349s] Level 5:colcon.colcon_core.verb:set package 'serveradd' build argument 'cmake_clean_first' from command line to 'False'
[0.349s] Level 5:colcon.colcon_core.verb:set package 'serveradd' build argument 'cmake_force_configure' from command line to 'False'
[0.349s] Level 5:colcon.colcon_core.verb:set package 'serveradd' build argument 'ament_cmake_args' from command line to 'None'
[0.349s] Level 5:colcon.colcon_core.verb:set package 'serveradd' build argument 'catkin_cmake_args' from command line to 'None'
[0.349s] Level 5:colcon.colcon_core.verb:set package 'serveradd' build argument 'catkin_skip_building_tests' from command line to 'False'
[0.349s] DEBUG:colcon.colcon_core.verb:Building package 'serveradd' with the following arguments: {'ament_cmake_args': None, 'build_base': '/home/shridhar/Workspaces/mrt_ws/Task2/build/serveradd', 'catkin_cmake_args': None, 'catkin_skip_building_tests': False, 'cmake_args': None, 'cmake_clean_cache': False, 'cmake_clean_first': False, 'cmake_force_configure': False, 'cmake_target': None, 'cmake_target_skip_unavailable': False, 'install_base': '/home/shridhar/Workspaces/mrt_ws/Task2/install/serveradd', 'merge_install': False, 'path': '/home/shridhar/Workspaces/mrt_ws/Task2/src/serveradd', 'symlink_install': False, 'test_result_base': None}
[0.349s] Level 5:colcon.colcon_core.verb:set package 'arucoserver' build argument 'cmake_args' from command line to 'None'
[0.349s] Level 5:colcon.colcon_core.verb:set package 'arucoserver' build argument 'cmake_target' from command line to 'None'
[0.349s] Level 5:colcon.colcon_core.verb:set package 'arucoserver' build argument 'cmake_target_skip_unavailable' from command line to 'False'
[0.350s] Level 5:colcon.colcon_core.verb:set package 'arucoserver' build argument 'cmake_clean_cache' from command line to 'False'
[0.350s] Level 5:colcon.colcon_core.verb:set package 'arucoserver' build argument 'cmake_clean_first' from command line to 'False'
[0.350s] Level 5:colcon.colcon_core.verb:set package 'arucoserver' build argument 'cmake_force_configure' from command line to 'False'
[0.350s] Level 5:colcon.colcon_core.verb:set package 'arucoserver' build argument 'ament_cmake_args' from command line to 'None'
[0.350s] Level 5:colcon.colcon_core.verb:set package 'arucoserver' build argument 'catkin_cmake_args' from command line to 'None'
[0.350s] Level 5:colcon.colcon_core.verb:set package 'arucoserver' build argument 'catkin_skip_building_tests' from command line to 'False'
[0.350s] DEBUG:colcon.colcon_core.verb:Building package 'arucoserver' with the following arguments: {'ament_cmake_args': None, 'build_base': '/home/shridhar/Workspaces/mrt_ws/Task2/build/arucoserver', 'catkin_cmake_args': None, 'catkin_skip_building_tests': False, 'cmake_args': None, 'cmake_clean_cache': False, 'cmake_clean_first': False, 'cmake_force_configure': False, 'cmake_target': None, 'cmake_target_skip_unavailable': False, 'install_base': '/home/shridhar/Workspaces/mrt_ws/Task2/install/arucoserver', 'merge_install': False, 'path': '/home/shridhar/Workspaces/mrt_ws/Task2/src/arucoserver', 'symlink_install': False, 'test_result_base': None}
[0.350s] INFO:colcon.colcon_core.executor:Executing jobs using 'parallel' executor
[0.351s] DEBUG:colcon.colcon_parallel_executor.executor.parallel:run_until_complete
[0.351s] INFO:colcon.colcon_ros.task.ament_cmake.build:Building ROS package in '/home/shridhar/Workspaces/mrt_ws/Task2/src/arucosrvmsg' with build type 'ament_cmake'
[0.352s] INFO:colcon.colcon_cmake.task.cmake.build:Building CMake package in '/home/shridhar/Workspaces/mrt_ws/Task2/src/arucosrvmsg'
[0.353s] INFO:colcon.colcon_core.plugin_system:Skipping extension 'colcon_core.shell.bat': Not used on non-Windows systems
[0.353s] INFO:colcon.colcon_core.shell:Skip shell extension 'powershell' for command environment: Not usable outside of PowerShell
[0.353s] DEBUG:colcon.colcon_core.shell:Skip shell extension 'dsv' for command environment
[0.356s] INFO:colcon.colcon_ros.task.ament_python.build:Building ROS package in '/home/shridhar/Workspaces/mrt_ws/Task2/src/serveradd' with build type 'ament_python'
[0.357s] Level 1:colcon.colcon_core.shell:create_environment_hook('serveradd', 'ament_prefix_path')
[0.357s] INFO:colcon.colcon_core.shell:Creating environment hook '/home/shridhar/Workspaces/mrt_ws/Task2/install/serveradd/share/serveradd/hook/ament_prefix_path.ps1'
[0.358s] INFO:colcon.colcon_core.shell:Creating environment descriptor '/home/shridhar/Workspaces/mrt_ws/Task2/install/serveradd/share/serveradd/hook/ament_prefix_path.dsv'
[0.358s] INFO:colcon.colcon_core.shell:Creating environment hook '/home/shridhar/Workspaces/mrt_ws/Task2/install/serveradd/share/serveradd/hook/ament_prefix_path.sh'
[0.359s] INFO:colcon.colcon_core.shell:Skip shell extension 'powershell' for command environment: Not usable outside of PowerShell
[0.359s] DEBUG:colcon.colcon_core.shell:Skip shell extension 'dsv' for command environment
[0.364s] DEBUG:colcon.colcon_core.event_handler.log_command:Invoking command in '/home/shridhar/Workspaces/mrt_ws/Task2/build/arucosrvmsg': CMAKE_PREFIX_PATH=/opt/ros/humble /usr/bin/cmake --build /home/shridhar/Workspaces/mrt_ws/Task2/build/arucosrvmsg -- -j22 -l22
[0.616s] INFO:colcon.colcon_core.task.python.build:Building Python package in '/home/shridhar/Workspaces/mrt_ws/Task2/src/serveradd'
[0.617s] INFO:colcon.colcon_core.shell:Skip shell extension 'powershell' for command environment: Not usable outside of PowerShell
[0.617s] DEBUG:colcon.colcon_core.shell:Skip shell extension 'dsv' for command environment
[0.752s] DEBUG:colcon.colcon_core.event_handler.log_command:Invoked command in '/home/shridhar/Workspaces/mrt_ws/Task2/build/arucosrvmsg' returned '0': CMAKE_PREFIX_PATH=/opt/ros/humble /usr/bin/cmake --build /home/shridhar/Workspaces/mrt_ws/Task2/build/arucosrvmsg -- -j22 -l22
[0.840s] DEBUG:colcon.colcon_core.event_handler.log_command:Invoking command in '/home/shridhar/Workspaces/mrt_ws/Task2/build/arucosrvmsg': CMAKE_PREFIX_PATH=/opt/ros/humble /usr/bin/cmake --install /home/shridhar/Workspaces/mrt_ws/Task2/build/arucosrvmsg
[0.904s] Level 1:colcon.colcon_core.environment:create_environment_scripts_only(arucosrvmsg)
[0.905s] DEBUG:colcon.colcon_core.event_handler.log_command:Invoked command in '/home/shridhar/Workspaces/mrt_ws/Task2/build/arucosrvmsg' returned '0': CMAKE_PREFIX_PATH=/opt/ros/humble /usr/bin/cmake --install /home/shridhar/Workspaces/mrt_ws/Task2/build/arucosrvmsg
[0.908s] Level 1:colcon.colcon_core.environment:checking '/home/shridhar/Workspaces/mrt_ws/Task2/install/arucosrvmsg' for CMake module files
[0.909s] Level 1:colcon.colcon_core.environment:checking '/home/shridhar/Workspaces/mrt_ws/Task2/install/arucosrvmsg' for CMake config files
[0.909s] Level 1:colcon.colcon_core.shell:create_environment_hook('arucosrvmsg', 'cmake_prefix_path')
[0.910s] INFO:colcon.colcon_core.shell:Creating environment hook '/home/shridhar/Workspaces/mrt_ws/Task2/install/arucosrvmsg/share/arucosrvmsg/hook/cmake_prefix_path.ps1'
[0.910s] INFO:colcon.colcon_core.shell:Creating environment descriptor '/home/shridhar/Workspaces/mrt_ws/Task2/install/arucosrvmsg/share/arucosrvmsg/hook/cmake_prefix_path.dsv'
[0.911s] INFO:colcon.colcon_core.shell:Creating environment hook '/home/shridhar/Workspaces/mrt_ws/Task2/install/arucosrvmsg/share/arucosrvmsg/hook/cmake_prefix_path.sh'
[0.912s] Level 1:colcon.colcon_core.environment:checking '/home/shridhar/Workspaces/mrt_ws/Task2/install/arucosrvmsg/lib'
[0.912s] Level 1:colcon.colcon_core.shell:create_environment_hook('arucosrvmsg', 'ld_library_path_lib')
[0.912s] INFO:colcon.colcon_core.shell:Creating environment hook '/home/shridhar/Workspaces/mrt_ws/Task2/install/arucosrvmsg/share/arucosrvmsg/hook/ld_library_path_lib.ps1'
[0.913s] INFO:colcon.colcon_core.shell:Creating environment descriptor '/home/shridhar/Workspaces/mrt_ws/Task2/install/arucosrvmsg/share/arucosrvmsg/hook/ld_library_path_lib.dsv'
[0.913s] INFO:colcon.colcon_core.shell:Creating environment hook '/home/shridhar/Workspaces/mrt_ws/Task2/install/arucosrvmsg/share/arucosrvmsg/hook/ld_library_path_lib.sh'
[0.914s] Level 1:colcon.colcon_core.environment:checking '/home/shridhar/Workspaces/mrt_ws/Task2/install/arucosrvmsg/bin'
[0.914s] Level 1:colcon.colcon_core.environment:checking '/home/shridhar/Workspaces/mrt_ws/Task2/install/arucosrvmsg/lib/pkgconfig/arucosrvmsg.pc'
[0.914s] Level 1:colcon.colcon_core.environment:checking '/home/shridhar/Workspaces/mrt_ws/Task2/install/arucosrvmsg/lib/python3.10/site-packages'
[0.914s] Level 1:colcon.colcon_core.environment:checking '/home/shridhar/Workspaces/mrt_ws/Task2/install/arucosrvmsg/bin'
[0.915s] INFO:colcon.colcon_core.shell:Creating package script '/home/shridhar/Workspaces/mrt_ws/Task2/install/arucosrvmsg/share/arucosrvmsg/package.ps1'
[0.916s] INFO:colcon.colcon_core.shell:Creating package descriptor '/home/shridhar/Workspaces/mrt_ws/Task2/install/arucosrvmsg/share/arucosrvmsg/package.dsv'
[0.916s] INFO:colcon.colcon_core.shell:Creating package script '/home/shridhar/Workspaces/mrt_ws/Task2/install/arucosrvmsg/share/arucosrvmsg/package.sh'
[0.917s] INFO:colcon.colcon_core.shell:Creating package script '/home/shridhar/Workspaces/mrt_ws/Task2/install/arucosrvmsg/share/arucosrvmsg/package.bash'
[0.918s] INFO:colcon.colcon_core.shell:Creating package script '/home/shridhar/Workspaces/mrt_ws/Task2/install/arucosrvmsg/share/arucosrvmsg/package.zsh'
[0.919s] Level 1:colcon.colcon_core.environment:create_file_with_runtime_dependencies(/home/shridhar/Workspaces/mrt_ws/Task2/install/arucosrvmsg/share/colcon-core/packages/arucosrvmsg)
[0.965s] DEBUG:colcon.colcon_core.event_handler.log_command:Invoking command in '/home/shridhar/Workspaces/mrt_ws/Task2/src/serveradd': PYTHONPATH=/home/shridhar/Workspaces/mrt_ws/Task2/build/serveradd/prefix_override:/usr/lib/python3/dist-packages/colcon_core/task/python/colcon_distutils_commands:/home/shridhar/Workspaces/mrt_ws/Task2/install/serveradd/lib/python3.10/site-packages:${PYTHONPATH} /usr/bin/python3 -W ignore:setup.py install is deprecated setup.py egg_info --egg-base ../../build/serveradd build --build-base /home/shridhar/Workspaces/mrt_ws/Task2/build/serveradd/build install --record /home/shridhar/Workspaces/mrt_ws/Task2/build/serveradd/install.log --single-version-externally-managed install_data
[1.011s] Level 1:colcon.colcon_core.environment:create_environment_scripts_only(arucosrvmsg)
[1.011s] Level 1:colcon.colcon_core.environment:checking '/home/shridhar/Workspaces/mrt_ws/Task2/install/arucosrvmsg' for CMake module files
[1.012s] Level 1:colcon.colcon_core.environment:checking '/home/shridhar/Workspaces/mrt_ws/Task2/install/arucosrvmsg' for CMake config files
[1.013s] Level 1:colcon.colcon_core.shell:create_environment_hook('arucosrvmsg', 'cmake_prefix_path')
[1.013s] INFO:colcon.colcon_core.shell:Creating environment hook '/home/shridhar/Workspaces/mrt_ws/Task2/install/arucosrvmsg/share/arucosrvmsg/hook/cmake_prefix_path.ps1'
[1.014s] INFO:colcon.colcon_core.shell:Creating environment descriptor '/home/shridhar/Workspaces/mrt_ws/Task2/install/arucosrvmsg/share/arucosrvmsg/hook/cmake_prefix_path.dsv'
[1.014s] INFO:colcon.colcon_core.shell:Creating environment hook '/home/shridhar/Workspaces/mrt_ws/Task2/install/arucosrvmsg/share/arucosrvmsg/hook/cmake_prefix_path.sh'
[1.015s] Level 1:colcon.colcon_core.environment:checking '/home/shridhar/Workspaces/mrt_ws/Task2/install/arucosrvmsg/lib'
[1.015s] Level 1:colcon.colcon_core.shell:create_environment_hook('arucosrvmsg', 'ld_library_path_lib')
[1.015s] INFO:colcon.colcon_core.shell:Creating environment hook '/home/shridhar/Workspaces/mrt_ws/Task2/install/arucosrvmsg/share/arucosrvmsg/hook/ld_library_path_lib.ps1'
[1.016s] INFO:colcon.colcon_core.shell:Creating environment descriptor '/home/shridhar/Workspaces/mrt_ws/Task2/install/arucosrvmsg/share/arucosrvmsg/hook/ld_library_path_lib.dsv'
[1.016s] INFO:colcon.colcon_core.shell:Creating environment hook '/home/shridhar/Workspaces/mrt_ws/Task2/install/arucosrvmsg/share/arucosrvmsg/hook/ld_library_path_lib.sh'
[1.017s] Level 1:colcon.colcon_core.environment:checking '/home/shridhar/Workspaces/mrt_ws/Task2/install/arucosrvmsg/bin'
[1.017s] Level 1:colcon.colcon_core.environment:checking '/home/shridhar/Workspaces/mrt_ws/Task2/install/arucosrvmsg/lib/pkgconfig/arucosrvmsg.pc'
[1.017s] Level 1:colcon.colcon_core.environment:checking '/home/shridhar/Workspaces/mrt_ws/Task2/install/arucosrvmsg/lib/python3.10/site-packages'
[1.017s] Level 1:colcon.colcon_core.environment:checking '/home/shridhar/Workspaces/mrt_ws/Task2/install/arucosrvmsg/bin'
[1.018s] INFO:colcon.colcon_core.shell:Creating package script '/home/shridhar/Workspaces/mrt_ws/Task2/install/arucosrvmsg/share/arucosrvmsg/package.ps1'
[1.018s] INFO:colcon.colcon_core.shell:Creating package descriptor '/home/shridhar/Workspaces/mrt_ws/Task2/install/arucosrvmsg/share/arucosrvmsg/package.dsv'
[1.019s] INFO:colcon.colcon_core.shell:Creating package script '/home/shridhar/Workspaces/mrt_ws/Task2/install/arucosrvmsg/share/arucosrvmsg/package.sh'
[1.019s] INFO:colcon.colcon_core.shell:Creating package script '/home/shridhar/Workspaces/mrt_ws/Task2/install/arucosrvmsg/share/arucosrvmsg/package.bash'
[1.020s] INFO:colcon.colcon_core.shell:Creating package script '/home/shridhar/Workspaces/mrt_ws/Task2/install/arucosrvmsg/share/arucosrvmsg/package.zsh'
[1.020s] Level 1:colcon.colcon_core.environment:create_file_with_runtime_dependencies(/home/shridhar/Workspaces/mrt_ws/Task2/install/arucosrvmsg/share/colcon-core/packages/arucosrvmsg)
[1.021s] INFO:colcon.colcon_ros.task.ament_python.build:Building ROS package in '/home/shridhar/Workspaces/mrt_ws/Task2/src/arucoserver' with build type 'ament_python'
[1.021s] Level 1:colcon.colcon_core.shell:create_environment_hook('arucoserver', 'ament_prefix_path')
[1.021s] INFO:colcon.colcon_core.shell:Creating environment hook '/home/shridhar/Workspaces/mrt_ws/Task2/install/arucoserver/share/arucoserver/hook/ament_prefix_path.ps1'
[1.022s] INFO:colcon.colcon_core.shell:Creating environment descriptor '/home/shridhar/Workspaces/mrt_ws/Task2/install/arucoserver/share/arucoserver/hook/ament_prefix_path.dsv'
[1.022s] INFO:colcon.colcon_core.shell:Creating environment hook '/home/shridhar/Workspaces/mrt_ws/Task2/install/arucoserver/share/arucoserver/hook/ament_prefix_path.sh'
[1.023s] INFO:colcon.colcon_core.shell:Skip shell extension 'powershell' for command environment: Not usable outside of PowerShell
[1.023s] DEBUG:colcon.colcon_core.shell:Skip shell extension 'dsv' for command environment
[1.296s] INFO:colcon.colcon_core.task.python.build:Building Python package in '/home/shridhar/Workspaces/mrt_ws/Task2/src/arucoserver'
[1.296s] INFO:colcon.colcon_core.shell:Skip shell extension 'powershell' for command environment: Not usable outside of PowerShell
[1.296s] DEBUG:colcon.colcon_core.shell:Skip shell extension 'dsv' for command environment
[1.301s] Level 1:colcon.colcon_core.environment:checking '/home/shridhar/Workspaces/mrt_ws/Task2/install/serveradd' for CMake module files
[1.302s] DEBUG:colcon.colcon_core.event_handler.log_command:Invoked command in '/home/shridhar/Workspaces/mrt_ws/Task2/src/serveradd' returned '0': PYTHONPATH=/home/shridhar/Workspaces/mrt_ws/Task2/build/serveradd/prefix_override:/usr/lib/python3/dist-packages/colcon_core/task/python/colcon_distutils_commands:/home/shridhar/Workspaces/mrt_ws/Task2/install/serveradd/lib/python3.10/site-packages:${PYTHONPATH} /usr/bin/python3 -W ignore:setup.py install is deprecated setup.py egg_info --egg-base ../../build/serveradd build --build-base /home/shridhar/Workspaces/mrt_ws/Task2/build/serveradd/build install --record /home/shridhar/Workspaces/mrt_ws/Task2/build/serveradd/install.log --single-version-externally-managed install_data
[1.303s] Level 1:colcon.colcon_core.environment:checking '/home/shridhar/Workspaces/mrt_ws/Task2/install/serveradd' for CMake config files
[1.303s] Level 1:colcon.colcon_core.environment:checking '/home/shridhar/Workspaces/mrt_ws/Task2/install/serveradd/lib'
[1.303s] Level 1:colcon.colcon_core.environment:checking '/home/shridhar/Workspaces/mrt_ws/Task2/install/serveradd/bin'
[1.303s] Level 1:colcon.colcon_core.environment:checking '/home/shridhar/Workspaces/mrt_ws/Task2/install/serveradd/lib/pkgconfig/serveradd.pc'
[1.304s] Level 1:colcon.colcon_core.environment:checking '/home/shridhar/Workspaces/mrt_ws/Task2/install/serveradd/lib/python3.10/site-packages'
[1.304s] Level 1:colcon.colcon_core.shell:create_environment_hook('serveradd', 'pythonpath')
[1.304s] INFO:colcon.colcon_core.shell:Creating environment hook '/home/shridhar/Workspaces/mrt_ws/Task2/install/serveradd/share/serveradd/hook/pythonpath.ps1'
[1.304s] INFO:colcon.colcon_core.shell:Creating environment descriptor '/home/shridhar/Workspaces/mrt_ws/Task2/install/serveradd/share/serveradd/hook/pythonpath.dsv'
[1.305s] INFO:colcon.colcon_core.shell:Creating environment hook '/home/shridhar/Workspaces/mrt_ws/Task2/install/serveradd/share/serveradd/hook/pythonpath.sh'
[1.305s] Level 1:colcon.colcon_core.environment:checking '/home/shridhar/Workspaces/mrt_ws/Task2/install/serveradd/bin'
[1.305s] Level 1:colcon.colcon_core.environment:create_environment_scripts_only(serveradd)
[1.306s] INFO:colcon.colcon_core.shell:Creating package script '/home/shridhar/Workspaces/mrt_ws/Task2/install/serveradd/share/serveradd/package.ps1'
[1.306s] INFO:colcon.colcon_core.shell:Creating package descriptor '/home/shridhar/Workspaces/mrt_ws/Task2/install/serveradd/share/serveradd/package.dsv'
[1.306s] INFO:colcon.colcon_core.shell:Creating package script '/home/shridhar/Workspaces/mrt_ws/Task2/install/serveradd/share/serveradd/package.sh'
[1.307s] INFO:colcon.colcon_core.shell:Creating package script '/home/shridhar/Workspaces/mrt_ws/Task2/install/serveradd/share/serveradd/package.bash'
[1.307s] INFO:colcon.colcon_core.shell:Creating package script '/home/shridhar/Workspaces/mrt_ws/Task2/install/serveradd/share/serveradd/package.zsh'
[1.307s] Level 1:colcon.colcon_core.environment:create_file_with_runtime_dependencies(/home/shridhar/Workspaces/mrt_ws/Task2/install/serveradd/share/colcon-core/packages/serveradd)
[1.648s] DEBUG:colcon.colcon_core.event_handler.log_command:Invoking command in '/home/shridhar/Workspaces/mrt_ws/Task2/src/arucoserver': AMENT_PREFIX_PATH=/home/shridhar/Workspaces/mrt_ws/Task2/install/arucosrvmsg:${AMENT_PREFIX_PATH} CMAKE_PREFIX_PATH=/home/shridhar/Workspaces/mrt_ws/Task2/install/arucosrvmsg LD_LIBRARY_PATH=/home/shridhar/Workspaces/mrt_ws/Task2/install/arucosrvmsg/lib:${LD_LIBRARY_PATH} PYTHONPATH=/home/shridhar/Workspaces/mrt_ws/Task2/build/arucoserver/prefix_override:/usr/lib/python3/dist-packages/colcon_core/task/python/colcon_distutils_commands:/home/shridhar/Workspaces/mrt_ws/Task2/install/arucoserver/lib/python3.10/site-packages:/home/shridhar/Workspaces/mrt_ws/Task2/install/arucosrvmsg/local/lib/python3.10/dist-packages:${PYTHONPATH} /usr/bin/python3 -W ignore:setup.py install is deprecated setup.py egg_info --egg-base ../../build/arucoserver build --build-base /home/shridhar/Workspaces/mrt_ws/Task2/build/arucoserver/build install --record /home/shridhar/Workspaces/mrt_ws/Task2/build/arucoserver/install.log --single-version-externally-managed install_data
[1.951s] Level 1:colcon.colcon_core.environment:checking '/home/shridhar/Workspaces/mrt_ws/Task2/install/arucoserver' for CMake module files
[1.952s] DEBUG:colcon.colcon_core.event_handler.log_command:Invoked command in '/home/shridhar/Workspaces/mrt_ws/Task2/src/arucoserver' returned '0': AMENT_PREFIX_PATH=/home/shridhar/Workspaces/mrt_ws/Task2/install/arucosrvmsg:${AMENT_PREFIX_PATH} CMAKE_PREFIX_PATH=/home/shridhar/Workspaces/mrt_ws/Task2/install/arucosrvmsg LD_LIBRARY_PATH=/home/shridhar/Workspaces/mrt_ws/Task2/install/arucosrvmsg/lib:${LD_LIBRARY_PATH} PYTHONPATH=/home/shridhar/Workspaces/mrt_ws/Task2/build/arucoserver/prefix_override:/usr/lib/python3/dist-packages/colcon_core/task/python/colcon_distutils_commands:/home/shridhar/Workspaces/mrt_ws/Task2/install/arucoserver/lib/python3.10/site-packages:/home/shridhar/Workspaces/mrt_ws/Task2/install/arucosrvmsg/local/lib/python3.10/dist-packages:${PYTHONPATH} /usr/bin/python3 -W ignore:setup.py install is deprecated setup.py egg_info --egg-base ../../build/arucoserver build --build-base /home/shridhar/Workspaces/mrt_ws/Task2/build/arucoserver/build install --record /home/shridhar/Workspaces/mrt_ws/Task2/build/arucoserver/install.log --single-version-externally-managed install_data
[1.952s] Level 1:colcon.colcon_core.environment:checking '/home/shridhar/Workspaces/mrt_ws/Task2/install/arucoserver' for CMake config files
[1.953s] Level 1:colcon.colcon_core.environment:checking '/home/shridhar/Workspaces/mrt_ws/Task2/install/arucoserver/lib'
[1.953s] Level 1:colcon.colcon_core.environment:checking '/home/shridhar/Workspaces/mrt_ws/Task2/install/arucoserver/bin'
[1.953s] Level 1:colcon.colcon_core.environment:checking '/home/shridhar/Workspaces/mrt_ws/Task2/install/arucoserver/lib/pkgconfig/arucoserver.pc'
[1.953s] Level 1:colcon.colcon_core.environment:checking '/home/shridhar/Workspaces/mrt_ws/Task2/install/arucoserver/lib/python3.10/site-packages'
[1.953s] Level 1:colcon.colcon_core.shell:create_environment_hook('arucoserver', 'pythonpath')
[1.954s] INFO:colcon.colcon_core.shell:Creating environment hook '/home/shridhar/Workspaces/mrt_ws/Task2/install/arucoserver/share/arucoserver/hook/pythonpath.ps1'
[1.954s] INFO:colcon.colcon_core.shell:Creating environment descriptor '/home/shridhar/Workspaces/mrt_ws/Task2/install/arucoserver/share/arucoserver/hook/pythonpath.dsv'
[1.955s] INFO:colcon.colcon_core.shell:Creating environment hook '/home/shridhar/Workspaces/mrt_ws/Task2/install/arucoserver/share/arucoserver/hook/pythonpath.sh'
[1.956s] Level 1:colcon.colcon_core.environment:checking '/home/shridhar/Workspaces/mrt_ws/Task2/install/arucoserver/bin'
[1.956s] Level 1:colcon.colcon_core.environment:create_environment_scripts_only(arucoserver)
[1.957s] INFO:colcon.colcon_core.shell:Creating package script '/home/shridhar/Workspaces/mrt_ws/Task2/install/arucoserver/share/arucoserver/package.ps1'
[1.957s] INFO:colcon.colcon_core.shell:Creating package descriptor '/home/shridhar/Workspaces/mrt_ws/Task2/install/arucoserver/share/arucoserver/package.dsv'
[1.958s] INFO:colcon.colcon_core.shell:Creating package script '/home/shridhar/Workspaces/mrt_ws/Task2/install/arucoserver/share/arucoserver/package.sh'
[1.958s] INFO:colcon.colcon_core.shell:Creating package script '/home/shridhar/Workspaces/mrt_ws/Task2/install/arucoserver/share/arucoserver/package.bash'
[1.959s] INFO:colcon.colcon_core.shell:Creating package script '/home/shridhar/Workspaces/mrt_ws/Task2/install/arucoserver/share/arucoserver/package.zsh'
[1.959s] Level 1:colcon.colcon_core.environment:create_file_with_runtime_dependencies(/home/shridhar/Workspaces/mrt_ws/Task2/install/arucoserver/share/colcon-core/packages/arucoserver)
[1.959s] DEBUG:colcon.colcon_parallel_executor.executor.parallel:closing loop
[1.960s] DEBUG:colcon.colcon_parallel_executor.executor.parallel:loop closed
[1.960s] DEBUG:colcon.colcon_parallel_executor.executor.parallel:run_until_complete finished with '0'
[1.960s] DEBUG:colcon.colcon_core.event_reactor:joining thread
[1.967s] INFO:colcon.colcon_core.plugin_system:Skipping extension 'colcon_notification.desktop_notification.terminal_notifier': Not used on non-Darwin systems
[1.967s] INFO:colcon.colcon_core.plugin_system:Skipping extension 'colcon_notification.desktop_notification.win32': Not used on non-Windows systems
[1.967s] INFO:colcon.colcon_notification.desktop_notification:Sending desktop notification using 'notify2'
[1.980s] DEBUG:colcon.colcon_core.event_reactor:joined thread
[1.981s] INFO:colcon.colcon_core.shell:Creating prefix script '/home/shridhar/Workspaces/mrt_ws/Task2/install/local_setup.ps1'
[1.982s] INFO:colcon.colcon_core.shell:Creating prefix util module '/home/shridhar/Workspaces/mrt_ws/Task2/install/_local_setup_util_ps1.py'
[1.983s] INFO:colcon.colcon_core.shell:Creating prefix chain script '/home/shridhar/Workspaces/mrt_ws/Task2/install/setup.ps1'
[1.985s] INFO:colcon.colcon_core.shell:Creating prefix script '/home/shridhar/Workspaces/mrt_ws/Task2/install/local_setup.sh'
[1.985s] INFO:colcon.colcon_core.shell:Creating prefix util module '/home/shridhar/Workspaces/mrt_ws/Task2/install/_local_setup_util_sh.py'
[1.986s] INFO:colcon.colcon_core.shell:Creating prefix chain script '/home/shridhar/Workspaces/mrt_ws/Task2/install/setup.sh'
[1.987s] INFO:colcon.colcon_core.shell:Creating prefix script '/home/shridhar/Workspaces/mrt_ws/Task2/install/local_setup.bash'
[1.988s] INFO:colcon.colcon_core.shell:Creating prefix chain script '/home/shridhar/Workspaces/mrt_ws/Task2/install/setup.bash'
[1.989s] INFO:colcon.colcon_core.shell:Creating prefix script '/home/shridhar/Workspaces/mrt_ws/Task2/install/local_setup.zsh'
[1.989s] INFO:colcon.colcon_core.shell:Creating prefix chain script '/home/shridhar/Workspaces/mrt_ws/Task2/install/setup.zsh'
