-- Found ament_cmake: 1.3.10 (/opt/ros/humble/share/ament_cmake/cmake)
-- Found geometry_msgs: 4.2.4 (/opt/ros/humble/share/geometry_msgs/cmake)
-- Found rosidl_generator_c: 3.1.5 (/opt/ros/humble/share/rosidl_generator_c/cmake)
-- Found rosidl_adapter: 3.1.5 (/opt/ros/humble/share/rosidl_adapter/cmake)
-- Found rosidl_generator_cpp: 3.1.5 (/opt/ros/humble/share/rosidl_generator_cpp/cmake)
-- Using all available rosidl_typesupport_c: rosidl_typesupport_fastrtps_c;rosidl_typesupport_introspection_c
-- Using all available rosidl_typesupport_cpp: rosidl_typesupport_fastrtps_cpp;rosidl_typesupport_introspection_cpp
-- Found rosidl_default_generators: 1.2.0 (/opt/ros/humble/share/rosidl_default_generators/cmake)
-- Found ament_cmake_ros: 0.10.0 (/opt/ros/humble/share/ament_cmake_ros/cmake)
-- Using all available rosidl_typesupport_c: rosidl_typesupport_fastrtps_c;rosidl_typesupport_introspection_c
-- Using all available rosidl_typesupport_cpp: rosidl_typesupport_fastrtps_cpp;rosidl_typesupport_introspection_cpp
-- Found python_cmake_module: 0.10.0 (/opt/ros/humble/share/python_cmake_module/cmake)
-- Using PYTHON_EXECUTABLE: /usr/bin/python3
-- Using PYTHON_INCLUDE_DIRS: /usr/include/python3.10
-- Using PYTHON_LIBRARIES: /usr/lib/x86_64-linux-gnu/libpython3.10.so
-- Found ament_lint_auto: 0.12.11 (/opt/ros/humble/share/ament_lint_auto/cmake)
-- Added test 'lint_cmake' to check CMake code style
-- Added test 'xmllint' to check XML markup files
-- Configuring done
-- Generating done
-- Build files have been written to: /home/shridhar/Workspaces/mrt_ws/Task2/build/addthreeints
[35m[1mConsolidate compiler generated dependencies of target addthreeints__rosidl_generator_c[0m
[  4%] [32mBuilding C object CMakeFiles/addthreeints__rosidl_generator_c.dir/rosidl_generator_c/addthreeints/srv/detail/add_three_ints__functions.c.o[0m
[  4%] Built target addthreeints__cpp
[  6%] [32mBuilding C object CMakeFiles/addthreeints__rosidl_generator_c.dir/rosidl_generator_c/addthreeints/msg/detail/num__functions.c.o[0m
[  8%] [32mBuilding C object CMakeFiles/addthreeints__rosidl_generator_c.dir/rosidl_generator_c/addthreeints/msg/detail/sphere__functions.c.o[0m
[  8%] Built target ament_cmake_python_copy_addthreeints
[35m[1mConsolidate compiler generated dependencies of target addthreeints__rosidl_typesupport_fastrtps_cpp[0m
[35m[1mConsolidate compiler generated dependencies of target addthreeints__rosidl_typesupport_cpp[0m
[35m[1mConsolidate compiler generated dependencies of target addthreeints__rosidl_typesupport_introspection_cpp[0m
[ 12%] [32mBuilding CXX object CMakeFiles/addthreeints__rosidl_typesupport_cpp.dir/rosidl_typesupport_cpp/addthreeints/msg/num__type_support.cpp.o[0m
[ 12%] [32mBuilding CXX object CMakeFiles/addthreeints__rosidl_typesupport_introspection_cpp.dir/rosidl_typesupport_introspection_cpp/addthreeints/msg/detail/num__type_support.cpp.o[0m
[ 14%] [32mBuilding CXX object CMakeFiles/addthreeints__rosidl_typesupport_fastrtps_cpp.dir/rosidl_typesupport_fastrtps_cpp/addthreeints/msg/detail/dds_fastrtps/sphere__type_support.cpp.o[0m
[ 17%] [32mBuilding CXX object CMakeFiles/addthreeints__rosidl_typesupport_introspection_cpp.dir/rosidl_typesupport_introspection_cpp/addthreeints/msg/detail/sphere__type_support.cpp.o[0m
[ 19%] [32mBuilding CXX object CMakeFiles/addthreeints__rosidl_typesupport_cpp.dir/rosidl_typesupport_cpp/addthreeints/srv/add_three_ints__type_support.cpp.o[0m
[ 21%] [32mBuilding CXX object CMakeFiles/addthreeints__rosidl_typesupport_cpp.dir/rosidl_typesupport_cpp/addthreeints/msg/sphere__type_support.cpp.o[0m
[ 23%] [32mBuilding CXX object CMakeFiles/addthreeints__rosidl_typesupport_introspection_cpp.dir/rosidl_typesupport_introspection_cpp/addthreeints/srv/detail/add_three_ints__type_support.cpp.o[0m
[ 25%] [32mBuilding CXX object CMakeFiles/addthreeints__rosidl_typesupport_fastrtps_cpp.dir/rosidl_typesupport_fastrtps_cpp/addthreeints/msg/detail/dds_fastrtps/num__type_support.cpp.o[0m
[ 27%] [32mBuilding CXX object CMakeFiles/addthreeints__rosidl_typesupport_fastrtps_cpp.dir/rosidl_typesupport_fastrtps_cpp/addthreeints/srv/detail/dds_fastrtps/add_three_ints__type_support.cpp.o[0m
[ 29%] [32m[1mLinking C shared library libaddthreeints__rosidl_generator_c.so[0m
[ 31%] Built target addthreeints__rosidl_generator_c
[ 34%] [34m[1mGenerating C type support dispatch for ROS interfaces[0m
[ 36%] [34m[1mGenerating C introspection for ROS interfaces[0m
[ 38%] [34m[1mGenerating C type support for eProsima Fast-RTPS[0m
running egg_info
writing addthreeints.egg-info/PKG-INFO
writing dependency_links to addthreeints.egg-info/dependency_links.txt
writing top-level names to addthreeints.egg-info/top_level.txt
reading manifest file 'addthreeints.egg-info/SOURCES.txt'
writing manifest file 'addthreeints.egg-info/SOURCES.txt'
[ 40%] [32m[1mLinking CXX shared library libaddthreeints__rosidl_typesupport_cpp.so[0m
[ 44%] [32mBuilding CXX object CMakeFiles/addthreeints__rosidl_typesupport_c.dir/rosidl_typesupport_c/addthreeints/msg/sphere__type_support.cpp.o[0m
[ 44%] [32mBuilding CXX object CMakeFiles/addthreeints__rosidl_typesupport_c.dir/rosidl_typesupport_c/addthreeints/msg/num__type_support.cpp.o[0m
[ 44%] Built target ament_cmake_python_build_addthreeints_egg
[ 46%] [32mBuilding CXX object CMakeFiles/addthreeints__rosidl_typesupport_c.dir/rosidl_typesupport_c/addthreeints/srv/add_three_ints__type_support.cpp.o[0m
[ 48%] Built target addthreeints__rosidl_typesupport_cpp
[ 51%] [32m[1mLinking CXX shared library libaddthreeints__rosidl_typesupport_c.so[0m
[ 53%] [32m[1mLinking CXX shared library libaddthreeints__rosidl_typesupport_introspection_cpp.so[0m
[ 55%] [32mBuilding C object CMakeFiles/addthreeints__rosidl_typesupport_introspection_c.dir/rosidl_typesupport_introspection_c/addthreeints/msg/detail/sphere__type_support.c.o[0m
[ 57%] [32mBuilding C object CMakeFiles/addthreeints__rosidl_typesupport_introspection_c.dir/rosidl_typesupport_introspection_c/addthreeints/srv/detail/add_three_ints__type_support.c.o[0m
[ 59%] [32mBuilding C object CMakeFiles/addthreeints__rosidl_typesupport_introspection_c.dir/rosidl_typesupport_introspection_c/addthreeints/msg/detail/num__type_support.c.o[0m
[ 61%] [32m[1mLinking C shared library libaddthreeints__rosidl_typesupport_introspection_c.so[0m
[ 61%] Built target addthreeints__rosidl_typesupport_c
[ 61%] Built target addthreeints__rosidl_typesupport_introspection_c
[ 63%] Built target addthreeints__rosidl_typesupport_introspection_cpp
[ 65%] [32m[1mLinking CXX shared library libaddthreeints__rosidl_typesupport_fastrtps_cpp.so[0m
[ 72%] [32mBuilding CXX object CMakeFiles/addthreeints__rosidl_typesupport_fastrtps_c.dir/rosidl_typesupport_fastrtps_c/addthreeints/srv/detail/add_three_ints__type_support_c.cpp.o[0m
[ 72%] [32mBuilding CXX object CMakeFiles/addthreeints__rosidl_typesupport_fastrtps_c.dir/rosidl_typesupport_fastrtps_c/addthreeints/msg/detail/num__type_support_c.cpp.o[0m
[ 72%] [32mBuilding CXX object CMakeFiles/addthreeints__rosidl_typesupport_fastrtps_c.dir/rosidl_typesupport_fastrtps_c/addthreeints/msg/detail/sphere__type_support_c.cpp.o[0m
[ 74%] Built target addthreeints__rosidl_typesupport_fastrtps_cpp
[ 76%] [32m[1mLinking CXX shared library libaddthreeints__rosidl_typesupport_fastrtps_c.so[0m
[ 76%] Built target addthreeints__rosidl_typesupport_fastrtps_c
[ 76%] Built target addthreeints
[ 78%] [34m[1mGenerating Python code for ROS interfaces[0m
[ 78%] Built target addthreeints__py
[ 80%] [32mBuilding C object CMakeFiles/addthreeints__rosidl_generator_py.dir/rosidl_generator_py/addthreeints/msg/_num_s.c.o[0m
[ 82%] [32mBuilding C object CMakeFiles/addthreeints__rosidl_generator_py.dir/rosidl_generator_py/addthreeints/srv/_add_three_ints_s.c.o[0m
[ 85%] [32mBuilding C object CMakeFiles/addthreeints__rosidl_generator_py.dir/rosidl_generator_py/addthreeints/msg/_sphere_s.c.o[0m
[ 87%] [32m[1mLinking C shared library rosidl_generator_py/addthreeints/libaddthreeints__rosidl_generator_py.so[0m
[ 87%] Built target addthreeints__rosidl_generator_py
[ 89%] [32mBuilding C object CMakeFiles/addthreeints__rosidl_typesupport_c__pyext.dir/rosidl_generator_py/addthreeints/_addthreeints_s.ep.rosidl_typesupport_c.c.o[0m
[ 91%] [32mBuilding C object CMakeFiles/addthreeints__rosidl_typesupport_introspection_c__pyext.dir/rosidl_generator_py/addthreeints/_addthreeints_s.ep.rosidl_typesupport_introspection_c.c.o[0m
[ 93%] [32mBuilding C object CMakeFiles/addthreeints__rosidl_typesupport_fastrtps_c__pyext.dir/rosidl_generator_py/addthreeints/_addthreeints_s.ep.rosidl_typesupport_fastrtps_c.c.o[0m
[ 97%] [32m[1mLinking C shared library rosidl_generator_py/addthreeints/addthreeints_s__rosidl_typesupport_introspection_c.cpython-310-x86_64-linux-gnu.so[0m
[ 97%] [32m[1mLinking C shared library rosidl_generator_py/addthreeints/addthreeints_s__rosidl_typesupport_fastrtps_c.cpython-310-x86_64-linux-gnu.so[0m
[100%] [32m[1mLinking C shared library rosidl_generator_py/addthreeints/addthreeints_s__rosidl_typesupport_c.cpython-310-x86_64-linux-gnu.so[0m
[100%] Built target addthreeints__rosidl_typesupport_c__pyext
[100%] Built target addthreeints__rosidl_typesupport_introspection_c__pyext
[100%] Built target addthreeints__rosidl_typesupport_fastrtps_c__pyext
-- Install configuration: ""
-- Installing: /home/shridhar/Workspaces/mrt_ws/Task2/install/addthreeints/share/ament_index/resource_index/rosidl_interfaces/addthreeints
-- Installing: /home/shridhar/Workspaces/mrt_ws/Task2/install/addthreeints/include/addthreeints/addthreeints
-- Installing: /home/shridhar/Workspaces/mrt_ws/Task2/install/addthreeints/include/addthreeints/addthreeints/srv
-- Installing: /home/shridhar/Workspaces/mrt_ws/Task2/install/addthreeints/include/addthreeints/addthreeints/srv/detail
-- Installing: /home/shridhar/Workspaces/mrt_ws/Task2/install/addthreeints/include/addthreeints/addthreeints/srv/detail/add_three_ints__struct.h
-- Installing: /home/shridhar/Workspaces/mrt_ws/Task2/install/addthreeints/include/addthreeints/addthreeints/srv/detail/add_three_ints__functions.h
-- Installing: /home/shridhar/Workspaces/mrt_ws/Task2/install/addthreeints/include/addthreeints/addthreeints/srv/detail/add_three_ints__functions.c
-- Installing: /home/shridhar/Workspaces/mrt_ws/Task2/install/addthreeints/include/addthreeints/addthreeints/srv/detail/add_three_ints__type_support.h
-- Installing: /home/shridhar/Workspaces/mrt_ws/Task2/install/addthreeints/include/addthreeints/addthreeints/srv/add_three_ints.h
-- Installing: /home/shridhar/Workspaces/mrt_ws/Task2/install/addthreeints/include/addthreeints/addthreeints/msg
-- Installing: /home/shridhar/Workspaces/mrt_ws/Task2/install/addthreeints/include/addthreeints/addthreeints/msg/num.h
-- Installing: /home/shridhar/Workspaces/mrt_ws/Task2/install/addthreeints/include/addthreeints/addthreeints/msg/sphere.h
-- Installing: /home/shridhar/Workspaces/mrt_ws/Task2/install/addthreeints/include/addthreeints/addthreeints/msg/rosidl_generator_c__visibility_control.h
-- Installing: /home/shridhar/Workspaces/mrt_ws/Task2/install/addthreeints/include/addthreeints/addthreeints/msg/detail
-- Installing: /home/shridhar/Workspaces/mrt_ws/Task2/install/addthreeints/include/addthreeints/addthreeints/msg/detail/num__functions.h
-- Installing: /home/shridhar/Workspaces/mrt_ws/Task2/install/addthreeints/include/addthreeints/addthreeints/msg/detail/sphere__functions.c
-- Installing: /home/shridhar/Workspaces/mrt_ws/Task2/install/addthreeints/include/addthreeints/addthreeints/msg/detail/num__type_support.h
-- Installing: /home/shridhar/Workspaces/mrt_ws/Task2/install/addthreeints/include/addthreeints/addthreeints/msg/detail/sphere__struct.h
-- Installing: /home/shridhar/Workspaces/mrt_ws/Task2/install/addthreeints/include/addthreeints/addthreeints/msg/detail/sphere__type_support.h
-- Installing: /home/shridhar/Workspaces/mrt_ws/Task2/install/addthreeints/include/addthreeints/addthreeints/msg/detail/num__struct.h
-- Installing: /home/shridhar/Workspaces/mrt_ws/Task2/install/addthreeints/include/addthreeints/addthreeints/msg/detail/sphere__functions.h
-- Installing: /home/shridhar/Workspaces/mrt_ws/Task2/install/addthreeints/include/addthreeints/addthreeints/msg/detail/num__functions.c
-- Installing: /home/shridhar/Workspaces/mrt_ws/Task2/install/addthreeints/share/addthreeints/environment/library_path.sh
-- Installing: /home/shridhar/Workspaces/mrt_ws/Task2/install/addthreeints/share/addthreeints/environment/library_path.dsv
-- Installing: /home/shridhar/Workspaces/mrt_ws/Task2/install/addthreeints/lib/libaddthreeints__rosidl_generator_c.so
-- Set runtime path of "/home/shridhar/Workspaces/mrt_ws/Task2/install/addthreeints/lib/libaddthreeints__rosidl_generator_c.so" to ""
-- Up-to-date: /home/shridhar/Workspaces/mrt_ws/Task2/install/addthreeints/include/addthreeints/addthreeints
-- Up-to-date: /home/shridhar/Workspaces/mrt_ws/Task2/install/addthreeints/include/addthreeints/addthreeints/srv
-- Up-to-date: /home/shridhar/Workspaces/mrt_ws/Task2/install/addthreeints/include/addthreeints/addthreeints/srv/detail
-- Installing: /home/shridhar/Workspaces/mrt_ws/Task2/install/addthreeints/include/addthreeints/addthreeints/srv/detail/add_three_ints__rosidl_typesupport_fastrtps_c.h
-- Up-to-date: /home/shridhar/Workspaces/mrt_ws/Task2/install/addthreeints/include/addthreeints/addthreeints/msg
-- Installing: /home/shridhar/Workspaces/mrt_ws/Task2/install/addthreeints/include/addthreeints/addthreeints/msg/rosidl_typesupport_fastrtps_c__visibility_control.h
-- Up-to-date: /home/shridhar/Workspaces/mrt_ws/Task2/install/addthreeints/include/addthreeints/addthreeints/msg/detail
-- Installing: /home/shridhar/Workspaces/mrt_ws/Task2/install/addthreeints/include/addthreeints/addthreeints/msg/detail/num__rosidl_typesupport_fastrtps_c.h
-- Installing: /home/shridhar/Workspaces/mrt_ws/Task2/install/addthreeints/include/addthreeints/addthreeints/msg/detail/sphere__rosidl_typesupport_fastrtps_c.h
-- Installing: /home/shridhar/Workspaces/mrt_ws/Task2/install/addthreeints/lib/libaddthreeints__rosidl_typesupport_fastrtps_c.so
-- Set runtime path of "/home/shridhar/Workspaces/mrt_ws/Task2/install/addthreeints/lib/libaddthreeints__rosidl_typesupport_fastrtps_c.so" to ""
-- Up-to-date: /home/shridhar/Workspaces/mrt_ws/Task2/install/addthreeints/include/addthreeints/addthreeints
-- Up-to-date: /home/shridhar/Workspaces/mrt_ws/Task2/install/addthreeints/include/addthreeints/addthreeints/srv
-- Installing: /home/shridhar/Workspaces/mrt_ws/Task2/install/addthreeints/include/addthreeints/addthreeints/srv/add_three_ints.hpp
-- Up-to-date: /home/shridhar/Workspaces/mrt_ws/Task2/install/addthreeints/include/addthreeints/addthreeints/srv/detail
-- Installing: /home/shridhar/Workspaces/mrt_ws/Task2/install/addthreeints/include/addthreeints/addthreeints/srv/detail/add_three_ints__builder.hpp
-- Installing: /home/shridhar/Workspaces/mrt_ws/Task2/install/addthreeints/include/addthreeints/addthreeints/srv/detail/add_three_ints__struct.hpp
-- Installing: /home/shridhar/Workspaces/mrt_ws/Task2/install/addthreeints/include/addthreeints/addthreeints/srv/detail/add_three_ints__traits.hpp
-- Up-to-date: /home/shridhar/Workspaces/mrt_ws/Task2/install/addthreeints/include/addthreeints/addthreeints/msg
-- Installing: /home/shridhar/Workspaces/mrt_ws/Task2/install/addthreeints/include/addthreeints/addthreeints/msg/sphere.hpp
-- Installing: /home/shridhar/Workspaces/mrt_ws/Task2/install/addthreeints/include/addthreeints/addthreeints/msg/num.hpp
-- Up-to-date: /home/shridhar/Workspaces/mrt_ws/Task2/install/addthreeints/include/addthreeints/addthreeints/msg/detail
-- Installing: /home/shridhar/Workspaces/mrt_ws/Task2/install/addthreeints/include/addthreeints/addthreeints/msg/detail/num__struct.hpp
-- Installing: /home/shridhar/Workspaces/mrt_ws/Task2/install/addthreeints/include/addthreeints/addthreeints/msg/detail/num__traits.hpp
-- Installing: /home/shridhar/Workspaces/mrt_ws/Task2/install/addthreeints/include/addthreeints/addthreeints/msg/detail/sphere__struct.hpp
-- Installing: /home/shridhar/Workspaces/mrt_ws/Task2/install/addthreeints/include/addthreeints/addthreeints/msg/detail/sphere__builder.hpp
-- Installing: /home/shridhar/Workspaces/mrt_ws/Task2/install/addthreeints/include/addthreeints/addthreeints/msg/detail/sphere__traits.hpp
-- Installing: /home/shridhar/Workspaces/mrt_ws/Task2/install/addthreeints/include/addthreeints/addthreeints/msg/detail/num__builder.hpp
-- Up-to-date: /home/shridhar/Workspaces/mrt_ws/Task2/install/addthreeints/include/addthreeints/addthreeints
-- Up-to-date: /home/shridhar/Workspaces/mrt_ws/Task2/install/addthreeints/include/addthreeints/addthreeints/srv
-- Up-to-date: /home/shridhar/Workspaces/mrt_ws/Task2/install/addthreeints/include/addthreeints/addthreeints/srv/detail
-- Installing: /home/shridhar/Workspaces/mrt_ws/Task2/install/addthreeints/include/addthreeints/addthreeints/srv/detail/add_three_ints__rosidl_typesupport_fastrtps_cpp.hpp
-- Installing: /home/shridhar/Workspaces/mrt_ws/Task2/install/addthreeints/include/addthreeints/addthreeints/srv/detail/dds_fastrtps
-- Up-to-date: /home/shridhar/Workspaces/mrt_ws/Task2/install/addthreeints/include/addthreeints/addthreeints/msg
-- Installing: /home/shridhar/Workspaces/mrt_ws/Task2/install/addthreeints/include/addthreeints/addthreeints/msg/rosidl_typesupport_fastrtps_cpp__visibility_control.h
-- Up-to-date: /home/shridhar/Workspaces/mrt_ws/Task2/install/addthreeints/include/addthreeints/addthreeints/msg/detail
-- Installing: /home/shridhar/Workspaces/mrt_ws/Task2/install/addthreeints/include/addthreeints/addthreeints/msg/detail/sphere__rosidl_typesupport_fastrtps_cpp.hpp
-- Installing: /home/shridhar/Workspaces/mrt_ws/Task2/install/addthreeints/include/addthreeints/addthreeints/msg/detail/num__rosidl_typesupport_fastrtps_cpp.hpp
-- Installing: /home/shridhar/Workspaces/mrt_ws/Task2/install/addthreeints/include/addthreeints/addthreeints/msg/detail/dds_fastrtps
-- Installing: /home/shridhar/Workspaces/mrt_ws/Task2/install/addthreeints/lib/libaddthreeints__rosidl_typesupport_fastrtps_cpp.so
-- Set runtime path of "/home/shridhar/Workspaces/mrt_ws/Task2/install/addthreeints/lib/libaddthreeints__rosidl_typesupport_fastrtps_cpp.so" to ""
-- Up-to-date: /home/shridhar/Workspaces/mrt_ws/Task2/install/addthreeints/include/addthreeints/addthreeints
-- Up-to-date: /home/shridhar/Workspaces/mrt_ws/Task2/install/addthreeints/include/addthreeints/addthreeints/srv
-- Up-to-date: /home/shridhar/Workspaces/mrt_ws/Task2/install/addthreeints/include/addthreeints/addthreeints/srv/detail
-- Installing: /home/shridhar/Workspaces/mrt_ws/Task2/install/addthreeints/include/addthreeints/addthreeints/srv/detail/add_three_ints__rosidl_typesupport_introspection_c.h
-- Installing: /home/shridhar/Workspaces/mrt_ws/Task2/install/addthreeints/include/addthreeints/addthreeints/srv/detail/add_three_ints__type_support.c
-- Up-to-date: /home/shridhar/Workspaces/mrt_ws/Task2/install/addthreeints/include/addthreeints/addthreeints/msg
-- Up-to-date: /home/shridhar/Workspaces/mrt_ws/Task2/install/addthreeints/include/addthreeints/addthreeints/msg/detail
-- Installing: /home/shridhar/Workspaces/mrt_ws/Task2/install/addthreeints/include/addthreeints/addthreeints/msg/detail/num__type_support.c
-- Installing: /home/shridhar/Workspaces/mrt_ws/Task2/install/addthreeints/include/addthreeints/addthreeints/msg/detail/sphere__type_support.c
-- Installing: /home/shridhar/Workspaces/mrt_ws/Task2/install/addthreeints/include/addthreeints/addthreeints/msg/detail/num__rosidl_typesupport_introspection_c.h
-- Installing: /home/shridhar/Workspaces/mrt_ws/Task2/install/addthreeints/include/addthreeints/addthreeints/msg/detail/sphere__rosidl_typesupport_introspection_c.h
-- Installing: /home/shridhar/Workspaces/mrt_ws/Task2/install/addthreeints/include/addthreeints/addthreeints/msg/rosidl_typesupport_introspection_c__visibility_control.h
-- Installing: /home/shridhar/Workspaces/mrt_ws/Task2/install/addthreeints/lib/libaddthreeints__rosidl_typesupport_introspection_c.so
-- Set runtime path of "/home/shridhar/Workspaces/mrt_ws/Task2/install/addthreeints/lib/libaddthreeints__rosidl_typesupport_introspection_c.so" to ""
-- Installing: /home/shridhar/Workspaces/mrt_ws/Task2/install/addthreeints/lib/libaddthreeints__rosidl_typesupport_c.so
-- Set runtime path of "/home/shridhar/Workspaces/mrt_ws/Task2/install/addthreeints/lib/libaddthreeints__rosidl_typesupport_c.so" to ""
-- Up-to-date: /home/shridhar/Workspaces/mrt_ws/Task2/install/addthreeints/include/addthreeints/addthreeints
-- Up-to-date: /home/shridhar/Workspaces/mrt_ws/Task2/install/addthreeints/include/addthreeints/addthreeints/srv
-- Up-to-date: /home/shridhar/Workspaces/mrt_ws/Task2/install/addthreeints/include/addthreeints/addthreeints/srv/detail
-- Installing: /home/shridhar/Workspaces/mrt_ws/Task2/install/addthreeints/include/addthreeints/addthreeints/srv/detail/add_three_ints__type_support.cpp
-- Installing: /home/shridhar/Workspaces/mrt_ws/Task2/install/addthreeints/include/addthreeints/addthreeints/srv/detail/add_three_ints__rosidl_typesupport_introspection_cpp.hpp
-- Up-to-date: /home/shridhar/Workspaces/mrt_ws/Task2/install/addthreeints/include/addthreeints/addthreeints/msg
-- Up-to-date: /home/shridhar/Workspaces/mrt_ws/Task2/install/addthreeints/include/addthreeints/addthreeints/msg/detail
-- Installing: /home/shridhar/Workspaces/mrt_ws/Task2/install/addthreeints/include/addthreeints/addthreeints/msg/detail/sphere__rosidl_typesupport_introspection_cpp.hpp
-- Installing: /home/shridhar/Workspaces/mrt_ws/Task2/install/addthreeints/include/addthreeints/addthreeints/msg/detail/num__rosidl_typesupport_introspection_cpp.hpp
-- Installing: /home/shridhar/Workspaces/mrt_ws/Task2/install/addthreeints/include/addthreeints/addthreeints/msg/detail/sphere__type_support.cpp
-- Installing: /home/shridhar/Workspaces/mrt_ws/Task2/install/addthreeints/include/addthreeints/addthreeints/msg/detail/num__type_support.cpp
-- Installing: /home/shridhar/Workspaces/mrt_ws/Task2/install/addthreeints/lib/libaddthreeints__rosidl_typesupport_introspection_cpp.so
-- Set runtime path of "/home/shridhar/Workspaces/mrt_ws/Task2/install/addthreeints/lib/libaddthreeints__rosidl_typesupport_introspection_cpp.so" to ""
-- Installing: /home/shridhar/Workspaces/mrt_ws/Task2/install/addthreeints/lib/libaddthreeints__rosidl_typesupport_cpp.so
-- Set runtime path of "/home/shridhar/Workspaces/mrt_ws/Task2/install/addthreeints/lib/libaddthreeints__rosidl_typesupport_cpp.so" to ""
-- Installing: /home/shridhar/Workspaces/mrt_ws/Task2/install/addthreeints/share/addthreeints/environment/pythonpath.sh
-- Installing: /home/shridhar/Workspaces/mrt_ws/Task2/install/addthreeints/share/addthreeints/environment/pythonpath.dsv
-- Installing: /home/shridhar/Workspaces/mrt_ws/Task2/install/addthreeints/local/lib/python3.10/dist-packages/addthreeints-0.0.0-py3.10.egg-info
-- Installing: /home/shridhar/Workspaces/mrt_ws/Task2/install/addthreeints/local/lib/python3.10/dist-packages/addthreeints-0.0.0-py3.10.egg-info/top_level.txt
-- Installing: /home/shridhar/Workspaces/mrt_ws/Task2/install/addthreeints/local/lib/python3.10/dist-packages/addthreeints-0.0.0-py3.10.egg-info/dependency_links.txt
-- Installing: /home/shridhar/Workspaces/mrt_ws/Task2/install/addthreeints/local/lib/python3.10/dist-packages/addthreeints-0.0.0-py3.10.egg-info/PKG-INFO
-- Installing: /home/shridhar/Workspaces/mrt_ws/Task2/install/addthreeints/local/lib/python3.10/dist-packages/addthreeints-0.0.0-py3.10.egg-info/SOURCES.txt
-- Installing: /home/shridhar/Workspaces/mrt_ws/Task2/install/addthreeints/local/lib/python3.10/dist-packages/addthreeints
-- Installing: /home/shridhar/Workspaces/mrt_ws/Task2/install/addthreeints/local/lib/python3.10/dist-packages/addthreeints/addthreeints_s__rosidl_typesupport_fastrtps_c.cpython-310-x86_64-linux-gnu.so
-- Installing: /home/shridhar/Workspaces/mrt_ws/Task2/install/addthreeints/local/lib/python3.10/dist-packages/addthreeints/srv
-- Installing: /home/shridhar/Workspaces/mrt_ws/Task2/install/addthreeints/local/lib/python3.10/dist-packages/addthreeints/srv/_add_three_ints.py
-- Installing: /home/shridhar/Workspaces/mrt_ws/Task2/install/addthreeints/local/lib/python3.10/dist-packages/addthreeints/srv/__init__.py
-- Installing: /home/shridhar/Workspaces/mrt_ws/Task2/install/addthreeints/local/lib/python3.10/dist-packages/addthreeints/srv/_add_three_ints_s.c
-- Installing: /home/shridhar/Workspaces/mrt_ws/Task2/install/addthreeints/local/lib/python3.10/dist-packages/addthreeints/_addthreeints_s.ep.rosidl_typesupport_c.c
-- Installing: /home/shridhar/Workspaces/mrt_ws/Task2/install/addthreeints/local/lib/python3.10/dist-packages/addthreeints/libaddthreeints__rosidl_generator_py.so
-- Installing: /home/shridhar/Workspaces/mrt_ws/Task2/install/addthreeints/local/lib/python3.10/dist-packages/addthreeints/addthreeints_s__rosidl_typesupport_introspection_c.cpython-310-x86_64-linux-gnu.so
-- Installing: /home/shridhar/Workspaces/mrt_ws/Task2/install/addthreeints/local/lib/python3.10/dist-packages/addthreeints/msg
-- Installing: /home/shridhar/Workspaces/mrt_ws/Task2/install/addthreeints/local/lib/python3.10/dist-packages/addthreeints/msg/_sphere_s.c
-- Installing: /home/shridhar/Workspaces/mrt_ws/Task2/install/addthreeints/local/lib/python3.10/dist-packages/addthreeints/msg/_num_s.c
-- Installing: /home/shridhar/Workspaces/mrt_ws/Task2/install/addthreeints/local/lib/python3.10/dist-packages/addthreeints/msg/__init__.py
-- Installing: /home/shridhar/Workspaces/mrt_ws/Task2/install/addthreeints/local/lib/python3.10/dist-packages/addthreeints/msg/_num.py
-- Installing: /home/shridhar/Workspaces/mrt_ws/Task2/install/addthreeints/local/lib/python3.10/dist-packages/addthreeints/msg/_sphere.py
-- Installing: /home/shridhar/Workspaces/mrt_ws/Task2/install/addthreeints/local/lib/python3.10/dist-packages/addthreeints/_addthreeints_s.ep.rosidl_typesupport_introspection_c.c
-- Installing: /home/shridhar/Workspaces/mrt_ws/Task2/install/addthreeints/local/lib/python3.10/dist-packages/addthreeints/__init__.py
-- Installing: /home/shridhar/Workspaces/mrt_ws/Task2/install/addthreeints/local/lib/python3.10/dist-packages/addthreeints/addthreeints_s__rosidl_typesupport_c.cpython-310-x86_64-linux-gnu.so
-- Installing: /home/shridhar/Workspaces/mrt_ws/Task2/install/addthreeints/local/lib/python3.10/dist-packages/addthreeints/_addthreeints_s.ep.rosidl_typesupport_fastrtps_c.c
Listing '/home/shridhar/Workspaces/mrt_ws/Task2/install/addthreeints/local/lib/python3.10/dist-packages/addthreeints'...
Compiling '/home/shridhar/Workspaces/mrt_ws/Task2/install/addthreeints/local/lib/python3.10/dist-packages/addthreeints/__init__.py'...
Listing '/home/shridhar/Workspaces/mrt_ws/Task2/install/addthreeints/local/lib/python3.10/dist-packages/addthreeints/msg'...
Compiling '/home/shridhar/Workspaces/mrt_ws/Task2/install/addthreeints/local/lib/python3.10/dist-packages/addthreeints/msg/__init__.py'...
Compiling '/home/shridhar/Workspaces/mrt_ws/Task2/install/addthreeints/local/lib/python3.10/dist-packages/addthreeints/msg/_num.py'...
Compiling '/home/shridhar/Workspaces/mrt_ws/Task2/install/addthreeints/local/lib/python3.10/dist-packages/addthreeints/msg/_sphere.py'...
Listing '/home/shridhar/Workspaces/mrt_ws/Task2/install/addthreeints/local/lib/python3.10/dist-packages/addthreeints/srv'...
Compiling '/home/shridhar/Workspaces/mrt_ws/Task2/install/addthreeints/local/lib/python3.10/dist-packages/addthreeints/srv/__init__.py'...
Compiling '/home/shridhar/Workspaces/mrt_ws/Task2/install/addthreeints/local/lib/python3.10/dist-packages/addthreeints/srv/_add_three_ints.py'...
-- Installing: /home/shridhar/Workspaces/mrt_ws/Task2/install/addthreeints/local/lib/python3.10/dist-packages/addthreeints/addthreeints_s__rosidl_typesupport_fastrtps_c.cpython-310-x86_64-linux-gnu.so
-- Set runtime path of "/home/shridhar/Workspaces/mrt_ws/Task2/install/addthreeints/local/lib/python3.10/dist-packages/addthreeints/addthreeints_s__rosidl_typesupport_fastrtps_c.cpython-310-x86_64-linux-gnu.so" to ""
-- Installing: /home/shridhar/Workspaces/mrt_ws/Task2/install/addthreeints/local/lib/python3.10/dist-packages/addthreeints/addthreeints_s__rosidl_typesupport_introspection_c.cpython-310-x86_64-linux-gnu.so
-- Set runtime path of "/home/shridhar/Workspaces/mrt_ws/Task2/install/addthreeints/local/lib/python3.10/dist-packages/addthreeints/addthreeints_s__rosidl_typesupport_introspection_c.cpython-310-x86_64-linux-gnu.so" to ""
-- Installing: /home/shridhar/Workspaces/mrt_ws/Task2/install/addthreeints/local/lib/python3.10/dist-packages/addthreeints/addthreeints_s__rosidl_typesupport_c.cpython-310-x86_64-linux-gnu.so
-- Set runtime path of "/home/shridhar/Workspaces/mrt_ws/Task2/install/addthreeints/local/lib/python3.10/dist-packages/addthreeints/addthreeints_s__rosidl_typesupport_c.cpython-310-x86_64-linux-gnu.so" to ""
-- Installing: /home/shridhar/Workspaces/mrt_ws/Task2/install/addthreeints/lib/libaddthreeints__rosidl_generator_py.so
-- Set runtime path of "/home/shridhar/Workspaces/mrt_ws/Task2/install/addthreeints/lib/libaddthreeints__rosidl_generator_py.so" to ""
-- Installing: /home/shridhar/Workspaces/mrt_ws/Task2/install/addthreeints/share/addthreeints/msg/Num.idl
-- Installing: /home/shridhar/Workspaces/mrt_ws/Task2/install/addthreeints/share/addthreeints/msg/Sphere.idl
-- Installing: /home/shridhar/Workspaces/mrt_ws/Task2/install/addthreeints/share/addthreeints/srv/AddThreeInts.idl
-- Installing: /home/shridhar/Workspaces/mrt_ws/Task2/install/addthreeints/share/addthreeints/msg/Num.msg
-- Installing: /home/shridhar/Workspaces/mrt_ws/Task2/install/addthreeints/share/addthreeints/msg/Sphere.msg
-- Installing: /home/shridhar/Workspaces/mrt_ws/Task2/install/addthreeints/share/addthreeints/srv/AddThreeInts.srv
-- Installing: /home/shridhar/Workspaces/mrt_ws/Task2/install/addthreeints/share/addthreeints/srv/AddThreeInts_Request.msg
-- Installing: /home/shridhar/Workspaces/mrt_ws/Task2/install/addthreeints/share/addthreeints/srv/AddThreeInts_Response.msg
-- Installing: /home/shridhar/Workspaces/mrt_ws/Task2/install/addthreeints/share/ament_index/resource_index/package_run_dependencies/addthreeints
-- Installing: /home/shridhar/Workspaces/mrt_ws/Task2/install/addthreeints/share/ament_index/resource_index/parent_prefix_path/addthreeints
-- Installing: /home/shridhar/Workspaces/mrt_ws/Task2/install/addthreeints/share/addthreeints/environment/ament_prefix_path.sh
-- Installing: /home/shridhar/Workspaces/mrt_ws/Task2/install/addthreeints/share/addthreeints/environment/ament_prefix_path.dsv
-- Installing: /home/shridhar/Workspaces/mrt_ws/Task2/install/addthreeints/share/addthreeints/environment/path.sh
-- Installing: /home/shridhar/Workspaces/mrt_ws/Task2/install/addthreeints/share/addthreeints/environment/path.dsv
-- Installing: /home/shridhar/Workspaces/mrt_ws/Task2/install/addthreeints/share/addthreeints/local_setup.bash
-- Installing: /home/shridhar/Workspaces/mrt_ws/Task2/install/addthreeints/share/addthreeints/local_setup.sh
-- Installing: /home/shridhar/Workspaces/mrt_ws/Task2/install/addthreeints/share/addthreeints/local_setup.zsh
-- Installing: /home/shridhar/Workspaces/mrt_ws/Task2/install/addthreeints/share/addthreeints/local_setup.dsv
-- Installing: /home/shridhar/Workspaces/mrt_ws/Task2/install/addthreeints/share/addthreeints/package.dsv
-- Installing: /home/shridhar/Workspaces/mrt_ws/Task2/install/addthreeints/share/ament_index/resource_index/packages/addthreeints
-- Installing: /home/shridhar/Workspaces/mrt_ws/Task2/install/addthreeints/share/addthreeints/cmake/export_addthreeints__rosidl_generator_cExport.cmake
-- Installing: /home/shridhar/Workspaces/mrt_ws/Task2/install/addthreeints/share/addthreeints/cmake/export_addthreeints__rosidl_generator_cExport-noconfig.cmake
-- Installing: /home/shridhar/Workspaces/mrt_ws/Task2/install/addthreeints/share/addthreeints/cmake/export_addthreeints__rosidl_typesupport_fastrtps_cExport.cmake
-- Installing: /home/shridhar/Workspaces/mrt_ws/Task2/install/addthreeints/share/addthreeints/cmake/export_addthreeints__rosidl_typesupport_fastrtps_cExport-noconfig.cmake
-- Installing: /home/shridhar/Workspaces/mrt_ws/Task2/install/addthreeints/share/addthreeints/cmake/export_addthreeints__rosidl_generator_cppExport.cmake
-- Installing: /home/shridhar/Workspaces/mrt_ws/Task2/install/addthreeints/share/addthreeints/cmake/export_addthreeints__rosidl_typesupport_fastrtps_cppExport.cmake
-- Installing: /home/shridhar/Workspaces/mrt_ws/Task2/install/addthreeints/share/addthreeints/cmake/export_addthreeints__rosidl_typesupport_fastrtps_cppExport-noconfig.cmake
-- Installing: /home/shridhar/Workspaces/mrt_ws/Task2/install/addthreeints/share/addthreeints/cmake/addthreeints__rosidl_typesupport_introspection_cExport.cmake
-- Installing: /home/shridhar/Workspaces/mrt_ws/Task2/install/addthreeints/share/addthreeints/cmake/addthreeints__rosidl_typesupport_introspection_cExport-noconfig.cmake
-- Installing: /home/shridhar/Workspaces/mrt_ws/Task2/install/addthreeints/share/addthreeints/cmake/addthreeints__rosidl_typesupport_cExport.cmake
-- Installing: /home/shridhar/Workspaces/mrt_ws/Task2/install/addthreeints/share/addthreeints/cmake/addthreeints__rosidl_typesupport_cExport-noconfig.cmake
-- Installing: /home/shridhar/Workspaces/mrt_ws/Task2/install/addthreeints/share/addthreeints/cmake/addthreeints__rosidl_typesupport_introspection_cppExport.cmake
-- Installing: /home/shridhar/Workspaces/mrt_ws/Task2/install/addthreeints/share/addthreeints/cmake/addthreeints__rosidl_typesupport_introspection_cppExport-noconfig.cmake
-- Installing: /home/shridhar/Workspaces/mrt_ws/Task2/install/addthreeints/share/addthreeints/cmake/addthreeints__rosidl_typesupport_cppExport.cmake
-- Installing: /home/shridhar/Workspaces/mrt_ws/Task2/install/addthreeints/share/addthreeints/cmake/addthreeints__rosidl_typesupport_cppExport-noconfig.cmake
-- Installing: /home/shridhar/Workspaces/mrt_ws/Task2/install/addthreeints/share/addthreeints/cmake/export_addthreeints__rosidl_generator_pyExport.cmake
-- Installing: /home/shridhar/Workspaces/mrt_ws/Task2/install/addthreeints/share/addthreeints/cmake/export_addthreeints__rosidl_generator_pyExport-noconfig.cmake
-- Installing: /home/shridhar/Workspaces/mrt_ws/Task2/install/addthreeints/share/addthreeints/cmake/rosidl_cmake-extras.cmake
-- Installing: /home/shridhar/Workspaces/mrt_ws/Task2/install/addthreeints/share/addthreeints/cmake/ament_cmake_export_dependencies-extras.cmake
-- Installing: /home/shridhar/Workspaces/mrt_ws/Task2/install/addthreeints/share/addthreeints/cmake/ament_cmake_export_include_directories-extras.cmake
-- Installing: /home/shridhar/Workspaces/mrt_ws/Task2/install/addthreeints/share/addthreeints/cmake/ament_cmake_export_libraries-extras.cmake
-- Installing: /home/shridhar/Workspaces/mrt_ws/Task2/install/addthreeints/share/addthreeints/cmake/ament_cmake_export_targets-extras.cmake
-- Installing: /home/shridhar/Workspaces/mrt_ws/Task2/install/addthreeints/share/addthreeints/cmake/rosidl_cmake_export_typesupport_targets-extras.cmake
-- Installing: /home/shridhar/Workspaces/mrt_ws/Task2/install/addthreeints/share/addthreeints/cmake/rosidl_cmake_export_typesupport_libraries-extras.cmake
-- Installing: /home/shridhar/Workspaces/mrt_ws/Task2/install/addthreeints/share/addthreeints/cmake/addthreeintsConfig.cmake
-- Installing: /home/shridhar/Workspaces/mrt_ws/Task2/install/addthreeints/share/addthreeints/cmake/addthreeintsConfig-version.cmake
-- Installing: /home/shridhar/Workspaces/mrt_ws/Task2/install/addthreeints/share/addthreeints/package.xml
