[0.014s] Invoking command in '/home/shridhar/Workspaces/mrt_ws/Task2/build/addthreeints': CMAKE_PREFIX_PATH=/home/shridhar/Workspaces/mrt_ws/Task2/install/serveradd:/opt/ros/humble /usr/bin/cmake --build /home/shridhar/Workspaces/mrt_ws/Task2/build/addthreeints -- -j22 -l22
[0.047s] -- Found ament_cmake: 1.3.10 (/opt/ros/humble/share/ament_cmake/cmake)
[0.204s] -- Found geometry_msgs: 4.2.4 (/opt/ros/humble/share/geometry_msgs/cmake)
[0.235s] -- Found rosidl_generator_c: 3.1.5 (/opt/ros/humble/share/rosidl_generator_c/cmake)
[0.237s] -- Found rosidl_adapter: 3.1.5 (/opt/ros/humble/share/rosidl_adapter/cmake)
[0.245s] -- Found rosidl_generator_cpp: 3.1.5 (/opt/ros/humble/share/rosidl_generator_cpp/cmake)
[0.256s] -- Using all available rosidl_typesupport_c: rosidl_typesupport_fastrtps_c;rosidl_typesupport_introspection_c
[0.268s] -- Using all available rosidl_typesupport_cpp: rosidl_typesupport_fastrtps_cpp;rosidl_typesupport_introspection_cpp
[0.303s] -- Found rosidl_default_generators: 1.2.0 (/opt/ros/humble/share/rosidl_default_generators/cmake)
[0.623s] -- Found ament_cmake_ros: 0.10.0 (/opt/ros/humble/share/ament_cmake_ros/cmake)
[1.081s] -- Using all available rosidl_typesupport_c: rosidl_typesupport_fastrtps_c;rosidl_typesupport_introspection_c
[1.275s] -- Using all available rosidl_typesupport_cpp: rosidl_typesupport_fastrtps_cpp;rosidl_typesupport_introspection_cpp
[1.303s] -- Found python_cmake_module: 0.10.0 (/opt/ros/humble/share/python_cmake_module/cmake)
[1.337s] -- Using PYTHON_EXECUTABLE: /usr/bin/python3
[1.337s] -- Using PYTHON_INCLUDE_DIRS: /usr/include/python3.10
[1.337s] -- Using PYTHON_LIBRARIES: /usr/lib/x86_64-linux-gnu/libpython3.10.so
[1.376s] -- Found ament_lint_auto: 0.12.11 (/opt/ros/humble/share/ament_lint_auto/cmake)
[1.384s] -- Added test 'lint_cmake' to check CMake code style
[1.385s] -- Added test 'xmllint' to check XML markup files
[1.387s] -- Configuring done
[1.420s] -- Generating done
[1.423s] -- Build files have been written to: /home/shridhar/Workspaces/mrt_ws/Task2/build/addthreeints
[1.461s] [35m[1mConsolidate compiler generated dependencies of target addthreeints__rosidl_generator_c[0m
[1.475s] [  4%] [32mBuilding C object CMakeFiles/addthreeints__rosidl_generator_c.dir/rosidl_generator_c/addthreeints/srv/detail/add_three_ints__functions.c.o[0m
[1.475s] [  4%] Built target addthreeints__cpp
[1.475s] [  6%] [32mBuilding C object CMakeFiles/addthreeints__rosidl_generator_c.dir/rosidl_generator_c/addthreeints/msg/detail/num__functions.c.o[0m
[1.475s] [  8%] [32mBuilding C object CMakeFiles/addthreeints__rosidl_generator_c.dir/rosidl_generator_c/addthreeints/msg/detail/sphere__functions.c.o[0m
[1.480s] [  8%] Built target ament_cmake_python_copy_addthreeints
[1.488s] [35m[1mConsolidate compiler generated dependencies of target addthreeints__rosidl_typesupport_fastrtps_cpp[0m
[1.488s] [35m[1mConsolidate compiler generated dependencies of target addthreeints__rosidl_typesupport_cpp[0m
[1.488s] [35m[1mConsolidate compiler generated dependencies of target addthreeints__rosidl_typesupport_introspection_cpp[0m
[1.503s] [ 12%] [32mBuilding CXX object CMakeFiles/addthreeints__rosidl_typesupport_cpp.dir/rosidl_typesupport_cpp/addthreeints/msg/num__type_support.cpp.o[0m
[1.503s] [ 12%] [32mBuilding CXX object CMakeFiles/addthreeints__rosidl_typesupport_introspection_cpp.dir/rosidl_typesupport_introspection_cpp/addthreeints/msg/detail/num__type_support.cpp.o[0m
[1.503s] [ 14%] [32mBuilding CXX object CMakeFiles/addthreeints__rosidl_typesupport_fastrtps_cpp.dir/rosidl_typesupport_fastrtps_cpp/addthreeints/msg/detail/dds_fastrtps/sphere__type_support.cpp.o[0m
[1.504s] [ 17%] [32mBuilding CXX object CMakeFiles/addthreeints__rosidl_typesupport_introspection_cpp.dir/rosidl_typesupport_introspection_cpp/addthreeints/msg/detail/sphere__type_support.cpp.o[0m
[1.504s] [ 19%] [32mBuilding CXX object CMakeFiles/addthreeints__rosidl_typesupport_cpp.dir/rosidl_typesupport_cpp/addthreeints/srv/add_three_ints__type_support.cpp.o[0m
[1.504s] [ 21%] [32mBuilding CXX object CMakeFiles/addthreeints__rosidl_typesupport_cpp.dir/rosidl_typesupport_cpp/addthreeints/msg/sphere__type_support.cpp.o[0m
[1.505s] [ 23%] [32mBuilding CXX object CMakeFiles/addthreeints__rosidl_typesupport_introspection_cpp.dir/rosidl_typesupport_introspection_cpp/addthreeints/srv/detail/add_three_ints__type_support.cpp.o[0m
[1.505s] [ 25%] [32mBuilding CXX object CMakeFiles/addthreeints__rosidl_typesupport_fastrtps_cpp.dir/rosidl_typesupport_fastrtps_cpp/addthreeints/msg/detail/dds_fastrtps/num__type_support.cpp.o[0m
[1.506s] [ 27%] [32mBuilding CXX object CMakeFiles/addthreeints__rosidl_typesupport_fastrtps_cpp.dir/rosidl_typesupport_fastrtps_cpp/addthreeints/srv/detail/dds_fastrtps/add_three_ints__type_support.cpp.o[0m
[1.563s] [ 29%] [32m[1mLinking C shared library libaddthreeints__rosidl_generator_c.so[0m
[1.632s] [ 31%] Built target addthreeints__rosidl_generator_c
[1.649s] [ 34%] [34m[1mGenerating C type support dispatch for ROS interfaces[0m
[1.649s] [ 36%] [34m[1mGenerating C introspection for ROS interfaces[0m
[1.650s] [ 38%] [34m[1mGenerating C type support for eProsima Fast-RTPS[0m
[1.898s] running egg_info
[1.899s] writing addthreeints.egg-info/PKG-INFO
[1.899s] writing dependency_links to addthreeints.egg-info/dependency_links.txt
[1.900s] writing top-level names to addthreeints.egg-info/top_level.txt
[1.902s] reading manifest file 'addthreeints.egg-info/SOURCES.txt'
[1.902s] writing manifest file 'addthreeints.egg-info/SOURCES.txt'
[1.918s] [ 40%] [32m[1mLinking CXX shared library libaddthreeints__rosidl_typesupport_cpp.so[0m
[1.939s] [ 44%] [32mBuilding CXX object CMakeFiles/addthreeints__rosidl_typesupport_c.dir/rosidl_typesupport_c/addthreeints/msg/sphere__type_support.cpp.o[0m
[1.939s] [ 44%] [32mBuilding CXX object CMakeFiles/addthreeints__rosidl_typesupport_c.dir/rosidl_typesupport_c/addthreeints/msg/num__type_support.cpp.o[0m
[1.939s] [ 44%] Built target ament_cmake_python_build_addthreeints_egg
[1.943s] [ 46%] [32mBuilding CXX object CMakeFiles/addthreeints__rosidl_typesupport_c.dir/rosidl_typesupport_c/addthreeints/srv/add_three_ints__type_support.cpp.o[0m
[1.977s] [ 48%] Built target addthreeints__rosidl_typesupport_cpp
[1.985s] [ 51%] [32m[1mLinking CXX shared library libaddthreeints__rosidl_typesupport_c.so[0m
[1.990s] [ 53%] [32m[1mLinking CXX shared library libaddthreeints__rosidl_typesupport_introspection_cpp.so[0m
[1.990s] [ 55%] [32mBuilding C object CMakeFiles/addthreeints__rosidl_typesupport_introspection_c.dir/rosidl_typesupport_introspection_c/addthreeints/msg/detail/sphere__type_support.c.o[0m
[1.990s] [ 57%] [32mBuilding C object CMakeFiles/addthreeints__rosidl_typesupport_introspection_c.dir/rosidl_typesupport_introspection_c/addthreeints/srv/detail/add_three_ints__type_support.c.o[0m
[1.992s] [ 59%] [32mBuilding C object CMakeFiles/addthreeints__rosidl_typesupport_introspection_c.dir/rosidl_typesupport_introspection_c/addthreeints/msg/detail/num__type_support.c.o[0m
[2.027s] [ 61%] [32m[1mLinking C shared library libaddthreeints__rosidl_typesupport_introspection_c.so[0m
[2.032s] [ 61%] Built target addthreeints__rosidl_typesupport_c
[2.070s] [ 61%] Built target addthreeints__rosidl_typesupport_introspection_c
[2.079s] [ 63%] Built target addthreeints__rosidl_typesupport_introspection_cpp
[2.114s] [ 65%] [32m[1mLinking CXX shared library libaddthreeints__rosidl_typesupport_fastrtps_cpp.so[0m
[2.145s] [ 72%] [32mBuilding CXX object CMakeFiles/addthreeints__rosidl_typesupport_fastrtps_c.dir/rosidl_typesupport_fastrtps_c/addthreeints/srv/detail/add_three_ints__type_support_c.cpp.o[0m
[2.145s] [ 72%] [32mBuilding CXX object CMakeFiles/addthreeints__rosidl_typesupport_fastrtps_c.dir/rosidl_typesupport_fastrtps_c/addthreeints/msg/detail/num__type_support_c.cpp.o[0m
[2.145s] [ 72%] [32mBuilding CXX object CMakeFiles/addthreeints__rosidl_typesupport_fastrtps_c.dir/rosidl_typesupport_fastrtps_c/addthreeints/msg/detail/sphere__type_support_c.cpp.o[0m
[2.215s] [ 74%] Built target addthreeints__rosidl_typesupport_fastrtps_cpp
[2.478s] [ 76%] [32m[1mLinking CXX shared library libaddthreeints__rosidl_typesupport_fastrtps_c.so[0m
[2.568s] [ 76%] Built target addthreeints__rosidl_typesupport_fastrtps_c
[2.594s] [ 76%] Built target addthreeints
[2.618s] [ 78%] [34m[1mGenerating Python code for ROS interfaces[0m
[3.134s] [ 78%] Built target addthreeints__py
[3.161s] [ 80%] [32mBuilding C object CMakeFiles/addthreeints__rosidl_generator_py.dir/rosidl_generator_py/addthreeints/msg/_num_s.c.o[0m
[3.161s] [ 82%] [32mBuilding C object CMakeFiles/addthreeints__rosidl_generator_py.dir/rosidl_generator_py/addthreeints/srv/_add_three_ints_s.c.o[0m
[3.161s] [ 85%] [32mBuilding C object CMakeFiles/addthreeints__rosidl_generator_py.dir/rosidl_generator_py/addthreeints/msg/_sphere_s.c.o[0m
[3.290s] [ 87%] [32m[1mLinking C shared library rosidl_generator_py/addthreeints/libaddthreeints__rosidl_generator_py.so[0m
[3.343s] [ 87%] Built target addthreeints__rosidl_generator_py
[3.369s] [ 89%] [32mBuilding C object CMakeFiles/addthreeints__rosidl_typesupport_c__pyext.dir/rosidl_generator_py/addthreeints/_addthreeints_s.ep.rosidl_typesupport_c.c.o[0m
[3.369s] [ 91%] [32mBuilding C object CMakeFiles/addthreeints__rosidl_typesupport_introspection_c__pyext.dir/rosidl_generator_py/addthreeints/_addthreeints_s.ep.rosidl_typesupport_introspection_c.c.o[0m
[3.369s] [ 93%] [32mBuilding C object CMakeFiles/addthreeints__rosidl_typesupport_fastrtps_c__pyext.dir/rosidl_generator_py/addthreeints/_addthreeints_s.ep.rosidl_typesupport_fastrtps_c.c.o[0m
[3.487s] [ 97%] [32m[1mLinking C shared library rosidl_generator_py/addthreeints/addthreeints_s__rosidl_typesupport_introspection_c.cpython-310-x86_64-linux-gnu.so[0m
[3.487s] [ 97%] [32m[1mLinking C shared library rosidl_generator_py/addthreeints/addthreeints_s__rosidl_typesupport_fastrtps_c.cpython-310-x86_64-linux-gnu.so[0m
[3.487s] [100%] [32m[1mLinking C shared library rosidl_generator_py/addthreeints/addthreeints_s__rosidl_typesupport_c.cpython-310-x86_64-linux-gnu.so[0m
[3.533s] [100%] Built target addthreeints__rosidl_typesupport_c__pyext
[3.533s] [100%] Built target addthreeints__rosidl_typesupport_introspection_c__pyext
[3.535s] [100%] Built target addthreeints__rosidl_typesupport_fastrtps_c__pyext
[3.551s] Invoked command in '/home/shridhar/Workspaces/mrt_ws/Task2/build/addthreeints' returned '0': CMAKE_PREFIX_PATH=/home/shridhar/Workspaces/mrt_ws/Task2/install/serveradd:/opt/ros/humble /usr/bin/cmake --build /home/shridhar/Workspaces/mrt_ws/Task2/build/addthreeints -- -j22 -l22
[3.669s] Invoking command in '/home/shridhar/Workspaces/mrt_ws/Task2/build/addthreeints': CMAKE_PREFIX_PATH=/home/shridhar/Workspaces/mrt_ws/Task2/install/serveradd:/opt/ros/humble /usr/bin/cmake --install /home/shridhar/Workspaces/mrt_ws/Task2/build/addthreeints
[3.678s] -- Install configuration: ""
[3.679s] -- Installing: /home/shridhar/Workspaces/mrt_ws/Task2/install/addthreeints/share/ament_index/resource_index/rosidl_interfaces/addthreeints
[3.679s] -- Installing: /home/shridhar/Workspaces/mrt_ws/Task2/install/addthreeints/include/addthreeints/addthreeints
[3.679s] -- Installing: /home/shridhar/Workspaces/mrt_ws/Task2/install/addthreeints/include/addthreeints/addthreeints/srv
[3.679s] -- Installing: /home/shridhar/Workspaces/mrt_ws/Task2/install/addthreeints/include/addthreeints/addthreeints/srv/detail
[3.679s] -- Installing: /home/shridhar/Workspaces/mrt_ws/Task2/install/addthreeints/include/addthreeints/addthreeints/srv/detail/add_three_ints__struct.h
[3.679s] -- Installing: /home/shridhar/Workspaces/mrt_ws/Task2/install/addthreeints/include/addthreeints/addthreeints/srv/detail/add_three_ints__functions.h
[3.679s] -- Installing: /home/shridhar/Workspaces/mrt_ws/Task2/install/addthreeints/include/addthreeints/addthreeints/srv/detail/add_three_ints__functions.c
[3.679s] -- Installing: /home/shridhar/Workspaces/mrt_ws/Task2/install/addthreeints/include/addthreeints/addthreeints/srv/detail/add_three_ints__type_support.h
[3.679s] -- Installing: /home/shridhar/Workspaces/mrt_ws/Task2/install/addthreeints/include/addthreeints/addthreeints/srv/add_three_ints.h
[3.680s] -- Installing: /home/shridhar/Workspaces/mrt_ws/Task2/install/addthreeints/include/addthreeints/addthreeints/msg
[3.680s] -- Installing: /home/shridhar/Workspaces/mrt_ws/Task2/install/addthreeints/include/addthreeints/addthreeints/msg/num.h
[3.680s] -- Installing: /home/shridhar/Workspaces/mrt_ws/Task2/install/addthreeints/include/addthreeints/addthreeints/msg/sphere.h
[3.680s] -- Installing: /home/shridhar/Workspaces/mrt_ws/Task2/install/addthreeints/include/addthreeints/addthreeints/msg/rosidl_generator_c__visibility_control.h
[3.680s] -- Installing: /home/shridhar/Workspaces/mrt_ws/Task2/install/addthreeints/include/addthreeints/addthreeints/msg/detail
[3.680s] -- Installing: /home/shridhar/Workspaces/mrt_ws/Task2/install/addthreeints/include/addthreeints/addthreeints/msg/detail/num__functions.h
[3.680s] -- Installing: /home/shridhar/Workspaces/mrt_ws/Task2/install/addthreeints/include/addthreeints/addthreeints/msg/detail/sphere__functions.c
[3.680s] -- Installing: /home/shridhar/Workspaces/mrt_ws/Task2/install/addthreeints/include/addthreeints/addthreeints/msg/detail/num__type_support.h
[3.680s] -- Installing: /home/shridhar/Workspaces/mrt_ws/Task2/install/addthreeints/include/addthreeints/addthreeints/msg/detail/sphere__struct.h
[3.680s] -- Installing: /home/shridhar/Workspaces/mrt_ws/Task2/install/addthreeints/include/addthreeints/addthreeints/msg/detail/sphere__type_support.h
[3.680s] -- Installing: /home/shridhar/Workspaces/mrt_ws/Task2/install/addthreeints/include/addthreeints/addthreeints/msg/detail/num__struct.h
[3.681s] -- Installing: /home/shridhar/Workspaces/mrt_ws/Task2/install/addthreeints/include/addthreeints/addthreeints/msg/detail/sphere__functions.h
[3.681s] -- Installing: /home/shridhar/Workspaces/mrt_ws/Task2/install/addthreeints/include/addthreeints/addthreeints/msg/detail/num__functions.c
[3.681s] -- Installing: /home/shridhar/Workspaces/mrt_ws/Task2/install/addthreeints/share/addthreeints/environment/library_path.sh
[3.681s] -- Installing: /home/shridhar/Workspaces/mrt_ws/Task2/install/addthreeints/share/addthreeints/environment/library_path.dsv
[3.681s] -- Installing: /home/shridhar/Workspaces/mrt_ws/Task2/install/addthreeints/lib/libaddthreeints__rosidl_generator_c.so
[3.681s] -- Set runtime path of "/home/shridhar/Workspaces/mrt_ws/Task2/install/addthreeints/lib/libaddthreeints__rosidl_generator_c.so" to ""
[3.681s] -- Up-to-date: /home/shridhar/Workspaces/mrt_ws/Task2/install/addthreeints/include/addthreeints/addthreeints
[3.681s] -- Up-to-date: /home/shridhar/Workspaces/mrt_ws/Task2/install/addthreeints/include/addthreeints/addthreeints/srv
[3.681s] -- Up-to-date: /home/shridhar/Workspaces/mrt_ws/Task2/install/addthreeints/include/addthreeints/addthreeints/srv/detail
[3.682s] -- Installing: /home/shridhar/Workspaces/mrt_ws/Task2/install/addthreeints/include/addthreeints/addthreeints/srv/detail/add_three_ints__rosidl_typesupport_fastrtps_c.h
[3.682s] -- Up-to-date: /home/shridhar/Workspaces/mrt_ws/Task2/install/addthreeints/include/addthreeints/addthreeints/msg
[3.682s] -- Installing: /home/shridhar/Workspaces/mrt_ws/Task2/install/addthreeints/include/addthreeints/addthreeints/msg/rosidl_typesupport_fastrtps_c__visibility_control.h
[3.682s] -- Up-to-date: /home/shridhar/Workspaces/mrt_ws/Task2/install/addthreeints/include/addthreeints/addthreeints/msg/detail
[3.682s] -- Installing: /home/shridhar/Workspaces/mrt_ws/Task2/install/addthreeints/include/addthreeints/addthreeints/msg/detail/num__rosidl_typesupport_fastrtps_c.h
[3.682s] -- Installing: /home/shridhar/Workspaces/mrt_ws/Task2/install/addthreeints/include/addthreeints/addthreeints/msg/detail/sphere__rosidl_typesupport_fastrtps_c.h
[3.682s] -- Installing: /home/shridhar/Workspaces/mrt_ws/Task2/install/addthreeints/lib/libaddthreeints__rosidl_typesupport_fastrtps_c.so
[3.682s] -- Set runtime path of "/home/shridhar/Workspaces/mrt_ws/Task2/install/addthreeints/lib/libaddthreeints__rosidl_typesupport_fastrtps_c.so" to ""
[3.682s] -- Up-to-date: /home/shridhar/Workspaces/mrt_ws/Task2/install/addthreeints/include/addthreeints/addthreeints
[3.682s] -- Up-to-date: /home/shridhar/Workspaces/mrt_ws/Task2/install/addthreeints/include/addthreeints/addthreeints/srv
[3.682s] -- Installing: /home/shridhar/Workspaces/mrt_ws/Task2/install/addthreeints/include/addthreeints/addthreeints/srv/add_three_ints.hpp
[3.682s] -- Up-to-date: /home/shridhar/Workspaces/mrt_ws/Task2/install/addthreeints/include/addthreeints/addthreeints/srv/detail
[3.683s] -- Installing: /home/shridhar/Workspaces/mrt_ws/Task2/install/addthreeints/include/addthreeints/addthreeints/srv/detail/add_three_ints__builder.hpp
[3.683s] -- Installing: /home/shridhar/Workspaces/mrt_ws/Task2/install/addthreeints/include/addthreeints/addthreeints/srv/detail/add_three_ints__struct.hpp
[3.683s] -- Installing: /home/shridhar/Workspaces/mrt_ws/Task2/install/addthreeints/include/addthreeints/addthreeints/srv/detail/add_three_ints__traits.hpp
[3.683s] -- Up-to-date: /home/shridhar/Workspaces/mrt_ws/Task2/install/addthreeints/include/addthreeints/addthreeints/msg
[3.683s] -- Installing: /home/shridhar/Workspaces/mrt_ws/Task2/install/addthreeints/include/addthreeints/addthreeints/msg/sphere.hpp
[3.683s] -- Installing: /home/shridhar/Workspaces/mrt_ws/Task2/install/addthreeints/include/addthreeints/addthreeints/msg/num.hpp
[3.683s] -- Up-to-date: /home/shridhar/Workspaces/mrt_ws/Task2/install/addthreeints/include/addthreeints/addthreeints/msg/detail
[3.683s] -- Installing: /home/shridhar/Workspaces/mrt_ws/Task2/install/addthreeints/include/addthreeints/addthreeints/msg/detail/num__struct.hpp
[3.683s] -- Installing: /home/shridhar/Workspaces/mrt_ws/Task2/install/addthreeints/include/addthreeints/addthreeints/msg/detail/num__traits.hpp
[3.683s] -- Installing: /home/shridhar/Workspaces/mrt_ws/Task2/install/addthreeints/include/addthreeints/addthreeints/msg/detail/sphere__struct.hpp
[3.683s] -- Installing: /home/shridhar/Workspaces/mrt_ws/Task2/install/addthreeints/include/addthreeints/addthreeints/msg/detail/sphere__builder.hpp
[3.683s] -- Installing: /home/shridhar/Workspaces/mrt_ws/Task2/install/addthreeints/include/addthreeints/addthreeints/msg/detail/sphere__traits.hpp
[3.683s] -- Installing: /home/shridhar/Workspaces/mrt_ws/Task2/install/addthreeints/include/addthreeints/addthreeints/msg/detail/num__builder.hpp
[3.683s] -- Up-to-date: /home/shridhar/Workspaces/mrt_ws/Task2/install/addthreeints/include/addthreeints/addthreeints
[3.683s] -- Up-to-date: /home/shridhar/Workspaces/mrt_ws/Task2/install/addthreeints/include/addthreeints/addthreeints/srv
[3.684s] -- Up-to-date: /home/shridhar/Workspaces/mrt_ws/Task2/install/addthreeints/include/addthreeints/addthreeints/srv/detail
[3.684s] -- Installing: /home/shridhar/Workspaces/mrt_ws/Task2/install/addthreeints/include/addthreeints/addthreeints/srv/detail/add_three_ints__rosidl_typesupport_fastrtps_cpp.hpp
[3.684s] -- Installing: /home/shridhar/Workspaces/mrt_ws/Task2/install/addthreeints/include/addthreeints/addthreeints/srv/detail/dds_fastrtps
[3.684s] -- Up-to-date: /home/shridhar/Workspaces/mrt_ws/Task2/install/addthreeints/include/addthreeints/addthreeints/msg
[3.684s] -- Installing: /home/shridhar/Workspaces/mrt_ws/Task2/install/addthreeints/include/addthreeints/addthreeints/msg/rosidl_typesupport_fastrtps_cpp__visibility_control.h
[3.684s] -- Up-to-date: /home/shridhar/Workspaces/mrt_ws/Task2/install/addthreeints/include/addthreeints/addthreeints/msg/detail
[3.684s] -- Installing: /home/shridhar/Workspaces/mrt_ws/Task2/install/addthreeints/include/addthreeints/addthreeints/msg/detail/sphere__rosidl_typesupport_fastrtps_cpp.hpp
[3.684s] -- Installing: /home/shridhar/Workspaces/mrt_ws/Task2/install/addthreeints/include/addthreeints/addthreeints/msg/detail/num__rosidl_typesupport_fastrtps_cpp.hpp
[3.684s] -- Installing: /home/shridhar/Workspaces/mrt_ws/Task2/install/addthreeints/include/addthreeints/addthreeints/msg/detail/dds_fastrtps
[3.684s] -- Installing: /home/shridhar/Workspaces/mrt_ws/Task2/install/addthreeints/lib/libaddthreeints__rosidl_typesupport_fastrtps_cpp.so
[3.684s] -- Set runtime path of "/home/shridhar/Workspaces/mrt_ws/Task2/install/addthreeints/lib/libaddthreeints__rosidl_typesupport_fastrtps_cpp.so" to ""
[3.684s] -- Up-to-date: /home/shridhar/Workspaces/mrt_ws/Task2/install/addthreeints/include/addthreeints/addthreeints
[3.684s] -- Up-to-date: /home/shridhar/Workspaces/mrt_ws/Task2/install/addthreeints/include/addthreeints/addthreeints/srv
[3.684s] -- Up-to-date: /home/shridhar/Workspaces/mrt_ws/Task2/install/addthreeints/include/addthreeints/addthreeints/srv/detail
[3.685s] -- Installing: /home/shridhar/Workspaces/mrt_ws/Task2/install/addthreeints/include/addthreeints/addthreeints/srv/detail/add_three_ints__rosidl_typesupport_introspection_c.h
[3.685s] -- Installing: /home/shridhar/Workspaces/mrt_ws/Task2/install/addthreeints/include/addthreeints/addthreeints/srv/detail/add_three_ints__type_support.c
[3.685s] -- Up-to-date: /home/shridhar/Workspaces/mrt_ws/Task2/install/addthreeints/include/addthreeints/addthreeints/msg
[3.685s] -- Up-to-date: /home/shridhar/Workspaces/mrt_ws/Task2/install/addthreeints/include/addthreeints/addthreeints/msg/detail
[3.685s] -- Installing: /home/shridhar/Workspaces/mrt_ws/Task2/install/addthreeints/include/addthreeints/addthreeints/msg/detail/num__type_support.c
[3.685s] -- Installing: /home/shridhar/Workspaces/mrt_ws/Task2/install/addthreeints/include/addthreeints/addthreeints/msg/detail/sphere__type_support.c
[3.685s] -- Installing: /home/shridhar/Workspaces/mrt_ws/Task2/install/addthreeints/include/addthreeints/addthreeints/msg/detail/num__rosidl_typesupport_introspection_c.h
[3.685s] -- Installing: /home/shridhar/Workspaces/mrt_ws/Task2/install/addthreeints/include/addthreeints/addthreeints/msg/detail/sphere__rosidl_typesupport_introspection_c.h
[3.685s] -- Installing: /home/shridhar/Workspaces/mrt_ws/Task2/install/addthreeints/include/addthreeints/addthreeints/msg/rosidl_typesupport_introspection_c__visibility_control.h
[3.685s] -- Installing: /home/shridhar/Workspaces/mrt_ws/Task2/install/addthreeints/lib/libaddthreeints__rosidl_typesupport_introspection_c.so
[3.685s] -- Set runtime path of "/home/shridhar/Workspaces/mrt_ws/Task2/install/addthreeints/lib/libaddthreeints__rosidl_typesupport_introspection_c.so" to ""
[3.685s] -- Installing: /home/shridhar/Workspaces/mrt_ws/Task2/install/addthreeints/lib/libaddthreeints__rosidl_typesupport_c.so
[3.686s] -- Set runtime path of "/home/shridhar/Workspaces/mrt_ws/Task2/install/addthreeints/lib/libaddthreeints__rosidl_typesupport_c.so" to ""
[3.686s] -- Up-to-date: /home/shridhar/Workspaces/mrt_ws/Task2/install/addthreeints/include/addthreeints/addthreeints
[3.686s] -- Up-to-date: /home/shridhar/Workspaces/mrt_ws/Task2/install/addthreeints/include/addthreeints/addthreeints/srv
[3.686s] -- Up-to-date: /home/shridhar/Workspaces/mrt_ws/Task2/install/addthreeints/include/addthreeints/addthreeints/srv/detail
[3.686s] -- Installing: /home/shridhar/Workspaces/mrt_ws/Task2/install/addthreeints/include/addthreeints/addthreeints/srv/detail/add_three_ints__type_support.cpp
[3.686s] -- Installing: /home/shridhar/Workspaces/mrt_ws/Task2/install/addthreeints/include/addthreeints/addthreeints/srv/detail/add_three_ints__rosidl_typesupport_introspection_cpp.hpp
[3.686s] -- Up-to-date: /home/shridhar/Workspaces/mrt_ws/Task2/install/addthreeints/include/addthreeints/addthreeints/msg
[3.686s] -- Up-to-date: /home/shridhar/Workspaces/mrt_ws/Task2/install/addthreeints/include/addthreeints/addthreeints/msg/detail
[3.686s] -- Installing: /home/shridhar/Workspaces/mrt_ws/Task2/install/addthreeints/include/addthreeints/addthreeints/msg/detail/sphere__rosidl_typesupport_introspection_cpp.hpp
[3.686s] -- Installing: /home/shridhar/Workspaces/mrt_ws/Task2/install/addthreeints/include/addthreeints/addthreeints/msg/detail/num__rosidl_typesupport_introspection_cpp.hpp
[3.686s] -- Installing: /home/shridhar/Workspaces/mrt_ws/Task2/install/addthreeints/include/addthreeints/addthreeints/msg/detail/sphere__type_support.cpp
[3.686s] -- Installing: /home/shridhar/Workspaces/mrt_ws/Task2/install/addthreeints/include/addthreeints/addthreeints/msg/detail/num__type_support.cpp
[3.686s] -- Installing: /home/shridhar/Workspaces/mrt_ws/Task2/install/addthreeints/lib/libaddthreeints__rosidl_typesupport_introspection_cpp.so
[3.687s] -- Set runtime path of "/home/shridhar/Workspaces/mrt_ws/Task2/install/addthreeints/lib/libaddthreeints__rosidl_typesupport_introspection_cpp.so" to ""
[3.687s] -- Installing: /home/shridhar/Workspaces/mrt_ws/Task2/install/addthreeints/lib/libaddthreeints__rosidl_typesupport_cpp.so
[3.687s] -- Set runtime path of "/home/shridhar/Workspaces/mrt_ws/Task2/install/addthreeints/lib/libaddthreeints__rosidl_typesupport_cpp.so" to ""
[3.687s] -- Installing: /home/shridhar/Workspaces/mrt_ws/Task2/install/addthreeints/share/addthreeints/environment/pythonpath.sh
[3.687s] -- Installing: /home/shridhar/Workspaces/mrt_ws/Task2/install/addthreeints/share/addthreeints/environment/pythonpath.dsv
[3.687s] -- Installing: /home/shridhar/Workspaces/mrt_ws/Task2/install/addthreeints/local/lib/python3.10/dist-packages/addthreeints-0.0.0-py3.10.egg-info
[3.687s] -- Installing: /home/shridhar/Workspaces/mrt_ws/Task2/install/addthreeints/local/lib/python3.10/dist-packages/addthreeints-0.0.0-py3.10.egg-info/top_level.txt
[3.687s] -- Installing: /home/shridhar/Workspaces/mrt_ws/Task2/install/addthreeints/local/lib/python3.10/dist-packages/addthreeints-0.0.0-py3.10.egg-info/dependency_links.txt
[3.687s] -- Installing: /home/shridhar/Workspaces/mrt_ws/Task2/install/addthreeints/local/lib/python3.10/dist-packages/addthreeints-0.0.0-py3.10.egg-info/PKG-INFO
[3.688s] -- Installing: /home/shridhar/Workspaces/mrt_ws/Task2/install/addthreeints/local/lib/python3.10/dist-packages/addthreeints-0.0.0-py3.10.egg-info/SOURCES.txt
[3.688s] -- Installing: /home/shridhar/Workspaces/mrt_ws/Task2/install/addthreeints/local/lib/python3.10/dist-packages/addthreeints
[3.688s] -- Installing: /home/shridhar/Workspaces/mrt_ws/Task2/install/addthreeints/local/lib/python3.10/dist-packages/addthreeints/addthreeints_s__rosidl_typesupport_fastrtps_c.cpython-310-x86_64-linux-gnu.so
[3.688s] -- Installing: /home/shridhar/Workspaces/mrt_ws/Task2/install/addthreeints/local/lib/python3.10/dist-packages/addthreeints/srv
[3.688s] -- Installing: /home/shridhar/Workspaces/mrt_ws/Task2/install/addthreeints/local/lib/python3.10/dist-packages/addthreeints/srv/_add_three_ints.py
[3.688s] -- Installing: /home/shridhar/Workspaces/mrt_ws/Task2/install/addthreeints/local/lib/python3.10/dist-packages/addthreeints/srv/__init__.py
[3.688s] -- Installing: /home/shridhar/Workspaces/mrt_ws/Task2/install/addthreeints/local/lib/python3.10/dist-packages/addthreeints/srv/_add_three_ints_s.c
[3.688s] -- Installing: /home/shridhar/Workspaces/mrt_ws/Task2/install/addthreeints/local/lib/python3.10/dist-packages/addthreeints/_addthreeints_s.ep.rosidl_typesupport_c.c
[3.688s] -- Installing: /home/shridhar/Workspaces/mrt_ws/Task2/install/addthreeints/local/lib/python3.10/dist-packages/addthreeints/libaddthreeints__rosidl_generator_py.so
[3.688s] -- Installing: /home/shridhar/Workspaces/mrt_ws/Task2/install/addthreeints/local/lib/python3.10/dist-packages/addthreeints/addthreeints_s__rosidl_typesupport_introspection_c.cpython-310-x86_64-linux-gnu.so
[3.688s] -- Installing: /home/shridhar/Workspaces/mrt_ws/Task2/install/addthreeints/local/lib/python3.10/dist-packages/addthreeints/msg
[3.689s] -- Installing: /home/shridhar/Workspaces/mrt_ws/Task2/install/addthreeints/local/lib/python3.10/dist-packages/addthreeints/msg/_sphere_s.c
[3.689s] -- Installing: /home/shridhar/Workspaces/mrt_ws/Task2/install/addthreeints/local/lib/python3.10/dist-packages/addthreeints/msg/_num_s.c
[3.689s] -- Installing: /home/shridhar/Workspaces/mrt_ws/Task2/install/addthreeints/local/lib/python3.10/dist-packages/addthreeints/msg/__init__.py
[3.689s] -- Installing: /home/shridhar/Workspaces/mrt_ws/Task2/install/addthreeints/local/lib/python3.10/dist-packages/addthreeints/msg/_num.py
[3.689s] -- Installing: /home/shridhar/Workspaces/mrt_ws/Task2/install/addthreeints/local/lib/python3.10/dist-packages/addthreeints/msg/_sphere.py
[3.689s] -- Installing: /home/shridhar/Workspaces/mrt_ws/Task2/install/addthreeints/local/lib/python3.10/dist-packages/addthreeints/_addthreeints_s.ep.rosidl_typesupport_introspection_c.c
[3.689s] -- Installing: /home/shridhar/Workspaces/mrt_ws/Task2/install/addthreeints/local/lib/python3.10/dist-packages/addthreeints/__init__.py
[3.689s] -- Installing: /home/shridhar/Workspaces/mrt_ws/Task2/install/addthreeints/local/lib/python3.10/dist-packages/addthreeints/addthreeints_s__rosidl_typesupport_c.cpython-310-x86_64-linux-gnu.so
[3.689s] -- Installing: /home/shridhar/Workspaces/mrt_ws/Task2/install/addthreeints/local/lib/python3.10/dist-packages/addthreeints/_addthreeints_s.ep.rosidl_typesupport_fastrtps_c.c
[3.737s] Listing '/home/shridhar/Workspaces/mrt_ws/Task2/install/addthreeints/local/lib/python3.10/dist-packages/addthreeints'...
[3.737s] Compiling '/home/shridhar/Workspaces/mrt_ws/Task2/install/addthreeints/local/lib/python3.10/dist-packages/addthreeints/__init__.py'...
[3.737s] Listing '/home/shridhar/Workspaces/mrt_ws/Task2/install/addthreeints/local/lib/python3.10/dist-packages/addthreeints/msg'...
[3.737s] Compiling '/home/shridhar/Workspaces/mrt_ws/Task2/install/addthreeints/local/lib/python3.10/dist-packages/addthreeints/msg/__init__.py'...
[3.737s] Compiling '/home/shridhar/Workspaces/mrt_ws/Task2/install/addthreeints/local/lib/python3.10/dist-packages/addthreeints/msg/_num.py'...
[3.737s] Compiling '/home/shridhar/Workspaces/mrt_ws/Task2/install/addthreeints/local/lib/python3.10/dist-packages/addthreeints/msg/_sphere.py'...
[3.737s] Listing '/home/shridhar/Workspaces/mrt_ws/Task2/install/addthreeints/local/lib/python3.10/dist-packages/addthreeints/srv'...
[3.737s] Compiling '/home/shridhar/Workspaces/mrt_ws/Task2/install/addthreeints/local/lib/python3.10/dist-packages/addthreeints/srv/__init__.py'...
[3.737s] Compiling '/home/shridhar/Workspaces/mrt_ws/Task2/install/addthreeints/local/lib/python3.10/dist-packages/addthreeints/srv/_add_three_ints.py'...
[3.744s] -- Installing: /home/shridhar/Workspaces/mrt_ws/Task2/install/addthreeints/local/lib/python3.10/dist-packages/addthreeints/addthreeints_s__rosidl_typesupport_fastrtps_c.cpython-310-x86_64-linux-gnu.so
[3.744s] -- Set runtime path of "/home/shridhar/Workspaces/mrt_ws/Task2/install/addthreeints/local/lib/python3.10/dist-packages/addthreeints/addthreeints_s__rosidl_typesupport_fastrtps_c.cpython-310-x86_64-linux-gnu.so" to ""
[3.744s] -- Installing: /home/shridhar/Workspaces/mrt_ws/Task2/install/addthreeints/local/lib/python3.10/dist-packages/addthreeints/addthreeints_s__rosidl_typesupport_introspection_c.cpython-310-x86_64-linux-gnu.so
[3.744s] -- Set runtime path of "/home/shridhar/Workspaces/mrt_ws/Task2/install/addthreeints/local/lib/python3.10/dist-packages/addthreeints/addthreeints_s__rosidl_typesupport_introspection_c.cpython-310-x86_64-linux-gnu.so" to ""
[3.744s] -- Installing: /home/shridhar/Workspaces/mrt_ws/Task2/install/addthreeints/local/lib/python3.10/dist-packages/addthreeints/addthreeints_s__rosidl_typesupport_c.cpython-310-x86_64-linux-gnu.so
[3.744s] -- Set runtime path of "/home/shridhar/Workspaces/mrt_ws/Task2/install/addthreeints/local/lib/python3.10/dist-packages/addthreeints/addthreeints_s__rosidl_typesupport_c.cpython-310-x86_64-linux-gnu.so" to ""
[3.745s] -- Installing: /home/shridhar/Workspaces/mrt_ws/Task2/install/addthreeints/lib/libaddthreeints__rosidl_generator_py.so
[3.745s] -- Set runtime path of "/home/shridhar/Workspaces/mrt_ws/Task2/install/addthreeints/lib/libaddthreeints__rosidl_generator_py.so" to ""
[3.745s] -- Installing: /home/shridhar/Workspaces/mrt_ws/Task2/install/addthreeints/share/addthreeints/msg/Num.idl
[3.745s] -- Installing: /home/shridhar/Workspaces/mrt_ws/Task2/install/addthreeints/share/addthreeints/msg/Sphere.idl
[3.745s] -- Installing: /home/shridhar/Workspaces/mrt_ws/Task2/install/addthreeints/share/addthreeints/srv/AddThreeInts.idl
[3.745s] -- Installing: /home/shridhar/Workspaces/mrt_ws/Task2/install/addthreeints/share/addthreeints/msg/Num.msg
[3.745s] -- Installing: /home/shridhar/Workspaces/mrt_ws/Task2/install/addthreeints/share/addthreeints/msg/Sphere.msg
[3.745s] -- Installing: /home/shridhar/Workspaces/mrt_ws/Task2/install/addthreeints/share/addthreeints/srv/AddThreeInts.srv
[3.745s] -- Installing: /home/shridhar/Workspaces/mrt_ws/Task2/install/addthreeints/share/addthreeints/srv/AddThreeInts_Request.msg
[3.745s] -- Installing: /home/shridhar/Workspaces/mrt_ws/Task2/install/addthreeints/share/addthreeints/srv/AddThreeInts_Response.msg
[3.746s] -- Installing: /home/shridhar/Workspaces/mrt_ws/Task2/install/addthreeints/share/ament_index/resource_index/package_run_dependencies/addthreeints
[3.746s] -- Installing: /home/shridhar/Workspaces/mrt_ws/Task2/install/addthreeints/share/ament_index/resource_index/parent_prefix_path/addthreeints
[3.746s] -- Installing: /home/shridhar/Workspaces/mrt_ws/Task2/install/addthreeints/share/addthreeints/environment/ament_prefix_path.sh
[3.746s] -- Installing: /home/shridhar/Workspaces/mrt_ws/Task2/install/addthreeints/share/addthreeints/environment/ament_prefix_path.dsv
[3.746s] -- Installing: /home/shridhar/Workspaces/mrt_ws/Task2/install/addthreeints/share/addthreeints/environment/path.sh
[3.746s] -- Installing: /home/shridhar/Workspaces/mrt_ws/Task2/install/addthreeints/share/addthreeints/environment/path.dsv
[3.746s] -- Installing: /home/shridhar/Workspaces/mrt_ws/Task2/install/addthreeints/share/addthreeints/local_setup.bash
[3.747s] -- Installing: /home/shridhar/Workspaces/mrt_ws/Task2/install/addthreeints/share/addthreeints/local_setup.sh
[3.747s] -- Installing: /home/shridhar/Workspaces/mrt_ws/Task2/install/addthreeints/share/addthreeints/local_setup.zsh
[3.747s] -- Installing: /home/shridhar/Workspaces/mrt_ws/Task2/install/addthreeints/share/addthreeints/local_setup.dsv
[3.747s] -- Installing: /home/shridhar/Workspaces/mrt_ws/Task2/install/addthreeints/share/addthreeints/package.dsv
[3.747s] -- Installing: /home/shridhar/Workspaces/mrt_ws/Task2/install/addthreeints/share/ament_index/resource_index/packages/addthreeints
[3.747s] -- Installing: /home/shridhar/Workspaces/mrt_ws/Task2/install/addthreeints/share/addthreeints/cmake/export_addthreeints__rosidl_generator_cExport.cmake
[3.747s] -- Installing: /home/shridhar/Workspaces/mrt_ws/Task2/install/addthreeints/share/addthreeints/cmake/export_addthreeints__rosidl_generator_cExport-noconfig.cmake
[3.747s] -- Installing: /home/shridhar/Workspaces/mrt_ws/Task2/install/addthreeints/share/addthreeints/cmake/export_addthreeints__rosidl_typesupport_fastrtps_cExport.cmake
[3.748s] -- Installing: /home/shridhar/Workspaces/mrt_ws/Task2/install/addthreeints/share/addthreeints/cmake/export_addthreeints__rosidl_typesupport_fastrtps_cExport-noconfig.cmake
[3.748s] -- Installing: /home/shridhar/Workspaces/mrt_ws/Task2/install/addthreeints/share/addthreeints/cmake/export_addthreeints__rosidl_generator_cppExport.cmake
[3.748s] -- Installing: /home/shridhar/Workspaces/mrt_ws/Task2/install/addthreeints/share/addthreeints/cmake/export_addthreeints__rosidl_typesupport_fastrtps_cppExport.cmake
[3.748s] -- Installing: /home/shridhar/Workspaces/mrt_ws/Task2/install/addthreeints/share/addthreeints/cmake/export_addthreeints__rosidl_typesupport_fastrtps_cppExport-noconfig.cmake
[3.748s] -- Installing: /home/shridhar/Workspaces/mrt_ws/Task2/install/addthreeints/share/addthreeints/cmake/addthreeints__rosidl_typesupport_introspection_cExport.cmake
[3.748s] -- Installing: /home/shridhar/Workspaces/mrt_ws/Task2/install/addthreeints/share/addthreeints/cmake/addthreeints__rosidl_typesupport_introspection_cExport-noconfig.cmake
[3.748s] -- Installing: /home/shridhar/Workspaces/mrt_ws/Task2/install/addthreeints/share/addthreeints/cmake/addthreeints__rosidl_typesupport_cExport.cmake
[3.748s] -- Installing: /home/shridhar/Workspaces/mrt_ws/Task2/install/addthreeints/share/addthreeints/cmake/addthreeints__rosidl_typesupport_cExport-noconfig.cmake
[3.749s] -- Installing: /home/shridhar/Workspaces/mrt_ws/Task2/install/addthreeints/share/addthreeints/cmake/addthreeints__rosidl_typesupport_introspection_cppExport.cmake
[3.749s] -- Installing: /home/shridhar/Workspaces/mrt_ws/Task2/install/addthreeints/share/addthreeints/cmake/addthreeints__rosidl_typesupport_introspection_cppExport-noconfig.cmake
[3.749s] -- Installing: /home/shridhar/Workspaces/mrt_ws/Task2/install/addthreeints/share/addthreeints/cmake/addthreeints__rosidl_typesupport_cppExport.cmake
[3.749s] -- Installing: /home/shridhar/Workspaces/mrt_ws/Task2/install/addthreeints/share/addthreeints/cmake/addthreeints__rosidl_typesupport_cppExport-noconfig.cmake
[3.749s] -- Installing: /home/shridhar/Workspaces/mrt_ws/Task2/install/addthreeints/share/addthreeints/cmake/export_addthreeints__rosidl_generator_pyExport.cmake
[3.749s] -- Installing: /home/shridhar/Workspaces/mrt_ws/Task2/install/addthreeints/share/addthreeints/cmake/export_addthreeints__rosidl_generator_pyExport-noconfig.cmake
[3.749s] -- Installing: /home/shridhar/Workspaces/mrt_ws/Task2/install/addthreeints/share/addthreeints/cmake/rosidl_cmake-extras.cmake
[3.749s] -- Installing: /home/shridhar/Workspaces/mrt_ws/Task2/install/addthreeints/share/addthreeints/cmake/ament_cmake_export_dependencies-extras.cmake
[3.750s] -- Installing: /home/shridhar/Workspaces/mrt_ws/Task2/install/addthreeints/share/addthreeints/cmake/ament_cmake_export_include_directories-extras.cmake
[3.750s] -- Installing: /home/shridhar/Workspaces/mrt_ws/Task2/install/addthreeints/share/addthreeints/cmake/ament_cmake_export_libraries-extras.cmake
[3.750s] -- Installing: /home/shridhar/Workspaces/mrt_ws/Task2/install/addthreeints/share/addthreeints/cmake/ament_cmake_export_targets-extras.cmake
[3.750s] -- Installing: /home/shridhar/Workspaces/mrt_ws/Task2/install/addthreeints/share/addthreeints/cmake/rosidl_cmake_export_typesupport_targets-extras.cmake
[3.750s] -- Installing: /home/shridhar/Workspaces/mrt_ws/Task2/install/addthreeints/share/addthreeints/cmake/rosidl_cmake_export_typesupport_libraries-extras.cmake
[3.750s] -- Installing: /home/shridhar/Workspaces/mrt_ws/Task2/install/addthreeints/share/addthreeints/cmake/addthreeintsConfig.cmake
[3.750s] -- Installing: /home/shridhar/Workspaces/mrt_ws/Task2/install/addthreeints/share/addthreeints/cmake/addthreeintsConfig-version.cmake
[3.750s] -- Installing: /home/shridhar/Workspaces/mrt_ws/Task2/install/addthreeints/share/addthreeints/package.xml
[3.755s] Invoked command in '/home/shridhar/Workspaces/mrt_ws/Task2/build/addthreeints' returned '0': CMAKE_PREFIX_PATH=/home/shridhar/Workspaces/mrt_ws/Task2/install/serveradd:/opt/ros/humble /usr/bin/cmake --install /home/shridhar/Workspaces/mrt_ws/Task2/build/addthreeints
