[0.294s] Invoking command in '/home/shridhar/Workspaces/mrt_ws/Task2/build/threeinttopic': CMAKE_PREFIX_PATH=${CMAKE_PREFIX_PATH}:/home/shridhar/Workspaces/mrt_ws/Task2/install/serveradd:/opt/ros/humble /usr/bin/cmake /home/shridhar/Workspaces/mrt_ws/Task2/src/threeinttopic -DCMAKE_INSTALL_PREFIX=/home/shridhar/Workspaces/mrt_ws/Task2/install/threeinttopic
[0.377s] -- The C compiler identification is GNU 11.4.0
[0.456s] -- The CXX compiler identification is GNU 11.4.0
[0.467s] -- Detecting C compiler ABI info
[0.558s] -- Detecting C compiler ABI info - done
[0.567s] -- Check for working C compiler: /usr/bin/cc - skipped
[0.568s] -- Detecting C compile features
[0.569s] -- Detecting C compile features - done
[0.573s] -- Detecting CXX compiler ABI info
[0.681s] -- Detecting CXX compiler ABI info - done
[0.691s] -- Check for working CXX compiler: /usr/bin/c++ - skipped
[0.692s] -- Detecting CXX compile features
[0.692s] -- Detecting CXX compile features - done
[0.696s] -- Found ament_cmake: 1.3.10 (/opt/ros/humble/share/ament_cmake/cmake)
[0.911s] -- Found Python3: /usr/bin/python3 (found version "3.10.12") found components: Interpreter 
[1.010s] -- Found ament_lint_auto: 0.12.11 (/opt/ros/humble/share/ament_lint_auto/cmake)
[1.105s] -- Added test 'flake8' to check Python code syntax and style conventions
[1.105s] -- Added test 'lint_cmake' to check CMake code style
[1.106s] -- Added test 'pep257' to check Python code against some of the docstring style conventions in PEP 257
[1.107s] -- Added test 'xmllint' to check XML markup files
[1.108s] -- Configuring done
[1.111s] -- Generating done
[1.112s] -- Build files have been written to: /home/shridhar/Workspaces/mrt_ws/Task2/build/threeinttopic
[1.120s] Invoked command in '/home/shridhar/Workspaces/mrt_ws/Task2/build/threeinttopic' returned '0': CMAKE_PREFIX_PATH=${CMAKE_PREFIX_PATH}:/home/shridhar/Workspaces/mrt_ws/Task2/install/serveradd:/opt/ros/humble /usr/bin/cmake /home/shridhar/Workspaces/mrt_ws/Task2/src/threeinttopic -DCMAKE_INSTALL_PREFIX=/home/shridhar/Workspaces/mrt_ws/Task2/install/threeinttopic
[1.121s] Invoking command in '/home/shridhar/Workspaces/mrt_ws/Task2/build/threeinttopic': CMAKE_PREFIX_PATH=${CMAKE_PREFIX_PATH}:/home/shridhar/Workspaces/mrt_ws/Task2/install/serveradd:/opt/ros/humble /usr/bin/cmake --build /home/shridhar/Workspaces/mrt_ws/Task2/build/threeinttopic -- -j22 -l22
[1.174s] Invoked command in '/home/shridhar/Workspaces/mrt_ws/Task2/build/threeinttopic' returned '0': CMAKE_PREFIX_PATH=${CMAKE_PREFIX_PATH}:/home/shridhar/Workspaces/mrt_ws/Task2/install/serveradd:/opt/ros/humble /usr/bin/cmake --build /home/shridhar/Workspaces/mrt_ws/Task2/build/threeinttopic -- -j22 -l22
[1.202s] Invoking command in '/home/shridhar/Workspaces/mrt_ws/Task2/build/threeinttopic': CMAKE_PREFIX_PATH=${CMAKE_PREFIX_PATH}:/home/shridhar/Workspaces/mrt_ws/Task2/install/serveradd:/opt/ros/humble /usr/bin/cmake --install /home/shridhar/Workspaces/mrt_ws/Task2/build/threeinttopic
[1.210s] -- Install configuration: ""
[1.210s] -- Installing: /home/shridhar/Workspaces/mrt_ws/Task2/install/threeinttopic/share/ament_index/resource_index/package_run_dependencies/threeinttopic
[1.210s] -- Installing: /home/shridhar/Workspaces/mrt_ws/Task2/install/threeinttopic/share/ament_index/resource_index/parent_prefix_path/threeinttopic
[1.210s] -- Installing: /home/shridhar/Workspaces/mrt_ws/Task2/install/threeinttopic/share/threeinttopic/environment/ament_prefix_path.sh
[1.211s] -- Installing: /home/shridhar/Workspaces/mrt_ws/Task2/install/threeinttopic/share/threeinttopic/environment/ament_prefix_path.dsv
[1.211s] -- Installing: /home/shridhar/Workspaces/mrt_ws/Task2/install/threeinttopic/share/threeinttopic/environment/path.sh
[1.211s] -- Installing: /home/shridhar/Workspaces/mrt_ws/Task2/install/threeinttopic/share/threeinttopic/environment/path.dsv
[1.211s] -- Installing: /home/shridhar/Workspaces/mrt_ws/Task2/install/threeinttopic/share/threeinttopic/local_setup.bash
[1.211s] -- Installing: /home/shridhar/Workspaces/mrt_ws/Task2/install/threeinttopic/share/threeinttopic/local_setup.sh
[1.211s] -- Installing: /home/shridhar/Workspaces/mrt_ws/Task2/install/threeinttopic/share/threeinttopic/local_setup.zsh
[1.211s] -- Installing: /home/shridhar/Workspaces/mrt_ws/Task2/install/threeinttopic/share/threeinttopic/local_setup.dsv
[1.211s] -- Installing: /home/shridhar/Workspaces/mrt_ws/Task2/install/threeinttopic/share/threeinttopic/package.dsv
[1.211s] -- Installing: /home/shridhar/Workspaces/mrt_ws/Task2/install/threeinttopic/share/ament_index/resource_index/packages/threeinttopic
[1.212s] -- Installing: /home/shridhar/Workspaces/mrt_ws/Task2/install/threeinttopic/share/threeinttopic/cmake/threeinttopicConfig.cmake
[1.212s] -- Installing: /home/shridhar/Workspaces/mrt_ws/Task2/install/threeinttopic/share/threeinttopic/cmake/threeinttopicConfig-version.cmake
[1.212s] -- Installing: /home/shridhar/Workspaces/mrt_ws/Task2/install/threeinttopic/share/threeinttopic/package.xml
[1.214s] Invoked command in '/home/shridhar/Workspaces/mrt_ws/Task2/build/threeinttopic' returned '0': CMAKE_PREFIX_PATH=${CMAKE_PREFIX_PATH}:/home/shridhar/Workspaces/mrt_ws/Task2/install/serveradd:/opt/ros/humble /usr/bin/cmake --install /home/shridhar/Workspaces/mrt_ws/Task2/build/threeinttopic
