[0.928s] Invoking command in '/home/shridhar/mrt_ws/Task1/src/sauron': PYTHONPATH=/home/shridhar/mrt_ws/Task1/build/sauron/prefix_override:/usr/lib/python3/dist-packages/colcon_core/task/python/colcon_distutils_commands:/home/shridhar/mrt_ws/Task1/install/sauron/lib/python3.10/site-packages:${PYTHONPATH} /usr/bin/python3 -W ignore:setup.py install is deprecated setup.py egg_info --egg-base ../../build/sauron build --build-base /home/shridhar/mrt_ws/Task1/build/sauron/build install --record /home/shridhar/mrt_ws/Task1/build/sauron/install.log --single-version-externally-managed install_data
[1.163s] running egg_info
[1.165s] writing ../../build/sauron/sauron.egg-info/PKG-INFO
[1.165s] writing dependency_links to ../../build/sauron/sauron.egg-info/dependency_links.txt
[1.165s] writing entry points to ../../build/sauron/sauron.egg-info/entry_points.txt
[1.165s] writing requirements to ../../build/sauron/sauron.egg-info/requires.txt
[1.165s] writing top-level names to ../../build/sauron/sauron.egg-info/top_level.txt
[1.166s] reading manifest file '../../build/sauron/sauron.egg-info/SOURCES.txt'
[1.167s] writing manifest file '../../build/sauron/sauron.egg-info/SOURCES.txt'
[1.167s] running build
[1.167s] running build_py
[1.168s] running install
[1.168s] running install_lib
[1.169s] running install_data
[1.169s] running install_egg_info
[1.171s] removing '/home/shridhar/mrt_ws/Task1/install/sauron/lib/python3.10/site-packages/sauron-0.0.0-py3.10.egg-info' (and everything under it)
[1.171s] Copying ../../build/sauron/sauron.egg-info to /home/shridhar/mrt_ws/Task1/install/sauron/lib/python3.10/site-packages/sauron-0.0.0-py3.10.egg-info
[1.172s] running install_scripts
[1.194s] Installing listener script to /home/shridhar/mrt_ws/Task1/install/sauron/lib/sauron
[1.194s] Installing publisher1 script to /home/shridhar/mrt_ws/Task1/install/sauron/lib/sauron
[1.194s] Installing publisher2 script to /home/shridhar/mrt_ws/Task1/install/sauron/lib/sauron
[1.194s] writing list of installed files to '/home/shridhar/mrt_ws/Task1/build/sauron/install.log'
[1.222s] Invoked command in '/home/shridhar/mrt_ws/Task1/src/sauron' returned '0': PYTHONPATH=/home/shridhar/mrt_ws/Task1/build/sauron/prefix_override:/usr/lib/python3/dist-packages/colcon_core/task/python/colcon_distutils_commands:/home/shridhar/mrt_ws/Task1/install/sauron/lib/python3.10/site-packages:${PYTHONPATH} /usr/bin/python3 -W ignore:setup.py install is deprecated setup.py egg_info --egg-base ../../build/sauron build --build-base /home/shridhar/mrt_ws/Task1/build/sauron/build install --record /home/shridhar/mrt_ws/Task1/build/sauron/install.log --single-version-externally-managed install_data
