[0.016s] Invoking command in '/home/shridhar/Workspaces/mrt_ws/Task2/build/arucosrvmsg': CMAKE_PREFIX_PATH=/opt/ros/humble /usr/bin/cmake --build /home/shridhar/Workspaces/mrt_ws/Task2/build/arucosrvmsg -- -j22 -l22
[0.052s] -- Found ament_cmake: 1.3.10 (/opt/ros/humble/share/ament_cmake/cmake)
[0.224s] -- Found geometry_msgs: 4.2.4 (/opt/ros/humble/share/geometry_msgs/cmake)
[0.263s] -- Found rosidl_generator_c: 3.1.5 (/opt/ros/humble/share/rosidl_generator_c/cmake)
[0.266s] -- Found rosidl_adapter: 3.1.5 (/opt/ros/humble/share/rosidl_adapter/cmake)
[0.275s] -- Found rosidl_generator_cpp: 3.1.5 (/opt/ros/humble/share/rosidl_generator_cpp/cmake)
[0.291s] -- Using all available rosidl_typesupport_c: rosidl_typesupport_fastrtps_c;rosidl_typesupport_introspection_c
[0.308s] -- Using all available rosidl_typesupport_cpp: rosidl_typesupport_fastrtps_cpp;rosidl_typesupport_introspection_cpp
[0.363s] -- Found sensor_msgs: 4.2.4 (/opt/ros/humble/share/sensor_msgs/cmake)
[0.388s] -- Found rosidl_default_generators: 1.2.0 (/opt/ros/humble/share/rosidl_default_generators/cmake)
[0.396s] -- Found cv_bridge: 3.2.1 (/opt/ros/humble/share/cv_bridge/cmake)
[0.738s] -- Found ament_cmake_ros: 0.10.0 (/opt/ros/humble/share/ament_cmake_ros/cmake)
[1.258s] -- Using all available rosidl_typesupport_c: rosidl_typesupport_fastrtps_c;rosidl_typesupport_introspection_c
[1.471s] -- Using all available rosidl_typesupport_cpp: rosidl_typesupport_fastrtps_cpp;rosidl_typesupport_introspection_cpp
[1.497s] -- Found python_cmake_module: 0.10.0 (/opt/ros/humble/share/python_cmake_module/cmake)
[1.526s] -- Using PYTHON_EXECUTABLE: /usr/bin/python3
[1.526s] -- Using PYTHON_INCLUDE_DIRS: /usr/include/python3.10
[1.526s] -- Using PYTHON_LIBRARIES: /usr/lib/x86_64-linux-gnu/libpython3.10.so
[1.574s] -- Found ament_lint_auto: 0.12.11 (/opt/ros/humble/share/ament_lint_auto/cmake)
[1.589s] -- Added test 'lint_cmake' to check CMake code style
[1.590s] -- Added test 'xmllint' to check XML markup files
[1.592s] -- Configuring done
[1.628s] -- Generating done
[1.631s] -- Build files have been written to: /home/shridhar/Workspaces/mrt_ws/Task2/build/arucosrvmsg
[1.677s] [  2%] Built target arucosrvmsgS__cpp
[1.678s] [  5%] [32mBuilding C object CMakeFiles/arucosrvmsgS__rosidl_generator_c.dir/rosidl_generator_c/arucosrvmsg/srv/detail/aruco_markers__functions.c.o[0m
[1.678s] [  7%] [32mBuilding C object CMakeFiles/arucosrvmsgS__rosidl_generator_c.dir/rosidl_generator_c/arucosrvmsg/msg/detail/aruco_markers__functions.c.o[0m
[1.688s] [  7%] Built target ament_cmake_python_copy_arucosrvmsg
[1.700s] [ 10%] [32mBuilding CXX object CMakeFiles/arucosrvmsgS__rosidl_typesupport_fastrtps_cpp.dir/rosidl_typesupport_fastrtps_cpp/arucosrvmsg/srv/detail/dds_fastrtps/aruco_markers__type_support.cpp.o[0m
[1.700s] [ 12%] [32mBuilding CXX object CMakeFiles/arucosrvmsgS__rosidl_typesupport_cpp.dir/rosidl_typesupport_cpp/arucosrvmsg/msg/aruco_markers__type_support.cpp.o[0m
[1.700s] [ 15%] [32mBuilding CXX object CMakeFiles/arucosrvmsgS__rosidl_typesupport_cpp.dir/rosidl_typesupport_cpp/arucosrvmsg/srv/aruco_markers__type_support.cpp.o[0m
[1.701s] [ 17%] [32mBuilding CXX object CMakeFiles/arucosrvmsgS__rosidl_typesupport_introspection_cpp.dir/rosidl_typesupport_introspection_cpp/arucosrvmsg/msg/detail/aruco_markers__type_support.cpp.o[0m
[1.702s] [ 20%] [32mBuilding CXX object CMakeFiles/arucosrvmsgS__rosidl_typesupport_introspection_cpp.dir/rosidl_typesupport_introspection_cpp/arucosrvmsg/srv/detail/aruco_markers__type_support.cpp.o[0m
[1.702s] [ 23%] [32mBuilding CXX object CMakeFiles/arucosrvmsgS__rosidl_typesupport_fastrtps_cpp.dir/rosidl_typesupport_fastrtps_cpp/arucosrvmsg/msg/detail/dds_fastrtps/aruco_markers__type_support.cpp.o[0m
[1.783s] [ 25%] [32m[1mLinking C shared library libarucosrvmsgS__rosidl_generator_c.so[0m
[1.851s] [ 28%] Built target arucosrvmsgS__rosidl_generator_c
[1.884s] [ 30%] [32mBuilding CXX object CMakeFiles/arucosrvmsgS__rosidl_typesupport_fastrtps_c.dir/rosidl_typesupport_fastrtps_c/arucosrvmsg/msg/detail/aruco_markers__type_support_c.cpp.o[0m
[1.886s] [ 41%] [32mBuilding C object CMakeFiles/arucosrvmsgS__rosidl_typesupport_introspection_c.dir/rosidl_typesupport_introspection_c/arucosrvmsg/srv/detail/aruco_markers__type_support.c.o[0m
[1.886s] [ 41%] [32mBuilding C object CMakeFiles/arucosrvmsgS__rosidl_typesupport_introspection_c.dir/rosidl_typesupport_introspection_c/arucosrvmsg/msg/detail/aruco_markers__type_support.c.o[0m
[1.886s] [ 41%] [32mBuilding CXX object CMakeFiles/arucosrvmsgS__rosidl_typesupport_c.dir/rosidl_typesupport_c/arucosrvmsg/msg/aruco_markers__type_support.cpp.o[0m
[1.886s] [ 41%] [32mBuilding CXX object CMakeFiles/arucosrvmsgS__rosidl_typesupport_c.dir/rosidl_typesupport_c/arucosrvmsg/srv/aruco_markers__type_support.cpp.o[0m
[1.888s] [ 43%] [32mBuilding CXX object CMakeFiles/arucosrvmsgS__rosidl_typesupport_fastrtps_c.dir/rosidl_typesupport_fastrtps_c/arucosrvmsg/srv/detail/aruco_markers__type_support_c.cpp.o[0m
[1.936s] [ 46%] [32m[1mLinking CXX shared library libarucosrvmsgS__rosidl_typesupport_c.so[0m
[1.941s] running egg_info
[1.941s] writing arucosrvmsg.egg-info/PKG-INFO
[1.942s] writing dependency_links to arucosrvmsg.egg-info/dependency_links.txt
[1.942s] writing top-level names to arucosrvmsg.egg-info/top_level.txt
[1.944s] reading manifest file 'arucosrvmsg.egg-info/SOURCES.txt'
[1.945s] writing manifest file 'arucosrvmsg.egg-info/SOURCES.txt'
[1.957s] [ 48%] [32m[1mLinking C shared library libarucosrvmsgS__rosidl_typesupport_introspection_c.so[0m
[1.979s] [ 48%] Built target ament_cmake_python_build_arucosrvmsg_egg
[1.996s] [ 51%] Built target arucosrvmsgS__rosidl_typesupport_c
[2.000s] [ 53%] Built target arucosrvmsgS__rosidl_typesupport_introspection_c
[2.013s] [ 56%] [32m[1mLinking CXX shared library libarucosrvmsgS__rosidl_typesupport_cpp.so[0m
[2.061s] [ 58%] Built target arucosrvmsgS__rosidl_typesupport_cpp
[2.275s] [ 61%] [32m[1mLinking CXX shared library libarucosrvmsgS__rosidl_typesupport_fastrtps_c.so[0m
[2.349s] [ 64%] [32m[1mLinking CXX shared library libarucosrvmsgS__rosidl_typesupport_introspection_cpp.so[0m
[2.354s] [ 66%] [32m[1mLinking CXX shared library libarucosrvmsgS__rosidl_typesupport_fastrtps_cpp.so[0m
[2.359s] [ 69%] Built target arucosrvmsgS__rosidl_typesupport_fastrtps_c
[2.437s] [ 71%] Built target arucosrvmsgS__rosidl_typesupport_introspection_cpp
[2.446s] [ 74%] Built target arucosrvmsgS__rosidl_typesupport_fastrtps_cpp
[2.470s] [ 74%] Built target arucosrvmsgS
[2.493s] [ 76%] [34m[1mGenerating Python code for ROS interfaces[0m
[2.968s] [ 76%] Built target arucosrvmsgS__py
[2.993s] [ 82%] [32mBuilding C object CMakeFiles/arucosrvmsgS__rosidl_generator_py.dir/rosidl_generator_py/arucosrvmsg/msg/_aruco_markers_s.c.o[0m
[2.993s] [ 82%] [32mBuilding C object CMakeFiles/arucosrvmsgS__rosidl_generator_py.dir/rosidl_generator_py/arucosrvmsg/srv/_aruco_markers_s.c.o[0m
[3.141s] [ 84%] [32m[1mLinking C shared library rosidl_generator_py/arucosrvmsg/libarucosrvmsgS__rosidl_generator_py.so[0m
[3.195s] [ 84%] Built target arucosrvmsgS__rosidl_generator_py
[3.209s] [35m[1mConsolidate compiler generated dependencies of target arucosrvmsg__rosidl_typesupport_introspection_c__pyext[0m
[3.209s] [35m[1mConsolidate compiler generated dependencies of target arucosrvmsg__rosidl_typesupport_fastrtps_c__pyext[0m
[3.209s] [35m[1mConsolidate compiler generated dependencies of target arucosrvmsg__rosidl_typesupport_c__pyext[0m
[3.225s] [ 87%] [32mBuilding C object CMakeFiles/arucosrvmsg__rosidl_typesupport_introspection_c__pyext.dir/rosidl_generator_py/arucosrvmsg/_arucosrvmsg_s.ep.rosidl_typesupport_introspection_c.c.o[0m
[3.225s] [ 89%] [32mBuilding C object CMakeFiles/arucosrvmsg__rosidl_typesupport_fastrtps_c__pyext.dir/rosidl_generator_py/arucosrvmsg/_arucosrvmsg_s.ep.rosidl_typesupport_fastrtps_c.c.o[0m
[3.225s] [ 92%] [32mBuilding C object CMakeFiles/arucosrvmsg__rosidl_typesupport_c__pyext.dir/rosidl_generator_py/arucosrvmsg/_arucosrvmsg_s.ep.rosidl_typesupport_c.c.o[0m
[3.344s] [ 94%] [32m[1mLinking C shared library rosidl_generator_py/arucosrvmsg/arucosrvmsg_s__rosidl_typesupport_fastrtps_c.cpython-310-x86_64-linux-gnu.so[0m
[3.345s] [ 97%] [32m[1mLinking C shared library rosidl_generator_py/arucosrvmsg/arucosrvmsg_s__rosidl_typesupport_introspection_c.cpython-310-x86_64-linux-gnu.so[0m
[3.346s] [100%] [32m[1mLinking C shared library rosidl_generator_py/arucosrvmsg/arucosrvmsg_s__rosidl_typesupport_c.cpython-310-x86_64-linux-gnu.so[0m
[3.396s] [100%] Built target arucosrvmsg__rosidl_typesupport_c__pyext
[3.397s] [100%] Built target arucosrvmsg__rosidl_typesupport_introspection_c__pyext
[3.397s] [100%] Built target arucosrvmsg__rosidl_typesupport_fastrtps_c__pyext
[3.412s] Invoked command in '/home/shridhar/Workspaces/mrt_ws/Task2/build/arucosrvmsg' returned '0': CMAKE_PREFIX_PATH=/opt/ros/humble /usr/bin/cmake --build /home/shridhar/Workspaces/mrt_ws/Task2/build/arucosrvmsg -- -j22 -l22
[3.501s] Invoking command in '/home/shridhar/Workspaces/mrt_ws/Task2/build/arucosrvmsg': CMAKE_PREFIX_PATH=/opt/ros/humble /usr/bin/cmake --install /home/shridhar/Workspaces/mrt_ws/Task2/build/arucosrvmsg
[3.510s] -- Install configuration: ""
[3.511s] -- Up-to-date: /home/shridhar/Workspaces/mrt_ws/Task2/install/arucosrvmsg/share/ament_index/resource_index/rosidl_interfaces/arucosrvmsg
[3.511s] -- Up-to-date: /home/shridhar/Workspaces/mrt_ws/Task2/install/arucosrvmsg/include/arucosrvmsg/arucosrvmsg
[3.512s] -- Up-to-date: /home/shridhar/Workspaces/mrt_ws/Task2/install/arucosrvmsg/include/arucosrvmsg/arucosrvmsg/srv
[3.512s] -- Up-to-date: /home/shridhar/Workspaces/mrt_ws/Task2/install/arucosrvmsg/include/arucosrvmsg/arucosrvmsg/srv/aruco_markers.h
[3.512s] -- Up-to-date: /home/shridhar/Workspaces/mrt_ws/Task2/install/arucosrvmsg/include/arucosrvmsg/arucosrvmsg/srv/detail
[3.512s] -- Up-to-date: /home/shridhar/Workspaces/mrt_ws/Task2/install/arucosrvmsg/include/arucosrvmsg/arucosrvmsg/srv/detail/aruco_markers__functions.c
[3.513s] -- Up-to-date: /home/shridhar/Workspaces/mrt_ws/Task2/install/arucosrvmsg/include/arucosrvmsg/arucosrvmsg/srv/detail/aruco_markers__functions.h
[3.513s] -- Up-to-date: /home/shridhar/Workspaces/mrt_ws/Task2/install/arucosrvmsg/include/arucosrvmsg/arucosrvmsg/srv/detail/aruco_markers__type_support.h
[3.513s] -- Up-to-date: /home/shridhar/Workspaces/mrt_ws/Task2/install/arucosrvmsg/include/arucosrvmsg/arucosrvmsg/srv/detail/aruco_markers__struct.h
[3.513s] -- Up-to-date: /home/shridhar/Workspaces/mrt_ws/Task2/install/arucosrvmsg/include/arucosrvmsg/arucosrvmsg/msg
[3.513s] -- Up-to-date: /home/shridhar/Workspaces/mrt_ws/Task2/install/arucosrvmsg/include/arucosrvmsg/arucosrvmsg/msg/rosidl_generator_c__visibility_control.h
[3.513s] -- Up-to-date: /home/shridhar/Workspaces/mrt_ws/Task2/install/arucosrvmsg/include/arucosrvmsg/arucosrvmsg/msg/aruco_markers.h
[3.513s] -- Up-to-date: /home/shridhar/Workspaces/mrt_ws/Task2/install/arucosrvmsg/include/arucosrvmsg/arucosrvmsg/msg/detail
[3.513s] -- Up-to-date: /home/shridhar/Workspaces/mrt_ws/Task2/install/arucosrvmsg/include/arucosrvmsg/arucosrvmsg/msg/detail/aruco_markers__functions.c
[3.513s] -- Up-to-date: /home/shridhar/Workspaces/mrt_ws/Task2/install/arucosrvmsg/include/arucosrvmsg/arucosrvmsg/msg/detail/aruco_markers__functions.h
[3.513s] -- Up-to-date: /home/shridhar/Workspaces/mrt_ws/Task2/install/arucosrvmsg/include/arucosrvmsg/arucosrvmsg/msg/detail/aruco_markers__type_support.h
[3.513s] -- Up-to-date: /home/shridhar/Workspaces/mrt_ws/Task2/install/arucosrvmsg/include/arucosrvmsg/arucosrvmsg/msg/detail/aruco_markers__struct.h
[3.513s] -- Up-to-date: /home/shridhar/Workspaces/mrt_ws/Task2/install/arucosrvmsg/share/arucosrvmsg/environment/library_path.sh
[3.513s] -- Installing: /home/shridhar/Workspaces/mrt_ws/Task2/install/arucosrvmsg/share/arucosrvmsg/environment/library_path.dsv
[3.513s] -- Installing: /home/shridhar/Workspaces/mrt_ws/Task2/install/arucosrvmsg/lib/libarucosrvmsgS__rosidl_generator_c.so
[3.513s] -- Set runtime path of "/home/shridhar/Workspaces/mrt_ws/Task2/install/arucosrvmsg/lib/libarucosrvmsgS__rosidl_generator_c.so" to ""
[3.514s] -- Up-to-date: /home/shridhar/Workspaces/mrt_ws/Task2/install/arucosrvmsg/include/arucosrvmsg/arucosrvmsg
[3.514s] -- Up-to-date: /home/shridhar/Workspaces/mrt_ws/Task2/install/arucosrvmsg/include/arucosrvmsg/arucosrvmsg/srv
[3.514s] -- Up-to-date: /home/shridhar/Workspaces/mrt_ws/Task2/install/arucosrvmsg/include/arucosrvmsg/arucosrvmsg/srv/detail
[3.514s] -- Up-to-date: /home/shridhar/Workspaces/mrt_ws/Task2/install/arucosrvmsg/include/arucosrvmsg/arucosrvmsg/srv/detail/aruco_markers__rosidl_typesupport_fastrtps_c.h
[3.514s] -- Up-to-date: /home/shridhar/Workspaces/mrt_ws/Task2/install/arucosrvmsg/include/arucosrvmsg/arucosrvmsg/msg
[3.514s] -- Up-to-date: /home/shridhar/Workspaces/mrt_ws/Task2/install/arucosrvmsg/include/arucosrvmsg/arucosrvmsg/msg/rosidl_typesupport_fastrtps_c__visibility_control.h
[3.514s] -- Up-to-date: /home/shridhar/Workspaces/mrt_ws/Task2/install/arucosrvmsg/include/arucosrvmsg/arucosrvmsg/msg/detail
[3.514s] -- Up-to-date: /home/shridhar/Workspaces/mrt_ws/Task2/install/arucosrvmsg/include/arucosrvmsg/arucosrvmsg/msg/detail/aruco_markers__rosidl_typesupport_fastrtps_c.h
[3.514s] -- Installing: /home/shridhar/Workspaces/mrt_ws/Task2/install/arucosrvmsg/lib/libarucosrvmsgS__rosidl_typesupport_fastrtps_c.so
[3.514s] -- Set runtime path of "/home/shridhar/Workspaces/mrt_ws/Task2/install/arucosrvmsg/lib/libarucosrvmsgS__rosidl_typesupport_fastrtps_c.so" to ""
[3.514s] -- Up-to-date: /home/shridhar/Workspaces/mrt_ws/Task2/install/arucosrvmsg/include/arucosrvmsg/arucosrvmsg
[3.514s] -- Up-to-date: /home/shridhar/Workspaces/mrt_ws/Task2/install/arucosrvmsg/include/arucosrvmsg/arucosrvmsg/srv
[3.514s] -- Up-to-date: /home/shridhar/Workspaces/mrt_ws/Task2/install/arucosrvmsg/include/arucosrvmsg/arucosrvmsg/srv/detail
[3.514s] -- Up-to-date: /home/shridhar/Workspaces/mrt_ws/Task2/install/arucosrvmsg/include/arucosrvmsg/arucosrvmsg/srv/detail/aruco_markers__struct.hpp
[3.514s] -- Up-to-date: /home/shridhar/Workspaces/mrt_ws/Task2/install/arucosrvmsg/include/arucosrvmsg/arucosrvmsg/srv/detail/aruco_markers__builder.hpp
[3.515s] -- Up-to-date: /home/shridhar/Workspaces/mrt_ws/Task2/install/arucosrvmsg/include/arucosrvmsg/arucosrvmsg/srv/detail/aruco_markers__traits.hpp
[3.515s] -- Up-to-date: /home/shridhar/Workspaces/mrt_ws/Task2/install/arucosrvmsg/include/arucosrvmsg/arucosrvmsg/srv/aruco_markers.hpp
[3.515s] -- Up-to-date: /home/shridhar/Workspaces/mrt_ws/Task2/install/arucosrvmsg/include/arucosrvmsg/arucosrvmsg/msg
[3.515s] -- Up-to-date: /home/shridhar/Workspaces/mrt_ws/Task2/install/arucosrvmsg/include/arucosrvmsg/arucosrvmsg/msg/detail
[3.515s] -- Up-to-date: /home/shridhar/Workspaces/mrt_ws/Task2/install/arucosrvmsg/include/arucosrvmsg/arucosrvmsg/msg/detail/aruco_markers__struct.hpp
[3.515s] -- Up-to-date: /home/shridhar/Workspaces/mrt_ws/Task2/install/arucosrvmsg/include/arucosrvmsg/arucosrvmsg/msg/detail/aruco_markers__builder.hpp
[3.515s] -- Up-to-date: /home/shridhar/Workspaces/mrt_ws/Task2/install/arucosrvmsg/include/arucosrvmsg/arucosrvmsg/msg/detail/aruco_markers__traits.hpp
[3.515s] -- Up-to-date: /home/shridhar/Workspaces/mrt_ws/Task2/install/arucosrvmsg/include/arucosrvmsg/arucosrvmsg/msg/aruco_markers.hpp
[3.515s] -- Up-to-date: /home/shridhar/Workspaces/mrt_ws/Task2/install/arucosrvmsg/include/arucosrvmsg/arucosrvmsg
[3.515s] -- Up-to-date: /home/shridhar/Workspaces/mrt_ws/Task2/install/arucosrvmsg/include/arucosrvmsg/arucosrvmsg/srv
[3.515s] -- Up-to-date: /home/shridhar/Workspaces/mrt_ws/Task2/install/arucosrvmsg/include/arucosrvmsg/arucosrvmsg/srv/detail
[3.515s] -- Up-to-date: /home/shridhar/Workspaces/mrt_ws/Task2/install/arucosrvmsg/include/arucosrvmsg/arucosrvmsg/srv/detail/aruco_markers__rosidl_typesupport_fastrtps_cpp.hpp
[3.515s] -- Up-to-date: /home/shridhar/Workspaces/mrt_ws/Task2/install/arucosrvmsg/include/arucosrvmsg/arucosrvmsg/srv/detail/dds_fastrtps
[3.515s] -- Up-to-date: /home/shridhar/Workspaces/mrt_ws/Task2/install/arucosrvmsg/include/arucosrvmsg/arucosrvmsg/msg
[3.515s] -- Up-to-date: /home/shridhar/Workspaces/mrt_ws/Task2/install/arucosrvmsg/include/arucosrvmsg/arucosrvmsg/msg/rosidl_typesupport_fastrtps_cpp__visibility_control.h
[3.515s] -- Up-to-date: /home/shridhar/Workspaces/mrt_ws/Task2/install/arucosrvmsg/include/arucosrvmsg/arucosrvmsg/msg/detail
[3.516s] -- Up-to-date: /home/shridhar/Workspaces/mrt_ws/Task2/install/arucosrvmsg/include/arucosrvmsg/arucosrvmsg/msg/detail/aruco_markers__rosidl_typesupport_fastrtps_cpp.hpp
[3.516s] -- Up-to-date: /home/shridhar/Workspaces/mrt_ws/Task2/install/arucosrvmsg/include/arucosrvmsg/arucosrvmsg/msg/detail/dds_fastrtps
[3.516s] -- Installing: /home/shridhar/Workspaces/mrt_ws/Task2/install/arucosrvmsg/lib/libarucosrvmsgS__rosidl_typesupport_fastrtps_cpp.so
[3.516s] -- Set runtime path of "/home/shridhar/Workspaces/mrt_ws/Task2/install/arucosrvmsg/lib/libarucosrvmsgS__rosidl_typesupport_fastrtps_cpp.so" to ""
[3.516s] -- Up-to-date: /home/shridhar/Workspaces/mrt_ws/Task2/install/arucosrvmsg/include/arucosrvmsg/arucosrvmsg
[3.516s] -- Up-to-date: /home/shridhar/Workspaces/mrt_ws/Task2/install/arucosrvmsg/include/arucosrvmsg/arucosrvmsg/srv
[3.516s] -- Up-to-date: /home/shridhar/Workspaces/mrt_ws/Task2/install/arucosrvmsg/include/arucosrvmsg/arucosrvmsg/srv/detail
[3.517s] -- Up-to-date: /home/shridhar/Workspaces/mrt_ws/Task2/install/arucosrvmsg/include/arucosrvmsg/arucosrvmsg/srv/detail/aruco_markers__type_support.c
[3.517s] -- Up-to-date: /home/shridhar/Workspaces/mrt_ws/Task2/install/arucosrvmsg/include/arucosrvmsg/arucosrvmsg/srv/detail/aruco_markers__rosidl_typesupport_introspection_c.h
[3.517s] -- Up-to-date: /home/shridhar/Workspaces/mrt_ws/Task2/install/arucosrvmsg/include/arucosrvmsg/arucosrvmsg/msg
[3.517s] -- Up-to-date: /home/shridhar/Workspaces/mrt_ws/Task2/install/arucosrvmsg/include/arucosrvmsg/arucosrvmsg/msg/detail
[3.517s] -- Up-to-date: /home/shridhar/Workspaces/mrt_ws/Task2/install/arucosrvmsg/include/arucosrvmsg/arucosrvmsg/msg/detail/aruco_markers__type_support.c
[3.517s] -- Up-to-date: /home/shridhar/Workspaces/mrt_ws/Task2/install/arucosrvmsg/include/arucosrvmsg/arucosrvmsg/msg/detail/aruco_markers__rosidl_typesupport_introspection_c.h
[3.517s] -- Up-to-date: /home/shridhar/Workspaces/mrt_ws/Task2/install/arucosrvmsg/include/arucosrvmsg/arucosrvmsg/msg/rosidl_typesupport_introspection_c__visibility_control.h
[3.517s] -- Installing: /home/shridhar/Workspaces/mrt_ws/Task2/install/arucosrvmsg/lib/libarucosrvmsgS__rosidl_typesupport_introspection_c.so
[3.517s] -- Set runtime path of "/home/shridhar/Workspaces/mrt_ws/Task2/install/arucosrvmsg/lib/libarucosrvmsgS__rosidl_typesupport_introspection_c.so" to ""
[3.517s] -- Installing: /home/shridhar/Workspaces/mrt_ws/Task2/install/arucosrvmsg/lib/libarucosrvmsgS__rosidl_typesupport_c.so
[3.517s] -- Set runtime path of "/home/shridhar/Workspaces/mrt_ws/Task2/install/arucosrvmsg/lib/libarucosrvmsgS__rosidl_typesupport_c.so" to ""
[3.517s] -- Up-to-date: /home/shridhar/Workspaces/mrt_ws/Task2/install/arucosrvmsg/include/arucosrvmsg/arucosrvmsg
[3.517s] -- Up-to-date: /home/shridhar/Workspaces/mrt_ws/Task2/install/arucosrvmsg/include/arucosrvmsg/arucosrvmsg/srv
[3.517s] -- Up-to-date: /home/shridhar/Workspaces/mrt_ws/Task2/install/arucosrvmsg/include/arucosrvmsg/arucosrvmsg/srv/detail
[3.518s] -- Up-to-date: /home/shridhar/Workspaces/mrt_ws/Task2/install/arucosrvmsg/include/arucosrvmsg/arucosrvmsg/srv/detail/aruco_markers__rosidl_typesupport_introspection_cpp.hpp
[3.518s] -- Up-to-date: /home/shridhar/Workspaces/mrt_ws/Task2/install/arucosrvmsg/include/arucosrvmsg/arucosrvmsg/srv/detail/aruco_markers__type_support.cpp
[3.518s] -- Up-to-date: /home/shridhar/Workspaces/mrt_ws/Task2/install/arucosrvmsg/include/arucosrvmsg/arucosrvmsg/msg
[3.518s] -- Up-to-date: /home/shridhar/Workspaces/mrt_ws/Task2/install/arucosrvmsg/include/arucosrvmsg/arucosrvmsg/msg/detail
[3.518s] -- Up-to-date: /home/shridhar/Workspaces/mrt_ws/Task2/install/arucosrvmsg/include/arucosrvmsg/arucosrvmsg/msg/detail/aruco_markers__rosidl_typesupport_introspection_cpp.hpp
[3.518s] -- Up-to-date: /home/shridhar/Workspaces/mrt_ws/Task2/install/arucosrvmsg/include/arucosrvmsg/arucosrvmsg/msg/detail/aruco_markers__type_support.cpp
[3.518s] -- Installing: /home/shridhar/Workspaces/mrt_ws/Task2/install/arucosrvmsg/lib/libarucosrvmsgS__rosidl_typesupport_introspection_cpp.so
[3.518s] -- Set runtime path of "/home/shridhar/Workspaces/mrt_ws/Task2/install/arucosrvmsg/lib/libarucosrvmsgS__rosidl_typesupport_introspection_cpp.so" to ""
[3.518s] -- Installing: /home/shridhar/Workspaces/mrt_ws/Task2/install/arucosrvmsg/lib/libarucosrvmsgS__rosidl_typesupport_cpp.so
[3.518s] -- Set runtime path of "/home/shridhar/Workspaces/mrt_ws/Task2/install/arucosrvmsg/lib/libarucosrvmsgS__rosidl_typesupport_cpp.so" to ""
[3.518s] -- Up-to-date: /home/shridhar/Workspaces/mrt_ws/Task2/install/arucosrvmsg/share/arucosrvmsg/environment/pythonpath.sh
[3.518s] -- Installing: /home/shridhar/Workspaces/mrt_ws/Task2/install/arucosrvmsg/share/arucosrvmsg/environment/pythonpath.dsv
[3.518s] -- Up-to-date: /home/shridhar/Workspaces/mrt_ws/Task2/install/arucosrvmsg/local/lib/python3.10/dist-packages/arucosrvmsg-0.0.0-py3.10.egg-info
[3.519s] -- Installing: /home/shridhar/Workspaces/mrt_ws/Task2/install/arucosrvmsg/local/lib/python3.10/dist-packages/arucosrvmsg-0.0.0-py3.10.egg-info/top_level.txt
[3.519s] -- Installing: /home/shridhar/Workspaces/mrt_ws/Task2/install/arucosrvmsg/local/lib/python3.10/dist-packages/arucosrvmsg-0.0.0-py3.10.egg-info/dependency_links.txt
[3.519s] -- Installing: /home/shridhar/Workspaces/mrt_ws/Task2/install/arucosrvmsg/local/lib/python3.10/dist-packages/arucosrvmsg-0.0.0-py3.10.egg-info/PKG-INFO
[3.519s] -- Installing: /home/shridhar/Workspaces/mrt_ws/Task2/install/arucosrvmsg/local/lib/python3.10/dist-packages/arucosrvmsg-0.0.0-py3.10.egg-info/SOURCES.txt
[3.519s] -- Up-to-date: /home/shridhar/Workspaces/mrt_ws/Task2/install/arucosrvmsg/local/lib/python3.10/dist-packages/arucosrvmsg
[3.519s] -- Up-to-date: /home/shridhar/Workspaces/mrt_ws/Task2/install/arucosrvmsg/local/lib/python3.10/dist-packages/arucosrvmsg/libarucosrvmsg__rosidl_generator_py.so
[3.519s] -- Up-to-date: /home/shridhar/Workspaces/mrt_ws/Task2/install/arucosrvmsg/local/lib/python3.10/dist-packages/arucosrvmsg/srv
[3.519s] -- Installing: /home/shridhar/Workspaces/mrt_ws/Task2/install/arucosrvmsg/local/lib/python3.10/dist-packages/arucosrvmsg/srv/_aruco_markers_s.c
[3.519s] -- Installing: /home/shridhar/Workspaces/mrt_ws/Task2/install/arucosrvmsg/local/lib/python3.10/dist-packages/arucosrvmsg/srv/_aruco_markers.py
[3.519s] -- Installing: /home/shridhar/Workspaces/mrt_ws/Task2/install/arucosrvmsg/local/lib/python3.10/dist-packages/arucosrvmsg/srv/__init__.py
[3.519s] -- Installing: /home/shridhar/Workspaces/mrt_ws/Task2/install/arucosrvmsg/local/lib/python3.10/dist-packages/arucosrvmsg/_arucosrvmsg_s.ep.rosidl_typesupport_c.c
[3.519s] -- Installing: /home/shridhar/Workspaces/mrt_ws/Task2/install/arucosrvmsg/local/lib/python3.10/dist-packages/arucosrvmsg/_arucosrvmsg_s.ep.rosidl_typesupport_fastrtps_c.c
[3.520s] -- Installing: /home/shridhar/Workspaces/mrt_ws/Task2/install/arucosrvmsg/local/lib/python3.10/dist-packages/arucosrvmsg/libarucosrvmsgS__rosidl_generator_py.so
[3.520s] -- Installing: /home/shridhar/Workspaces/mrt_ws/Task2/install/arucosrvmsg/local/lib/python3.10/dist-packages/arucosrvmsg/arucosrvmsg_s__rosidl_typesupport_c.cpython-310-x86_64-linux-gnu.so
[3.520s] -- Installing: /home/shridhar/Workspaces/mrt_ws/Task2/install/arucosrvmsg/local/lib/python3.10/dist-packages/arucosrvmsg/arucosrvmsg_s__rosidl_typesupport_introspection_c.cpython-310-x86_64-linux-gnu.so
[3.520s] -- Up-to-date: /home/shridhar/Workspaces/mrt_ws/Task2/install/arucosrvmsg/local/lib/python3.10/dist-packages/arucosrvmsg/msg
[3.520s] -- Installing: /home/shridhar/Workspaces/mrt_ws/Task2/install/arucosrvmsg/local/lib/python3.10/dist-packages/arucosrvmsg/msg/_aruco_markers_s.c
[3.520s] -- Installing: /home/shridhar/Workspaces/mrt_ws/Task2/install/arucosrvmsg/local/lib/python3.10/dist-packages/arucosrvmsg/msg/_aruco_markers.py
[3.520s] -- Installing: /home/shridhar/Workspaces/mrt_ws/Task2/install/arucosrvmsg/local/lib/python3.10/dist-packages/arucosrvmsg/msg/__init__.py
[3.520s] -- Installing: /home/shridhar/Workspaces/mrt_ws/Task2/install/arucosrvmsg/local/lib/python3.10/dist-packages/arucosrvmsg/_arucosrvmsg_s.ep.rosidl_typesupport_introspection_c.c
[3.520s] -- Installing: /home/shridhar/Workspaces/mrt_ws/Task2/install/arucosrvmsg/local/lib/python3.10/dist-packages/arucosrvmsg/__init__.py
[3.520s] -- Installing: /home/shridhar/Workspaces/mrt_ws/Task2/install/arucosrvmsg/local/lib/python3.10/dist-packages/arucosrvmsg/arucosrvmsg_s__rosidl_typesupport_fastrtps_c.cpython-310-x86_64-linux-gnu.so
[3.565s] Listing '/home/shridhar/Workspaces/mrt_ws/Task2/install/arucosrvmsg/local/lib/python3.10/dist-packages/arucosrvmsg'...
[3.566s] Compiling '/home/shridhar/Workspaces/mrt_ws/Task2/install/arucosrvmsg/local/lib/python3.10/dist-packages/arucosrvmsg/__init__.py'...
[3.566s] Listing '/home/shridhar/Workspaces/mrt_ws/Task2/install/arucosrvmsg/local/lib/python3.10/dist-packages/arucosrvmsg/msg'...
[3.566s] Compiling '/home/shridhar/Workspaces/mrt_ws/Task2/install/arucosrvmsg/local/lib/python3.10/dist-packages/arucosrvmsg/msg/__init__.py'...
[3.566s] Compiling '/home/shridhar/Workspaces/mrt_ws/Task2/install/arucosrvmsg/local/lib/python3.10/dist-packages/arucosrvmsg/msg/_aruco_markers.py'...
[3.566s] Listing '/home/shridhar/Workspaces/mrt_ws/Task2/install/arucosrvmsg/local/lib/python3.10/dist-packages/arucosrvmsg/srv'...
[3.566s] Compiling '/home/shridhar/Workspaces/mrt_ws/Task2/install/arucosrvmsg/local/lib/python3.10/dist-packages/arucosrvmsg/srv/__init__.py'...
[3.566s] Compiling '/home/shridhar/Workspaces/mrt_ws/Task2/install/arucosrvmsg/local/lib/python3.10/dist-packages/arucosrvmsg/srv/_aruco_markers.py'...
[3.571s] -- Installing: /home/shridhar/Workspaces/mrt_ws/Task2/install/arucosrvmsg/local/lib/python3.10/dist-packages/arucosrvmsg/arucosrvmsg_s__rosidl_typesupport_fastrtps_c.cpython-310-x86_64-linux-gnu.so
[3.571s] -- Set runtime path of "/home/shridhar/Workspaces/mrt_ws/Task2/install/arucosrvmsg/local/lib/python3.10/dist-packages/arucosrvmsg/arucosrvmsg_s__rosidl_typesupport_fastrtps_c.cpython-310-x86_64-linux-gnu.so" to ""
[3.572s] -- Installing: /home/shridhar/Workspaces/mrt_ws/Task2/install/arucosrvmsg/local/lib/python3.10/dist-packages/arucosrvmsg/arucosrvmsg_s__rosidl_typesupport_introspection_c.cpython-310-x86_64-linux-gnu.so
[3.572s] -- Set runtime path of "/home/shridhar/Workspaces/mrt_ws/Task2/install/arucosrvmsg/local/lib/python3.10/dist-packages/arucosrvmsg/arucosrvmsg_s__rosidl_typesupport_introspection_c.cpython-310-x86_64-linux-gnu.so" to ""
[3.572s] -- Installing: /home/shridhar/Workspaces/mrt_ws/Task2/install/arucosrvmsg/local/lib/python3.10/dist-packages/arucosrvmsg/arucosrvmsg_s__rosidl_typesupport_c.cpython-310-x86_64-linux-gnu.so
[3.572s] -- Set runtime path of "/home/shridhar/Workspaces/mrt_ws/Task2/install/arucosrvmsg/local/lib/python3.10/dist-packages/arucosrvmsg/arucosrvmsg_s__rosidl_typesupport_c.cpython-310-x86_64-linux-gnu.so" to ""
[3.572s] -- Installing: /home/shridhar/Workspaces/mrt_ws/Task2/install/arucosrvmsg/lib/libarucosrvmsgS__rosidl_generator_py.so
[3.573s] -- Set runtime path of "/home/shridhar/Workspaces/mrt_ws/Task2/install/arucosrvmsg/lib/libarucosrvmsgS__rosidl_generator_py.so" to ""
[3.573s] -- Up-to-date: /home/shridhar/Workspaces/mrt_ws/Task2/install/arucosrvmsg/share/arucosrvmsg/msg/ArucoMarkers.idl
[3.573s] -- Up-to-date: /home/shridhar/Workspaces/mrt_ws/Task2/install/arucosrvmsg/share/arucosrvmsg/srv/ArucoMarkers.idl
[3.573s] -- Up-to-date: /home/shridhar/Workspaces/mrt_ws/Task2/install/arucosrvmsg/share/arucosrvmsg/msg/ArucoMarkers.msg
[3.573s] -- Up-to-date: /home/shridhar/Workspaces/mrt_ws/Task2/install/arucosrvmsg/share/arucosrvmsg/srv/ArucoMarkers.srv
[3.573s] -- Up-to-date: /home/shridhar/Workspaces/mrt_ws/Task2/install/arucosrvmsg/share/arucosrvmsg/srv/ArucoMarkers_Request.msg
[3.573s] -- Up-to-date: /home/shridhar/Workspaces/mrt_ws/Task2/install/arucosrvmsg/share/arucosrvmsg/srv/ArucoMarkers_Response.msg
[3.573s] -- Up-to-date: /home/shridhar/Workspaces/mrt_ws/Task2/install/arucosrvmsg/share/ament_index/resource_index/package_run_dependencies/arucosrvmsg
[3.573s] -- Up-to-date: /home/shridhar/Workspaces/mrt_ws/Task2/install/arucosrvmsg/share/ament_index/resource_index/parent_prefix_path/arucosrvmsg
[3.573s] -- Up-to-date: /home/shridhar/Workspaces/mrt_ws/Task2/install/arucosrvmsg/share/arucosrvmsg/environment/ament_prefix_path.sh
[3.573s] -- Installing: /home/shridhar/Workspaces/mrt_ws/Task2/install/arucosrvmsg/share/arucosrvmsg/environment/ament_prefix_path.dsv
[3.574s] -- Up-to-date: /home/shridhar/Workspaces/mrt_ws/Task2/install/arucosrvmsg/share/arucosrvmsg/environment/path.sh
[3.574s] -- Installing: /home/shridhar/Workspaces/mrt_ws/Task2/install/arucosrvmsg/share/arucosrvmsg/environment/path.dsv
[3.574s] -- Up-to-date: /home/shridhar/Workspaces/mrt_ws/Task2/install/arucosrvmsg/share/arucosrvmsg/local_setup.bash
[3.574s] -- Up-to-date: /home/shridhar/Workspaces/mrt_ws/Task2/install/arucosrvmsg/share/arucosrvmsg/local_setup.sh
[3.574s] -- Up-to-date: /home/shridhar/Workspaces/mrt_ws/Task2/install/arucosrvmsg/share/arucosrvmsg/local_setup.zsh
[3.574s] -- Installing: /home/shridhar/Workspaces/mrt_ws/Task2/install/arucosrvmsg/share/arucosrvmsg/local_setup.dsv
[3.574s] -- Installing: /home/shridhar/Workspaces/mrt_ws/Task2/install/arucosrvmsg/share/arucosrvmsg/package.dsv
[3.574s] -- Up-to-date: /home/shridhar/Workspaces/mrt_ws/Task2/install/arucosrvmsg/share/ament_index/resource_index/packages/arucosrvmsg
[3.574s] -- Installing: /home/shridhar/Workspaces/mrt_ws/Task2/install/arucosrvmsg/share/arucosrvmsg/cmake/export_arucosrvmsgS__rosidl_generator_cExport.cmake
[3.574s] -- Installing: /home/shridhar/Workspaces/mrt_ws/Task2/install/arucosrvmsg/share/arucosrvmsg/cmake/export_arucosrvmsgS__rosidl_generator_cExport-noconfig.cmake
[3.574s] -- Installing: /home/shridhar/Workspaces/mrt_ws/Task2/install/arucosrvmsg/share/arucosrvmsg/cmake/export_arucosrvmsgS__rosidl_typesupport_fastrtps_cExport.cmake
[3.574s] -- Installing: /home/shridhar/Workspaces/mrt_ws/Task2/install/arucosrvmsg/share/arucosrvmsg/cmake/export_arucosrvmsgS__rosidl_typesupport_fastrtps_cExport-noconfig.cmake
[3.575s] -- Installing: /home/shridhar/Workspaces/mrt_ws/Task2/install/arucosrvmsg/share/arucosrvmsg/cmake/export_arucosrvmsgS__rosidl_generator_cppExport.cmake
[3.575s] -- Installing: /home/shridhar/Workspaces/mrt_ws/Task2/install/arucosrvmsg/share/arucosrvmsg/cmake/export_arucosrvmsgS__rosidl_typesupport_fastrtps_cppExport.cmake
[3.575s] -- Installing: /home/shridhar/Workspaces/mrt_ws/Task2/install/arucosrvmsg/share/arucosrvmsg/cmake/export_arucosrvmsgS__rosidl_typesupport_fastrtps_cppExport-noconfig.cmake
[3.575s] -- Installing: /home/shridhar/Workspaces/mrt_ws/Task2/install/arucosrvmsg/share/arucosrvmsg/cmake/arucosrvmsgS__rosidl_typesupport_introspection_cExport.cmake
[3.575s] -- Installing: /home/shridhar/Workspaces/mrt_ws/Task2/install/arucosrvmsg/share/arucosrvmsg/cmake/arucosrvmsgS__rosidl_typesupport_introspection_cExport-noconfig.cmake
[3.575s] -- Installing: /home/shridhar/Workspaces/mrt_ws/Task2/install/arucosrvmsg/share/arucosrvmsg/cmake/arucosrvmsgS__rosidl_typesupport_cExport.cmake
[3.575s] -- Installing: /home/shridhar/Workspaces/mrt_ws/Task2/install/arucosrvmsg/share/arucosrvmsg/cmake/arucosrvmsgS__rosidl_typesupport_cExport-noconfig.cmake
[3.575s] -- Installing: /home/shridhar/Workspaces/mrt_ws/Task2/install/arucosrvmsg/share/arucosrvmsg/cmake/arucosrvmsgS__rosidl_typesupport_introspection_cppExport.cmake
[3.575s] -- Installing: /home/shridhar/Workspaces/mrt_ws/Task2/install/arucosrvmsg/share/arucosrvmsg/cmake/arucosrvmsgS__rosidl_typesupport_introspection_cppExport-noconfig.cmake
[3.575s] -- Installing: /home/shridhar/Workspaces/mrt_ws/Task2/install/arucosrvmsg/share/arucosrvmsg/cmake/arucosrvmsgS__rosidl_typesupport_cppExport.cmake
[3.576s] -- Installing: /home/shridhar/Workspaces/mrt_ws/Task2/install/arucosrvmsg/share/arucosrvmsg/cmake/arucosrvmsgS__rosidl_typesupport_cppExport-noconfig.cmake
[3.576s] -- Installing: /home/shridhar/Workspaces/mrt_ws/Task2/install/arucosrvmsg/share/arucosrvmsg/cmake/export_arucosrvmsgS__rosidl_generator_pyExport.cmake
[3.576s] -- Installing: /home/shridhar/Workspaces/mrt_ws/Task2/install/arucosrvmsg/share/arucosrvmsg/cmake/export_arucosrvmsgS__rosidl_generator_pyExport-noconfig.cmake
[3.576s] -- Up-to-date: /home/shridhar/Workspaces/mrt_ws/Task2/install/arucosrvmsg/share/arucosrvmsg/cmake/rosidl_cmake-extras.cmake
[3.576s] -- Up-to-date: /home/shridhar/Workspaces/mrt_ws/Task2/install/arucosrvmsg/share/arucosrvmsg/cmake/ament_cmake_export_dependencies-extras.cmake
[3.576s] -- Up-to-date: /home/shridhar/Workspaces/mrt_ws/Task2/install/arucosrvmsg/share/arucosrvmsg/cmake/ament_cmake_export_include_directories-extras.cmake
[3.576s] -- Installing: /home/shridhar/Workspaces/mrt_ws/Task2/install/arucosrvmsg/share/arucosrvmsg/cmake/ament_cmake_export_libraries-extras.cmake
[3.576s] -- Installing: /home/shridhar/Workspaces/mrt_ws/Task2/install/arucosrvmsg/share/arucosrvmsg/cmake/ament_cmake_export_targets-extras.cmake
[3.576s] -- Installing: /home/shridhar/Workspaces/mrt_ws/Task2/install/arucosrvmsg/share/arucosrvmsg/cmake/rosidl_cmake_export_typesupport_targets-extras.cmake
[3.576s] -- Installing: /home/shridhar/Workspaces/mrt_ws/Task2/install/arucosrvmsg/share/arucosrvmsg/cmake/rosidl_cmake_export_typesupport_libraries-extras.cmake
[3.577s] -- Up-to-date: /home/shridhar/Workspaces/mrt_ws/Task2/install/arucosrvmsg/share/arucosrvmsg/cmake/arucosrvmsgConfig.cmake
[3.577s] -- Up-to-date: /home/shridhar/Workspaces/mrt_ws/Task2/install/arucosrvmsg/share/arucosrvmsg/cmake/arucosrvmsgConfig-version.cmake
[3.577s] -- Installing: /home/shridhar/Workspaces/mrt_ws/Task2/install/arucosrvmsg/share/arucosrvmsg/package.xml
[3.580s] Invoked command in '/home/shridhar/Workspaces/mrt_ws/Task2/build/arucosrvmsg' returned '0': CMAKE_PREFIX_PATH=/opt/ros/humble /usr/bin/cmake --install /home/shridhar/Workspaces/mrt_ws/Task2/build/arucosrvmsg
