[35m[1mConsolidate compiler generated dependencies of target addthreeints__rosidl_generator_c[0m
[  2%] Built target addthreeints__cpp
[ 12%] Built target addthreeints__rosidl_generator_c
[ 12%] Built target ament_cmake_python_copy_addthreeints
[35m[1mConsolidate compiler generated dependencies of target addthreeints__rosidl_typesupport_introspection_cpp[0m
[35m[1mConsolidate compiler generated dependencies of target addthreeints__rosidl_typesupport_cpp[0m
[35m[1mConsolidate compiler generated dependencies of target addthreeints__rosidl_typesupport_fastrtps_cpp[0m
[35m[1mConsolidate compiler generated dependencies of target addthreeints__rosidl_typesupport_c[0m
[35m[1mConsolidate compiler generated dependencies of target addthreeints__rosidl_typesupport_introspection_c[0m
[35m[1mConsolidate compiler generated dependencies of target addthreeints__rosidl_typesupport_fastrtps_c[0m
[ 23%] Built target addthreeints__rosidl_typesupport_cpp
[ 34%] Built target addthreeints__rosidl_typesupport_introspection_cpp
[ 44%] Built target addthreeints__rosidl_typesupport_fastrtps_cpp
[ 55%] Built target addthreeints__rosidl_typesupport_introspection_c
[ 65%] Built target addthreeints__rosidl_typesupport_c
[ 76%] Built target addthreeints__rosidl_typesupport_fastrtps_c
[ 76%] Built target addthreeints
[ 78%] Built target addthreeints__py
[35m[1mConsolidate compiler generated dependencies of target addthreeints__rosidl_generator_py[0m
[ 87%] Built target addthreeints__rosidl_generator_py
[35m[1mConsolidate compiler generated dependencies of target addthreeints__rosidl_typesupport_introspection_c__pyext[0m
[35m[1mConsolidate compiler generated dependencies of target addthreeints__rosidl_typesupport_c__pyext[0m
[35m[1mConsolidate compiler generated dependencies of target addthreeints__rosidl_typesupport_fastrtps_c__pyext[0m
[100%] Built target addthreeints__rosidl_typesupport_introspection_c__pyext
[100%] Built target addthreeints__rosidl_typesupport_fastrtps_c__pyext
[100%] Built target addthreeints__rosidl_typesupport_c__pyext
running egg_info
writing addthreeints.egg-info/PKG-INFO
writing dependency_links to addthreeints.egg-info/dependency_links.txt
writing top-level names to addthreeints.egg-info/top_level.txt
reading manifest file 'addthreeints.egg-info/SOURCES.txt'
writing manifest file 'addthreeints.egg-info/SOURCES.txt'
[100%] Built target ament_cmake_python_build_addthreeints_egg
-- Install configuration: ""
-- Up-to-date: /home/shridhar/Workspaces/mrt_ws/Task2/install/addthreeints/share/ament_index/resource_index/rosidl_interfaces/addthreeints
-- Up-to-date: /home/shridhar/Workspaces/mrt_ws/Task2/install/addthreeints/include/addthreeints/addthreeints
-- Up-to-date: /home/shridhar/Workspaces/mrt_ws/Task2/install/addthreeints/include/addthreeints/addthreeints/srv
-- Up-to-date: /home/shridhar/Workspaces/mrt_ws/Task2/install/addthreeints/include/addthreeints/addthreeints/srv/detail
-- Up-to-date: /home/shridhar/Workspaces/mrt_ws/Task2/install/addthreeints/include/addthreeints/addthreeints/srv/detail/add_three_ints__struct.h
-- Up-to-date: /home/shridhar/Workspaces/mrt_ws/Task2/install/addthreeints/include/addthreeints/addthreeints/srv/detail/add_three_ints__functions.h
-- Up-to-date: /home/shridhar/Workspaces/mrt_ws/Task2/install/addthreeints/include/addthreeints/addthreeints/srv/detail/add_three_ints__functions.c
-- Up-to-date: /home/shridhar/Workspaces/mrt_ws/Task2/install/addthreeints/include/addthreeints/addthreeints/srv/detail/add_three_ints__type_support.h
-- Up-to-date: /home/shridhar/Workspaces/mrt_ws/Task2/install/addthreeints/include/addthreeints/addthreeints/srv/add_three_ints.h
-- Up-to-date: /home/shridhar/Workspaces/mrt_ws/Task2/install/addthreeints/include/addthreeints/addthreeints/msg
-- Up-to-date: /home/shridhar/Workspaces/mrt_ws/Task2/install/addthreeints/include/addthreeints/addthreeints/msg/num.h
-- Up-to-date: /home/shridhar/Workspaces/mrt_ws/Task2/install/addthreeints/include/addthreeints/addthreeints/msg/sphere.h
-- Up-to-date: /home/shridhar/Workspaces/mrt_ws/Task2/install/addthreeints/include/addthreeints/addthreeints/msg/rosidl_generator_c__visibility_control.h
-- Up-to-date: /home/shridhar/Workspaces/mrt_ws/Task2/install/addthreeints/include/addthreeints/addthreeints/msg/detail
-- Up-to-date: /home/shridhar/Workspaces/mrt_ws/Task2/install/addthreeints/include/addthreeints/addthreeints/msg/detail/num__functions.h
-- Up-to-date: /home/shridhar/Workspaces/mrt_ws/Task2/install/addthreeints/include/addthreeints/addthreeints/msg/detail/sphere__functions.c
-- Up-to-date: /home/shridhar/Workspaces/mrt_ws/Task2/install/addthreeints/include/addthreeints/addthreeints/msg/detail/num__type_support.h
-- Up-to-date: /home/shridhar/Workspaces/mrt_ws/Task2/install/addthreeints/include/addthreeints/addthreeints/msg/detail/sphere__struct.h
-- Up-to-date: /home/shridhar/Workspaces/mrt_ws/Task2/install/addthreeints/include/addthreeints/addthreeints/msg/detail/sphere__type_support.h
-- Up-to-date: /home/shridhar/Workspaces/mrt_ws/Task2/install/addthreeints/include/addthreeints/addthreeints/msg/detail/num__struct.h
-- Up-to-date: /home/shridhar/Workspaces/mrt_ws/Task2/install/addthreeints/include/addthreeints/addthreeints/msg/detail/sphere__functions.h
-- Up-to-date: /home/shridhar/Workspaces/mrt_ws/Task2/install/addthreeints/include/addthreeints/addthreeints/msg/detail/num__functions.c
-- Up-to-date: /home/shridhar/Workspaces/mrt_ws/Task2/install/addthreeints/share/addthreeints/environment/library_path.sh
-- Up-to-date: /home/shridhar/Workspaces/mrt_ws/Task2/install/addthreeints/share/addthreeints/environment/library_path.dsv
-- Up-to-date: /home/shridhar/Workspaces/mrt_ws/Task2/install/addthreeints/lib/libaddthreeints__rosidl_generator_c.so
-- Up-to-date: /home/shridhar/Workspaces/mrt_ws/Task2/install/addthreeints/include/addthreeints/addthreeints
-- Up-to-date: /home/shridhar/Workspaces/mrt_ws/Task2/install/addthreeints/include/addthreeints/addthreeints/srv
-- Up-to-date: /home/shridhar/Workspaces/mrt_ws/Task2/install/addthreeints/include/addthreeints/addthreeints/srv/detail
-- Up-to-date: /home/shridhar/Workspaces/mrt_ws/Task2/install/addthreeints/include/addthreeints/addthreeints/srv/detail/add_three_ints__rosidl_typesupport_fastrtps_c.h
-- Up-to-date: /home/shridhar/Workspaces/mrt_ws/Task2/install/addthreeints/include/addthreeints/addthreeints/msg
-- Up-to-date: /home/shridhar/Workspaces/mrt_ws/Task2/install/addthreeints/include/addthreeints/addthreeints/msg/rosidl_typesupport_fastrtps_c__visibility_control.h
-- Up-to-date: /home/shridhar/Workspaces/mrt_ws/Task2/install/addthreeints/include/addthreeints/addthreeints/msg/detail
-- Up-to-date: /home/shridhar/Workspaces/mrt_ws/Task2/install/addthreeints/include/addthreeints/addthreeints/msg/detail/num__rosidl_typesupport_fastrtps_c.h
-- Up-to-date: /home/shridhar/Workspaces/mrt_ws/Task2/install/addthreeints/include/addthreeints/addthreeints/msg/detail/sphere__rosidl_typesupport_fastrtps_c.h
-- Up-to-date: /home/shridhar/Workspaces/mrt_ws/Task2/install/addthreeints/lib/libaddthreeints__rosidl_typesupport_fastrtps_c.so
-- Up-to-date: /home/shridhar/Workspaces/mrt_ws/Task2/install/addthreeints/include/addthreeints/addthreeints
-- Up-to-date: /home/shridhar/Workspaces/mrt_ws/Task2/install/addthreeints/include/addthreeints/addthreeints/srv
-- Up-to-date: /home/shridhar/Workspaces/mrt_ws/Task2/install/addthreeints/include/addthreeints/addthreeints/srv/add_three_ints.hpp
-- Up-to-date: /home/shridhar/Workspaces/mrt_ws/Task2/install/addthreeints/include/addthreeints/addthreeints/srv/detail
-- Up-to-date: /home/shridhar/Workspaces/mrt_ws/Task2/install/addthreeints/include/addthreeints/addthreeints/srv/detail/add_three_ints__builder.hpp
-- Up-to-date: /home/shridhar/Workspaces/mrt_ws/Task2/install/addthreeints/include/addthreeints/addthreeints/srv/detail/add_three_ints__struct.hpp
-- Up-to-date: /home/shridhar/Workspaces/mrt_ws/Task2/install/addthreeints/include/addthreeints/addthreeints/srv/detail/add_three_ints__traits.hpp
-- Up-to-date: /home/shridhar/Workspaces/mrt_ws/Task2/install/addthreeints/include/addthreeints/addthreeints/msg
-- Up-to-date: /home/shridhar/Workspaces/mrt_ws/Task2/install/addthreeints/include/addthreeints/addthreeints/msg/sphere.hpp
-- Up-to-date: /home/shridhar/Workspaces/mrt_ws/Task2/install/addthreeints/include/addthreeints/addthreeints/msg/num.hpp
-- Up-to-date: /home/shridhar/Workspaces/mrt_ws/Task2/install/addthreeints/include/addthreeints/addthreeints/msg/detail
-- Up-to-date: /home/shridhar/Workspaces/mrt_ws/Task2/install/addthreeints/include/addthreeints/addthreeints/msg/detail/num__struct.hpp
-- Up-to-date: /home/shridhar/Workspaces/mrt_ws/Task2/install/addthreeints/include/addthreeints/addthreeints/msg/detail/num__traits.hpp
-- Up-to-date: /home/shridhar/Workspaces/mrt_ws/Task2/install/addthreeints/include/addthreeints/addthreeints/msg/detail/sphere__struct.hpp
-- Up-to-date: /home/shridhar/Workspaces/mrt_ws/Task2/install/addthreeints/include/addthreeints/addthreeints/msg/detail/sphere__builder.hpp
-- Up-to-date: /home/shridhar/Workspaces/mrt_ws/Task2/install/addthreeints/include/addthreeints/addthreeints/msg/detail/sphere__traits.hpp
-- Up-to-date: /home/shridhar/Workspaces/mrt_ws/Task2/install/addthreeints/include/addthreeints/addthreeints/msg/detail/num__builder.hpp
-- Up-to-date: /home/shridhar/Workspaces/mrt_ws/Task2/install/addthreeints/include/addthreeints/addthreeints
-- Up-to-date: /home/shridhar/Workspaces/mrt_ws/Task2/install/addthreeints/include/addthreeints/addthreeints/srv
-- Up-to-date: /home/shridhar/Workspaces/mrt_ws/Task2/install/addthreeints/include/addthreeints/addthreeints/srv/detail
-- Up-to-date: /home/shridhar/Workspaces/mrt_ws/Task2/install/addthreeints/include/addthreeints/addthreeints/srv/detail/add_three_ints__rosidl_typesupport_fastrtps_cpp.hpp
-- Up-to-date: /home/shridhar/Workspaces/mrt_ws/Task2/install/addthreeints/include/addthreeints/addthreeints/srv/detail/dds_fastrtps
-- Up-to-date: /home/shridhar/Workspaces/mrt_ws/Task2/install/addthreeints/include/addthreeints/addthreeints/msg
-- Up-to-date: /home/shridhar/Workspaces/mrt_ws/Task2/install/addthreeints/include/addthreeints/addthreeints/msg/rosidl_typesupport_fastrtps_cpp__visibility_control.h
-- Up-to-date: /home/shridhar/Workspaces/mrt_ws/Task2/install/addthreeints/include/addthreeints/addthreeints/msg/detail
-- Up-to-date: /home/shridhar/Workspaces/mrt_ws/Task2/install/addthreeints/include/addthreeints/addthreeints/msg/detail/sphere__rosidl_typesupport_fastrtps_cpp.hpp
-- Up-to-date: /home/shridhar/Workspaces/mrt_ws/Task2/install/addthreeints/include/addthreeints/addthreeints/msg/detail/num__rosidl_typesupport_fastrtps_cpp.hpp
-- Up-to-date: /home/shridhar/Workspaces/mrt_ws/Task2/install/addthreeints/include/addthreeints/addthreeints/msg/detail/dds_fastrtps
-- Up-to-date: /home/shridhar/Workspaces/mrt_ws/Task2/install/addthreeints/lib/libaddthreeints__rosidl_typesupport_fastrtps_cpp.so
-- Up-to-date: /home/shridhar/Workspaces/mrt_ws/Task2/install/addthreeints/include/addthreeints/addthreeints
-- Up-to-date: /home/shridhar/Workspaces/mrt_ws/Task2/install/addthreeints/include/addthreeints/addthreeints/srv
-- Up-to-date: /home/shridhar/Workspaces/mrt_ws/Task2/install/addthreeints/include/addthreeints/addthreeints/srv/detail
-- Up-to-date: /home/shridhar/Workspaces/mrt_ws/Task2/install/addthreeints/include/addthreeints/addthreeints/srv/detail/add_three_ints__rosidl_typesupport_introspection_c.h
-- Up-to-date: /home/shridhar/Workspaces/mrt_ws/Task2/install/addthreeints/include/addthreeints/addthreeints/srv/detail/add_three_ints__type_support.c
-- Up-to-date: /home/shridhar/Workspaces/mrt_ws/Task2/install/addthreeints/include/addthreeints/addthreeints/msg
-- Up-to-date: /home/shridhar/Workspaces/mrt_ws/Task2/install/addthreeints/include/addthreeints/addthreeints/msg/detail
-- Up-to-date: /home/shridhar/Workspaces/mrt_ws/Task2/install/addthreeints/include/addthreeints/addthreeints/msg/detail/num__type_support.c
-- Up-to-date: /home/shridhar/Workspaces/mrt_ws/Task2/install/addthreeints/include/addthreeints/addthreeints/msg/detail/sphere__type_support.c
-- Up-to-date: /home/shridhar/Workspaces/mrt_ws/Task2/install/addthreeints/include/addthreeints/addthreeints/msg/detail/num__rosidl_typesupport_introspection_c.h
-- Up-to-date: /home/shridhar/Workspaces/mrt_ws/Task2/install/addthreeints/include/addthreeints/addthreeints/msg/detail/sphere__rosidl_typesupport_introspection_c.h
-- Up-to-date: /home/shridhar/Workspaces/mrt_ws/Task2/install/addthreeints/include/addthreeints/addthreeints/msg/rosidl_typesupport_introspection_c__visibility_control.h
-- Up-to-date: /home/shridhar/Workspaces/mrt_ws/Task2/install/addthreeints/lib/libaddthreeints__rosidl_typesupport_introspection_c.so
-- Up-to-date: /home/shridhar/Workspaces/mrt_ws/Task2/install/addthreeints/lib/libaddthreeints__rosidl_typesupport_c.so
-- Up-to-date: /home/shridhar/Workspaces/mrt_ws/Task2/install/addthreeints/include/addthreeints/addthreeints
-- Up-to-date: /home/shridhar/Workspaces/mrt_ws/Task2/install/addthreeints/include/addthreeints/addthreeints/srv
-- Up-to-date: /home/shridhar/Workspaces/mrt_ws/Task2/install/addthreeints/include/addthreeints/addthreeints/srv/detail
-- Up-to-date: /home/shridhar/Workspaces/mrt_ws/Task2/install/addthreeints/include/addthreeints/addthreeints/srv/detail/add_three_ints__type_support.cpp
-- Up-to-date: /home/shridhar/Workspaces/mrt_ws/Task2/install/addthreeints/include/addthreeints/addthreeints/srv/detail/add_three_ints__rosidl_typesupport_introspection_cpp.hpp
-- Up-to-date: /home/shridhar/Workspaces/mrt_ws/Task2/install/addthreeints/include/addthreeints/addthreeints/msg
-- Up-to-date: /home/shridhar/Workspaces/mrt_ws/Task2/install/addthreeints/include/addthreeints/addthreeints/msg/detail
-- Up-to-date: /home/shridhar/Workspaces/mrt_ws/Task2/install/addthreeints/include/addthreeints/addthreeints/msg/detail/sphere__rosidl_typesupport_introspection_cpp.hpp
-- Up-to-date: /home/shridhar/Workspaces/mrt_ws/Task2/install/addthreeints/include/addthreeints/addthreeints/msg/detail/num__rosidl_typesupport_introspection_cpp.hpp
-- Up-to-date: /home/shridhar/Workspaces/mrt_ws/Task2/install/addthreeints/include/addthreeints/addthreeints/msg/detail/sphere__type_support.cpp
-- Up-to-date: /home/shridhar/Workspaces/mrt_ws/Task2/install/addthreeints/include/addthreeints/addthreeints/msg/detail/num__type_support.cpp
-- Up-to-date: /home/shridhar/Workspaces/mrt_ws/Task2/install/addthreeints/lib/libaddthreeints__rosidl_typesupport_introspection_cpp.so
-- Up-to-date: /home/shridhar/Workspaces/mrt_ws/Task2/install/addthreeints/lib/libaddthreeints__rosidl_typesupport_cpp.so
-- Up-to-date: /home/shridhar/Workspaces/mrt_ws/Task2/install/addthreeints/share/addthreeints/environment/pythonpath.sh
-- Up-to-date: /home/shridhar/Workspaces/mrt_ws/Task2/install/addthreeints/share/addthreeints/environment/pythonpath.dsv
-- Up-to-date: /home/shridhar/Workspaces/mrt_ws/Task2/install/addthreeints/local/lib/python3.10/dist-packages/addthreeints-0.0.0-py3.10.egg-info
-- Installing: /home/shridhar/Workspaces/mrt_ws/Task2/install/addthreeints/local/lib/python3.10/dist-packages/addthreeints-0.0.0-py3.10.egg-info/top_level.txt
-- Installing: /home/shridhar/Workspaces/mrt_ws/Task2/install/addthreeints/local/lib/python3.10/dist-packages/addthreeints-0.0.0-py3.10.egg-info/dependency_links.txt
-- Installing: /home/shridhar/Workspaces/mrt_ws/Task2/install/addthreeints/local/lib/python3.10/dist-packages/addthreeints-0.0.0-py3.10.egg-info/PKG-INFO
-- Installing: /home/shridhar/Workspaces/mrt_ws/Task2/install/addthreeints/local/lib/python3.10/dist-packages/addthreeints-0.0.0-py3.10.egg-info/SOURCES.txt
-- Up-to-date: /home/shridhar/Workspaces/mrt_ws/Task2/install/addthreeints/local/lib/python3.10/dist-packages/addthreeints
-- Up-to-date: /home/shridhar/Workspaces/mrt_ws/Task2/install/addthreeints/local/lib/python3.10/dist-packages/addthreeints/addthreeints_s__rosidl_typesupport_fastrtps_c.cpython-310-x86_64-linux-gnu.so
-- Up-to-date: /home/shridhar/Workspaces/mrt_ws/Task2/install/addthreeints/local/lib/python3.10/dist-packages/addthreeints/srv
-- Up-to-date: /home/shridhar/Workspaces/mrt_ws/Task2/install/addthreeints/local/lib/python3.10/dist-packages/addthreeints/srv/_add_three_ints.py
-- Up-to-date: /home/shridhar/Workspaces/mrt_ws/Task2/install/addthreeints/local/lib/python3.10/dist-packages/addthreeints/srv/__init__.py
-- Up-to-date: /home/shridhar/Workspaces/mrt_ws/Task2/install/addthreeints/local/lib/python3.10/dist-packages/addthreeints/srv/_add_three_ints_s.c
-- Up-to-date: /home/shridhar/Workspaces/mrt_ws/Task2/install/addthreeints/local/lib/python3.10/dist-packages/addthreeints/_addthreeints_s.ep.rosidl_typesupport_c.c
-- Up-to-date: /home/shridhar/Workspaces/mrt_ws/Task2/install/addthreeints/local/lib/python3.10/dist-packages/addthreeints/libaddthreeints__rosidl_generator_py.so
-- Up-to-date: /home/shridhar/Workspaces/mrt_ws/Task2/install/addthreeints/local/lib/python3.10/dist-packages/addthreeints/addthreeints_s__rosidl_typesupport_introspection_c.cpython-310-x86_64-linux-gnu.so
-- Up-to-date: /home/shridhar/Workspaces/mrt_ws/Task2/install/addthreeints/local/lib/python3.10/dist-packages/addthreeints/msg
-- Up-to-date: /home/shridhar/Workspaces/mrt_ws/Task2/install/addthreeints/local/lib/python3.10/dist-packages/addthreeints/msg/_sphere_s.c
-- Up-to-date: /home/shridhar/Workspaces/mrt_ws/Task2/install/addthreeints/local/lib/python3.10/dist-packages/addthreeints/msg/_num_s.c
-- Up-to-date: /home/shridhar/Workspaces/mrt_ws/Task2/install/addthreeints/local/lib/python3.10/dist-packages/addthreeints/msg/__init__.py
-- Up-to-date: /home/shridhar/Workspaces/mrt_ws/Task2/install/addthreeints/local/lib/python3.10/dist-packages/addthreeints/msg/_num.py
-- Up-to-date: /home/shridhar/Workspaces/mrt_ws/Task2/install/addthreeints/local/lib/python3.10/dist-packages/addthreeints/msg/_sphere.py
-- Up-to-date: /home/shridhar/Workspaces/mrt_ws/Task2/install/addthreeints/local/lib/python3.10/dist-packages/addthreeints/_addthreeints_s.ep.rosidl_typesupport_introspection_c.c
-- Up-to-date: /home/shridhar/Workspaces/mrt_ws/Task2/install/addthreeints/local/lib/python3.10/dist-packages/addthreeints/__init__.py
-- Up-to-date: /home/shridhar/Workspaces/mrt_ws/Task2/install/addthreeints/local/lib/python3.10/dist-packages/addthreeints/addthreeints_s__rosidl_typesupport_c.cpython-310-x86_64-linux-gnu.so
-- Up-to-date: /home/shridhar/Workspaces/mrt_ws/Task2/install/addthreeints/local/lib/python3.10/dist-packages/addthreeints/_addthreeints_s.ep.rosidl_typesupport_fastrtps_c.c
Listing '/home/shridhar/Workspaces/mrt_ws/Task2/install/addthreeints/local/lib/python3.10/dist-packages/addthreeints'...
Listing '/home/shridhar/Workspaces/mrt_ws/Task2/install/addthreeints/local/lib/python3.10/dist-packages/addthreeints/msg'...
Listing '/home/shridhar/Workspaces/mrt_ws/Task2/install/addthreeints/local/lib/python3.10/dist-packages/addthreeints/srv'...
-- Up-to-date: /home/shridhar/Workspaces/mrt_ws/Task2/install/addthreeints/local/lib/python3.10/dist-packages/addthreeints/addthreeints_s__rosidl_typesupport_fastrtps_c.cpython-310-x86_64-linux-gnu.so
-- Up-to-date: /home/shridhar/Workspaces/mrt_ws/Task2/install/addthreeints/local/lib/python3.10/dist-packages/addthreeints/addthreeints_s__rosidl_typesupport_introspection_c.cpython-310-x86_64-linux-gnu.so
-- Up-to-date: /home/shridhar/Workspaces/mrt_ws/Task2/install/addthreeints/local/lib/python3.10/dist-packages/addthreeints/addthreeints_s__rosidl_typesupport_c.cpython-310-x86_64-linux-gnu.so
-- Up-to-date: /home/shridhar/Workspaces/mrt_ws/Task2/install/addthreeints/lib/libaddthreeints__rosidl_generator_py.so
-- Up-to-date: /home/shridhar/Workspaces/mrt_ws/Task2/install/addthreeints/share/addthreeints/msg/Num.idl
-- Up-to-date: /home/shridhar/Workspaces/mrt_ws/Task2/install/addthreeints/share/addthreeints/msg/Sphere.idl
-- Up-to-date: /home/shridhar/Workspaces/mrt_ws/Task2/install/addthreeints/share/addthreeints/srv/AddThreeInts.idl
-- Up-to-date: /home/shridhar/Workspaces/mrt_ws/Task2/install/addthreeints/share/addthreeints/msg/Num.msg
-- Up-to-date: /home/shridhar/Workspaces/mrt_ws/Task2/install/addthreeints/share/addthreeints/msg/Sphere.msg
-- Up-to-date: /home/shridhar/Workspaces/mrt_ws/Task2/install/addthreeints/share/addthreeints/srv/AddThreeInts.srv
-- Up-to-date: /home/shridhar/Workspaces/mrt_ws/Task2/install/addthreeints/share/addthreeints/srv/AddThreeInts_Request.msg
-- Up-to-date: /home/shridhar/Workspaces/mrt_ws/Task2/install/addthreeints/share/addthreeints/srv/AddThreeInts_Response.msg
-- Up-to-date: /home/shridhar/Workspaces/mrt_ws/Task2/install/addthreeints/share/ament_index/resource_index/package_run_dependencies/addthreeints
-- Up-to-date: /home/shridhar/Workspaces/mrt_ws/Task2/install/addthreeints/share/ament_index/resource_index/parent_prefix_path/addthreeints
-- Up-to-date: /home/shridhar/Workspaces/mrt_ws/Task2/install/addthreeints/share/addthreeints/environment/ament_prefix_path.sh
-- Up-to-date: /home/shridhar/Workspaces/mrt_ws/Task2/install/addthreeints/share/addthreeints/environment/ament_prefix_path.dsv
-- Up-to-date: /home/shridhar/Workspaces/mrt_ws/Task2/install/addthreeints/share/addthreeints/environment/path.sh
-- Up-to-date: /home/shridhar/Workspaces/mrt_ws/Task2/install/addthreeints/share/addthreeints/environment/path.dsv
-- Up-to-date: /home/shridhar/Workspaces/mrt_ws/Task2/install/addthreeints/share/addthreeints/local_setup.bash
-- Up-to-date: /home/shridhar/Workspaces/mrt_ws/Task2/install/addthreeints/share/addthreeints/local_setup.sh
-- Up-to-date: /home/shridhar/Workspaces/mrt_ws/Task2/install/addthreeints/share/addthreeints/local_setup.zsh
-- Up-to-date: /home/shridhar/Workspaces/mrt_ws/Task2/install/addthreeints/share/addthreeints/local_setup.dsv
-- Installing: /home/shridhar/Workspaces/mrt_ws/Task2/install/addthreeints/share/addthreeints/package.dsv
-- Up-to-date: /home/shridhar/Workspaces/mrt_ws/Task2/install/addthreeints/share/ament_index/resource_index/packages/addthreeints
-- Up-to-date: /home/shridhar/Workspaces/mrt_ws/Task2/install/addthreeints/share/addthreeints/cmake/export_addthreeints__rosidl_generator_cExport.cmake
-- Up-to-date: /home/shridhar/Workspaces/mrt_ws/Task2/install/addthreeints/share/addthreeints/cmake/export_addthreeints__rosidl_generator_cExport-noconfig.cmake
-- Up-to-date: /home/shridhar/Workspaces/mrt_ws/Task2/install/addthreeints/share/addthreeints/cmake/export_addthreeints__rosidl_typesupport_fastrtps_cExport.cmake
-- Up-to-date: /home/shridhar/Workspaces/mrt_ws/Task2/install/addthreeints/share/addthreeints/cmake/export_addthreeints__rosidl_typesupport_fastrtps_cExport-noconfig.cmake
-- Up-to-date: /home/shridhar/Workspaces/mrt_ws/Task2/install/addthreeints/share/addthreeints/cmake/export_addthreeints__rosidl_generator_cppExport.cmake
-- Up-to-date: /home/shridhar/Workspaces/mrt_ws/Task2/install/addthreeints/share/addthreeints/cmake/export_addthreeints__rosidl_typesupport_fastrtps_cppExport.cmake
-- Up-to-date: /home/shridhar/Workspaces/mrt_ws/Task2/install/addthreeints/share/addthreeints/cmake/export_addthreeints__rosidl_typesupport_fastrtps_cppExport-noconfig.cmake
-- Up-to-date: /home/shridhar/Workspaces/mrt_ws/Task2/install/addthreeints/share/addthreeints/cmake/addthreeints__rosidl_typesupport_introspection_cExport.cmake
-- Up-to-date: /home/shridhar/Workspaces/mrt_ws/Task2/install/addthreeints/share/addthreeints/cmake/addthreeints__rosidl_typesupport_introspection_cExport-noconfig.cmake
-- Up-to-date: /home/shridhar/Workspaces/mrt_ws/Task2/install/addthreeints/share/addthreeints/cmake/addthreeints__rosidl_typesupport_cExport.cmake
-- Up-to-date: /home/shridhar/Workspaces/mrt_ws/Task2/install/addthreeints/share/addthreeints/cmake/addthreeints__rosidl_typesupport_cExport-noconfig.cmake
-- Up-to-date: /home/shridhar/Workspaces/mrt_ws/Task2/install/addthreeints/share/addthreeints/cmake/addthreeints__rosidl_typesupport_introspection_cppExport.cmake
-- Up-to-date: /home/shridhar/Workspaces/mrt_ws/Task2/install/addthreeints/share/addthreeints/cmake/addthreeints__rosidl_typesupport_introspection_cppExport-noconfig.cmake
-- Up-to-date: /home/shridhar/Workspaces/mrt_ws/Task2/install/addthreeints/share/addthreeints/cmake/addthreeints__rosidl_typesupport_cppExport.cmake
-- Up-to-date: /home/shridhar/Workspaces/mrt_ws/Task2/install/addthreeints/share/addthreeints/cmake/addthreeints__rosidl_typesupport_cppExport-noconfig.cmake
-- Up-to-date: /home/shridhar/Workspaces/mrt_ws/Task2/install/addthreeints/share/addthreeints/cmake/export_addthreeints__rosidl_generator_pyExport.cmake
-- Up-to-date: /home/shridhar/Workspaces/mrt_ws/Task2/install/addthreeints/share/addthreeints/cmake/export_addthreeints__rosidl_generator_pyExport-noconfig.cmake
-- Up-to-date: /home/shridhar/Workspaces/mrt_ws/Task2/install/addthreeints/share/addthreeints/cmake/rosidl_cmake-extras.cmake
-- Up-to-date: /home/shridhar/Workspaces/mrt_ws/Task2/install/addthreeints/share/addthreeints/cmake/ament_cmake_export_dependencies-extras.cmake
-- Up-to-date: /home/shridhar/Workspaces/mrt_ws/Task2/install/addthreeints/share/addthreeints/cmake/ament_cmake_export_include_directories-extras.cmake
-- Up-to-date: /home/shridhar/Workspaces/mrt_ws/Task2/install/addthreeints/share/addthreeints/cmake/ament_cmake_export_libraries-extras.cmake
-- Up-to-date: /home/shridhar/Workspaces/mrt_ws/Task2/install/addthreeints/share/addthreeints/cmake/ament_cmake_export_targets-extras.cmake
-- Up-to-date: /home/shridhar/Workspaces/mrt_ws/Task2/install/addthreeints/share/addthreeints/cmake/rosidl_cmake_export_typesupport_targets-extras.cmake
-- Up-to-date: /home/shridhar/Workspaces/mrt_ws/Task2/install/addthreeints/share/addthreeints/cmake/rosidl_cmake_export_typesupport_libraries-extras.cmake
-- Up-to-date: /home/shridhar/Workspaces/mrt_ws/Task2/install/addthreeints/share/addthreeints/cmake/addthreeintsConfig.cmake
-- Up-to-date: /home/shridhar/Workspaces/mrt_ws/Task2/install/addthreeints/share/addthreeints/cmake/addthreeintsConfig-version.cmake
-- Up-to-date: /home/shridhar/Workspaces/mrt_ws/Task2/install/addthreeints/share/addthreeints/package.xml
