[0.648s] Invoking command in '/home/shridhar/Documents/ROSrevision/Task4/src/arucoserver': AMENT_PREFIX_PATH=/home/shridhar/Documents/ROSrevision/Task4/install/arucosrvmsg:${AMENT_PREFIX_PATH} CMAKE_PREFIX_PATH=/home/shridhar/Documents/ROSrevision/Task4/install/arucosrvmsg:${CMAKE_PREFIX_PATH} LD_LIBRARY_PATH=/home/shridhar/Documents/ROSrevision/Task4/install/arucosrvmsg/lib:${LD_LIBRARY_PATH} PYTHONPATH=/home/shridhar/Documents/ROSrevision/Task4/build/arucoserver/prefix_override:/usr/lib/python3/dist-packages/colcon_core/task/python/colcon_distutils_commands:/home/shridhar/Documents/ROSrevision/Task4/install/arucoserver/lib/python3.10/site-packages:/home/shridhar/Documents/ROSrevision/Task4/install/arucosrvmsg/local/lib/python3.10/dist-packages:${PYTHONPATH} /usr/bin/python3 -W ignore:setup.py install is deprecated setup.py egg_info --egg-base ../../build/arucoserver build --build-base /home/shridhar/Documents/ROSrevision/Task4/build/arucoserver/build install --record /home/shridhar/Documents/ROSrevision/Task4/build/arucoserver/install.log --single-version-externally-managed install_data
[0.896s] running egg_info
[0.897s] creating ../../build/arucoserver/arucoserver.egg-info
[0.897s] writing ../../build/arucoserver/arucoserver.egg-info/PKG-INFO
[0.898s] writing dependency_links to ../../build/arucoserver/arucoserver.egg-info/dependency_links.txt
[0.898s] writing entry points to ../../build/arucoserver/arucoserver.egg-info/entry_points.txt
[0.898s] writing requirements to ../../build/arucoserver/arucoserver.egg-info/requires.txt
[0.898s] writing top-level names to ../../build/arucoserver/arucoserver.egg-info/top_level.txt
[0.898s] writing manifest file '../../build/arucoserver/arucoserver.egg-info/SOURCES.txt'
[0.899s] reading manifest file '../../build/arucoserver/arucoserver.egg-info/SOURCES.txt'
[0.900s] writing manifest file '../../build/arucoserver/arucoserver.egg-info/SOURCES.txt'
[0.900s] running build
[0.900s] running build_py
[0.900s] creating /home/shridhar/Documents/ROSrevision/Task4/build/arucoserver/build
[0.900s] creating /home/shridhar/Documents/ROSrevision/Task4/build/arucoserver/build/lib
[0.900s] creating /home/shridhar/Documents/ROSrevision/Task4/build/arucoserver/build/lib/arucoserver
[0.901s] copying arucoserver/service.py -> /home/shridhar/Documents/ROSrevision/Task4/build/arucoserver/build/lib/arucoserver
[0.901s] copying arucoserver/image_client.py -> /home/shridhar/Documents/ROSrevision/Task4/build/arucoserver/build/lib/arucoserver
[0.901s] copying arucoserver/__init__.py -> /home/shridhar/Documents/ROSrevision/Task4/build/arucoserver/build/lib/arucoserver
[0.901s] running install
[0.901s] running install_lib
[0.901s] creating /home/shridhar/Documents/ROSrevision/Task4/install/arucoserver/lib/python3.10/site-packages/arucoserver
[0.901s] copying /home/shridhar/Documents/ROSrevision/Task4/build/arucoserver/build/lib/arucoserver/service.py -> /home/shridhar/Documents/ROSrevision/Task4/install/arucoserver/lib/python3.10/site-packages/arucoserver
[0.901s] copying /home/shridhar/Documents/ROSrevision/Task4/build/arucoserver/build/lib/arucoserver/image_client.py -> /home/shridhar/Documents/ROSrevision/Task4/install/arucoserver/lib/python3.10/site-packages/arucoserver
[0.901s] copying /home/shridhar/Documents/ROSrevision/Task4/build/arucoserver/build/lib/arucoserver/__init__.py -> /home/shridhar/Documents/ROSrevision/Task4/install/arucoserver/lib/python3.10/site-packages/arucoserver
[0.902s] byte-compiling /home/shridhar/Documents/ROSrevision/Task4/install/arucoserver/lib/python3.10/site-packages/arucoserver/service.py to service.cpython-310.pyc
[0.902s] byte-compiling /home/shridhar/Documents/ROSrevision/Task4/install/arucoserver/lib/python3.10/site-packages/arucoserver/image_client.py to image_client.cpython-310.pyc
[0.903s] byte-compiling /home/shridhar/Documents/ROSrevision/Task4/install/arucoserver/lib/python3.10/site-packages/arucoserver/__init__.py to __init__.cpython-310.pyc
[0.903s] running install_data
[0.903s] creating /home/shridhar/Documents/ROSrevision/Task4/install/arucoserver/share/ament_index
[0.903s] creating /home/shridhar/Documents/ROSrevision/Task4/install/arucoserver/share/ament_index/resource_index
[0.903s] creating /home/shridhar/Documents/ROSrevision/Task4/install/arucoserver/share/ament_index/resource_index/packages
[0.903s] copying resource/arucoserver -> /home/shridhar/Documents/ROSrevision/Task4/install/arucoserver/share/ament_index/resource_index/packages
[0.903s] copying package.xml -> /home/shridhar/Documents/ROSrevision/Task4/install/arucoserver/share/arucoserver
[0.903s] running install_egg_info
[0.905s] Copying ../../build/arucoserver/arucoserver.egg-info to /home/shridhar/Documents/ROSrevision/Task4/install/arucoserver/lib/python3.10/site-packages/arucoserver-0.0.0-py3.10.egg-info
[0.905s] running install_scripts
[0.927s] writing list of installed files to '/home/shridhar/Documents/ROSrevision/Task4/build/arucoserver/install.log'
[0.951s] Invoked command in '/home/shridhar/Documents/ROSrevision/Task4/src/arucoserver' returned '0': AMENT_PREFIX_PATH=/home/shridhar/Documents/ROSrevision/Task4/install/arucosrvmsg:${AMENT_PREFIX_PATH} CMAKE_PREFIX_PATH=/home/shridhar/Documents/ROSrevision/Task4/install/arucosrvmsg:${CMAKE_PREFIX_PATH} LD_LIBRARY_PATH=/home/shridhar/Documents/ROSrevision/Task4/install/arucosrvmsg/lib:${LD_LIBRARY_PATH} PYTHONPATH=/home/shridhar/Documents/ROSrevision/Task4/build/arucoserver/prefix_override:/usr/lib/python3/dist-packages/colcon_core/task/python/colcon_distutils_commands:/home/shridhar/Documents/ROSrevision/Task4/install/arucoserver/lib/python3.10/site-packages:/home/shridhar/Documents/ROSrevision/Task4/install/arucosrvmsg/local/lib/python3.10/dist-packages:${PYTHONPATH} /usr/bin/python3 -W ignore:setup.py install is deprecated setup.py egg_info --egg-base ../../build/arucoserver build --build-base /home/shridhar/Documents/ROSrevision/Task4/build/arucoserver/build install --record /home/shridhar/Documents/ROSrevision/Task4/build/arucoserver/install.log --single-version-externally-managed install_data
