running egg_info
writing ../../build/serveradd/serveradd.egg-info/PKG-INFO
writing dependency_links to ../../build/serveradd/serveradd.egg-info/dependency_links.txt
writing entry points to ../../build/serveradd/serveradd.egg-info/entry_points.txt
writing requirements to ../../build/serveradd/serveradd.egg-info/requires.txt
writing top-level names to ../../build/serveradd/serveradd.egg-info/top_level.txt
reading manifest file '../../build/serveradd/serveradd.egg-info/SOURCES.txt'
writing manifest file '../../build/serveradd/serveradd.egg-info/SOURCES.txt'
running build
running build_py
running install
running install_lib
running install_data
running install_egg_info
removing '/home/shridhar/Workspaces/mrt_ws/Task2/install/serveradd/lib/python3.10/site-packages/serveradd-0.0.0-py3.10.egg-info' (and everything under it)
Copying ../../build/serveradd/serveradd.egg-info to /home/shridhar/Workspaces/mrt_ws/Task2/install/serveradd/lib/python3.10/site-packages/serveradd-0.0.0-py3.10.egg-info
running install_scripts
Installing client script to /home/shridhar/Workspaces/mrt_ws/Task2/install/serveradd/lib/serveradd
Installing service script to /home/shridhar/Workspaces/mrt_ws/Task2/install/serveradd/lib/serveradd
writing list of installed files to '/home/shridhar/Workspaces/mrt_ws/Task2/build/serveradd/install.log'
