-- Found ament_cmake: 1.3.10 (/opt/ros/humble/share/ament_cmake/cmake)
-- Found ament_lint_auto: 0.12.11 (/opt/ros/humble/share/ament_lint_auto/cmake)
-- Added test 'flake8' to check Python code syntax and style conventions
-- Added test 'lint_cmake' to check CMake code style
-- Added test 'pep257' to check Python code against some of the docstring style conventions in PEP 257
-- Added test 'xmllint' to check XML markup files
-- Configuring done
-- Generating done
-- Build files have been written to: /home/shridhar/Workspaces/mrt_ws/Task2/build/threeinttopic
-- Install configuration: ""
-- Installing: /home/shridhar/Workspaces/mrt_ws/Task2/install/threeinttopic/share/ament_index/resource_index/package_run_dependencies/threeinttopic
-- Installing: /home/shridhar/Workspaces/mrt_ws/Task2/install/threeinttopic/share/ament_index/resource_index/parent_prefix_path/threeinttopic
-- Up-to-date: /home/shridhar/Workspaces/mrt_ws/Task2/install/threeinttopic/share/threeinttopic/environment/ament_prefix_path.sh
-- Installing: /home/shridhar/Workspaces/mrt_ws/Task2/install/threeinttopic/share/threeinttopic/environment/ament_prefix_path.dsv
-- Up-to-date: /home/shridhar/Workspaces/mrt_ws/Task2/install/threeinttopic/share/threeinttopic/environment/path.sh
-- Installing: /home/shridhar/Workspaces/mrt_ws/Task2/install/threeinttopic/share/threeinttopic/environment/path.dsv
-- Up-to-date: /home/shridhar/Workspaces/mrt_ws/Task2/install/threeinttopic/share/threeinttopic/local_setup.bash
-- Up-to-date: /home/shridhar/Workspaces/mrt_ws/Task2/install/threeinttopic/share/threeinttopic/local_setup.sh
-- Up-to-date: /home/shridhar/Workspaces/mrt_ws/Task2/install/threeinttopic/share/threeinttopic/local_setup.zsh
-- Installing: /home/shridhar/Workspaces/mrt_ws/Task2/install/threeinttopic/share/threeinttopic/local_setup.dsv
-- Installing: /home/shridhar/Workspaces/mrt_ws/Task2/install/threeinttopic/share/threeinttopic/package.dsv
-- Up-to-date: /home/shridhar/Workspaces/mrt_ws/Task2/install/threeinttopic/share/ament_index/resource_index/packages/threeinttopic
-- Up-to-date: /home/shridhar/Workspaces/mrt_ws/Task2/install/threeinttopic/share/threeinttopic/cmake/threeinttopicConfig.cmake
-- Up-to-date: /home/shridhar/Workspaces/mrt_ws/Task2/install/threeinttopic/share/threeinttopic/cmake/threeinttopicConfig-version.cmake
-- Installing: /home/shridhar/Workspaces/mrt_ws/Task2/install/threeinttopic/share/threeinttopic/package.xml
