[0.011s] Invoking command in '/home/shridhar/Workspaces/mrt_ws/Task2/build/threeinttopic': CMAKE_PREFIX_PATH=/home/shridhar/Workspaces/mrt_ws/Task2/install/addthreeints:/home/shridhar/Workspaces/mrt_ws/Task2/install/threeinttopic:/home/shridhar/Workspaces/mrt_ws/Task2/install/serveradd:/opt/ros/humble /usr/bin/cmake --build /home/shridhar/Workspaces/mrt_ws/Task2/build/threeinttopic -- -j22 -l22
[0.046s] -- Found ament_cmake: 1.3.10 (/opt/ros/humble/share/ament_cmake/cmake)
[0.231s] -- Found ament_lint_auto: 0.12.11 (/opt/ros/humble/share/ament_lint_auto/cmake)
[0.310s] -- Added test 'flake8' to check Python code syntax and style conventions
[0.310s] -- Added test 'lint_cmake' to check CMake code style
[0.310s] -- Added test 'pep257' to check Python code against some of the docstring style conventions in PEP 257
[0.311s] -- Added test 'xmllint' to check XML markup files
[0.311s] -- Configuring done
[0.314s] -- Generating done
[0.315s] -- Build files have been written to: /home/shridhar/Workspaces/mrt_ws/Task2/build/threeinttopic
[0.348s] Invoked command in '/home/shridhar/Workspaces/mrt_ws/Task2/build/threeinttopic' returned '0': CMAKE_PREFIX_PATH=/home/shridhar/Workspaces/mrt_ws/Task2/install/addthreeints:/home/shridhar/Workspaces/mrt_ws/Task2/install/threeinttopic:/home/shridhar/Workspaces/mrt_ws/Task2/install/serveradd:/opt/ros/humble /usr/bin/cmake --build /home/shridhar/Workspaces/mrt_ws/Task2/build/threeinttopic -- -j22 -l22
[0.380s] Invoking command in '/home/shridhar/Workspaces/mrt_ws/Task2/build/threeinttopic': CMAKE_PREFIX_PATH=/home/shridhar/Workspaces/mrt_ws/Task2/install/addthreeints:/home/shridhar/Workspaces/mrt_ws/Task2/install/threeinttopic:/home/shridhar/Workspaces/mrt_ws/Task2/install/serveradd:/opt/ros/humble /usr/bin/cmake --install /home/shridhar/Workspaces/mrt_ws/Task2/build/threeinttopic
[0.392s] -- Install configuration: ""
[0.392s] -- Installing: /home/shridhar/Workspaces/mrt_ws/Task2/install/threeinttopic/share/ament_index/resource_index/package_run_dependencies/threeinttopic
[0.392s] -- Installing: /home/shridhar/Workspaces/mrt_ws/Task2/install/threeinttopic/share/ament_index/resource_index/parent_prefix_path/threeinttopic
[0.392s] -- Up-to-date: /home/shridhar/Workspaces/mrt_ws/Task2/install/threeinttopic/share/threeinttopic/environment/ament_prefix_path.sh
[0.392s] -- Installing: /home/shridhar/Workspaces/mrt_ws/Task2/install/threeinttopic/share/threeinttopic/environment/ament_prefix_path.dsv
[0.392s] -- Up-to-date: /home/shridhar/Workspaces/mrt_ws/Task2/install/threeinttopic/share/threeinttopic/environment/path.sh
[0.392s] -- Installing: /home/shridhar/Workspaces/mrt_ws/Task2/install/threeinttopic/share/threeinttopic/environment/path.dsv
[0.393s] -- Up-to-date: /home/shridhar/Workspaces/mrt_ws/Task2/install/threeinttopic/share/threeinttopic/local_setup.bash
[0.393s] -- Up-to-date: /home/shridhar/Workspaces/mrt_ws/Task2/install/threeinttopic/share/threeinttopic/local_setup.sh
[0.393s] -- Up-to-date: /home/shridhar/Workspaces/mrt_ws/Task2/install/threeinttopic/share/threeinttopic/local_setup.zsh
[0.393s] -- Installing: /home/shridhar/Workspaces/mrt_ws/Task2/install/threeinttopic/share/threeinttopic/local_setup.dsv
[0.393s] -- Installing: /home/shridhar/Workspaces/mrt_ws/Task2/install/threeinttopic/share/threeinttopic/package.dsv
[0.393s] -- Up-to-date: /home/shridhar/Workspaces/mrt_ws/Task2/install/threeinttopic/share/ament_index/resource_index/packages/threeinttopic
[0.393s] -- Up-to-date: /home/shridhar/Workspaces/mrt_ws/Task2/install/threeinttopic/share/threeinttopic/cmake/threeinttopicConfig.cmake
[0.393s] -- Up-to-date: /home/shridhar/Workspaces/mrt_ws/Task2/install/threeinttopic/share/threeinttopic/cmake/threeinttopicConfig-version.cmake
[0.393s] -- Installing: /home/shridhar/Workspaces/mrt_ws/Task2/install/threeinttopic/share/threeinttopic/package.xml
[0.396s] Invoked command in '/home/shridhar/Workspaces/mrt_ws/Task2/build/threeinttopic' returned '0': CMAKE_PREFIX_PATH=/home/shridhar/Workspaces/mrt_ws/Task2/install/addthreeints:/home/shridhar/Workspaces/mrt_ws/Task2/install/threeinttopic:/home/shridhar/Workspaces/mrt_ws/Task2/install/serveradd:/opt/ros/humble /usr/bin/cmake --install /home/shridhar/Workspaces/mrt_ws/Task2/build/threeinttopic
