[0.261s] Invoking command in '/home/shridhar/Workspaces/mrt_ws/Task2/build/tutorial_interfaces': CMAKE_PREFIX_PATH=/opt/ros/humble /usr/bin/cmake /home/shridhar/Workspaces/mrt_ws/Task2/src/tutorial_interfaces -DCMAKE_INSTALL_PREFIX=/home/shridhar/Workspaces/mrt_ws/Task2/install/tutorial_interfaces
[0.324s] -- The C compiler identification is GNU 11.4.0
[0.386s] -- The CXX compiler identification is GNU 11.4.0
[0.394s] -- Detecting C compiler ABI info
[0.478s] -- Detecting C compiler ABI info - done
[0.488s] -- Check for working C compiler: /usr/bin/cc - skipped
[0.488s] -- Detecting C compile features
[0.489s] -- Detecting C compile features - done
[0.493s] -- Detecting CXX compiler ABI info
[0.587s] -- Detecting CXX compiler ABI info - done
[0.596s] -- Check for working CXX compiler: /usr/bin/c++ - skipped
[0.597s] -- Detecting CXX compile features
[0.597s] -- Detecting CXX compile features - done
[0.600s] -- Found ament_cmake: 1.3.10 (/opt/ros/humble/share/ament_cmake/cmake)
[0.768s] -- Found Python3: /usr/bin/python3 (found version "3.10.12") found components: Interpreter 
[0.865s] -- Found geometry_msgs: 4.2.4 (/opt/ros/humble/share/geometry_msgs/cmake)
[0.896s] -- Found rosidl_generator_c: 3.1.5 (/opt/ros/humble/share/rosidl_generator_c/cmake)
[0.900s] -- Found rosidl_adapter: 3.1.5 (/opt/ros/humble/share/rosidl_adapter/cmake)
[0.908s] -- Found rosidl_generator_cpp: 3.1.5 (/opt/ros/humble/share/rosidl_generator_cpp/cmake)
[0.918s] -- Using all available rosidl_typesupport_c: rosidl_typesupport_fastrtps_c;rosidl_typesupport_introspection_c
[0.933s] -- Using all available rosidl_typesupport_cpp: rosidl_typesupport_fastrtps_cpp;rosidl_typesupport_introspection_cpp
[0.971s] -- Found rosidl_default_generators: 1.2.0 (/opt/ros/humble/share/rosidl_default_generators/cmake)
[1.307s] -- Found ament_cmake_ros: 0.10.0 (/opt/ros/humble/share/ament_cmake_ros/cmake)
[1.767s] -- Using all available rosidl_typesupport_c: rosidl_typesupport_fastrtps_c;rosidl_typesupport_introspection_c
[1.946s] -- Using all available rosidl_typesupport_cpp: rosidl_typesupport_fastrtps_cpp;rosidl_typesupport_introspection_cpp
[1.972s] -- Found PythonInterp: /usr/bin/python3 (found suitable version "3.10.12", minimum required is "3.6") 
[1.973s] -- Found python_cmake_module: 0.10.0 (/opt/ros/humble/share/python_cmake_module/cmake)
[2.006s] -- Found PythonLibs: /usr/lib/x86_64-linux-gnu/libpython3.10.so (found suitable version "3.10.12", minimum required is "3.5") 
[2.006s] -- Using PYTHON_EXECUTABLE: /usr/bin/python3
[2.006s] -- Using PYTHON_INCLUDE_DIRS: /usr/include/python3.10
[2.006s] -- Using PYTHON_LIBRARIES: /usr/lib/x86_64-linux-gnu/libpython3.10.so
[2.036s] -- Found PythonExtra: .so  
[2.103s] -- Found ament_lint_auto: 0.12.11 (/opt/ros/humble/share/ament_lint_auto/cmake)
[2.120s] -- Added test 'lint_cmake' to check CMake code style
[2.122s] -- Added test 'xmllint' to check XML markup files
[2.124s] -- Configuring done
[2.162s] -- Generating done
[2.164s] -- Build files have been written to: /home/shridhar/Workspaces/mrt_ws/Task2/build/tutorial_interfaces
[2.178s] Invoked command in '/home/shridhar/Workspaces/mrt_ws/Task2/build/tutorial_interfaces' returned '0': CMAKE_PREFIX_PATH=/opt/ros/humble /usr/bin/cmake /home/shridhar/Workspaces/mrt_ws/Task2/src/tutorial_interfaces -DCMAKE_INSTALL_PREFIX=/home/shridhar/Workspaces/mrt_ws/Task2/install/tutorial_interfaces
[2.182s] Invoking command in '/home/shridhar/Workspaces/mrt_ws/Task2/build/tutorial_interfaces': CMAKE_PREFIX_PATH=/opt/ros/humble /usr/bin/cmake --build /home/shridhar/Workspaces/mrt_ws/Task2/build/tutorial_interfaces -- -j22 -l22
[2.229s] [  2%] [34m[1mGenerating C code for ROS interfaces[0m
[2.242s] [  4%] [34m[1mGenerating C++ code for ROS interfaces[0m
[2.254s] [  4%] Built target ament_cmake_python_copy_tutorial_interfaces
[2.504s] running egg_info
[2.505s] creating tutorial_interfaces.egg-info
[2.505s] writing tutorial_interfaces.egg-info/PKG-INFO
[2.505s] writing dependency_links to tutorial_interfaces.egg-info/dependency_links.txt
[2.505s] writing top-level names to tutorial_interfaces.egg-info/top_level.txt
[2.505s] writing manifest file 'tutorial_interfaces.egg-info/SOURCES.txt'
[2.507s] reading manifest file 'tutorial_interfaces.egg-info/SOURCES.txt'
[2.508s] writing manifest file 'tutorial_interfaces.egg-info/SOURCES.txt'
[2.540s] [  4%] Built target ament_cmake_python_build_tutorial_interfaces_egg
[2.597s] [  4%] Built target tutorial_interfaces__cpp
[2.609s] [  6%] [34m[1mGenerating C++ type support dispatch for ROS interfaces[0m
[2.609s] [  8%] [34m[1mGenerating C++ introspection for ROS interfaces[0m
[2.610s] [ 10%] [34m[1mGenerating C++ type support for eProsima Fast-RTPS[0m
[2.621s] [ 12%] [32mBuilding C object CMakeFiles/tutorial_interfaces__rosidl_generator_c.dir/rosidl_generator_c/tutorial_interfaces/msg/detail/sphere__functions.c.o[0m
[2.621s] [ 14%] [32mBuilding C object CMakeFiles/tutorial_interfaces__rosidl_generator_c.dir/rosidl_generator_c/tutorial_interfaces/msg/detail/num__functions.c.o[0m
[2.621s] [ 17%] [32mBuilding C object CMakeFiles/tutorial_interfaces__rosidl_generator_c.dir/rosidl_generator_c/tutorial_interfaces/srv/detail/add_three_ints__functions.c.o[0m
[2.691s] [ 19%] [32m[1mLinking C shared library libtutorial_interfaces__rosidl_generator_c.so[0m
[2.733s] [ 19%] Built target tutorial_interfaces__rosidl_generator_c
[2.748s] [ 21%] [34m[1mGenerating C introspection for ROS interfaces[0m
[2.748s] [ 25%] [34m[1mGenerating C type support for eProsima Fast-RTPS[0m
[2.748s] [ 25%] [34m[1mGenerating C type support dispatch for ROS interfaces[0m
[2.909s] [ 31%] [32mBuilding CXX object CMakeFiles/tutorial_interfaces__rosidl_typesupport_cpp.dir/rosidl_typesupport_cpp/tutorial_interfaces/srv/add_three_ints__type_support.cpp.o[0m
[2.909s] [ 31%] [32mBuilding CXX object CMakeFiles/tutorial_interfaces__rosidl_typesupport_cpp.dir/rosidl_typesupport_cpp/tutorial_interfaces/msg/sphere__type_support.cpp.o[0m
[2.909s] [ 31%] [32mBuilding CXX object CMakeFiles/tutorial_interfaces__rosidl_typesupport_cpp.dir/rosidl_typesupport_cpp/tutorial_interfaces/msg/num__type_support.cpp.o[0m
[2.945s] [ 38%] [32mBuilding CXX object CMakeFiles/tutorial_interfaces__rosidl_typesupport_introspection_cpp.dir/rosidl_typesupport_introspection_cpp/tutorial_interfaces/srv/detail/add_three_ints__type_support.cpp.o[0m
[2.945s] [ 38%] [32mBuilding CXX object CMakeFiles/tutorial_interfaces__rosidl_typesupport_introspection_cpp.dir/rosidl_typesupport_introspection_cpp/tutorial_interfaces/msg/detail/sphere__type_support.cpp.o[0m
[2.945s] [ 38%] [32mBuilding CXX object CMakeFiles/tutorial_interfaces__rosidl_typesupport_introspection_cpp.dir/rosidl_typesupport_introspection_cpp/tutorial_interfaces/msg/detail/num__type_support.cpp.o[0m
[2.977s] [ 42%] [32mBuilding CXX object CMakeFiles/tutorial_interfaces__rosidl_typesupport_fastrtps_cpp.dir/rosidl_typesupport_fastrtps_cpp/tutorial_interfaces/srv/detail/dds_fastrtps/add_three_ints__type_support.cpp.o[0m
[2.978s] [ 44%] [32mBuilding CXX object CMakeFiles/tutorial_interfaces__rosidl_typesupport_fastrtps_cpp.dir/rosidl_typesupport_fastrtps_cpp/tutorial_interfaces/msg/detail/dds_fastrtps/sphere__type_support.cpp.o[0m
[2.978s] [ 44%] [32mBuilding CXX object CMakeFiles/tutorial_interfaces__rosidl_typesupport_fastrtps_cpp.dir/rosidl_typesupport_fastrtps_cpp/tutorial_interfaces/msg/detail/dds_fastrtps/num__type_support.cpp.o[0m
[3.054s] [ 51%] [32mBuilding CXX object CMakeFiles/tutorial_interfaces__rosidl_typesupport_c.dir/rosidl_typesupport_c/tutorial_interfaces/srv/add_three_ints__type_support.cpp.o[0m
[3.054s] [ 51%] [32mBuilding CXX object CMakeFiles/tutorial_interfaces__rosidl_typesupport_c.dir/rosidl_typesupport_c/tutorial_interfaces/msg/num__type_support.cpp.o[0m
[3.054s] [ 51%] [32mBuilding CXX object CMakeFiles/tutorial_interfaces__rosidl_typesupport_c.dir/rosidl_typesupport_c/tutorial_interfaces/msg/sphere__type_support.cpp.o[0m
[3.086s] [ 53%] [32mBuilding C object CMakeFiles/tutorial_interfaces__rosidl_typesupport_introspection_c.dir/rosidl_typesupport_introspection_c/tutorial_interfaces/msg/detail/num__type_support.c.o[0m
[3.088s] [ 55%] [32mBuilding C object CMakeFiles/tutorial_interfaces__rosidl_typesupport_introspection_c.dir/rosidl_typesupport_introspection_c/tutorial_interfaces/srv/detail/add_three_ints__type_support.c.o[0m
[3.088s] [ 57%] [32m[1mLinking CXX shared library libtutorial_interfaces__rosidl_typesupport_c.so[0m
[3.088s] [ 59%] [32mBuilding C object CMakeFiles/tutorial_interfaces__rosidl_typesupport_introspection_c.dir/rosidl_typesupport_introspection_c/tutorial_interfaces/msg/detail/sphere__type_support.c.o[0m
[3.114s] [ 61%] [32mBuilding CXX object CMakeFiles/tutorial_interfaces__rosidl_typesupport_fastrtps_c.dir/rosidl_typesupport_fastrtps_c/tutorial_interfaces/msg/detail/sphere__type_support_c.cpp.o[0m
[3.115s] [ 65%] [32mBuilding CXX object CMakeFiles/tutorial_interfaces__rosidl_typesupport_fastrtps_c.dir/rosidl_typesupport_fastrtps_c/tutorial_interfaces/srv/detail/add_three_ints__type_support_c.cpp.o[0m
[3.115s] [ 65%] [32mBuilding CXX object CMakeFiles/tutorial_interfaces__rosidl_typesupport_fastrtps_c.dir/rosidl_typesupport_fastrtps_c/tutorial_interfaces/msg/detail/num__type_support_c.cpp.o[0m
[3.126s] [ 68%] [32m[1mLinking C shared library libtutorial_interfaces__rosidl_typesupport_introspection_c.so[0m
[3.143s] [ 68%] Built target tutorial_interfaces__rosidl_typesupport_c
[3.163s] [ 68%] Built target tutorial_interfaces__rosidl_typesupport_introspection_c
[3.322s] [ 70%] [32m[1mLinking CXX shared library libtutorial_interfaces__rosidl_typesupport_cpp.so[0m
[3.393s] [ 70%] Built target tutorial_interfaces__rosidl_typesupport_cpp
[3.461s] [ 72%] [32m[1mLinking CXX shared library libtutorial_interfaces__rosidl_typesupport_fastrtps_c.so[0m
[3.525s] [ 74%] [32m[1mLinking CXX shared library libtutorial_interfaces__rosidl_typesupport_introspection_cpp.so[0m
[3.553s] [ 74%] Built target tutorial_interfaces__rosidl_typesupport_fastrtps_c
[3.604s] [ 74%] Built target tutorial_interfaces__rosidl_typesupport_introspection_cpp
[3.613s] [ 76%] [32m[1mLinking CXX shared library libtutorial_interfaces__rosidl_typesupport_fastrtps_cpp.so[0m
[3.701s] [ 76%] Built target tutorial_interfaces__rosidl_typesupport_fastrtps_cpp
[3.728s] [ 76%] Built target tutorial_interfaces
[3.757s] [ 78%] [34m[1mGenerating Python code for ROS interfaces[0m
[4.265s] [ 78%] Built target tutorial_interfaces__py
[4.291s] [ 85%] [32mBuilding C object CMakeFiles/tutorial_interfaces__rosidl_generator_py.dir/rosidl_generator_py/tutorial_interfaces/msg/_sphere_s.c.o[0m
[4.291s] [ 85%] [32mBuilding C object CMakeFiles/tutorial_interfaces__rosidl_generator_py.dir/rosidl_generator_py/tutorial_interfaces/srv/_add_three_ints_s.c.o[0m
[4.292s] [ 85%] [32mBuilding C object CMakeFiles/tutorial_interfaces__rosidl_generator_py.dir/rosidl_generator_py/tutorial_interfaces/msg/_num_s.c.o[0m
[4.422s] [ 87%] [32m[1mLinking C shared library rosidl_generator_py/tutorial_interfaces/libtutorial_interfaces__rosidl_generator_py.so[0m
[4.478s] [ 87%] Built target tutorial_interfaces__rosidl_generator_py
[4.503s] [ 89%] [32mBuilding C object CMakeFiles/tutorial_interfaces__rosidl_typesupport_fastrtps_c__pyext.dir/rosidl_generator_py/tutorial_interfaces/_tutorial_interfaces_s.ep.rosidl_typesupport_fastrtps_c.c.o[0m
[4.504s] [ 93%] [32mBuilding C object CMakeFiles/tutorial_interfaces__rosidl_typesupport_c__pyext.dir/rosidl_generator_py/tutorial_interfaces/_tutorial_interfaces_s.ep.rosidl_typesupport_c.c.o[0m
[4.504s] [ 93%] [32mBuilding C object CMakeFiles/tutorial_interfaces__rosidl_typesupport_introspection_c__pyext.dir/rosidl_generator_py/tutorial_interfaces/_tutorial_interfaces_s.ep.rosidl_typesupport_introspection_c.c.o[0m
[4.618s] [ 95%] [32m[1mLinking C shared library rosidl_generator_py/tutorial_interfaces/tutorial_interfaces_s__rosidl_typesupport_introspection_c.cpython-310-x86_64-linux-gnu.so[0m
[4.629s] [ 97%] [32m[1mLinking C shared library rosidl_generator_py/tutorial_interfaces/tutorial_interfaces_s__rosidl_typesupport_c.cpython-310-x86_64-linux-gnu.so[0m
[4.633s] [100%] [32m[1mLinking C shared library rosidl_generator_py/tutorial_interfaces/tutorial_interfaces_s__rosidl_typesupport_fastrtps_c.cpython-310-x86_64-linux-gnu.so[0m
[4.666s] [100%] Built target tutorial_interfaces__rosidl_typesupport_introspection_c__pyext
[4.677s] [100%] Built target tutorial_interfaces__rosidl_typesupport_c__pyext
[4.683s] [100%] Built target tutorial_interfaces__rosidl_typesupport_fastrtps_c__pyext
[4.696s] Invoked command in '/home/shridhar/Workspaces/mrt_ws/Task2/build/tutorial_interfaces' returned '0': CMAKE_PREFIX_PATH=/opt/ros/humble /usr/bin/cmake --build /home/shridhar/Workspaces/mrt_ws/Task2/build/tutorial_interfaces -- -j22 -l22
[4.806s] Invoking command in '/home/shridhar/Workspaces/mrt_ws/Task2/build/tutorial_interfaces': CMAKE_PREFIX_PATH=/opt/ros/humble /usr/bin/cmake --install /home/shridhar/Workspaces/mrt_ws/Task2/build/tutorial_interfaces
[4.816s] -- Install configuration: ""
[4.816s] -- Installing: /home/shridhar/Workspaces/mrt_ws/Task2/install/tutorial_interfaces/share/ament_index/resource_index/rosidl_interfaces/tutorial_interfaces
[4.816s] -- Installing: /home/shridhar/Workspaces/mrt_ws/Task2/install/tutorial_interfaces/include/tutorial_interfaces/tutorial_interfaces
[4.816s] -- Installing: /home/shridhar/Workspaces/mrt_ws/Task2/install/tutorial_interfaces/include/tutorial_interfaces/tutorial_interfaces/srv
[4.816s] -- Installing: /home/shridhar/Workspaces/mrt_ws/Task2/install/tutorial_interfaces/include/tutorial_interfaces/tutorial_interfaces/srv/detail
[4.816s] -- Installing: /home/shridhar/Workspaces/mrt_ws/Task2/install/tutorial_interfaces/include/tutorial_interfaces/tutorial_interfaces/srv/detail/add_three_ints__struct.h
[4.816s] -- Installing: /home/shridhar/Workspaces/mrt_ws/Task2/install/tutorial_interfaces/include/tutorial_interfaces/tutorial_interfaces/srv/detail/add_three_ints__functions.h
[4.817s] -- Installing: /home/shridhar/Workspaces/mrt_ws/Task2/install/tutorial_interfaces/include/tutorial_interfaces/tutorial_interfaces/srv/detail/add_three_ints__functions.c
[4.817s] -- Installing: /home/shridhar/Workspaces/mrt_ws/Task2/install/tutorial_interfaces/include/tutorial_interfaces/tutorial_interfaces/srv/detail/add_three_ints__type_support.h
[4.817s] -- Installing: /home/shridhar/Workspaces/mrt_ws/Task2/install/tutorial_interfaces/include/tutorial_interfaces/tutorial_interfaces/srv/add_three_ints.h
[4.817s] -- Installing: /home/shridhar/Workspaces/mrt_ws/Task2/install/tutorial_interfaces/include/tutorial_interfaces/tutorial_interfaces/msg
[4.817s] -- Installing: /home/shridhar/Workspaces/mrt_ws/Task2/install/tutorial_interfaces/include/tutorial_interfaces/tutorial_interfaces/msg/num.h
[4.817s] -- Installing: /home/shridhar/Workspaces/mrt_ws/Task2/install/tutorial_interfaces/include/tutorial_interfaces/tutorial_interfaces/msg/sphere.h
[4.817s] -- Installing: /home/shridhar/Workspaces/mrt_ws/Task2/install/tutorial_interfaces/include/tutorial_interfaces/tutorial_interfaces/msg/rosidl_generator_c__visibility_control.h
[4.817s] -- Installing: /home/shridhar/Workspaces/mrt_ws/Task2/install/tutorial_interfaces/include/tutorial_interfaces/tutorial_interfaces/msg/detail
[4.817s] -- Installing: /home/shridhar/Workspaces/mrt_ws/Task2/install/tutorial_interfaces/include/tutorial_interfaces/tutorial_interfaces/msg/detail/num__functions.h
[4.817s] -- Installing: /home/shridhar/Workspaces/mrt_ws/Task2/install/tutorial_interfaces/include/tutorial_interfaces/tutorial_interfaces/msg/detail/sphere__functions.c
[4.817s] -- Installing: /home/shridhar/Workspaces/mrt_ws/Task2/install/tutorial_interfaces/include/tutorial_interfaces/tutorial_interfaces/msg/detail/num__type_support.h
[4.818s] -- Installing: /home/shridhar/Workspaces/mrt_ws/Task2/install/tutorial_interfaces/include/tutorial_interfaces/tutorial_interfaces/msg/detail/sphere__struct.h
[4.818s] -- Installing: /home/shridhar/Workspaces/mrt_ws/Task2/install/tutorial_interfaces/include/tutorial_interfaces/tutorial_interfaces/msg/detail/sphere__type_support.h
[4.818s] -- Installing: /home/shridhar/Workspaces/mrt_ws/Task2/install/tutorial_interfaces/include/tutorial_interfaces/tutorial_interfaces/msg/detail/num__struct.h
[4.818s] -- Installing: /home/shridhar/Workspaces/mrt_ws/Task2/install/tutorial_interfaces/include/tutorial_interfaces/tutorial_interfaces/msg/detail/sphere__functions.h
[4.818s] -- Installing: /home/shridhar/Workspaces/mrt_ws/Task2/install/tutorial_interfaces/include/tutorial_interfaces/tutorial_interfaces/msg/detail/num__functions.c
[4.818s] -- Installing: /home/shridhar/Workspaces/mrt_ws/Task2/install/tutorial_interfaces/share/tutorial_interfaces/environment/library_path.sh
[4.818s] -- Installing: /home/shridhar/Workspaces/mrt_ws/Task2/install/tutorial_interfaces/share/tutorial_interfaces/environment/library_path.dsv
[4.818s] -- Installing: /home/shridhar/Workspaces/mrt_ws/Task2/install/tutorial_interfaces/lib/libtutorial_interfaces__rosidl_generator_c.so
[4.818s] -- Set runtime path of "/home/shridhar/Workspaces/mrt_ws/Task2/install/tutorial_interfaces/lib/libtutorial_interfaces__rosidl_generator_c.so" to ""
[4.819s] -- Up-to-date: /home/shridhar/Workspaces/mrt_ws/Task2/install/tutorial_interfaces/include/tutorial_interfaces/tutorial_interfaces
[4.819s] -- Up-to-date: /home/shridhar/Workspaces/mrt_ws/Task2/install/tutorial_interfaces/include/tutorial_interfaces/tutorial_interfaces/srv
[4.819s] -- Up-to-date: /home/shridhar/Workspaces/mrt_ws/Task2/install/tutorial_interfaces/include/tutorial_interfaces/tutorial_interfaces/srv/detail
[4.819s] -- Installing: /home/shridhar/Workspaces/mrt_ws/Task2/install/tutorial_interfaces/include/tutorial_interfaces/tutorial_interfaces/srv/detail/add_three_ints__rosidl_typesupport_fastrtps_c.h
[4.819s] -- Up-to-date: /home/shridhar/Workspaces/mrt_ws/Task2/install/tutorial_interfaces/include/tutorial_interfaces/tutorial_interfaces/msg
[4.819s] -- Installing: /home/shridhar/Workspaces/mrt_ws/Task2/install/tutorial_interfaces/include/tutorial_interfaces/tutorial_interfaces/msg/rosidl_typesupport_fastrtps_c__visibility_control.h
[4.819s] -- Up-to-date: /home/shridhar/Workspaces/mrt_ws/Task2/install/tutorial_interfaces/include/tutorial_interfaces/tutorial_interfaces/msg/detail
[4.819s] -- Installing: /home/shridhar/Workspaces/mrt_ws/Task2/install/tutorial_interfaces/include/tutorial_interfaces/tutorial_interfaces/msg/detail/num__rosidl_typesupport_fastrtps_c.h
[4.819s] -- Installing: /home/shridhar/Workspaces/mrt_ws/Task2/install/tutorial_interfaces/include/tutorial_interfaces/tutorial_interfaces/msg/detail/sphere__rosidl_typesupport_fastrtps_c.h
[4.819s] -- Installing: /home/shridhar/Workspaces/mrt_ws/Task2/install/tutorial_interfaces/lib/libtutorial_interfaces__rosidl_typesupport_fastrtps_c.so
[4.819s] -- Set runtime path of "/home/shridhar/Workspaces/mrt_ws/Task2/install/tutorial_interfaces/lib/libtutorial_interfaces__rosidl_typesupport_fastrtps_c.so" to ""
[4.819s] -- Up-to-date: /home/shridhar/Workspaces/mrt_ws/Task2/install/tutorial_interfaces/include/tutorial_interfaces/tutorial_interfaces
[4.820s] -- Up-to-date: /home/shridhar/Workspaces/mrt_ws/Task2/install/tutorial_interfaces/include/tutorial_interfaces/tutorial_interfaces/srv
[4.820s] -- Installing: /home/shridhar/Workspaces/mrt_ws/Task2/install/tutorial_interfaces/include/tutorial_interfaces/tutorial_interfaces/srv/add_three_ints.hpp
[4.820s] -- Up-to-date: /home/shridhar/Workspaces/mrt_ws/Task2/install/tutorial_interfaces/include/tutorial_interfaces/tutorial_interfaces/srv/detail
[4.820s] -- Installing: /home/shridhar/Workspaces/mrt_ws/Task2/install/tutorial_interfaces/include/tutorial_interfaces/tutorial_interfaces/srv/detail/add_three_ints__builder.hpp
[4.820s] -- Installing: /home/shridhar/Workspaces/mrt_ws/Task2/install/tutorial_interfaces/include/tutorial_interfaces/tutorial_interfaces/srv/detail/add_three_ints__struct.hpp
[4.820s] -- Installing: /home/shridhar/Workspaces/mrt_ws/Task2/install/tutorial_interfaces/include/tutorial_interfaces/tutorial_interfaces/srv/detail/add_three_ints__traits.hpp
[4.820s] -- Up-to-date: /home/shridhar/Workspaces/mrt_ws/Task2/install/tutorial_interfaces/include/tutorial_interfaces/tutorial_interfaces/msg
[4.820s] -- Installing: /home/shridhar/Workspaces/mrt_ws/Task2/install/tutorial_interfaces/include/tutorial_interfaces/tutorial_interfaces/msg/sphere.hpp
[4.820s] -- Installing: /home/shridhar/Workspaces/mrt_ws/Task2/install/tutorial_interfaces/include/tutorial_interfaces/tutorial_interfaces/msg/num.hpp
[4.820s] -- Up-to-date: /home/shridhar/Workspaces/mrt_ws/Task2/install/tutorial_interfaces/include/tutorial_interfaces/tutorial_interfaces/msg/detail
[4.820s] -- Installing: /home/shridhar/Workspaces/mrt_ws/Task2/install/tutorial_interfaces/include/tutorial_interfaces/tutorial_interfaces/msg/detail/num__struct.hpp
[4.820s] -- Installing: /home/shridhar/Workspaces/mrt_ws/Task2/install/tutorial_interfaces/include/tutorial_interfaces/tutorial_interfaces/msg/detail/num__traits.hpp
[4.820s] -- Installing: /home/shridhar/Workspaces/mrt_ws/Task2/install/tutorial_interfaces/include/tutorial_interfaces/tutorial_interfaces/msg/detail/sphere__struct.hpp
[4.821s] -- Installing: /home/shridhar/Workspaces/mrt_ws/Task2/install/tutorial_interfaces/include/tutorial_interfaces/tutorial_interfaces/msg/detail/sphere__builder.hpp
[4.821s] -- Installing: /home/shridhar/Workspaces/mrt_ws/Task2/install/tutorial_interfaces/include/tutorial_interfaces/tutorial_interfaces/msg/detail/sphere__traits.hpp
[4.821s] -- Installing: /home/shridhar/Workspaces/mrt_ws/Task2/install/tutorial_interfaces/include/tutorial_interfaces/tutorial_interfaces/msg/detail/num__builder.hpp
[4.821s] -- Up-to-date: /home/shridhar/Workspaces/mrt_ws/Task2/install/tutorial_interfaces/include/tutorial_interfaces/tutorial_interfaces
[4.821s] -- Up-to-date: /home/shridhar/Workspaces/mrt_ws/Task2/install/tutorial_interfaces/include/tutorial_interfaces/tutorial_interfaces/srv
[4.821s] -- Up-to-date: /home/shridhar/Workspaces/mrt_ws/Task2/install/tutorial_interfaces/include/tutorial_interfaces/tutorial_interfaces/srv/detail
[4.821s] -- Installing: /home/shridhar/Workspaces/mrt_ws/Task2/install/tutorial_interfaces/include/tutorial_interfaces/tutorial_interfaces/srv/detail/add_three_ints__rosidl_typesupport_fastrtps_cpp.hpp
[4.821s] -- Installing: /home/shridhar/Workspaces/mrt_ws/Task2/install/tutorial_interfaces/include/tutorial_interfaces/tutorial_interfaces/srv/detail/dds_fastrtps
[4.821s] -- Up-to-date: /home/shridhar/Workspaces/mrt_ws/Task2/install/tutorial_interfaces/include/tutorial_interfaces/tutorial_interfaces/msg
[4.821s] -- Installing: /home/shridhar/Workspaces/mrt_ws/Task2/install/tutorial_interfaces/include/tutorial_interfaces/tutorial_interfaces/msg/rosidl_typesupport_fastrtps_cpp__visibility_control.h
[4.821s] -- Up-to-date: /home/shridhar/Workspaces/mrt_ws/Task2/install/tutorial_interfaces/include/tutorial_interfaces/tutorial_interfaces/msg/detail
[4.821s] -- Installing: /home/shridhar/Workspaces/mrt_ws/Task2/install/tutorial_interfaces/include/tutorial_interfaces/tutorial_interfaces/msg/detail/sphere__rosidl_typesupport_fastrtps_cpp.hpp
[4.821s] -- Installing: /home/shridhar/Workspaces/mrt_ws/Task2/install/tutorial_interfaces/include/tutorial_interfaces/tutorial_interfaces/msg/detail/num__rosidl_typesupport_fastrtps_cpp.hpp
[4.821s] -- Installing: /home/shridhar/Workspaces/mrt_ws/Task2/install/tutorial_interfaces/include/tutorial_interfaces/tutorial_interfaces/msg/detail/dds_fastrtps
[4.822s] -- Installing: /home/shridhar/Workspaces/mrt_ws/Task2/install/tutorial_interfaces/lib/libtutorial_interfaces__rosidl_typesupport_fastrtps_cpp.so
[4.822s] -- Set runtime path of "/home/shridhar/Workspaces/mrt_ws/Task2/install/tutorial_interfaces/lib/libtutorial_interfaces__rosidl_typesupport_fastrtps_cpp.so" to ""
[4.822s] -- Up-to-date: /home/shridhar/Workspaces/mrt_ws/Task2/install/tutorial_interfaces/include/tutorial_interfaces/tutorial_interfaces
[4.822s] -- Up-to-date: /home/shridhar/Workspaces/mrt_ws/Task2/install/tutorial_interfaces/include/tutorial_interfaces/tutorial_interfaces/srv
[4.822s] -- Up-to-date: /home/shridhar/Workspaces/mrt_ws/Task2/install/tutorial_interfaces/include/tutorial_interfaces/tutorial_interfaces/srv/detail
[4.822s] -- Installing: /home/shridhar/Workspaces/mrt_ws/Task2/install/tutorial_interfaces/include/tutorial_interfaces/tutorial_interfaces/srv/detail/add_three_ints__rosidl_typesupport_introspection_c.h
[4.822s] -- Installing: /home/shridhar/Workspaces/mrt_ws/Task2/install/tutorial_interfaces/include/tutorial_interfaces/tutorial_interfaces/srv/detail/add_three_ints__type_support.c
[4.822s] -- Up-to-date: /home/shridhar/Workspaces/mrt_ws/Task2/install/tutorial_interfaces/include/tutorial_interfaces/tutorial_interfaces/msg
[4.822s] -- Up-to-date: /home/shridhar/Workspaces/mrt_ws/Task2/install/tutorial_interfaces/include/tutorial_interfaces/tutorial_interfaces/msg/detail
[4.822s] -- Installing: /home/shridhar/Workspaces/mrt_ws/Task2/install/tutorial_interfaces/include/tutorial_interfaces/tutorial_interfaces/msg/detail/num__type_support.c
[4.822s] -- Installing: /home/shridhar/Workspaces/mrt_ws/Task2/install/tutorial_interfaces/include/tutorial_interfaces/tutorial_interfaces/msg/detail/sphere__type_support.c
[4.822s] -- Installing: /home/shridhar/Workspaces/mrt_ws/Task2/install/tutorial_interfaces/include/tutorial_interfaces/tutorial_interfaces/msg/detail/num__rosidl_typesupport_introspection_c.h
[4.822s] -- Installing: /home/shridhar/Workspaces/mrt_ws/Task2/install/tutorial_interfaces/include/tutorial_interfaces/tutorial_interfaces/msg/detail/sphere__rosidl_typesupport_introspection_c.h
[4.822s] -- Installing: /home/shridhar/Workspaces/mrt_ws/Task2/install/tutorial_interfaces/include/tutorial_interfaces/tutorial_interfaces/msg/rosidl_typesupport_introspection_c__visibility_control.h
[4.823s] -- Installing: /home/shridhar/Workspaces/mrt_ws/Task2/install/tutorial_interfaces/lib/libtutorial_interfaces__rosidl_typesupport_introspection_c.so
[4.823s] -- Set runtime path of "/home/shridhar/Workspaces/mrt_ws/Task2/install/tutorial_interfaces/lib/libtutorial_interfaces__rosidl_typesupport_introspection_c.so" to ""
[4.823s] -- Installing: /home/shridhar/Workspaces/mrt_ws/Task2/install/tutorial_interfaces/lib/libtutorial_interfaces__rosidl_typesupport_c.so
[4.823s] -- Set runtime path of "/home/shridhar/Workspaces/mrt_ws/Task2/install/tutorial_interfaces/lib/libtutorial_interfaces__rosidl_typesupport_c.so" to ""
[4.823s] -- Up-to-date: /home/shridhar/Workspaces/mrt_ws/Task2/install/tutorial_interfaces/include/tutorial_interfaces/tutorial_interfaces
[4.823s] -- Up-to-date: /home/shridhar/Workspaces/mrt_ws/Task2/install/tutorial_interfaces/include/tutorial_interfaces/tutorial_interfaces/srv
[4.823s] -- Up-to-date: /home/shridhar/Workspaces/mrt_ws/Task2/install/tutorial_interfaces/include/tutorial_interfaces/tutorial_interfaces/srv/detail
[4.823s] -- Installing: /home/shridhar/Workspaces/mrt_ws/Task2/install/tutorial_interfaces/include/tutorial_interfaces/tutorial_interfaces/srv/detail/add_three_ints__type_support.cpp
[4.823s] -- Installing: /home/shridhar/Workspaces/mrt_ws/Task2/install/tutorial_interfaces/include/tutorial_interfaces/tutorial_interfaces/srv/detail/add_three_ints__rosidl_typesupport_introspection_cpp.hpp
[4.823s] -- Up-to-date: /home/shridhar/Workspaces/mrt_ws/Task2/install/tutorial_interfaces/include/tutorial_interfaces/tutorial_interfaces/msg
[4.823s] -- Up-to-date: /home/shridhar/Workspaces/mrt_ws/Task2/install/tutorial_interfaces/include/tutorial_interfaces/tutorial_interfaces/msg/detail
[4.823s] -- Installing: /home/shridhar/Workspaces/mrt_ws/Task2/install/tutorial_interfaces/include/tutorial_interfaces/tutorial_interfaces/msg/detail/sphere__rosidl_typesupport_introspection_cpp.hpp
[4.824s] -- Installing: /home/shridhar/Workspaces/mrt_ws/Task2/install/tutorial_interfaces/include/tutorial_interfaces/tutorial_interfaces/msg/detail/num__rosidl_typesupport_introspection_cpp.hpp
[4.824s] -- Installing: /home/shridhar/Workspaces/mrt_ws/Task2/install/tutorial_interfaces/include/tutorial_interfaces/tutorial_interfaces/msg/detail/sphere__type_support.cpp
[4.824s] -- Installing: /home/shridhar/Workspaces/mrt_ws/Task2/install/tutorial_interfaces/include/tutorial_interfaces/tutorial_interfaces/msg/detail/num__type_support.cpp
[4.824s] -- Installing: /home/shridhar/Workspaces/mrt_ws/Task2/install/tutorial_interfaces/lib/libtutorial_interfaces__rosidl_typesupport_introspection_cpp.so
[4.824s] -- Set runtime path of "/home/shridhar/Workspaces/mrt_ws/Task2/install/tutorial_interfaces/lib/libtutorial_interfaces__rosidl_typesupport_introspection_cpp.so" to ""
[4.824s] -- Installing: /home/shridhar/Workspaces/mrt_ws/Task2/install/tutorial_interfaces/lib/libtutorial_interfaces__rosidl_typesupport_cpp.so
[4.824s] -- Set runtime path of "/home/shridhar/Workspaces/mrt_ws/Task2/install/tutorial_interfaces/lib/libtutorial_interfaces__rosidl_typesupport_cpp.so" to ""
[4.824s] -- Installing: /home/shridhar/Workspaces/mrt_ws/Task2/install/tutorial_interfaces/share/tutorial_interfaces/environment/pythonpath.sh
[4.824s] -- Installing: /home/shridhar/Workspaces/mrt_ws/Task2/install/tutorial_interfaces/share/tutorial_interfaces/environment/pythonpath.dsv
[4.824s] -- Installing: /home/shridhar/Workspaces/mrt_ws/Task2/install/tutorial_interfaces/local/lib/python3.10/dist-packages/tutorial_interfaces-0.0.0-py3.10.egg-info
[4.825s] -- Installing: /home/shridhar/Workspaces/mrt_ws/Task2/install/tutorial_interfaces/local/lib/python3.10/dist-packages/tutorial_interfaces-0.0.0-py3.10.egg-info/top_level.txt
[4.825s] -- Installing: /home/shridhar/Workspaces/mrt_ws/Task2/install/tutorial_interfaces/local/lib/python3.10/dist-packages/tutorial_interfaces-0.0.0-py3.10.egg-info/dependency_links.txt
[4.825s] -- Installing: /home/shridhar/Workspaces/mrt_ws/Task2/install/tutorial_interfaces/local/lib/python3.10/dist-packages/tutorial_interfaces-0.0.0-py3.10.egg-info/PKG-INFO
[4.825s] -- Installing: /home/shridhar/Workspaces/mrt_ws/Task2/install/tutorial_interfaces/local/lib/python3.10/dist-packages/tutorial_interfaces-0.0.0-py3.10.egg-info/SOURCES.txt
[4.825s] -- Installing: /home/shridhar/Workspaces/mrt_ws/Task2/install/tutorial_interfaces/local/lib/python3.10/dist-packages/tutorial_interfaces
[4.825s] -- Installing: /home/shridhar/Workspaces/mrt_ws/Task2/install/tutorial_interfaces/local/lib/python3.10/dist-packages/tutorial_interfaces/srv
[4.825s] -- Installing: /home/shridhar/Workspaces/mrt_ws/Task2/install/tutorial_interfaces/local/lib/python3.10/dist-packages/tutorial_interfaces/srv/_add_three_ints.py
[4.825s] -- Installing: /home/shridhar/Workspaces/mrt_ws/Task2/install/tutorial_interfaces/local/lib/python3.10/dist-packages/tutorial_interfaces/srv/__init__.py
[4.825s] -- Installing: /home/shridhar/Workspaces/mrt_ws/Task2/install/tutorial_interfaces/local/lib/python3.10/dist-packages/tutorial_interfaces/srv/_add_three_ints_s.c
[4.825s] -- Installing: /home/shridhar/Workspaces/mrt_ws/Task2/install/tutorial_interfaces/local/lib/python3.10/dist-packages/tutorial_interfaces/tutorial_interfaces_s__rosidl_typesupport_c.cpython-310-x86_64-linux-gnu.so
[4.825s] -- Installing: /home/shridhar/Workspaces/mrt_ws/Task2/install/tutorial_interfaces/local/lib/python3.10/dist-packages/tutorial_interfaces/libtutorial_interfaces__rosidl_generator_py.so
[4.826s] -- Installing: /home/shridhar/Workspaces/mrt_ws/Task2/install/tutorial_interfaces/local/lib/python3.10/dist-packages/tutorial_interfaces/tutorial_interfaces_s__rosidl_typesupport_fastrtps_c.cpython-310-x86_64-linux-gnu.so
[4.826s] -- Installing: /home/shridhar/Workspaces/mrt_ws/Task2/install/tutorial_interfaces/local/lib/python3.10/dist-packages/tutorial_interfaces/msg
[4.826s] -- Installing: /home/shridhar/Workspaces/mrt_ws/Task2/install/tutorial_interfaces/local/lib/python3.10/dist-packages/tutorial_interfaces/msg/_sphere_s.c
[4.826s] -- Installing: /home/shridhar/Workspaces/mrt_ws/Task2/install/tutorial_interfaces/local/lib/python3.10/dist-packages/tutorial_interfaces/msg/_num_s.c
[4.826s] -- Installing: /home/shridhar/Workspaces/mrt_ws/Task2/install/tutorial_interfaces/local/lib/python3.10/dist-packages/tutorial_interfaces/msg/__init__.py
[4.826s] -- Installing: /home/shridhar/Workspaces/mrt_ws/Task2/install/tutorial_interfaces/local/lib/python3.10/dist-packages/tutorial_interfaces/msg/_num.py
[4.826s] -- Installing: /home/shridhar/Workspaces/mrt_ws/Task2/install/tutorial_interfaces/local/lib/python3.10/dist-packages/tutorial_interfaces/msg/_sphere.py
[4.826s] -- Installing: /home/shridhar/Workspaces/mrt_ws/Task2/install/tutorial_interfaces/local/lib/python3.10/dist-packages/tutorial_interfaces/_tutorial_interfaces_s.ep.rosidl_typesupport_c.c
[4.826s] -- Installing: /home/shridhar/Workspaces/mrt_ws/Task2/install/tutorial_interfaces/local/lib/python3.10/dist-packages/tutorial_interfaces/_tutorial_interfaces_s.ep.rosidl_typesupport_fastrtps_c.c
[4.826s] -- Installing: /home/shridhar/Workspaces/mrt_ws/Task2/install/tutorial_interfaces/local/lib/python3.10/dist-packages/tutorial_interfaces/__init__.py
[4.826s] -- Installing: /home/shridhar/Workspaces/mrt_ws/Task2/install/tutorial_interfaces/local/lib/python3.10/dist-packages/tutorial_interfaces/tutorial_interfaces_s__rosidl_typesupport_introspection_c.cpython-310-x86_64-linux-gnu.so
[4.827s] -- Installing: /home/shridhar/Workspaces/mrt_ws/Task2/install/tutorial_interfaces/local/lib/python3.10/dist-packages/tutorial_interfaces/_tutorial_interfaces_s.ep.rosidl_typesupport_introspection_c.c
[4.871s] Listing '/home/shridhar/Workspaces/mrt_ws/Task2/install/tutorial_interfaces/local/lib/python3.10/dist-packages/tutorial_interfaces'...
[4.871s] Compiling '/home/shridhar/Workspaces/mrt_ws/Task2/install/tutorial_interfaces/local/lib/python3.10/dist-packages/tutorial_interfaces/__init__.py'...
[4.871s] Listing '/home/shridhar/Workspaces/mrt_ws/Task2/install/tutorial_interfaces/local/lib/python3.10/dist-packages/tutorial_interfaces/msg'...
[4.871s] Compiling '/home/shridhar/Workspaces/mrt_ws/Task2/install/tutorial_interfaces/local/lib/python3.10/dist-packages/tutorial_interfaces/msg/__init__.py'...
[4.871s] Compiling '/home/shridhar/Workspaces/mrt_ws/Task2/install/tutorial_interfaces/local/lib/python3.10/dist-packages/tutorial_interfaces/msg/_num.py'...
[4.871s] Compiling '/home/shridhar/Workspaces/mrt_ws/Task2/install/tutorial_interfaces/local/lib/python3.10/dist-packages/tutorial_interfaces/msg/_sphere.py'...
[4.871s] Listing '/home/shridhar/Workspaces/mrt_ws/Task2/install/tutorial_interfaces/local/lib/python3.10/dist-packages/tutorial_interfaces/srv'...
[4.871s] Compiling '/home/shridhar/Workspaces/mrt_ws/Task2/install/tutorial_interfaces/local/lib/python3.10/dist-packages/tutorial_interfaces/srv/__init__.py'...
[4.871s] Compiling '/home/shridhar/Workspaces/mrt_ws/Task2/install/tutorial_interfaces/local/lib/python3.10/dist-packages/tutorial_interfaces/srv/_add_three_ints.py'...
[4.876s] -- Installing: /home/shridhar/Workspaces/mrt_ws/Task2/install/tutorial_interfaces/local/lib/python3.10/dist-packages/tutorial_interfaces/tutorial_interfaces_s__rosidl_typesupport_fastrtps_c.cpython-310-x86_64-linux-gnu.so
[4.877s] -- Set runtime path of "/home/shridhar/Workspaces/mrt_ws/Task2/install/tutorial_interfaces/local/lib/python3.10/dist-packages/tutorial_interfaces/tutorial_interfaces_s__rosidl_typesupport_fastrtps_c.cpython-310-x86_64-linux-gnu.so" to ""
[4.877s] -- Installing: /home/shridhar/Workspaces/mrt_ws/Task2/install/tutorial_interfaces/local/lib/python3.10/dist-packages/tutorial_interfaces/tutorial_interfaces_s__rosidl_typesupport_introspection_c.cpython-310-x86_64-linux-gnu.so
[4.877s] -- Set runtime path of "/home/shridhar/Workspaces/mrt_ws/Task2/install/tutorial_interfaces/local/lib/python3.10/dist-packages/tutorial_interfaces/tutorial_interfaces_s__rosidl_typesupport_introspection_c.cpython-310-x86_64-linux-gnu.so" to ""
[4.877s] -- Installing: /home/shridhar/Workspaces/mrt_ws/Task2/install/tutorial_interfaces/local/lib/python3.10/dist-packages/tutorial_interfaces/tutorial_interfaces_s__rosidl_typesupport_c.cpython-310-x86_64-linux-gnu.so
[4.878s] -- Set runtime path of "/home/shridhar/Workspaces/mrt_ws/Task2/install/tutorial_interfaces/local/lib/python3.10/dist-packages/tutorial_interfaces/tutorial_interfaces_s__rosidl_typesupport_c.cpython-310-x86_64-linux-gnu.so" to ""
[4.878s] -- Installing: /home/shridhar/Workspaces/mrt_ws/Task2/install/tutorial_interfaces/lib/libtutorial_interfaces__rosidl_generator_py.so
[4.878s] -- Set runtime path of "/home/shridhar/Workspaces/mrt_ws/Task2/install/tutorial_interfaces/lib/libtutorial_interfaces__rosidl_generator_py.so" to ""
[4.878s] -- Installing: /home/shridhar/Workspaces/mrt_ws/Task2/install/tutorial_interfaces/share/tutorial_interfaces/msg/Num.idl
[4.878s] -- Installing: /home/shridhar/Workspaces/mrt_ws/Task2/install/tutorial_interfaces/share/tutorial_interfaces/msg/Sphere.idl
[4.878s] -- Installing: /home/shridhar/Workspaces/mrt_ws/Task2/install/tutorial_interfaces/share/tutorial_interfaces/srv/AddThreeInts.idl
[4.878s] -- Installing: /home/shridhar/Workspaces/mrt_ws/Task2/install/tutorial_interfaces/share/tutorial_interfaces/msg/Num.msg
[4.879s] -- Installing: /home/shridhar/Workspaces/mrt_ws/Task2/install/tutorial_interfaces/share/tutorial_interfaces/msg/Sphere.msg
[4.879s] -- Installing: /home/shridhar/Workspaces/mrt_ws/Task2/install/tutorial_interfaces/share/tutorial_interfaces/srv/AddThreeInts.srv
[4.879s] -- Installing: /home/shridhar/Workspaces/mrt_ws/Task2/install/tutorial_interfaces/share/tutorial_interfaces/srv/AddThreeInts_Request.msg
[4.879s] -- Installing: /home/shridhar/Workspaces/mrt_ws/Task2/install/tutorial_interfaces/share/tutorial_interfaces/srv/AddThreeInts_Response.msg
[4.879s] -- Installing: /home/shridhar/Workspaces/mrt_ws/Task2/install/tutorial_interfaces/share/ament_index/resource_index/package_run_dependencies/tutorial_interfaces
[4.879s] -- Installing: /home/shridhar/Workspaces/mrt_ws/Task2/install/tutorial_interfaces/share/ament_index/resource_index/parent_prefix_path/tutorial_interfaces
[4.879s] -- Installing: /home/shridhar/Workspaces/mrt_ws/Task2/install/tutorial_interfaces/share/tutorial_interfaces/environment/ament_prefix_path.sh
[4.879s] -- Installing: /home/shridhar/Workspaces/mrt_ws/Task2/install/tutorial_interfaces/share/tutorial_interfaces/environment/ament_prefix_path.dsv
[4.880s] -- Installing: /home/shridhar/Workspaces/mrt_ws/Task2/install/tutorial_interfaces/share/tutorial_interfaces/environment/path.sh
[4.880s] -- Installing: /home/shridhar/Workspaces/mrt_ws/Task2/install/tutorial_interfaces/share/tutorial_interfaces/environment/path.dsv
[4.880s] -- Installing: /home/shridhar/Workspaces/mrt_ws/Task2/install/tutorial_interfaces/share/tutorial_interfaces/local_setup.bash
[4.880s] -- Installing: /home/shridhar/Workspaces/mrt_ws/Task2/install/tutorial_interfaces/share/tutorial_interfaces/local_setup.sh
[4.880s] -- Installing: /home/shridhar/Workspaces/mrt_ws/Task2/install/tutorial_interfaces/share/tutorial_interfaces/local_setup.zsh
[4.880s] -- Installing: /home/shridhar/Workspaces/mrt_ws/Task2/install/tutorial_interfaces/share/tutorial_interfaces/local_setup.dsv
[4.880s] -- Installing: /home/shridhar/Workspaces/mrt_ws/Task2/install/tutorial_interfaces/share/tutorial_interfaces/package.dsv
[4.881s] -- Installing: /home/shridhar/Workspaces/mrt_ws/Task2/install/tutorial_interfaces/share/ament_index/resource_index/packages/tutorial_interfaces
[4.881s] -- Installing: /home/shridhar/Workspaces/mrt_ws/Task2/install/tutorial_interfaces/share/tutorial_interfaces/cmake/export_tutorial_interfaces__rosidl_generator_cExport.cmake
[4.881s] -- Installing: /home/shridhar/Workspaces/mrt_ws/Task2/install/tutorial_interfaces/share/tutorial_interfaces/cmake/export_tutorial_interfaces__rosidl_generator_cExport-noconfig.cmake
[4.881s] -- Installing: /home/shridhar/Workspaces/mrt_ws/Task2/install/tutorial_interfaces/share/tutorial_interfaces/cmake/export_tutorial_interfaces__rosidl_typesupport_fastrtps_cExport.cmake
[4.881s] -- Installing: /home/shridhar/Workspaces/mrt_ws/Task2/install/tutorial_interfaces/share/tutorial_interfaces/cmake/export_tutorial_interfaces__rosidl_typesupport_fastrtps_cExport-noconfig.cmake
[4.881s] -- Installing: /home/shridhar/Workspaces/mrt_ws/Task2/install/tutorial_interfaces/share/tutorial_interfaces/cmake/export_tutorial_interfaces__rosidl_generator_cppExport.cmake
[4.881s] -- Installing: /home/shridhar/Workspaces/mrt_ws/Task2/install/tutorial_interfaces/share/tutorial_interfaces/cmake/export_tutorial_interfaces__rosidl_typesupport_fastrtps_cppExport.cmake
[4.881s] -- Installing: /home/shridhar/Workspaces/mrt_ws/Task2/install/tutorial_interfaces/share/tutorial_interfaces/cmake/export_tutorial_interfaces__rosidl_typesupport_fastrtps_cppExport-noconfig.cmake
[4.881s] -- Installing: /home/shridhar/Workspaces/mrt_ws/Task2/install/tutorial_interfaces/share/tutorial_interfaces/cmake/tutorial_interfaces__rosidl_typesupport_introspection_cExport.cmake
[4.881s] -- Installing: /home/shridhar/Workspaces/mrt_ws/Task2/install/tutorial_interfaces/share/tutorial_interfaces/cmake/tutorial_interfaces__rosidl_typesupport_introspection_cExport-noconfig.cmake
[4.882s] -- Installing: /home/shridhar/Workspaces/mrt_ws/Task2/install/tutorial_interfaces/share/tutorial_interfaces/cmake/tutorial_interfaces__rosidl_typesupport_cExport.cmake
[4.882s] -- Installing: /home/shridhar/Workspaces/mrt_ws/Task2/install/tutorial_interfaces/share/tutorial_interfaces/cmake/tutorial_interfaces__rosidl_typesupport_cExport-noconfig.cmake
[4.882s] -- Installing: /home/shridhar/Workspaces/mrt_ws/Task2/install/tutorial_interfaces/share/tutorial_interfaces/cmake/tutorial_interfaces__rosidl_typesupport_introspection_cppExport.cmake
[4.882s] -- Installing: /home/shridhar/Workspaces/mrt_ws/Task2/install/tutorial_interfaces/share/tutorial_interfaces/cmake/tutorial_interfaces__rosidl_typesupport_introspection_cppExport-noconfig.cmake
[4.882s] -- Installing: /home/shridhar/Workspaces/mrt_ws/Task2/install/tutorial_interfaces/share/tutorial_interfaces/cmake/tutorial_interfaces__rosidl_typesupport_cppExport.cmake
[4.882s] -- Installing: /home/shridhar/Workspaces/mrt_ws/Task2/install/tutorial_interfaces/share/tutorial_interfaces/cmake/tutorial_interfaces__rosidl_typesupport_cppExport-noconfig.cmake
[4.882s] -- Installing: /home/shridhar/Workspaces/mrt_ws/Task2/install/tutorial_interfaces/share/tutorial_interfaces/cmake/export_tutorial_interfaces__rosidl_generator_pyExport.cmake
[4.882s] -- Installing: /home/shridhar/Workspaces/mrt_ws/Task2/install/tutorial_interfaces/share/tutorial_interfaces/cmake/export_tutorial_interfaces__rosidl_generator_pyExport-noconfig.cmake
[4.882s] -- Installing: /home/shridhar/Workspaces/mrt_ws/Task2/install/tutorial_interfaces/share/tutorial_interfaces/cmake/rosidl_cmake-extras.cmake
[4.883s] -- Installing: /home/shridhar/Workspaces/mrt_ws/Task2/install/tutorial_interfaces/share/tutorial_interfaces/cmake/ament_cmake_export_dependencies-extras.cmake
[4.883s] -- Installing: /home/shridhar/Workspaces/mrt_ws/Task2/install/tutorial_interfaces/share/tutorial_interfaces/cmake/ament_cmake_export_include_directories-extras.cmake
[4.883s] -- Installing: /home/shridhar/Workspaces/mrt_ws/Task2/install/tutorial_interfaces/share/tutorial_interfaces/cmake/ament_cmake_export_libraries-extras.cmake
[4.883s] -- Installing: /home/shridhar/Workspaces/mrt_ws/Task2/install/tutorial_interfaces/share/tutorial_interfaces/cmake/ament_cmake_export_targets-extras.cmake
[4.883s] -- Installing: /home/shridhar/Workspaces/mrt_ws/Task2/install/tutorial_interfaces/share/tutorial_interfaces/cmake/rosidl_cmake_export_typesupport_targets-extras.cmake
[4.883s] -- Installing: /home/shridhar/Workspaces/mrt_ws/Task2/install/tutorial_interfaces/share/tutorial_interfaces/cmake/rosidl_cmake_export_typesupport_libraries-extras.cmake
[4.883s] -- Installing: /home/shridhar/Workspaces/mrt_ws/Task2/install/tutorial_interfaces/share/tutorial_interfaces/cmake/tutorial_interfacesConfig.cmake
[4.883s] -- Installing: /home/shridhar/Workspaces/mrt_ws/Task2/install/tutorial_interfaces/share/tutorial_interfaces/cmake/tutorial_interfacesConfig-version.cmake
[4.883s] -- Installing: /home/shridhar/Workspaces/mrt_ws/Task2/install/tutorial_interfaces/share/tutorial_interfaces/package.xml
[4.887s] Invoked command in '/home/shridhar/Workspaces/mrt_ws/Task2/build/tutorial_interfaces' returned '0': CMAKE_PREFIX_PATH=/opt/ros/humble /usr/bin/cmake --install /home/shridhar/Workspaces/mrt_ws/Task2/build/tutorial_interfaces
