[0.014s] Invoking command in '/home/shridhar/Workspaces/mrt_ws/Task2/build/addthreeints': CMAKE_PREFIX_PATH=${CMAKE_PREFIX_PATH}:/home/shridhar/Workspaces/mrt_ws/Task2/install/serveradd:/opt/ros/humble /usr/bin/cmake --build /home/shridhar/Workspaces/mrt_ws/Task2/build/addthreeints -- -j22 -l22
[0.083s] [  2%] Built target addthreeints__cpp
[0.084s] [ 12%] Built target addthreeints__rosidl_generator_c
[0.093s] [ 12%] Built target ament_cmake_python_copy_addthreeints
[0.108s] [ 23%] Built target addthreeints__rosidl_typesupport_introspection_c
[0.110s] [ 34%] Built target addthreeints__rosidl_typesupport_fastrtps_c
[0.110s] [ 44%] Built target addthreeints__rosidl_typesupport_c
[0.111s] [ 65%] Built target addthreeints__rosidl_typesupport_introspection_cpp
[0.111s] [ 65%] Built target addthreeints__rosidl_typesupport_cpp
[0.113s] [ 76%] Built target addthreeints__rosidl_typesupport_fastrtps_cpp
[0.144s] [ 76%] Built target addthreeints
[0.174s] [ 78%] Built target addthreeints__py
[0.204s] [ 87%] Built target addthreeints__rosidl_generator_py
[0.233s] [ 97%] Built target addthreeints__rosidl_typesupport_c__pyext
[0.233s] [ 97%] Built target addthreeints__rosidl_typesupport_introspection_c__pyext
[0.234s] [100%] Built target addthreeints__rosidl_typesupport_fastrtps_c__pyext
[0.349s] running egg_info
[0.349s] writing addthreeints.egg-info/PKG-INFO
[0.350s] writing dependency_links to addthreeints.egg-info/dependency_links.txt
[0.350s] writing top-level names to addthreeints.egg-info/top_level.txt
[0.353s] reading manifest file 'addthreeints.egg-info/SOURCES.txt'
[0.353s] writing manifest file 'addthreeints.egg-info/SOURCES.txt'
[0.388s] [100%] Built target ament_cmake_python_build_addthreeints_egg
[0.404s] Invoked command in '/home/shridhar/Workspaces/mrt_ws/Task2/build/addthreeints' returned '0': CMAKE_PREFIX_PATH=${CMAKE_PREFIX_PATH}:/home/shridhar/Workspaces/mrt_ws/Task2/install/serveradd:/opt/ros/humble /usr/bin/cmake --build /home/shridhar/Workspaces/mrt_ws/Task2/build/addthreeints -- -j22 -l22
[0.521s] Invoking command in '/home/shridhar/Workspaces/mrt_ws/Task2/build/addthreeints': CMAKE_PREFIX_PATH=${CMAKE_PREFIX_PATH}:/home/shridhar/Workspaces/mrt_ws/Task2/install/serveradd:/opt/ros/humble /usr/bin/cmake --install /home/shridhar/Workspaces/mrt_ws/Task2/build/addthreeints
[0.531s] -- Install configuration: ""
[0.531s] -- Up-to-date: /home/shridhar/Workspaces/mrt_ws/Task2/install/addthreeints/share/ament_index/resource_index/rosidl_interfaces/addthreeints
[0.531s] -- Up-to-date: /home/shridhar/Workspaces/mrt_ws/Task2/install/addthreeints/include/addthreeints/addthreeints
[0.531s] -- Up-to-date: /home/shridhar/Workspaces/mrt_ws/Task2/install/addthreeints/include/addthreeints/addthreeints/srv
[0.531s] -- Up-to-date: /home/shridhar/Workspaces/mrt_ws/Task2/install/addthreeints/include/addthreeints/addthreeints/srv/detail
[0.531s] -- Up-to-date: /home/shridhar/Workspaces/mrt_ws/Task2/install/addthreeints/include/addthreeints/addthreeints/srv/detail/add_three_ints__struct.h
[0.531s] -- Up-to-date: /home/shridhar/Workspaces/mrt_ws/Task2/install/addthreeints/include/addthreeints/addthreeints/srv/detail/add_three_ints__functions.h
[0.531s] -- Up-to-date: /home/shridhar/Workspaces/mrt_ws/Task2/install/addthreeints/include/addthreeints/addthreeints/srv/detail/add_three_ints__functions.c
[0.531s] -- Up-to-date: /home/shridhar/Workspaces/mrt_ws/Task2/install/addthreeints/include/addthreeints/addthreeints/srv/detail/add_three_ints__type_support.h
[0.531s] -- Up-to-date: /home/shridhar/Workspaces/mrt_ws/Task2/install/addthreeints/include/addthreeints/addthreeints/srv/add_three_ints.h
[0.531s] -- Up-to-date: /home/shridhar/Workspaces/mrt_ws/Task2/install/addthreeints/include/addthreeints/addthreeints/msg
[0.531s] -- Up-to-date: /home/shridhar/Workspaces/mrt_ws/Task2/install/addthreeints/include/addthreeints/addthreeints/msg/num.h
[0.532s] -- Up-to-date: /home/shridhar/Workspaces/mrt_ws/Task2/install/addthreeints/include/addthreeints/addthreeints/msg/sphere.h
[0.532s] -- Up-to-date: /home/shridhar/Workspaces/mrt_ws/Task2/install/addthreeints/include/addthreeints/addthreeints/msg/rosidl_generator_c__visibility_control.h
[0.532s] -- Up-to-date: /home/shridhar/Workspaces/mrt_ws/Task2/install/addthreeints/include/addthreeints/addthreeints/msg/detail
[0.532s] -- Up-to-date: /home/shridhar/Workspaces/mrt_ws/Task2/install/addthreeints/include/addthreeints/addthreeints/msg/detail/num__functions.h
[0.532s] -- Up-to-date: /home/shridhar/Workspaces/mrt_ws/Task2/install/addthreeints/include/addthreeints/addthreeints/msg/detail/sphere__functions.c
[0.532s] -- Up-to-date: /home/shridhar/Workspaces/mrt_ws/Task2/install/addthreeints/include/addthreeints/addthreeints/msg/detail/num__type_support.h
[0.532s] -- Up-to-date: /home/shridhar/Workspaces/mrt_ws/Task2/install/addthreeints/include/addthreeints/addthreeints/msg/detail/sphere__struct.h
[0.532s] -- Up-to-date: /home/shridhar/Workspaces/mrt_ws/Task2/install/addthreeints/include/addthreeints/addthreeints/msg/detail/sphere__type_support.h
[0.532s] -- Up-to-date: /home/shridhar/Workspaces/mrt_ws/Task2/install/addthreeints/include/addthreeints/addthreeints/msg/detail/num__struct.h
[0.532s] -- Up-to-date: /home/shridhar/Workspaces/mrt_ws/Task2/install/addthreeints/include/addthreeints/addthreeints/msg/detail/sphere__functions.h
[0.532s] -- Up-to-date: /home/shridhar/Workspaces/mrt_ws/Task2/install/addthreeints/include/addthreeints/addthreeints/msg/detail/num__functions.c
[0.532s] -- Up-to-date: /home/shridhar/Workspaces/mrt_ws/Task2/install/addthreeints/share/addthreeints/environment/library_path.sh
[0.533s] -- Up-to-date: /home/shridhar/Workspaces/mrt_ws/Task2/install/addthreeints/share/addthreeints/environment/library_path.dsv
[0.533s] -- Up-to-date: /home/shridhar/Workspaces/mrt_ws/Task2/install/addthreeints/lib/libaddthreeints__rosidl_generator_c.so
[0.533s] -- Up-to-date: /home/shridhar/Workspaces/mrt_ws/Task2/install/addthreeints/include/addthreeints/addthreeints
[0.533s] -- Up-to-date: /home/shridhar/Workspaces/mrt_ws/Task2/install/addthreeints/include/addthreeints/addthreeints/srv
[0.533s] -- Up-to-date: /home/shridhar/Workspaces/mrt_ws/Task2/install/addthreeints/include/addthreeints/addthreeints/srv/detail
[0.533s] -- Up-to-date: /home/shridhar/Workspaces/mrt_ws/Task2/install/addthreeints/include/addthreeints/addthreeints/srv/detail/add_three_ints__rosidl_typesupport_fastrtps_c.h
[0.533s] -- Up-to-date: /home/shridhar/Workspaces/mrt_ws/Task2/install/addthreeints/include/addthreeints/addthreeints/msg
[0.533s] -- Up-to-date: /home/shridhar/Workspaces/mrt_ws/Task2/install/addthreeints/include/addthreeints/addthreeints/msg/rosidl_typesupport_fastrtps_c__visibility_control.h
[0.533s] -- Up-to-date: /home/shridhar/Workspaces/mrt_ws/Task2/install/addthreeints/include/addthreeints/addthreeints/msg/detail
[0.533s] -- Up-to-date: /home/shridhar/Workspaces/mrt_ws/Task2/install/addthreeints/include/addthreeints/addthreeints/msg/detail/num__rosidl_typesupport_fastrtps_c.h
[0.533s] -- Up-to-date: /home/shridhar/Workspaces/mrt_ws/Task2/install/addthreeints/include/addthreeints/addthreeints/msg/detail/sphere__rosidl_typesupport_fastrtps_c.h
[0.533s] -- Up-to-date: /home/shridhar/Workspaces/mrt_ws/Task2/install/addthreeints/lib/libaddthreeints__rosidl_typesupport_fastrtps_c.so
[0.533s] -- Up-to-date: /home/shridhar/Workspaces/mrt_ws/Task2/install/addthreeints/include/addthreeints/addthreeints
[0.533s] -- Up-to-date: /home/shridhar/Workspaces/mrt_ws/Task2/install/addthreeints/include/addthreeints/addthreeints/srv
[0.534s] -- Up-to-date: /home/shridhar/Workspaces/mrt_ws/Task2/install/addthreeints/include/addthreeints/addthreeints/srv/add_three_ints.hpp
[0.534s] -- Up-to-date: /home/shridhar/Workspaces/mrt_ws/Task2/install/addthreeints/include/addthreeints/addthreeints/srv/detail
[0.534s] -- Up-to-date: /home/shridhar/Workspaces/mrt_ws/Task2/install/addthreeints/include/addthreeints/addthreeints/srv/detail/add_three_ints__builder.hpp
[0.534s] -- Up-to-date: /home/shridhar/Workspaces/mrt_ws/Task2/install/addthreeints/include/addthreeints/addthreeints/srv/detail/add_three_ints__struct.hpp
[0.534s] -- Up-to-date: /home/shridhar/Workspaces/mrt_ws/Task2/install/addthreeints/include/addthreeints/addthreeints/srv/detail/add_three_ints__traits.hpp
[0.534s] -- Up-to-date: /home/shridhar/Workspaces/mrt_ws/Task2/install/addthreeints/include/addthreeints/addthreeints/msg
[0.534s] -- Up-to-date: /home/shridhar/Workspaces/mrt_ws/Task2/install/addthreeints/include/addthreeints/addthreeints/msg/sphere.hpp
[0.534s] -- Up-to-date: /home/shridhar/Workspaces/mrt_ws/Task2/install/addthreeints/include/addthreeints/addthreeints/msg/num.hpp
[0.534s] -- Up-to-date: /home/shridhar/Workspaces/mrt_ws/Task2/install/addthreeints/include/addthreeints/addthreeints/msg/detail
[0.534s] -- Up-to-date: /home/shridhar/Workspaces/mrt_ws/Task2/install/addthreeints/include/addthreeints/addthreeints/msg/detail/num__struct.hpp
[0.535s] -- Up-to-date: /home/shridhar/Workspaces/mrt_ws/Task2/install/addthreeints/include/addthreeints/addthreeints/msg/detail/num__traits.hpp
[0.535s] -- Up-to-date: /home/shridhar/Workspaces/mrt_ws/Task2/install/addthreeints/include/addthreeints/addthreeints/msg/detail/sphere__struct.hpp
[0.535s] -- Up-to-date: /home/shridhar/Workspaces/mrt_ws/Task2/install/addthreeints/include/addthreeints/addthreeints/msg/detail/sphere__builder.hpp
[0.535s] -- Up-to-date: /home/shridhar/Workspaces/mrt_ws/Task2/install/addthreeints/include/addthreeints/addthreeints/msg/detail/sphere__traits.hpp
[0.535s] -- Up-to-date: /home/shridhar/Workspaces/mrt_ws/Task2/install/addthreeints/include/addthreeints/addthreeints/msg/detail/num__builder.hpp
[0.535s] -- Up-to-date: /home/shridhar/Workspaces/mrt_ws/Task2/install/addthreeints/include/addthreeints/addthreeints
[0.535s] -- Up-to-date: /home/shridhar/Workspaces/mrt_ws/Task2/install/addthreeints/include/addthreeints/addthreeints/srv
[0.535s] -- Up-to-date: /home/shridhar/Workspaces/mrt_ws/Task2/install/addthreeints/include/addthreeints/addthreeints/srv/detail
[0.535s] -- Up-to-date: /home/shridhar/Workspaces/mrt_ws/Task2/install/addthreeints/include/addthreeints/addthreeints/srv/detail/add_three_ints__rosidl_typesupport_fastrtps_cpp.hpp
[0.535s] -- Up-to-date: /home/shridhar/Workspaces/mrt_ws/Task2/install/addthreeints/include/addthreeints/addthreeints/srv/detail/dds_fastrtps
[0.535s] -- Up-to-date: /home/shridhar/Workspaces/mrt_ws/Task2/install/addthreeints/include/addthreeints/addthreeints/msg
[0.535s] -- Up-to-date: /home/shridhar/Workspaces/mrt_ws/Task2/install/addthreeints/include/addthreeints/addthreeints/msg/rosidl_typesupport_fastrtps_cpp__visibility_control.h
[0.535s] -- Up-to-date: /home/shridhar/Workspaces/mrt_ws/Task2/install/addthreeints/include/addthreeints/addthreeints/msg/detail
[0.536s] -- Up-to-date: /home/shridhar/Workspaces/mrt_ws/Task2/install/addthreeints/include/addthreeints/addthreeints/msg/detail/sphere__rosidl_typesupport_fastrtps_cpp.hpp
[0.536s] -- Up-to-date: /home/shridhar/Workspaces/mrt_ws/Task2/install/addthreeints/include/addthreeints/addthreeints/msg/detail/num__rosidl_typesupport_fastrtps_cpp.hpp
[0.536s] -- Up-to-date: /home/shridhar/Workspaces/mrt_ws/Task2/install/addthreeints/include/addthreeints/addthreeints/msg/detail/dds_fastrtps
[0.536s] -- Up-to-date: /home/shridhar/Workspaces/mrt_ws/Task2/install/addthreeints/lib/libaddthreeints__rosidl_typesupport_fastrtps_cpp.so
[0.536s] -- Up-to-date: /home/shridhar/Workspaces/mrt_ws/Task2/install/addthreeints/include/addthreeints/addthreeints
[0.536s] -- Up-to-date: /home/shridhar/Workspaces/mrt_ws/Task2/install/addthreeints/include/addthreeints/addthreeints/srv
[0.536s] -- Up-to-date: /home/shridhar/Workspaces/mrt_ws/Task2/install/addthreeints/include/addthreeints/addthreeints/srv/detail
[0.536s] -- Up-to-date: /home/shridhar/Workspaces/mrt_ws/Task2/install/addthreeints/include/addthreeints/addthreeints/srv/detail/add_three_ints__rosidl_typesupport_introspection_c.h
[0.536s] -- Up-to-date: /home/shridhar/Workspaces/mrt_ws/Task2/install/addthreeints/include/addthreeints/addthreeints/srv/detail/add_three_ints__type_support.c
[0.536s] -- Up-to-date: /home/shridhar/Workspaces/mrt_ws/Task2/install/addthreeints/include/addthreeints/addthreeints/msg
[0.536s] -- Up-to-date: /home/shridhar/Workspaces/mrt_ws/Task2/install/addthreeints/include/addthreeints/addthreeints/msg/detail
[0.536s] -- Up-to-date: /home/shridhar/Workspaces/mrt_ws/Task2/install/addthreeints/include/addthreeints/addthreeints/msg/detail/num__type_support.c
[0.536s] -- Up-to-date: /home/shridhar/Workspaces/mrt_ws/Task2/install/addthreeints/include/addthreeints/addthreeints/msg/detail/sphere__type_support.c
[0.537s] -- Up-to-date: /home/shridhar/Workspaces/mrt_ws/Task2/install/addthreeints/include/addthreeints/addthreeints/msg/detail/num__rosidl_typesupport_introspection_c.h
[0.537s] -- Up-to-date: /home/shridhar/Workspaces/mrt_ws/Task2/install/addthreeints/include/addthreeints/addthreeints/msg/detail/sphere__rosidl_typesupport_introspection_c.h
[0.537s] -- Up-to-date: /home/shridhar/Workspaces/mrt_ws/Task2/install/addthreeints/include/addthreeints/addthreeints/msg/rosidl_typesupport_introspection_c__visibility_control.h
[0.537s] -- Up-to-date: /home/shridhar/Workspaces/mrt_ws/Task2/install/addthreeints/lib/libaddthreeints__rosidl_typesupport_introspection_c.so
[0.537s] -- Up-to-date: /home/shridhar/Workspaces/mrt_ws/Task2/install/addthreeints/lib/libaddthreeints__rosidl_typesupport_c.so
[0.537s] -- Up-to-date: /home/shridhar/Workspaces/mrt_ws/Task2/install/addthreeints/include/addthreeints/addthreeints
[0.537s] -- Up-to-date: /home/shridhar/Workspaces/mrt_ws/Task2/install/addthreeints/include/addthreeints/addthreeints/srv
[0.537s] -- Up-to-date: /home/shridhar/Workspaces/mrt_ws/Task2/install/addthreeints/include/addthreeints/addthreeints/srv/detail
[0.537s] -- Up-to-date: /home/shridhar/Workspaces/mrt_ws/Task2/install/addthreeints/include/addthreeints/addthreeints/srv/detail/add_three_ints__type_support.cpp
[0.537s] -- Up-to-date: /home/shridhar/Workspaces/mrt_ws/Task2/install/addthreeints/include/addthreeints/addthreeints/srv/detail/add_three_ints__rosidl_typesupport_introspection_cpp.hpp
[0.537s] -- Up-to-date: /home/shridhar/Workspaces/mrt_ws/Task2/install/addthreeints/include/addthreeints/addthreeints/msg
[0.537s] -- Up-to-date: /home/shridhar/Workspaces/mrt_ws/Task2/install/addthreeints/include/addthreeints/addthreeints/msg/detail
[0.537s] -- Up-to-date: /home/shridhar/Workspaces/mrt_ws/Task2/install/addthreeints/include/addthreeints/addthreeints/msg/detail/sphere__rosidl_typesupport_introspection_cpp.hpp
[0.537s] -- Up-to-date: /home/shridhar/Workspaces/mrt_ws/Task2/install/addthreeints/include/addthreeints/addthreeints/msg/detail/num__rosidl_typesupport_introspection_cpp.hpp
[0.538s] -- Up-to-date: /home/shridhar/Workspaces/mrt_ws/Task2/install/addthreeints/include/addthreeints/addthreeints/msg/detail/sphere__type_support.cpp
[0.538s] -- Up-to-date: /home/shridhar/Workspaces/mrt_ws/Task2/install/addthreeints/include/addthreeints/addthreeints/msg/detail/num__type_support.cpp
[0.538s] -- Up-to-date: /home/shridhar/Workspaces/mrt_ws/Task2/install/addthreeints/lib/libaddthreeints__rosidl_typesupport_introspection_cpp.so
[0.538s] -- Up-to-date: /home/shridhar/Workspaces/mrt_ws/Task2/install/addthreeints/lib/libaddthreeints__rosidl_typesupport_cpp.so
[0.538s] -- Up-to-date: /home/shridhar/Workspaces/mrt_ws/Task2/install/addthreeints/share/addthreeints/environment/pythonpath.sh
[0.538s] -- Up-to-date: /home/shridhar/Workspaces/mrt_ws/Task2/install/addthreeints/share/addthreeints/environment/pythonpath.dsv
[0.538s] -- Up-to-date: /home/shridhar/Workspaces/mrt_ws/Task2/install/addthreeints/local/lib/python3.10/dist-packages/addthreeints-0.0.0-py3.10.egg-info
[0.538s] -- Installing: /home/shridhar/Workspaces/mrt_ws/Task2/install/addthreeints/local/lib/python3.10/dist-packages/addthreeints-0.0.0-py3.10.egg-info/top_level.txt
[0.538s] -- Installing: /home/shridhar/Workspaces/mrt_ws/Task2/install/addthreeints/local/lib/python3.10/dist-packages/addthreeints-0.0.0-py3.10.egg-info/dependency_links.txt
[0.538s] -- Installing: /home/shridhar/Workspaces/mrt_ws/Task2/install/addthreeints/local/lib/python3.10/dist-packages/addthreeints-0.0.0-py3.10.egg-info/PKG-INFO
[0.538s] -- Installing: /home/shridhar/Workspaces/mrt_ws/Task2/install/addthreeints/local/lib/python3.10/dist-packages/addthreeints-0.0.0-py3.10.egg-info/SOURCES.txt
[0.538s] -- Up-to-date: /home/shridhar/Workspaces/mrt_ws/Task2/install/addthreeints/local/lib/python3.10/dist-packages/addthreeints
[0.538s] -- Up-to-date: /home/shridhar/Workspaces/mrt_ws/Task2/install/addthreeints/local/lib/python3.10/dist-packages/addthreeints/addthreeints_s__rosidl_typesupport_fastrtps_c.cpython-310-x86_64-linux-gnu.so
[0.538s] -- Up-to-date: /home/shridhar/Workspaces/mrt_ws/Task2/install/addthreeints/local/lib/python3.10/dist-packages/addthreeints/srv
[0.538s] -- Up-to-date: /home/shridhar/Workspaces/mrt_ws/Task2/install/addthreeints/local/lib/python3.10/dist-packages/addthreeints/srv/_add_three_ints.py
[0.539s] -- Up-to-date: /home/shridhar/Workspaces/mrt_ws/Task2/install/addthreeints/local/lib/python3.10/dist-packages/addthreeints/srv/__init__.py
[0.539s] -- Up-to-date: /home/shridhar/Workspaces/mrt_ws/Task2/install/addthreeints/local/lib/python3.10/dist-packages/addthreeints/srv/_add_three_ints_s.c
[0.539s] -- Up-to-date: /home/shridhar/Workspaces/mrt_ws/Task2/install/addthreeints/local/lib/python3.10/dist-packages/addthreeints/_addthreeints_s.ep.rosidl_typesupport_c.c
[0.539s] -- Up-to-date: /home/shridhar/Workspaces/mrt_ws/Task2/install/addthreeints/local/lib/python3.10/dist-packages/addthreeints/libaddthreeints__rosidl_generator_py.so
[0.539s] -- Up-to-date: /home/shridhar/Workspaces/mrt_ws/Task2/install/addthreeints/local/lib/python3.10/dist-packages/addthreeints/addthreeints_s__rosidl_typesupport_introspection_c.cpython-310-x86_64-linux-gnu.so
[0.539s] -- Up-to-date: /home/shridhar/Workspaces/mrt_ws/Task2/install/addthreeints/local/lib/python3.10/dist-packages/addthreeints/msg
[0.539s] -- Up-to-date: /home/shridhar/Workspaces/mrt_ws/Task2/install/addthreeints/local/lib/python3.10/dist-packages/addthreeints/msg/_sphere_s.c
[0.539s] -- Up-to-date: /home/shridhar/Workspaces/mrt_ws/Task2/install/addthreeints/local/lib/python3.10/dist-packages/addthreeints/msg/_num_s.c
[0.539s] -- Up-to-date: /home/shridhar/Workspaces/mrt_ws/Task2/install/addthreeints/local/lib/python3.10/dist-packages/addthreeints/msg/__init__.py
[0.539s] -- Up-to-date: /home/shridhar/Workspaces/mrt_ws/Task2/install/addthreeints/local/lib/python3.10/dist-packages/addthreeints/msg/_num.py
[0.539s] -- Up-to-date: /home/shridhar/Workspaces/mrt_ws/Task2/install/addthreeints/local/lib/python3.10/dist-packages/addthreeints/msg/_sphere.py
[0.539s] -- Up-to-date: /home/shridhar/Workspaces/mrt_ws/Task2/install/addthreeints/local/lib/python3.10/dist-packages/addthreeints/_addthreeints_s.ep.rosidl_typesupport_introspection_c.c
[0.539s] -- Up-to-date: /home/shridhar/Workspaces/mrt_ws/Task2/install/addthreeints/local/lib/python3.10/dist-packages/addthreeints/__init__.py
[0.539s] -- Up-to-date: /home/shridhar/Workspaces/mrt_ws/Task2/install/addthreeints/local/lib/python3.10/dist-packages/addthreeints/addthreeints_s__rosidl_typesupport_c.cpython-310-x86_64-linux-gnu.so
[0.539s] -- Up-to-date: /home/shridhar/Workspaces/mrt_ws/Task2/install/addthreeints/local/lib/python3.10/dist-packages/addthreeints/_addthreeints_s.ep.rosidl_typesupport_fastrtps_c.c
[0.574s] Listing '/home/shridhar/Workspaces/mrt_ws/Task2/install/addthreeints/local/lib/python3.10/dist-packages/addthreeints'...
[0.574s] Listing '/home/shridhar/Workspaces/mrt_ws/Task2/install/addthreeints/local/lib/python3.10/dist-packages/addthreeints/msg'...
[0.574s] Listing '/home/shridhar/Workspaces/mrt_ws/Task2/install/addthreeints/local/lib/python3.10/dist-packages/addthreeints/srv'...
[0.578s] -- Up-to-date: /home/shridhar/Workspaces/mrt_ws/Task2/install/addthreeints/local/lib/python3.10/dist-packages/addthreeints/addthreeints_s__rosidl_typesupport_fastrtps_c.cpython-310-x86_64-linux-gnu.so
[0.579s] -- Up-to-date: /home/shridhar/Workspaces/mrt_ws/Task2/install/addthreeints/local/lib/python3.10/dist-packages/addthreeints/addthreeints_s__rosidl_typesupport_introspection_c.cpython-310-x86_64-linux-gnu.so
[0.579s] -- Up-to-date: /home/shridhar/Workspaces/mrt_ws/Task2/install/addthreeints/local/lib/python3.10/dist-packages/addthreeints/addthreeints_s__rosidl_typesupport_c.cpython-310-x86_64-linux-gnu.so
[0.579s] -- Up-to-date: /home/shridhar/Workspaces/mrt_ws/Task2/install/addthreeints/lib/libaddthreeints__rosidl_generator_py.so
[0.579s] -- Up-to-date: /home/shridhar/Workspaces/mrt_ws/Task2/install/addthreeints/share/addthreeints/msg/Num.idl
[0.579s] -- Up-to-date: /home/shridhar/Workspaces/mrt_ws/Task2/install/addthreeints/share/addthreeints/msg/Sphere.idl
[0.580s] -- Up-to-date: /home/shridhar/Workspaces/mrt_ws/Task2/install/addthreeints/share/addthreeints/srv/AddThreeInts.idl
[0.580s] -- Up-to-date: /home/shridhar/Workspaces/mrt_ws/Task2/install/addthreeints/share/addthreeints/msg/Num.msg
[0.580s] -- Up-to-date: /home/shridhar/Workspaces/mrt_ws/Task2/install/addthreeints/share/addthreeints/msg/Sphere.msg
[0.580s] -- Up-to-date: /home/shridhar/Workspaces/mrt_ws/Task2/install/addthreeints/share/addthreeints/srv/AddThreeInts.srv
[0.580s] -- Up-to-date: /home/shridhar/Workspaces/mrt_ws/Task2/install/addthreeints/share/addthreeints/srv/AddThreeInts_Request.msg
[0.580s] -- Up-to-date: /home/shridhar/Workspaces/mrt_ws/Task2/install/addthreeints/share/addthreeints/srv/AddThreeInts_Response.msg
[0.580s] -- Up-to-date: /home/shridhar/Workspaces/mrt_ws/Task2/install/addthreeints/share/ament_index/resource_index/package_run_dependencies/addthreeints
[0.580s] -- Up-to-date: /home/shridhar/Workspaces/mrt_ws/Task2/install/addthreeints/share/ament_index/resource_index/parent_prefix_path/addthreeints
[0.580s] -- Up-to-date: /home/shridhar/Workspaces/mrt_ws/Task2/install/addthreeints/share/addthreeints/environment/ament_prefix_path.sh
[0.580s] -- Up-to-date: /home/shridhar/Workspaces/mrt_ws/Task2/install/addthreeints/share/addthreeints/environment/ament_prefix_path.dsv
[0.580s] -- Up-to-date: /home/shridhar/Workspaces/mrt_ws/Task2/install/addthreeints/share/addthreeints/environment/path.sh
[0.580s] -- Up-to-date: /home/shridhar/Workspaces/mrt_ws/Task2/install/addthreeints/share/addthreeints/environment/path.dsv
[0.580s] -- Up-to-date: /home/shridhar/Workspaces/mrt_ws/Task2/install/addthreeints/share/addthreeints/local_setup.bash
[0.580s] -- Up-to-date: /home/shridhar/Workspaces/mrt_ws/Task2/install/addthreeints/share/addthreeints/local_setup.sh
[0.581s] -- Up-to-date: /home/shridhar/Workspaces/mrt_ws/Task2/install/addthreeints/share/addthreeints/local_setup.zsh
[0.581s] -- Up-to-date: /home/shridhar/Workspaces/mrt_ws/Task2/install/addthreeints/share/addthreeints/local_setup.dsv
[0.581s] -- Installing: /home/shridhar/Workspaces/mrt_ws/Task2/install/addthreeints/share/addthreeints/package.dsv
[0.581s] -- Up-to-date: /home/shridhar/Workspaces/mrt_ws/Task2/install/addthreeints/share/ament_index/resource_index/packages/addthreeints
[0.581s] -- Up-to-date: /home/shridhar/Workspaces/mrt_ws/Task2/install/addthreeints/share/addthreeints/cmake/export_addthreeints__rosidl_generator_cExport.cmake
[0.581s] -- Up-to-date: /home/shridhar/Workspaces/mrt_ws/Task2/install/addthreeints/share/addthreeints/cmake/export_addthreeints__rosidl_generator_cExport-noconfig.cmake
[0.581s] -- Up-to-date: /home/shridhar/Workspaces/mrt_ws/Task2/install/addthreeints/share/addthreeints/cmake/export_addthreeints__rosidl_typesupport_fastrtps_cExport.cmake
[0.581s] -- Up-to-date: /home/shridhar/Workspaces/mrt_ws/Task2/install/addthreeints/share/addthreeints/cmake/export_addthreeints__rosidl_typesupport_fastrtps_cExport-noconfig.cmake
[0.581s] -- Up-to-date: /home/shridhar/Workspaces/mrt_ws/Task2/install/addthreeints/share/addthreeints/cmake/export_addthreeints__rosidl_generator_cppExport.cmake
[0.581s] -- Up-to-date: /home/shridhar/Workspaces/mrt_ws/Task2/install/addthreeints/share/addthreeints/cmake/export_addthreeints__rosidl_typesupport_fastrtps_cppExport.cmake
[0.581s] -- Up-to-date: /home/shridhar/Workspaces/mrt_ws/Task2/install/addthreeints/share/addthreeints/cmake/export_addthreeints__rosidl_typesupport_fastrtps_cppExport-noconfig.cmake
[0.581s] -- Up-to-date: /home/shridhar/Workspaces/mrt_ws/Task2/install/addthreeints/share/addthreeints/cmake/addthreeints__rosidl_typesupport_introspection_cExport.cmake
[0.581s] -- Up-to-date: /home/shridhar/Workspaces/mrt_ws/Task2/install/addthreeints/share/addthreeints/cmake/addthreeints__rosidl_typesupport_introspection_cExport-noconfig.cmake
[0.582s] -- Up-to-date: /home/shridhar/Workspaces/mrt_ws/Task2/install/addthreeints/share/addthreeints/cmake/addthreeints__rosidl_typesupport_cExport.cmake
[0.582s] -- Up-to-date: /home/shridhar/Workspaces/mrt_ws/Task2/install/addthreeints/share/addthreeints/cmake/addthreeints__rosidl_typesupport_cExport-noconfig.cmake
[0.582s] -- Up-to-date: /home/shridhar/Workspaces/mrt_ws/Task2/install/addthreeints/share/addthreeints/cmake/addthreeints__rosidl_typesupport_introspection_cppExport.cmake
[0.582s] -- Up-to-date: /home/shridhar/Workspaces/mrt_ws/Task2/install/addthreeints/share/addthreeints/cmake/addthreeints__rosidl_typesupport_introspection_cppExport-noconfig.cmake
[0.582s] -- Up-to-date: /home/shridhar/Workspaces/mrt_ws/Task2/install/addthreeints/share/addthreeints/cmake/addthreeints__rosidl_typesupport_cppExport.cmake
[0.582s] -- Up-to-date: /home/shridhar/Workspaces/mrt_ws/Task2/install/addthreeints/share/addthreeints/cmake/addthreeints__rosidl_typesupport_cppExport-noconfig.cmake
[0.582s] -- Up-to-date: /home/shridhar/Workspaces/mrt_ws/Task2/install/addthreeints/share/addthreeints/cmake/export_addthreeints__rosidl_generator_pyExport.cmake
[0.582s] -- Up-to-date: /home/shridhar/Workspaces/mrt_ws/Task2/install/addthreeints/share/addthreeints/cmake/export_addthreeints__rosidl_generator_pyExport-noconfig.cmake
[0.582s] -- Up-to-date: /home/shridhar/Workspaces/mrt_ws/Task2/install/addthreeints/share/addthreeints/cmake/rosidl_cmake-extras.cmake
[0.582s] -- Up-to-date: /home/shridhar/Workspaces/mrt_ws/Task2/install/addthreeints/share/addthreeints/cmake/ament_cmake_export_dependencies-extras.cmake
[0.582s] -- Up-to-date: /home/shridhar/Workspaces/mrt_ws/Task2/install/addthreeints/share/addthreeints/cmake/ament_cmake_export_include_directories-extras.cmake
[0.582s] -- Up-to-date: /home/shridhar/Workspaces/mrt_ws/Task2/install/addthreeints/share/addthreeints/cmake/ament_cmake_export_libraries-extras.cmake
[0.582s] -- Up-to-date: /home/shridhar/Workspaces/mrt_ws/Task2/install/addthreeints/share/addthreeints/cmake/ament_cmake_export_targets-extras.cmake
[0.582s] -- Up-to-date: /home/shridhar/Workspaces/mrt_ws/Task2/install/addthreeints/share/addthreeints/cmake/rosidl_cmake_export_typesupport_targets-extras.cmake
[0.582s] -- Up-to-date: /home/shridhar/Workspaces/mrt_ws/Task2/install/addthreeints/share/addthreeints/cmake/rosidl_cmake_export_typesupport_libraries-extras.cmake
[0.582s] -- Up-to-date: /home/shridhar/Workspaces/mrt_ws/Task2/install/addthreeints/share/addthreeints/cmake/addthreeintsConfig.cmake
[0.582s] -- Up-to-date: /home/shridhar/Workspaces/mrt_ws/Task2/install/addthreeints/share/addthreeints/cmake/addthreeintsConfig-version.cmake
[0.582s] -- Up-to-date: /home/shridhar/Workspaces/mrt_ws/Task2/install/addthreeints/share/addthreeints/package.xml
[0.585s] Invoked command in '/home/shridhar/Workspaces/mrt_ws/Task2/build/addthreeints' returned '0': CMAKE_PREFIX_PATH=${CMAKE_PREFIX_PATH}:/home/shridhar/Workspaces/mrt_ws/Task2/install/serveradd:/opt/ros/humble /usr/bin/cmake --install /home/shridhar/Workspaces/mrt_ws/Task2/build/addthreeints
