[0.015s] Invoking command in '/home/shridhar/Documents/ROSrevision/Task4/build/arucosrvmsg': CMAKE_PREFIX_PATH=${CMAKE_PREFIX_PATH}:/home/shridhar/Documents/ROSrevision/Task4/install/arucoserver:/opt/ros/humble /usr/bin/cmake --build /home/shridhar/Documents/ROSrevision/Task4/build/arucosrvmsg -- -j22 -l22
[0.076s] [ 10%] Built target arucosrvmsg__rosidl_generator_c
[0.076s] [ 12%] Built target arucosrvmsg__cpp
[0.087s] [ 12%] Built target ament_cmake_python_copy_arucosrvmsg
[0.100s] [ 23%] Built target arucosrvmsg__rosidl_typesupport_introspection_c
[0.100s] [ 33%] Built target arucosrvmsg__rosidl_typesupport_fastrtps_c
[0.100s] [ 46%] Built target arucosrvmsg__rosidl_typesupport_introspection_cpp
[0.100s] [ 53%] Built target arucosrvmsg__rosidl_typesupport_c
[0.101s] [ 64%] Built target arucosrvmsg__rosidl_typesupport_fastrtps_cpp
[0.102s] [ 74%] Built target arucosrvmsg__rosidl_typesupport_cpp
[0.129s] [ 74%] Built target arucosrvmsg
[0.155s] [ 76%] Built target arucosrvmsg__py
[0.181s] [ 84%] Built target arucosrvmsg__rosidl_generator_py
[0.212s] [ 89%] Built target arucosrvmsg__rosidl_typesupport_introspection_c__pyext
[0.212s] [ 94%] Built target arucosrvmsg__rosidl_typesupport_c__pyext
[0.213s] [100%] Built target arucosrvmsg__rosidl_typesupport_fastrtps_c__pyext
[0.344s] running egg_info
[0.344s] writing arucosrvmsg.egg-info/PKG-INFO
[0.344s] writing dependency_links to arucosrvmsg.egg-info/dependency_links.txt
[0.344s] writing top-level names to arucosrvmsg.egg-info/top_level.txt
[0.347s] reading manifest file 'arucosrvmsg.egg-info/SOURCES.txt'
[0.347s] writing manifest file 'arucosrvmsg.egg-info/SOURCES.txt'
[0.385s] [100%] Built target ament_cmake_python_build_arucosrvmsg_egg
[0.398s] Invoked command in '/home/shridhar/Documents/ROSrevision/Task4/build/arucosrvmsg' returned '0': CMAKE_PREFIX_PATH=${CMAKE_PREFIX_PATH}:/home/shridhar/Documents/ROSrevision/Task4/install/arucoserver:/opt/ros/humble /usr/bin/cmake --build /home/shridhar/Documents/ROSrevision/Task4/build/arucosrvmsg -- -j22 -l22
[0.502s] Invoking command in '/home/shridhar/Documents/ROSrevision/Task4/build/arucosrvmsg': CMAKE_PREFIX_PATH=${CMAKE_PREFIX_PATH}:/home/shridhar/Documents/ROSrevision/Task4/install/arucoserver:/opt/ros/humble /usr/bin/cmake --install /home/shridhar/Documents/ROSrevision/Task4/build/arucosrvmsg
[0.512s] -- Install configuration: ""
[0.512s] -- Up-to-date: /home/shridhar/Documents/ROSrevision/Task4/install/arucosrvmsg/share/ament_index/resource_index/rosidl_interfaces/arucosrvmsg
[0.513s] -- Up-to-date: /home/shridhar/Documents/ROSrevision/Task4/install/arucosrvmsg/include/arucosrvmsg/arucosrvmsg
[0.513s] -- Up-to-date: /home/shridhar/Documents/ROSrevision/Task4/install/arucosrvmsg/include/arucosrvmsg/arucosrvmsg/srv
[0.513s] -- Up-to-date: /home/shridhar/Documents/ROSrevision/Task4/install/arucosrvmsg/include/arucosrvmsg/arucosrvmsg/srv/detail
[0.513s] -- Up-to-date: /home/shridhar/Documents/ROSrevision/Task4/install/arucosrvmsg/include/arucosrvmsg/arucosrvmsg/srv/detail/service__functions.h
[0.513s] -- Up-to-date: /home/shridhar/Documents/ROSrevision/Task4/install/arucosrvmsg/include/arucosrvmsg/arucosrvmsg/srv/detail/service__type_support.h
[0.513s] -- Up-to-date: /home/shridhar/Documents/ROSrevision/Task4/install/arucosrvmsg/include/arucosrvmsg/arucosrvmsg/srv/detail/service__struct.h
[0.513s] -- Up-to-date: /home/shridhar/Documents/ROSrevision/Task4/install/arucosrvmsg/include/arucosrvmsg/arucosrvmsg/srv/detail/service__functions.c
[0.514s] -- Up-to-date: /home/shridhar/Documents/ROSrevision/Task4/install/arucosrvmsg/include/arucosrvmsg/arucosrvmsg/srv/service.h
[0.514s] -- Up-to-date: /home/shridhar/Documents/ROSrevision/Task4/install/arucosrvmsg/include/arucosrvmsg/arucosrvmsg/msg
[0.514s] -- Up-to-date: /home/shridhar/Documents/ROSrevision/Task4/install/arucosrvmsg/include/arucosrvmsg/arucosrvmsg/msg/rosidl_generator_c__visibility_control.h
[0.514s] -- Up-to-date: /home/shridhar/Documents/ROSrevision/Task4/install/arucosrvmsg/include/arucosrvmsg/arucosrvmsg/msg/markers.h
[0.514s] -- Up-to-date: /home/shridhar/Documents/ROSrevision/Task4/install/arucosrvmsg/include/arucosrvmsg/arucosrvmsg/msg/detail
[0.514s] -- Up-to-date: /home/shridhar/Documents/ROSrevision/Task4/install/arucosrvmsg/include/arucosrvmsg/arucosrvmsg/msg/detail/markers__functions.c
[0.514s] -- Up-to-date: /home/shridhar/Documents/ROSrevision/Task4/install/arucosrvmsg/include/arucosrvmsg/arucosrvmsg/msg/detail/markers__struct.h
[0.514s] -- Up-to-date: /home/shridhar/Documents/ROSrevision/Task4/install/arucosrvmsg/include/arucosrvmsg/arucosrvmsg/msg/detail/markers__type_support.h
[0.514s] -- Up-to-date: /home/shridhar/Documents/ROSrevision/Task4/install/arucosrvmsg/include/arucosrvmsg/arucosrvmsg/msg/detail/markers__functions.h
[0.514s] -- Up-to-date: /home/shridhar/Documents/ROSrevision/Task4/install/arucosrvmsg/share/arucosrvmsg/environment/library_path.sh
[0.515s] -- Up-to-date: /home/shridhar/Documents/ROSrevision/Task4/install/arucosrvmsg/share/arucosrvmsg/environment/library_path.dsv
[0.515s] -- Up-to-date: /home/shridhar/Documents/ROSrevision/Task4/install/arucosrvmsg/lib/libarucosrvmsg__rosidl_generator_c.so
[0.515s] -- Up-to-date: /home/shridhar/Documents/ROSrevision/Task4/install/arucosrvmsg/include/arucosrvmsg/arucosrvmsg
[0.515s] -- Up-to-date: /home/shridhar/Documents/ROSrevision/Task4/install/arucosrvmsg/include/arucosrvmsg/arucosrvmsg/srv
[0.515s] -- Up-to-date: /home/shridhar/Documents/ROSrevision/Task4/install/arucosrvmsg/include/arucosrvmsg/arucosrvmsg/srv/detail
[0.515s] -- Up-to-date: /home/shridhar/Documents/ROSrevision/Task4/install/arucosrvmsg/include/arucosrvmsg/arucosrvmsg/srv/detail/service__rosidl_typesupport_fastrtps_c.h
[0.515s] -- Up-to-date: /home/shridhar/Documents/ROSrevision/Task4/install/arucosrvmsg/include/arucosrvmsg/arucosrvmsg/msg
[0.515s] -- Up-to-date: /home/shridhar/Documents/ROSrevision/Task4/install/arucosrvmsg/include/arucosrvmsg/arucosrvmsg/msg/rosidl_typesupport_fastrtps_c__visibility_control.h
[0.515s] -- Up-to-date: /home/shridhar/Documents/ROSrevision/Task4/install/arucosrvmsg/include/arucosrvmsg/arucosrvmsg/msg/detail
[0.515s] -- Up-to-date: /home/shridhar/Documents/ROSrevision/Task4/install/arucosrvmsg/include/arucosrvmsg/arucosrvmsg/msg/detail/markers__rosidl_typesupport_fastrtps_c.h
[0.516s] -- Up-to-date: /home/shridhar/Documents/ROSrevision/Task4/install/arucosrvmsg/lib/libarucosrvmsg__rosidl_typesupport_fastrtps_c.so
[0.516s] -- Up-to-date: /home/shridhar/Documents/ROSrevision/Task4/install/arucosrvmsg/include/arucosrvmsg/arucosrvmsg
[0.516s] -- Up-to-date: /home/shridhar/Documents/ROSrevision/Task4/install/arucosrvmsg/include/arucosrvmsg/arucosrvmsg/srv
[0.516s] -- Up-to-date: /home/shridhar/Documents/ROSrevision/Task4/install/arucosrvmsg/include/arucosrvmsg/arucosrvmsg/srv/detail
[0.516s] -- Up-to-date: /home/shridhar/Documents/ROSrevision/Task4/install/arucosrvmsg/include/arucosrvmsg/arucosrvmsg/srv/detail/service__type_support.c
[0.516s] -- Up-to-date: /home/shridhar/Documents/ROSrevision/Task4/install/arucosrvmsg/include/arucosrvmsg/arucosrvmsg/srv/detail/service__rosidl_typesupport_introspection_c.h
[0.516s] -- Up-to-date: /home/shridhar/Documents/ROSrevision/Task4/install/arucosrvmsg/include/arucosrvmsg/arucosrvmsg/msg
[0.517s] -- Up-to-date: /home/shridhar/Documents/ROSrevision/Task4/install/arucosrvmsg/include/arucosrvmsg/arucosrvmsg/msg/detail
[0.517s] -- Up-to-date: /home/shridhar/Documents/ROSrevision/Task4/install/arucosrvmsg/include/arucosrvmsg/arucosrvmsg/msg/detail/markers__type_support.c
[0.517s] -- Up-to-date: /home/shridhar/Documents/ROSrevision/Task4/install/arucosrvmsg/include/arucosrvmsg/arucosrvmsg/msg/detail/markers__rosidl_typesupport_introspection_c.h
[0.517s] -- Up-to-date: /home/shridhar/Documents/ROSrevision/Task4/install/arucosrvmsg/include/arucosrvmsg/arucosrvmsg/msg/rosidl_typesupport_introspection_c__visibility_control.h
[0.517s] -- Up-to-date: /home/shridhar/Documents/ROSrevision/Task4/install/arucosrvmsg/lib/libarucosrvmsg__rosidl_typesupport_introspection_c.so
[0.517s] -- Up-to-date: /home/shridhar/Documents/ROSrevision/Task4/install/arucosrvmsg/lib/libarucosrvmsg__rosidl_typesupport_c.so
[0.517s] -- Up-to-date: /home/shridhar/Documents/ROSrevision/Task4/install/arucosrvmsg/include/arucosrvmsg/arucosrvmsg
[0.517s] -- Up-to-date: /home/shridhar/Documents/ROSrevision/Task4/install/arucosrvmsg/include/arucosrvmsg/arucosrvmsg/srv
[0.517s] -- Up-to-date: /home/shridhar/Documents/ROSrevision/Task4/install/arucosrvmsg/include/arucosrvmsg/arucosrvmsg/srv/detail
[0.517s] -- Up-to-date: /home/shridhar/Documents/ROSrevision/Task4/install/arucosrvmsg/include/arucosrvmsg/arucosrvmsg/srv/detail/service__struct.hpp
[0.518s] -- Up-to-date: /home/shridhar/Documents/ROSrevision/Task4/install/arucosrvmsg/include/arucosrvmsg/arucosrvmsg/srv/detail/service__builder.hpp
[0.518s] -- Up-to-date: /home/shridhar/Documents/ROSrevision/Task4/install/arucosrvmsg/include/arucosrvmsg/arucosrvmsg/srv/detail/service__traits.hpp
[0.518s] -- Up-to-date: /home/shridhar/Documents/ROSrevision/Task4/install/arucosrvmsg/include/arucosrvmsg/arucosrvmsg/srv/service.hpp
[0.518s] -- Up-to-date: /home/shridhar/Documents/ROSrevision/Task4/install/arucosrvmsg/include/arucosrvmsg/arucosrvmsg/msg
[0.518s] -- Up-to-date: /home/shridhar/Documents/ROSrevision/Task4/install/arucosrvmsg/include/arucosrvmsg/arucosrvmsg/msg/markers.hpp
[0.518s] -- Up-to-date: /home/shridhar/Documents/ROSrevision/Task4/install/arucosrvmsg/include/arucosrvmsg/arucosrvmsg/msg/detail
[0.518s] -- Up-to-date: /home/shridhar/Documents/ROSrevision/Task4/install/arucosrvmsg/include/arucosrvmsg/arucosrvmsg/msg/detail/markers__traits.hpp
[0.518s] -- Up-to-date: /home/shridhar/Documents/ROSrevision/Task4/install/arucosrvmsg/include/arucosrvmsg/arucosrvmsg/msg/detail/markers__builder.hpp
[0.518s] -- Up-to-date: /home/shridhar/Documents/ROSrevision/Task4/install/arucosrvmsg/include/arucosrvmsg/arucosrvmsg/msg/detail/markers__struct.hpp
[0.518s] -- Up-to-date: /home/shridhar/Documents/ROSrevision/Task4/install/arucosrvmsg/include/arucosrvmsg/arucosrvmsg
[0.518s] -- Up-to-date: /home/shridhar/Documents/ROSrevision/Task4/install/arucosrvmsg/include/arucosrvmsg/arucosrvmsg/srv
[0.518s] -- Up-to-date: /home/shridhar/Documents/ROSrevision/Task4/install/arucosrvmsg/include/arucosrvmsg/arucosrvmsg/srv/detail
[0.518s] -- Up-to-date: /home/shridhar/Documents/ROSrevision/Task4/install/arucosrvmsg/include/arucosrvmsg/arucosrvmsg/srv/detail/service__rosidl_typesupport_fastrtps_cpp.hpp
[0.518s] -- Up-to-date: /home/shridhar/Documents/ROSrevision/Task4/install/arucosrvmsg/include/arucosrvmsg/arucosrvmsg/srv/detail/dds_fastrtps
[0.519s] -- Up-to-date: /home/shridhar/Documents/ROSrevision/Task4/install/arucosrvmsg/include/arucosrvmsg/arucosrvmsg/msg
[0.519s] -- Up-to-date: /home/shridhar/Documents/ROSrevision/Task4/install/arucosrvmsg/include/arucosrvmsg/arucosrvmsg/msg/rosidl_typesupport_fastrtps_cpp__visibility_control.h
[0.519s] -- Up-to-date: /home/shridhar/Documents/ROSrevision/Task4/install/arucosrvmsg/include/arucosrvmsg/arucosrvmsg/msg/detail
[0.519s] -- Up-to-date: /home/shridhar/Documents/ROSrevision/Task4/install/arucosrvmsg/include/arucosrvmsg/arucosrvmsg/msg/detail/markers__rosidl_typesupport_fastrtps_cpp.hpp
[0.519s] -- Up-to-date: /home/shridhar/Documents/ROSrevision/Task4/install/arucosrvmsg/include/arucosrvmsg/arucosrvmsg/msg/detail/dds_fastrtps
[0.519s] -- Up-to-date: /home/shridhar/Documents/ROSrevision/Task4/install/arucosrvmsg/lib/libarucosrvmsg__rosidl_typesupport_fastrtps_cpp.so
[0.519s] -- Up-to-date: /home/shridhar/Documents/ROSrevision/Task4/install/arucosrvmsg/include/arucosrvmsg/arucosrvmsg
[0.519s] -- Up-to-date: /home/shridhar/Documents/ROSrevision/Task4/install/arucosrvmsg/include/arucosrvmsg/arucosrvmsg/srv
[0.519s] -- Up-to-date: /home/shridhar/Documents/ROSrevision/Task4/install/arucosrvmsg/include/arucosrvmsg/arucosrvmsg/srv/detail
[0.519s] -- Up-to-date: /home/shridhar/Documents/ROSrevision/Task4/install/arucosrvmsg/include/arucosrvmsg/arucosrvmsg/srv/detail/service__rosidl_typesupport_introspection_cpp.hpp
[0.519s] -- Up-to-date: /home/shridhar/Documents/ROSrevision/Task4/install/arucosrvmsg/include/arucosrvmsg/arucosrvmsg/srv/detail/service__type_support.cpp
[0.519s] -- Up-to-date: /home/shridhar/Documents/ROSrevision/Task4/install/arucosrvmsg/include/arucosrvmsg/arucosrvmsg/msg
[0.519s] -- Up-to-date: /home/shridhar/Documents/ROSrevision/Task4/install/arucosrvmsg/include/arucosrvmsg/arucosrvmsg/msg/detail
[0.519s] -- Up-to-date: /home/shridhar/Documents/ROSrevision/Task4/install/arucosrvmsg/include/arucosrvmsg/arucosrvmsg/msg/detail/markers__rosidl_typesupport_introspection_cpp.hpp
[0.519s] -- Up-to-date: /home/shridhar/Documents/ROSrevision/Task4/install/arucosrvmsg/include/arucosrvmsg/arucosrvmsg/msg/detail/markers__type_support.cpp
[0.520s] -- Up-to-date: /home/shridhar/Documents/ROSrevision/Task4/install/arucosrvmsg/lib/libarucosrvmsg__rosidl_typesupport_introspection_cpp.so
[0.520s] -- Up-to-date: /home/shridhar/Documents/ROSrevision/Task4/install/arucosrvmsg/lib/libarucosrvmsg__rosidl_typesupport_cpp.so
[0.520s] -- Up-to-date: /home/shridhar/Documents/ROSrevision/Task4/install/arucosrvmsg/share/arucosrvmsg/environment/pythonpath.sh
[0.520s] -- Up-to-date: /home/shridhar/Documents/ROSrevision/Task4/install/arucosrvmsg/share/arucosrvmsg/environment/pythonpath.dsv
[0.520s] -- Up-to-date: /home/shridhar/Documents/ROSrevision/Task4/install/arucosrvmsg/local/lib/python3.10/dist-packages/arucosrvmsg-0.0.0-py3.10.egg-info
[0.520s] -- Installing: /home/shridhar/Documents/ROSrevision/Task4/install/arucosrvmsg/local/lib/python3.10/dist-packages/arucosrvmsg-0.0.0-py3.10.egg-info/top_level.txt
[0.520s] -- Installing: /home/shridhar/Documents/ROSrevision/Task4/install/arucosrvmsg/local/lib/python3.10/dist-packages/arucosrvmsg-0.0.0-py3.10.egg-info/dependency_links.txt
[0.520s] -- Installing: /home/shridhar/Documents/ROSrevision/Task4/install/arucosrvmsg/local/lib/python3.10/dist-packages/arucosrvmsg-0.0.0-py3.10.egg-info/PKG-INFO
[0.520s] -- Installing: /home/shridhar/Documents/ROSrevision/Task4/install/arucosrvmsg/local/lib/python3.10/dist-packages/arucosrvmsg-0.0.0-py3.10.egg-info/SOURCES.txt
[0.520s] -- Up-to-date: /home/shridhar/Documents/ROSrevision/Task4/install/arucosrvmsg/local/lib/python3.10/dist-packages/arucosrvmsg
[0.520s] -- Up-to-date: /home/shridhar/Documents/ROSrevision/Task4/install/arucosrvmsg/local/lib/python3.10/dist-packages/arucosrvmsg/libarucosrvmsg__rosidl_generator_py.so
[0.520s] -- Up-to-date: /home/shridhar/Documents/ROSrevision/Task4/install/arucosrvmsg/local/lib/python3.10/dist-packages/arucosrvmsg/srv
[0.520s] -- Up-to-date: /home/shridhar/Documents/ROSrevision/Task4/install/arucosrvmsg/local/lib/python3.10/dist-packages/arucosrvmsg/srv/_service.py
[0.520s] -- Up-to-date: /home/shridhar/Documents/ROSrevision/Task4/install/arucosrvmsg/local/lib/python3.10/dist-packages/arucosrvmsg/srv/_service_s.c
[0.520s] -- Up-to-date: /home/shridhar/Documents/ROSrevision/Task4/install/arucosrvmsg/local/lib/python3.10/dist-packages/arucosrvmsg/srv/__init__.py
[0.521s] -- Up-to-date: /home/shridhar/Documents/ROSrevision/Task4/install/arucosrvmsg/local/lib/python3.10/dist-packages/arucosrvmsg/_arucosrvmsg_s.ep.rosidl_typesupport_c.c
[0.521s] -- Up-to-date: /home/shridhar/Documents/ROSrevision/Task4/install/arucosrvmsg/local/lib/python3.10/dist-packages/arucosrvmsg/_arucosrvmsg_s.ep.rosidl_typesupport_fastrtps_c.c
[0.521s] -- Up-to-date: /home/shridhar/Documents/ROSrevision/Task4/install/arucosrvmsg/local/lib/python3.10/dist-packages/arucosrvmsg/arucosrvmsg_s__rosidl_typesupport_c.cpython-310-x86_64-linux-gnu.so
[0.521s] -- Up-to-date: /home/shridhar/Documents/ROSrevision/Task4/install/arucosrvmsg/local/lib/python3.10/dist-packages/arucosrvmsg/arucosrvmsg_s__rosidl_typesupport_introspection_c.cpython-310-x86_64-linux-gnu.so
[0.521s] -- Up-to-date: /home/shridhar/Documents/ROSrevision/Task4/install/arucosrvmsg/local/lib/python3.10/dist-packages/arucosrvmsg/msg
[0.521s] -- Up-to-date: /home/shridhar/Documents/ROSrevision/Task4/install/arucosrvmsg/local/lib/python3.10/dist-packages/arucosrvmsg/msg/_markers.py
[0.521s] -- Up-to-date: /home/shridhar/Documents/ROSrevision/Task4/install/arucosrvmsg/local/lib/python3.10/dist-packages/arucosrvmsg/msg/_markers_s.c
[0.521s] -- Up-to-date: /home/shridhar/Documents/ROSrevision/Task4/install/arucosrvmsg/local/lib/python3.10/dist-packages/arucosrvmsg/msg/__init__.py
[0.521s] -- Up-to-date: /home/shridhar/Documents/ROSrevision/Task4/install/arucosrvmsg/local/lib/python3.10/dist-packages/arucosrvmsg/_arucosrvmsg_s.ep.rosidl_typesupport_introspection_c.c
[0.521s] -- Up-to-date: /home/shridhar/Documents/ROSrevision/Task4/install/arucosrvmsg/local/lib/python3.10/dist-packages/arucosrvmsg/__init__.py
[0.521s] -- Up-to-date: /home/shridhar/Documents/ROSrevision/Task4/install/arucosrvmsg/local/lib/python3.10/dist-packages/arucosrvmsg/arucosrvmsg_s__rosidl_typesupport_fastrtps_c.cpython-310-x86_64-linux-gnu.so
[0.558s] Listing '/home/shridhar/Documents/ROSrevision/Task4/install/arucosrvmsg/local/lib/python3.10/dist-packages/arucosrvmsg'...
[0.558s] Listing '/home/shridhar/Documents/ROSrevision/Task4/install/arucosrvmsg/local/lib/python3.10/dist-packages/arucosrvmsg/msg'...
[0.558s] Listing '/home/shridhar/Documents/ROSrevision/Task4/install/arucosrvmsg/local/lib/python3.10/dist-packages/arucosrvmsg/srv'...
[0.563s] -- Up-to-date: /home/shridhar/Documents/ROSrevision/Task4/install/arucosrvmsg/local/lib/python3.10/dist-packages/arucosrvmsg/arucosrvmsg_s__rosidl_typesupport_fastrtps_c.cpython-310-x86_64-linux-gnu.so
[0.564s] -- Up-to-date: /home/shridhar/Documents/ROSrevision/Task4/install/arucosrvmsg/local/lib/python3.10/dist-packages/arucosrvmsg/arucosrvmsg_s__rosidl_typesupport_introspection_c.cpython-310-x86_64-linux-gnu.so
[0.564s] -- Up-to-date: /home/shridhar/Documents/ROSrevision/Task4/install/arucosrvmsg/local/lib/python3.10/dist-packages/arucosrvmsg/arucosrvmsg_s__rosidl_typesupport_c.cpython-310-x86_64-linux-gnu.so
[0.564s] -- Up-to-date: /home/shridhar/Documents/ROSrevision/Task4/install/arucosrvmsg/lib/libarucosrvmsg__rosidl_generator_py.so
[0.564s] -- Up-to-date: /home/shridhar/Documents/ROSrevision/Task4/install/arucosrvmsg/share/arucosrvmsg/msg/Markers.idl
[0.564s] -- Up-to-date: /home/shridhar/Documents/ROSrevision/Task4/install/arucosrvmsg/share/arucosrvmsg/srv/Service.idl
[0.565s] -- Up-to-date: /home/shridhar/Documents/ROSrevision/Task4/install/arucosrvmsg/share/arucosrvmsg/msg/Markers.msg
[0.565s] -- Up-to-date: /home/shridhar/Documents/ROSrevision/Task4/install/arucosrvmsg/share/arucosrvmsg/srv/Service.srv
[0.565s] -- Up-to-date: /home/shridhar/Documents/ROSrevision/Task4/install/arucosrvmsg/share/arucosrvmsg/srv/Service_Request.msg
[0.565s] -- Up-to-date: /home/shridhar/Documents/ROSrevision/Task4/install/arucosrvmsg/share/arucosrvmsg/srv/Service_Response.msg
[0.565s] -- Up-to-date: /home/shridhar/Documents/ROSrevision/Task4/install/arucosrvmsg/share/ament_index/resource_index/package_run_dependencies/arucosrvmsg
[0.565s] -- Up-to-date: /home/shridhar/Documents/ROSrevision/Task4/install/arucosrvmsg/share/ament_index/resource_index/parent_prefix_path/arucosrvmsg
[0.565s] -- Up-to-date: /home/shridhar/Documents/ROSrevision/Task4/install/arucosrvmsg/share/arucosrvmsg/environment/ament_prefix_path.sh
[0.566s] -- Up-to-date: /home/shridhar/Documents/ROSrevision/Task4/install/arucosrvmsg/share/arucosrvmsg/environment/ament_prefix_path.dsv
[0.566s] -- Up-to-date: /home/shridhar/Documents/ROSrevision/Task4/install/arucosrvmsg/share/arucosrvmsg/environment/path.sh
[0.566s] -- Up-to-date: /home/shridhar/Documents/ROSrevision/Task4/install/arucosrvmsg/share/arucosrvmsg/environment/path.dsv
[0.566s] -- Up-to-date: /home/shridhar/Documents/ROSrevision/Task4/install/arucosrvmsg/share/arucosrvmsg/local_setup.bash
[0.566s] -- Up-to-date: /home/shridhar/Documents/ROSrevision/Task4/install/arucosrvmsg/share/arucosrvmsg/local_setup.sh
[0.566s] -- Up-to-date: /home/shridhar/Documents/ROSrevision/Task4/install/arucosrvmsg/share/arucosrvmsg/local_setup.zsh
[0.566s] -- Up-to-date: /home/shridhar/Documents/ROSrevision/Task4/install/arucosrvmsg/share/arucosrvmsg/local_setup.dsv
[0.567s] -- Installing: /home/shridhar/Documents/ROSrevision/Task4/install/arucosrvmsg/share/arucosrvmsg/package.dsv
[0.567s] -- Up-to-date: /home/shridhar/Documents/ROSrevision/Task4/install/arucosrvmsg/share/ament_index/resource_index/packages/arucosrvmsg
[0.567s] -- Up-to-date: /home/shridhar/Documents/ROSrevision/Task4/install/arucosrvmsg/share/arucosrvmsg/cmake/export_arucosrvmsg__rosidl_generator_cExport.cmake
[0.567s] -- Up-to-date: /home/shridhar/Documents/ROSrevision/Task4/install/arucosrvmsg/share/arucosrvmsg/cmake/export_arucosrvmsg__rosidl_generator_cExport-noconfig.cmake
[0.567s] -- Up-to-date: /home/shridhar/Documents/ROSrevision/Task4/install/arucosrvmsg/share/arucosrvmsg/cmake/export_arucosrvmsg__rosidl_typesupport_fastrtps_cExport.cmake
[0.567s] -- Up-to-date: /home/shridhar/Documents/ROSrevision/Task4/install/arucosrvmsg/share/arucosrvmsg/cmake/export_arucosrvmsg__rosidl_typesupport_fastrtps_cExport-noconfig.cmake
[0.567s] -- Up-to-date: /home/shridhar/Documents/ROSrevision/Task4/install/arucosrvmsg/share/arucosrvmsg/cmake/arucosrvmsg__rosidl_typesupport_introspection_cExport.cmake
[0.567s] -- Up-to-date: /home/shridhar/Documents/ROSrevision/Task4/install/arucosrvmsg/share/arucosrvmsg/cmake/arucosrvmsg__rosidl_typesupport_introspection_cExport-noconfig.cmake
[0.567s] -- Up-to-date: /home/shridhar/Documents/ROSrevision/Task4/install/arucosrvmsg/share/arucosrvmsg/cmake/arucosrvmsg__rosidl_typesupport_cExport.cmake
[0.567s] -- Up-to-date: /home/shridhar/Documents/ROSrevision/Task4/install/arucosrvmsg/share/arucosrvmsg/cmake/arucosrvmsg__rosidl_typesupport_cExport-noconfig.cmake
[0.568s] -- Up-to-date: /home/shridhar/Documents/ROSrevision/Task4/install/arucosrvmsg/share/arucosrvmsg/cmake/export_arucosrvmsg__rosidl_generator_cppExport.cmake
[0.568s] -- Up-to-date: /home/shridhar/Documents/ROSrevision/Task4/install/arucosrvmsg/share/arucosrvmsg/cmake/export_arucosrvmsg__rosidl_typesupport_fastrtps_cppExport.cmake
[0.568s] -- Up-to-date: /home/shridhar/Documents/ROSrevision/Task4/install/arucosrvmsg/share/arucosrvmsg/cmake/export_arucosrvmsg__rosidl_typesupport_fastrtps_cppExport-noconfig.cmake
[0.568s] -- Up-to-date: /home/shridhar/Documents/ROSrevision/Task4/install/arucosrvmsg/share/arucosrvmsg/cmake/arucosrvmsg__rosidl_typesupport_introspection_cppExport.cmake
[0.568s] -- Up-to-date: /home/shridhar/Documents/ROSrevision/Task4/install/arucosrvmsg/share/arucosrvmsg/cmake/arucosrvmsg__rosidl_typesupport_introspection_cppExport-noconfig.cmake
[0.568s] -- Up-to-date: /home/shridhar/Documents/ROSrevision/Task4/install/arucosrvmsg/share/arucosrvmsg/cmake/arucosrvmsg__rosidl_typesupport_cppExport.cmake
[0.568s] -- Up-to-date: /home/shridhar/Documents/ROSrevision/Task4/install/arucosrvmsg/share/arucosrvmsg/cmake/arucosrvmsg__rosidl_typesupport_cppExport-noconfig.cmake
[0.568s] -- Up-to-date: /home/shridhar/Documents/ROSrevision/Task4/install/arucosrvmsg/share/arucosrvmsg/cmake/export_arucosrvmsg__rosidl_generator_pyExport.cmake
[0.568s] -- Up-to-date: /home/shridhar/Documents/ROSrevision/Task4/install/arucosrvmsg/share/arucosrvmsg/cmake/export_arucosrvmsg__rosidl_generator_pyExport-noconfig.cmake
[0.568s] -- Up-to-date: /home/shridhar/Documents/ROSrevision/Task4/install/arucosrvmsg/share/arucosrvmsg/cmake/rosidl_cmake-extras.cmake
[0.568s] -- Up-to-date: /home/shridhar/Documents/ROSrevision/Task4/install/arucosrvmsg/share/arucosrvmsg/cmake/ament_cmake_export_dependencies-extras.cmake
[0.568s] -- Up-to-date: /home/shridhar/Documents/ROSrevision/Task4/install/arucosrvmsg/share/arucosrvmsg/cmake/ament_cmake_export_include_directories-extras.cmake
[0.568s] -- Up-to-date: /home/shridhar/Documents/ROSrevision/Task4/install/arucosrvmsg/share/arucosrvmsg/cmake/ament_cmake_export_libraries-extras.cmake
[0.568s] -- Up-to-date: /home/shridhar/Documents/ROSrevision/Task4/install/arucosrvmsg/share/arucosrvmsg/cmake/ament_cmake_export_targets-extras.cmake
[0.568s] -- Up-to-date: /home/shridhar/Documents/ROSrevision/Task4/install/arucosrvmsg/share/arucosrvmsg/cmake/rosidl_cmake_export_typesupport_targets-extras.cmake
[0.569s] -- Up-to-date: /home/shridhar/Documents/ROSrevision/Task4/install/arucosrvmsg/share/arucosrvmsg/cmake/rosidl_cmake_export_typesupport_libraries-extras.cmake
[0.569s] -- Up-to-date: /home/shridhar/Documents/ROSrevision/Task4/install/arucosrvmsg/share/arucosrvmsg/cmake/arucosrvmsgConfig.cmake
[0.569s] -- Up-to-date: /home/shridhar/Documents/ROSrevision/Task4/install/arucosrvmsg/share/arucosrvmsg/cmake/arucosrvmsgConfig-version.cmake
[0.569s] -- Up-to-date: /home/shridhar/Documents/ROSrevision/Task4/install/arucosrvmsg/share/arucosrvmsg/package.xml
[0.570s] Invoked command in '/home/shridhar/Documents/ROSrevision/Task4/build/arucosrvmsg' returned '0': CMAKE_PREFIX_PATH=${CMAKE_PREFIX_PATH}:/home/shridhar/Documents/ROSrevision/Task4/install/arucoserver:/opt/ros/humble /usr/bin/cmake --install /home/shridhar/Documents/ROSrevision/Task4/build/arucosrvmsg
