[0.012s] Invoking command in '/home/shridhar/Workspaces/mrt_ws/Task3/build/bobthebot': CMAKE_PREFIX_PATH=/opt/ros/humble /usr/bin/cmake /home/shridhar/Workspaces/mrt_ws/Task3/src/bobthebot -DCMAKE_INSTALL_PREFIX=/home/shridhar/Workspaces/mrt_ws/Task3/install/bobthebot
[0.115s] -- The C compiler identification is GNU 11.4.0
[0.214s] -- The CXX compiler identification is GNU 11.4.0
[0.225s] -- Detecting C compiler ABI info
[0.317s] -- Detecting C compiler ABI info - done
[0.326s] -- Check for working C compiler: /usr/bin/cc - skipped
[0.327s] -- Detecting C compile features
[0.328s] -- Detecting C compile features - done
[0.333s] -- Detecting CXX compiler ABI info
[0.436s] -- Detecting CXX compiler ABI info - done
[0.446s] -- Check for working CXX compiler: /usr/bin/c++ - skipped
[0.446s] -- Detecting CXX compile features
[0.447s] -- Detecting CXX compile features - done
[0.451s] -- Found ament_cmake: 1.3.10 (/opt/ros/humble/share/ament_cmake/cmake)
[0.645s] -- Found Python3: /usr/bin/python3 (found version "3.10.12") found components: Interpreter 
[0.739s] -- Found ament_lint_auto: 0.12.11 (/opt/ros/humble/share/ament_lint_auto/cmake)
[0.826s] -- Added test 'flake8' to check Python code syntax and style conventions
[0.826s] -- Added test 'lint_cmake' to check CMake code style
[0.827s] -- Added test 'pep257' to check Python code against some of the docstring style conventions in PEP 257
[0.827s] -- Added test 'xmllint' to check XML markup files
[0.828s] -- Configuring done
[0.831s] -- Generating done
[0.832s] -- Build files have been written to: /home/shridhar/Workspaces/mrt_ws/Task3/build/bobthebot
[0.841s] Invoked command in '/home/shridhar/Workspaces/mrt_ws/Task3/build/bobthebot' returned '0': CMAKE_PREFIX_PATH=/opt/ros/humble /usr/bin/cmake /home/shridhar/Workspaces/mrt_ws/Task3/src/bobthebot -DCMAKE_INSTALL_PREFIX=/home/shridhar/Workspaces/mrt_ws/Task3/install/bobthebot
[0.841s] Invoking command in '/home/shridhar/Workspaces/mrt_ws/Task3/build/bobthebot': CMAKE_PREFIX_PATH=/opt/ros/humble /usr/bin/cmake --build /home/shridhar/Workspaces/mrt_ws/Task3/build/bobthebot -- -j22 -l22
[0.886s] Invoked command in '/home/shridhar/Workspaces/mrt_ws/Task3/build/bobthebot' returned '0': CMAKE_PREFIX_PATH=/opt/ros/humble /usr/bin/cmake --build /home/shridhar/Workspaces/mrt_ws/Task3/build/bobthebot -- -j22 -l22
[0.925s] Invoking command in '/home/shridhar/Workspaces/mrt_ws/Task3/build/bobthebot': CMAKE_PREFIX_PATH=/opt/ros/humble /usr/bin/cmake --install /home/shridhar/Workspaces/mrt_ws/Task3/build/bobthebot
[0.934s] -- Install configuration: ""
[0.934s] -- Installing: /home/shridhar/Workspaces/mrt_ws/Task3/install/bobthebot/share/ament_index/resource_index/package_run_dependencies/bobthebot
[0.935s] -- Installing: /home/shridhar/Workspaces/mrt_ws/Task3/install/bobthebot/share/ament_index/resource_index/parent_prefix_path/bobthebot
[0.935s] -- Installing: /home/shridhar/Workspaces/mrt_ws/Task3/install/bobthebot/share/bobthebot/environment/ament_prefix_path.sh
[0.935s] -- Installing: /home/shridhar/Workspaces/mrt_ws/Task3/install/bobthebot/share/bobthebot/environment/ament_prefix_path.dsv
[0.935s] -- Installing: /home/shridhar/Workspaces/mrt_ws/Task3/install/bobthebot/share/bobthebot/environment/path.sh
[0.935s] -- Installing: /home/shridhar/Workspaces/mrt_ws/Task3/install/bobthebot/share/bobthebot/environment/path.dsv
[0.935s] -- Installing: /home/shridhar/Workspaces/mrt_ws/Task3/install/bobthebot/share/bobthebot/local_setup.bash
[0.935s] -- Installing: /home/shridhar/Workspaces/mrt_ws/Task3/install/bobthebot/share/bobthebot/local_setup.sh
[0.935s] -- Installing: /home/shridhar/Workspaces/mrt_ws/Task3/install/bobthebot/share/bobthebot/local_setup.zsh
[0.936s] -- Installing: /home/shridhar/Workspaces/mrt_ws/Task3/install/bobthebot/share/bobthebot/local_setup.dsv
[0.936s] -- Installing: /home/shridhar/Workspaces/mrt_ws/Task3/install/bobthebot/share/bobthebot/package.dsv
[0.936s] -- Installing: /home/shridhar/Workspaces/mrt_ws/Task3/install/bobthebot/share/ament_index/resource_index/packages/bobthebot
[0.936s] -- Installing: /home/shridhar/Workspaces/mrt_ws/Task3/install/bobthebot/share/bobthebot/cmake/bobthebotConfig.cmake
[0.936s] -- Installing: /home/shridhar/Workspaces/mrt_ws/Task3/install/bobthebot/share/bobthebot/cmake/bobthebotConfig-version.cmake
[0.936s] -- Installing: /home/shridhar/Workspaces/mrt_ws/Task3/install/bobthebot/share/bobthebot/package.xml
[0.939s] Invoked command in '/home/shridhar/Workspaces/mrt_ws/Task3/build/bobthebot' returned '0': CMAKE_PREFIX_PATH=/opt/ros/humble /usr/bin/cmake --install /home/shridhar/Workspaces/mrt_ws/Task3/build/bobthebot
